#
# There is insufficient memory for the Java Runtime Environment to continue.
# Native memory allocation (malloc) failed to allocate 250576 bytes for Chunk::new
# Possible reasons:
#   The system is out of physical RAM or swap space
#   The process is running with CompressedOops enabled, and the Java Heap may be blocking the growth of the native heap
# Possible solutions:
#   Reduce memory load on the system
#   Increase physical memory or swap space
#   Check if swap backing store is full
#   Decrease Java heap size (-Xmx/-Xms)
#   Decrease number of Java threads
#   Decrease Java thread stack sizes (-Xss)
#   Set larger code cache with -XX:ReservedCodeCacheSize=
#   JVM is running with Unscaled Compressed Oops mode in which the Java heap is
#     placed in the first 4GB address space. The Java Heap base address is the
#     maximum limit for the native heap growth. Please use -XX:HeapBaseMinAddress
#     to set the Java Heap base and to place the Java Heap above 4GB virtual address.
# This output file may be truncated or incomplete.
#
#  Out of Memory Error (src/hotspot/share/memory/arena.cpp:197), pid=50248, tid=11672
#
# JRE version: OpenJDK Runtime Environment (11.0.15) (build 11.0.15+0-b2043.56-9505619)
# Java VM: OpenJDK 64-Bit Server VM (11.0.15+0-b2043.56-9505619, mixed mode, tiered, compressed oops, g1 gc, windows-amd64)
# No core dump will be written. Minidumps are not enabled by default on client versions of Windows
#

---------------  S U M M A R Y ------------

Command Line: --add-opens=java.base/java.util=ALL-UNNAMED --add-opens=java.base/java.lang=ALL-UNNAMED --add-opens=java.base/java.lang.invoke=ALL-UNNAMED --add-opens=java.base/java.util=ALL-UNNAMED --add-opens=java.prefs/java.util.prefs=ALL-UNNAMED --add-opens=java.prefs/java.util.prefs=ALL-UNNAMED --add-opens=java.base/java.nio.charset=ALL-UNNAMED --add-opens=java.base/java.net=ALL-UNNAMED --add-opens=java.base/java.util.concurrent.atomic=ALL-UNNAMED -Xmx2048m -Dfile.encoding=UTF-8 -Duser.country=IN -Duser.language=en -Duser.variant org.gradle.launcher.daemon.bootstrap.GradleDaemon 7.5

Host: AMD Ryzen 5 4600H with Radeon Graphics         , 12 cores, 7G,  Windows 11 , 64 bit Build 22621 (10.0.22621.1778)
Time: Sat Jul  8 01:36:19 2023 India Standard Time elapsed time: 16.782506 seconds (0d 0h 0m 16s)

---------------  T H R E A D  ---------------

Current thread (0x0000021fcd516000):  JavaThread "C2 CompilerThread1" daemon [_thread_in_native, id=11672, stack(0x000000c65a600000,0x000000c65a700000)]


Current CompileTask:
C2:  16782 11155       4       com.google.common.collect.ImmutableMap$Builder::build (135 bytes)

Stack: [0x000000c65a600000,0x000000c65a700000]
Native frames: (J=compiled Java code, j=interpreted, Vv=VM code, C=native code)
V  [jvm.dll+0x64135a]
V  [jvm.dll+0x7d39f9]
V  [jvm.dll+0x7d51b9]
V  [jvm.dll+0x7d58a3]
V  [jvm.dll+0x2691c5]
V  [jvm.dll+0xc1a5c]
V  [jvm.dll+0xc200c]
V  [jvm.dll+0x3774a7]
V  [jvm.dll+0x342495]
V  [jvm.dll+0x34186a]
V  [jvm.dll+0x2214bd]
V  [jvm.dll+0x220498]
V  [jvm.dll+0x19e851]
V  [jvm.dll+0x230479]
V  [jvm.dll+0x22e5ef]
V  [jvm.dll+0x794de1]
V  [jvm.dll+0x78dc24]
V  [jvm.dll+0x6400f6]
C  [ucrtbase.dll+0x29363]
C  [KERNEL32.DLL+0x126ad]
C  [ntdll.dll+0x5a9f8]


---------------  P R O C E S S  ---------------

Threads class SMR info:
_java_thread_list=0x0000021fd1a60bf0, length=182, elements={
0x0000021fb22ae800, 0x0000021fccba3000, 0x0000021fccba8000, 0x0000021fccba5800,
0x0000021fccba4000, 0x0000021fccba7800, 0x0000021fccbc7000, 0x0000021fccbc8800,
0x0000021fccbcb000, 0x0000021fccba6800, 0x0000021fccba2800, 0x0000021fccba9000,
0x0000021fccba5000, 0x0000021fceff1800, 0x0000021fcefed800, 0x0000021fceff4000,
0x0000021fceff2000, 0x0000021fcefef800, 0x0000021fcefee000, 0x0000021fcefef000,
0x0000021fceff0800, 0x0000021fceff3000, 0x0000021fcfa37000, 0x0000021fcfa39800,
0x0000021fcfa33800, 0x0000021fcfa35800, 0x0000021fcfa36000, 0x0000021fcfa34800,
0x0000021fcfa3a000, 0x0000021fcfa3b000, 0x0000021fcfa3d800, 0x0000021fcfa38800,
0x0000021fcfa3c800, 0x0000021fcfa3f000, 0x0000021fcfa41800, 0x0000021fcfa41000,
0x0000021fcfa42800, 0x0000021fcfa40000, 0x0000021fd1d3d000, 0x0000021fd1d39000,
0x0000021fd1d3c800, 0x0000021fd1d3e000, 0x0000021fd1d3a000, 0x0000021fd1d38000,
0x0000021fd1d3a800, 0x0000021fd1d3f000, 0x0000021fd1d3f800, 0x0000021fd1d40800,
0x0000021fd1d41000, 0x0000021fd1d3b800, 0x0000021fd1d42000, 0x0000021fd1d43000,
0x0000021fd1d44800, 0x0000021fd1d43800, 0x0000021fd1d45800, 0x0000021fd1d46000,
0x0000021fd1d47000, 0x0000021fd1f92800, 0x0000021fd1f91800, 0x0000021fd1f97800,
0x0000021fd1f94000, 0x0000021fd1f98000, 0x0000021fd1f95000, 0x0000021fd1f96800,
0x0000021fd1f99000, 0x0000021fd1f95800, 0x0000021fd1f93000, 0x0000021fd1f9e000,
0x0000021fd1f9f800, 0x0000021fd1f9a800, 0x0000021fd1f9a000, 0x0000021fd1f9d000,
0x0000021fd1fa0800, 0x0000021fd1f9e800, 0x0000021fd1f9b800, 0x0000021fd1f9c000,
0x0000021fd1c20800, 0x0000021fd1c22000, 0x0000021fd1c23800, 0x0000021fd1c22800,
0x0000021fd1c26000, 0x0000021fd1c24800, 0x0000021fd1c25000, 0x0000021fd1c27000,
0x0000021fd1c21000, 0x0000021fd1c2a000, 0x0000021fd1c2b000, 0x0000021fd1c28800,
0x0000021fd1c2d800, 0x0000021fd1c29800, 0x0000021fd1c27800, 0x0000021fd1c2b800,
0x0000021fd1c2c800, 0x0000021fd1c2e000, 0x0000021fd1c2f000, 0x0000021fd1f5c800,
0x0000021fd1f5d800, 0x0000021fd1f5b000, 0x0000021fd1f5b800, 0x0000021fd1f5f000,
0x0000021fd1f59000, 0x0000021fd1f60000, 0x0000021fd1f5e000, 0x0000021fd1f5a000,
0x0000021fd1f64800, 0x0000021fd1f60800, 0x0000021fd1f66800, 0x0000021fd1f64000,
0x0000021fd1f63000, 0x0000021fd1f65800, 0x0000021fd1f67000, 0x0000021fd1f61800,
0x0000021fd1f68000, 0x0000021fd1f62000, 0x0000021fd43bb800, 0x0000021fd43c1800,
0x0000021fd43be000, 0x0000021fd43c0800, 0x0000021fd43c2000, 0x0000021fd43bc800,
0x0000021fd43c3000, 0x0000021fd43bd000, 0x0000021fd43c3800, 0x0000021fd43c4800,
0x0000021fd43bf000, 0x0000021fd43c5800, 0x0000021fd43bf800, 0x0000021fd43c6000,
0x0000021fd43ca800, 0x0000021fd43c7000, 0x0000021fd43c8000, 0x0000021fd43c8800,
0x0000021fd43c9800, 0x0000021fd457a800, 0x0000021fd457c000, 0x0000021fd457b000,
0x0000021fd4579800, 0x0000021fd457d000, 0x0000021fd4577000, 0x0000021fd457d800,
0x0000021fd4578000, 0x0000021fd457e800, 0x0000021fd4578800, 0x0000021fd4580000,
0x0000021fd4581000, 0x0000021fd4583800, 0x0000021fd4582800, 0x0000021fd4584000,
0x0000021fd4585000, 0x0000021fd457f800, 0x0000021fd4581800, 0x0000021fd4586000,
0x0000021fd42f3800, 0x0000021fd42f0000, 0x0000021fd42f2000, 0x0000021fd42f6800,
0x0000021fd42f2800, 0x0000021fd42f1000, 0x0000021fd42f6000, 0x0000021fd42f9000,
0x0000021fd42f8800, 0x0000021fd42f7800, 0x0000021fd42fa000, 0x0000021fd42f4800,
0x0000021fd42fb000, 0x0000021fd42f5000, 0x0000021fd42fb800, 0x0000021fd42fc800,
0x0000021fd42fd000, 0x0000021fd42fe000, 0x0000021fd42ff000, 0x0000021fd7a02000,
0x0000021fd79fe000, 0x0000021fd7a01800, 0x0000021fd79ff000, 0x0000021fd7a00800,
0x0000021fd79fd000, 0x0000021fd7a03000, 0x0000021fd7a03800, 0x0000021fd7a04800,
0x0000021fd79ff800, 0x0000021fcd516000
}

Java Threads: ( => current thread )
  0x0000021fb22ae800 JavaThread "main" [_thread_blocked, id=70904, stack(0x000000c64de00000,0x000000c64df00000)]
  0x0000021fccba3000 JavaThread "Reference Handler" daemon [_thread_blocked, id=1168, stack(0x000000c64e500000,0x000000c64e600000)]
  0x0000021fccba8000 JavaThread "Finalizer" daemon [_thread_blocked, id=58724, stack(0x000000c64e600000,0x000000c64e700000)]
  0x0000021fccba5800 JavaThread "Signal Dispatcher" daemon [_thread_blocked, id=68856, stack(0x000000c64e700000,0x000000c64e800000)]
  0x0000021fccba4000 JavaThread "Attach Listener" daemon [_thread_blocked, id=54972, stack(0x000000c64e800000,0x000000c64e900000)]
  0x0000021fccba7800 JavaThread "Service Thread" daemon [_thread_blocked, id=64096, stack(0x000000c64e900000,0x000000c64ea00000)]
  0x0000021fccbc7000 JavaThread "C2 CompilerThread0" daemon [_thread_in_native, id=37068, stack(0x000000c64ea00000,0x000000c64eb00000)]
  0x0000021fccbc8800 JavaThread "C1 CompilerThread0" daemon [_thread_blocked, id=56072, stack(0x000000c64eb00000,0x000000c64ec00000)]
  0x0000021fccbcb000 JavaThread "Sweeper thread" daemon [_thread_in_vm, id=69324, stack(0x000000c64ec00000,0x000000c64ed00000)]
  0x0000021fccba6800 JavaThread "Common-Cleaner" daemon [_thread_blocked, id=6124, stack(0x000000c64ed00000,0x000000c64ee00000)]
  0x0000021fccba2800 JavaThread "Daemon health stats" [_thread_blocked, id=54564, stack(0x000000c64f000000,0x000000c64f100000)]
  0x0000021fccba9000 JavaThread "Incoming local TCP Connector on port 57361" [_thread_in_native, id=64544, stack(0x000000c64f100000,0x000000c64f200000)]
  0x0000021fccba5000 JavaThread "Daemon periodic checks" [_thread_blocked, id=61756, stack(0x000000c64f200000,0x000000c64f300000)]
  0x0000021fceff1800 JavaThread "Daemon" [_thread_blocked, id=38384, stack(0x000000c64f300000,0x000000c64f400000)]
  0x0000021fcefed800 JavaThread "Handler for socket connection from /127.0.0.1:57361 to /127.0.0.1:57362" [_thread_in_native, id=59236, stack(0x000000c64f400000,0x000000c64f500000)]
  0x0000021fceff4000 JavaThread "Cancel handler" [_thread_blocked, id=71608, stack(0x000000c64f500000,0x000000c64f600000)]
  0x0000021fceff2000 JavaThread "Daemon worker" [_thread_blocked, id=14612, stack(0x000000c64f600000,0x000000c64f700000)]
  0x0000021fcefef800 JavaThread "Asynchronous log dispatcher for DefaultDaemonConnection: socket connection from /127.0.0.1:57361 to /127.0.0.1:57362" [_thread_blocked, id=13704, stack(0x000000c64f700000,0x000000c64f800000)]
  0x0000021fcefee000 JavaThread "Stdin handler" [_thread_blocked, id=71116, stack(0x000000c64f800000,0x000000c64f900000)]
  0x0000021fcefef000 JavaThread "Daemon client event forwarder" [_thread_blocked, id=70396, stack(0x000000c64f900000,0x000000c64fa00000)]
  0x0000021fceff0800 JavaThread "Cache worker for journal cache (C:\Users\risha\.gradle\caches\journal-1)" [_thread_blocked, id=38656, stack(0x000000c650300000,0x000000c650400000)]
  0x0000021fceff3000 JavaThread "File lock request listener" [_thread_in_native, id=16004, stack(0x000000c650400000,0x000000c650500000)]
  0x0000021fcfa37000 JavaThread "Cache worker for file hash cache (C:\Users\risha\.gradle\caches\7.5\fileHashes)" [_thread_blocked, id=46680, stack(0x000000c650500000,0x000000c650600000)]
  0x0000021fcfa39800 JavaThread "File watcher server" daemon [_thread_in_native, id=16664, stack(0x000000c650800000,0x000000c650900000)]
  0x0000021fcfa33800 JavaThread "File watcher consumer" daemon [_thread_blocked, id=33172, stack(0x000000c650900000,0x000000c650a00000)]
  0x0000021fcfa35800 JavaThread "Cache worker for checksums cache (R:\Android Studio Projects\.gradle\7.5\checksums)" [_thread_blocked, id=69360, stack(0x000000c650a00000,0x000000c650b00000)]
  0x0000021fcfa36000 JavaThread "Cache worker for cache directory md-rule (C:\Users\risha\.gradle\caches\7.5\md-rule)" [_thread_blocked, id=29976, stack(0x000000c650b00000,0x000000c650c00000)]
  0x0000021fcfa34800 JavaThread "Cache worker for file content cache (C:\Users\risha\.gradle\caches\7.5\fileContent)" [_thread_blocked, id=43684, stack(0x000000c650c00000,0x000000c650d00000)]
  0x0000021fcfa3a000 JavaThread "Cache worker for file hash cache (R:\Android Studio Projects\.gradle\7.5\fileHashes)" [_thread_blocked, id=55868, stack(0x000000c650d00000,0x000000c650e00000)]
  0x0000021fcfa3b000 JavaThread "Cache worker for cache directory md-supplier (C:\Users\risha\.gradle\caches\7.5\md-supplier)" [_thread_blocked, id=10368, stack(0x000000c650e00000,0x000000c650f00000)]
  0x0000021fcfa3d800 JavaThread "Cache worker for execution history cache (C:\Users\risha\.gradle\caches\7.5\executionHistory)" [_thread_blocked, id=36336, stack(0x000000c650f00000,0x000000c651000000)]
  0x0000021fcfa38800 JavaThread "jar transforms" [_thread_blocked, id=59584, stack(0x000000c651000000,0x000000c651100000)]
  0x0000021fcfa3c800 JavaThread "jar transforms Thread 2" [_thread_blocked, id=64728, stack(0x000000c651100000,0x000000c651200000)]
  0x0000021fcfa3f000 JavaThread "jar transforms Thread 3" [_thread_blocked, id=59040, stack(0x000000c651200000,0x000000c651300000)]
  0x0000021fcfa41800 JavaThread "jar transforms Thread 4" [_thread_blocked, id=35924, stack(0x000000c651300000,0x000000c651400000)]
  0x0000021fcfa41000 JavaThread "Cache worker for dependencies-accessors (R:\Android Studio Projects\.gradle\7.5\dependencies-accessors)" [_thread_blocked, id=19252, stack(0x000000c651400000,0x000000c651500000)]
  0x0000021fcfa42800 JavaThread "jar transforms Thread 5" [_thread_blocked, id=20932, stack(0x000000c651500000,0x000000c651600000)]
  0x0000021fcfa40000 JavaThread "Cache worker for Build Output Cleanup Cache (R:\Android Studio Projects\.gradle\buildOutputCleanup)" [_thread_blocked, id=38632, stack(0x000000c651600000,0x000000c651700000)]
  0x0000021fd1d3d000 JavaThread "Unconstrained build operations" [_thread_blocked, id=2164, stack(0x000000c651700000,0x000000c651800000)]
  0x0000021fd1d39000 JavaThread "Unconstrained build operations Thread 2" [_thread_blocked, id=48760, stack(0x000000c651800000,0x000000c651900000)]
  0x0000021fd1d3c800 JavaThread "Unconstrained build operations Thread 3" [_thread_blocked, id=10628, stack(0x000000c651900000,0x000000c651a00000)]
  0x0000021fd1d3e000 JavaThread "Unconstrained build operations Thread 4" [_thread_blocked, id=11128, stack(0x000000c651a00000,0x000000c651b00000)]
  0x0000021fd1d3a000 JavaThread "Unconstrained build operations Thread 5" [_thread_blocked, id=55476, stack(0x000000c651b00000,0x000000c651c00000)]
  0x0000021fd1d38000 JavaThread "Unconstrained build operations Thread 6" [_thread_blocked, id=29732, stack(0x000000c651c00000,0x000000c651d00000)]
  0x0000021fd1d3a800 JavaThread "Unconstrained build operations Thread 7" [_thread_blocked, id=63708, stack(0x000000c651d00000,0x000000c651e00000)]
  0x0000021fd1d3f000 JavaThread "Unconstrained build operations Thread 8" [_thread_blocked, id=50856, stack(0x000000c651e00000,0x000000c651f00000)]
  0x0000021fd1d3f800 JavaThread "Unconstrained build operations Thread 9" [_thread_blocked, id=59404, stack(0x000000c651f00000,0x000000c652000000)]
  0x0000021fd1d40800 JavaThread "Unconstrained build operations Thread 10" [_thread_blocked, id=49980, stack(0x000000c652000000,0x000000c652100000)]
  0x0000021fd1d41000 JavaThread "Unconstrained build operations Thread 11" [_thread_blocked, id=51948, stack(0x000000c652100000,0x000000c652200000)]
  0x0000021fd1d3b800 JavaThread "Unconstrained build operations Thread 12" [_thread_blocked, id=35672, stack(0x000000c652200000,0x000000c652300000)]
  0x0000021fd1d42000 JavaThread "Unconstrained build operations Thread 13" [_thread_blocked, id=66980, stack(0x000000c652300000,0x000000c652400000)]
  0x0000021fd1d43000 JavaThread "Unconstrained build operations Thread 14" [_thread_blocked, id=65220, stack(0x000000c652400000,0x000000c652500000)]
  0x0000021fd1d44800 JavaThread "Unconstrained build operations Thread 15" [_thread_blocked, id=10968, stack(0x000000c652500000,0x000000c652600000)]
  0x0000021fd1d43800 JavaThread "Unconstrained build operations Thread 16" [_thread_blocked, id=65452, stack(0x000000c652600000,0x000000c652700000)]
  0x0000021fd1d45800 JavaThread "Unconstrained build operations Thread 17" [_thread_blocked, id=71164, stack(0x000000c652700000,0x000000c652800000)]
  0x0000021fd1d46000 JavaThread "Unconstrained build operations Thread 18" [_thread_blocked, id=13948, stack(0x000000c652800000,0x000000c652900000)]
  0x0000021fd1d47000 JavaThread "Unconstrained build operations Thread 19" [_thread_blocked, id=30452, stack(0x000000c652900000,0x000000c652a00000)]
  0x0000021fd1f92800 JavaThread "Unconstrained build operations Thread 20" [_thread_blocked, id=59912, stack(0x000000c652a00000,0x000000c652b00000)]
  0x0000021fd1f91800 JavaThread "Unconstrained build operations Thread 21" [_thread_blocked, id=2972, stack(0x000000c652b00000,0x000000c652c00000)]
  0x0000021fd1f97800 JavaThread "Unconstrained build operations Thread 22" [_thread_blocked, id=31676, stack(0x000000c652c00000,0x000000c652d00000)]
  0x0000021fd1f94000 JavaThread "Unconstrained build operations Thread 23" [_thread_blocked, id=48492, stack(0x000000c652d00000,0x000000c652e00000)]
  0x0000021fd1f98000 JavaThread "Unconstrained build operations Thread 24" [_thread_blocked, id=1420, stack(0x000000c652e00000,0x000000c652f00000)]
  0x0000021fd1f95000 JavaThread "Unconstrained build operations Thread 25" [_thread_blocked, id=68864, stack(0x000000c652f00000,0x000000c653000000)]
  0x0000021fd1f96800 JavaThread "Unconstrained build operations Thread 26" [_thread_blocked, id=10092, stack(0x000000c653000000,0x000000c653100000)]
  0x0000021fd1f99000 JavaThread "Unconstrained build operations Thread 27" [_thread_blocked, id=9040, stack(0x000000c653100000,0x000000c653200000)]
  0x0000021fd1f95800 JavaThread "Unconstrained build operations Thread 28" [_thread_blocked, id=71504, stack(0x000000c653200000,0x000000c653300000)]
  0x0000021fd1f93000 JavaThread "Unconstrained build operations Thread 29" [_thread_blocked, id=62640, stack(0x000000c653300000,0x000000c653400000)]
  0x0000021fd1f9e000 JavaThread "Unconstrained build operations Thread 30" [_thread_blocked, id=20280, stack(0x000000c653400000,0x000000c653500000)]
  0x0000021fd1f9f800 JavaThread "Unconstrained build operations Thread 31" [_thread_blocked, id=69660, stack(0x000000c653500000,0x000000c653600000)]
  0x0000021fd1f9a800 JavaThread "Unconstrained build operations Thread 32" [_thread_blocked, id=70560, stack(0x000000c653600000,0x000000c653700000)]
  0x0000021fd1f9a000 JavaThread "Unconstrained build operations Thread 33" [_thread_blocked, id=35764, stack(0x000000c653700000,0x000000c653800000)]
  0x0000021fd1f9d000 JavaThread "Unconstrained build operations Thread 34" [_thread_blocked, id=62064, stack(0x000000c653800000,0x000000c653900000)]
  0x0000021fd1fa0800 JavaThread "Unconstrained build operations Thread 35" [_thread_blocked, id=66420, stack(0x000000c653900000,0x000000c653a00000)]
  0x0000021fd1f9e800 JavaThread "Unconstrained build operations Thread 36" [_thread_blocked, id=70340, stack(0x000000c653a00000,0x000000c653b00000)]
  0x0000021fd1f9b800 JavaThread "Unconstrained build operations Thread 37" [_thread_blocked, id=71592, stack(0x000000c653b00000,0x000000c653c00000)]
  0x0000021fd1f9c000 JavaThread "Unconstrained build operations Thread 38" [_thread_blocked, id=70160, stack(0x000000c653c00000,0x000000c653d00000)]
  0x0000021fd1c20800 JavaThread "Unconstrained build operations Thread 39" [_thread_blocked, id=54884, stack(0x000000c653d00000,0x000000c653e00000)]
  0x0000021fd1c22000 JavaThread "Unconstrained build operations Thread 40" [_thread_blocked, id=61008, stack(0x000000c653e00000,0x000000c653f00000)]
  0x0000021fd1c23800 JavaThread "Unconstrained build operations Thread 41" [_thread_blocked, id=68036, stack(0x000000c653f00000,0x000000c654000000)]
  0x0000021fd1c22800 JavaThread "Unconstrained build operations Thread 42" [_thread_blocked, id=54688, stack(0x000000c654000000,0x000000c654100000)]
  0x0000021fd1c26000 JavaThread "Unconstrained build operations Thread 43" [_thread_blocked, id=69416, stack(0x000000c654100000,0x000000c654200000)]
  0x0000021fd1c24800 JavaThread "Unconstrained build operations Thread 44" [_thread_blocked, id=52236, stack(0x000000c654200000,0x000000c654300000)]
  0x0000021fd1c25000 JavaThread "Unconstrained build operations Thread 45" [_thread_blocked, id=65248, stack(0x000000c654300000,0x000000c654400000)]
  0x0000021fd1c27000 JavaThread "Unconstrained build operations Thread 46" [_thread_blocked, id=70344, stack(0x000000c654400000,0x000000c654500000)]
  0x0000021fd1c21000 JavaThread "Unconstrained build operations Thread 47" [_thread_blocked, id=35528, stack(0x000000c654500000,0x000000c654600000)]
  0x0000021fd1c2a000 JavaThread "Unconstrained build operations Thread 48" [_thread_blocked, id=71340, stack(0x000000c654600000,0x000000c654700000)]
  0x0000021fd1c2b000 JavaThread "Unconstrained build operations Thread 49" [_thread_blocked, id=7276, stack(0x000000c654700000,0x000000c654800000)]
  0x0000021fd1c28800 JavaThread "Unconstrained build operations Thread 50" [_thread_blocked, id=40192, stack(0x000000c654800000,0x000000c654900000)]
  0x0000021fd1c2d800 JavaThread "Unconstrained build operations Thread 51" [_thread_blocked, id=33148, stack(0x000000c654900000,0x000000c654a00000)]
  0x0000021fd1c29800 JavaThread "Unconstrained build operations Thread 52" [_thread_blocked, id=43600, stack(0x000000c654a00000,0x000000c654b00000)]
  0x0000021fd1c27800 JavaThread "Unconstrained build operations Thread 53" [_thread_blocked, id=2000, stack(0x000000c654b00000,0x000000c654c00000)]
  0x0000021fd1c2b800 JavaThread "Unconstrained build operations Thread 54" [_thread_blocked, id=22080, stack(0x000000c654c00000,0x000000c654d00000)]
  0x0000021fd1c2c800 JavaThread "Unconstrained build operations Thread 55" [_thread_blocked, id=69556, stack(0x000000c654d00000,0x000000c654e00000)]
  0x0000021fd1c2e000 JavaThread "Unconstrained build operations Thread 56" [_thread_blocked, id=67400, stack(0x000000c654e00000,0x000000c654f00000)]
  0x0000021fd1c2f000 JavaThread "Unconstrained build operations Thread 57" [_thread_blocked, id=21384, stack(0x000000c654f00000,0x000000c655000000)]
  0x0000021fd1f5c800 JavaThread "Unconstrained build operations Thread 58" [_thread_blocked, id=22168, stack(0x000000c655000000,0x000000c655100000)]
  0x0000021fd1f5d800 JavaThread "Unconstrained build operations Thread 59" [_thread_blocked, id=32716, stack(0x000000c655100000,0x000000c655200000)]
  0x0000021fd1f5b000 JavaThread "Unconstrained build operations Thread 60" [_thread_blocked, id=25048, stack(0x000000c655200000,0x000000c655300000)]
  0x0000021fd1f5b800 JavaThread "Unconstrained build operations Thread 61" [_thread_blocked, id=70860, stack(0x000000c655300000,0x000000c655400000)]
  0x0000021fd1f5f000 JavaThread "Unconstrained build operations Thread 62" [_thread_blocked, id=68084, stack(0x000000c655400000,0x000000c655500000)]
  0x0000021fd1f59000 JavaThread "Unconstrained build operations Thread 63" [_thread_blocked, id=45208, stack(0x000000c655500000,0x000000c655600000)]
  0x0000021fd1f60000 JavaThread "Unconstrained build operations Thread 64" [_thread_blocked, id=70964, stack(0x000000c655600000,0x000000c655700000)]
  0x0000021fd1f5e000 JavaThread "Unconstrained build operations Thread 65" [_thread_blocked, id=5124, stack(0x000000c655700000,0x000000c655800000)]
  0x0000021fd1f5a000 JavaThread "Unconstrained build operations Thread 66" [_thread_blocked, id=68424, stack(0x000000c655800000,0x000000c655900000)]
  0x0000021fd1f64800 JavaThread "Unconstrained build operations Thread 67" [_thread_blocked, id=68572, stack(0x000000c655900000,0x000000c655a00000)]
  0x0000021fd1f60800 JavaThread "Unconstrained build operations Thread 68" [_thread_blocked, id=37540, stack(0x000000c655a00000,0x000000c655b00000)]
  0x0000021fd1f66800 JavaThread "Unconstrained build operations Thread 69" [_thread_blocked, id=70008, stack(0x000000c655b00000,0x000000c655c00000)]
  0x0000021fd1f64000 JavaThread "Unconstrained build operations Thread 70" [_thread_blocked, id=33012, stack(0x000000c655c00000,0x000000c655d00000)]
  0x0000021fd1f63000 JavaThread "Unconstrained build operations Thread 71" [_thread_blocked, id=11164, stack(0x000000c655d00000,0x000000c655e00000)]
  0x0000021fd1f65800 JavaThread "Unconstrained build operations Thread 72" [_thread_blocked, id=49148, stack(0x000000c655e00000,0x000000c655f00000)]
  0x0000021fd1f67000 JavaThread "Unconstrained build operations Thread 73" [_thread_blocked, id=6132, stack(0x000000c655f00000,0x000000c656000000)]
  0x0000021fd1f61800 JavaThread "Unconstrained build operations Thread 74" [_thread_blocked, id=69436, stack(0x000000c656000000,0x000000c656100000)]
  0x0000021fd1f68000 JavaThread "Unconstrained build operations Thread 75" [_thread_blocked, id=44884, stack(0x000000c656100000,0x000000c656200000)]
  0x0000021fd1f62000 JavaThread "Unconstrained build operations Thread 76" [_thread_blocked, id=68196, stack(0x000000c656200000,0x000000c656300000)]
  0x0000021fd43bb800 JavaThread "Unconstrained build operations Thread 77" [_thread_blocked, id=26908, stack(0x000000c656300000,0x000000c656400000)]
  0x0000021fd43c1800 JavaThread "Unconstrained build operations Thread 78" [_thread_blocked, id=69336, stack(0x000000c656400000,0x000000c656500000)]
  0x0000021fd43be000 JavaThread "Unconstrained build operations Thread 79" [_thread_blocked, id=41220, stack(0x000000c656500000,0x000000c656600000)]
  0x0000021fd43c0800 JavaThread "Unconstrained build operations Thread 80" [_thread_blocked, id=65988, stack(0x000000c656600000,0x000000c656700000)]
  0x0000021fd43c2000 JavaThread "Unconstrained build operations Thread 81" [_thread_blocked, id=51220, stack(0x000000c656700000,0x000000c656800000)]
  0x0000021fd43bc800 JavaThread "Unconstrained build operations Thread 82" [_thread_blocked, id=69968, stack(0x000000c656800000,0x000000c656900000)]
  0x0000021fd43c3000 JavaThread "Unconstrained build operations Thread 83" [_thread_blocked, id=34640, stack(0x000000c656900000,0x000000c656a00000)]
  0x0000021fd43bd000 JavaThread "Unconstrained build operations Thread 84" [_thread_blocked, id=12948, stack(0x000000c656a00000,0x000000c656b00000)]
  0x0000021fd43c3800 JavaThread "Unconstrained build operations Thread 85" [_thread_blocked, id=45948, stack(0x000000c656b00000,0x000000c656c00000)]
  0x0000021fd43c4800 JavaThread "Unconstrained build operations Thread 86" [_thread_blocked, id=41016, stack(0x000000c656c00000,0x000000c656d00000)]
  0x0000021fd43bf000 JavaThread "Unconstrained build operations Thread 87" [_thread_blocked, id=40196, stack(0x000000c656d00000,0x000000c656e00000)]
  0x0000021fd43c5800 JavaThread "Unconstrained build operations Thread 88" [_thread_blocked, id=49180, stack(0x000000c656e00000,0x000000c656f00000)]
  0x0000021fd43bf800 JavaThread "Unconstrained build operations Thread 89" [_thread_blocked, id=32128, stack(0x000000c656f00000,0x000000c657000000)]
  0x0000021fd43c6000 JavaThread "Unconstrained build operations Thread 90" [_thread_blocked, id=24364, stack(0x000000c657000000,0x000000c657100000)]
  0x0000021fd43ca800 JavaThread "Unconstrained build operations Thread 91" [_thread_blocked, id=67224, stack(0x000000c657100000,0x000000c657200000)]
  0x0000021fd43c7000 JavaThread "Unconstrained build operations Thread 92" [_thread_blocked, id=49424, stack(0x000000c657200000,0x000000c657300000)]
  0x0000021fd43c8000 JavaThread "Unconstrained build operations Thread 93" [_thread_blocked, id=70256, stack(0x000000c657300000,0x000000c657400000)]
  0x0000021fd43c8800 JavaThread "Unconstrained build operations Thread 94" [_thread_blocked, id=57308, stack(0x000000c657400000,0x000000c657500000)]
  0x0000021fd43c9800 JavaThread "Unconstrained build operations Thread 95" [_thread_blocked, id=65508, stack(0x000000c657500000,0x000000c657600000)]
  0x0000021fd457a800 JavaThread "Unconstrained build operations Thread 96" [_thread_blocked, id=69008, stack(0x000000c657600000,0x000000c657700000)]
  0x0000021fd457c000 JavaThread "Unconstrained build operations Thread 97" [_thread_blocked, id=35932, stack(0x000000c657700000,0x000000c657800000)]
  0x0000021fd457b000 JavaThread "Unconstrained build operations Thread 98" [_thread_blocked, id=28904, stack(0x000000c657800000,0x000000c657900000)]
  0x0000021fd4579800 JavaThread "Unconstrained build operations Thread 99" [_thread_blocked, id=70600, stack(0x000000c657900000,0x000000c657a00000)]
  0x0000021fd457d000 JavaThread "Unconstrained build operations Thread 100" [_thread_blocked, id=14600, stack(0x000000c657a00000,0x000000c657b00000)]
  0x0000021fd4577000 JavaThread "Unconstrained build operations Thread 101" [_thread_blocked, id=808, stack(0x000000c657b00000,0x000000c657c00000)]
  0x0000021fd457d800 JavaThread "Unconstrained build operations Thread 102" [_thread_blocked, id=42284, stack(0x000000c657c00000,0x000000c657d00000)]
  0x0000021fd4578000 JavaThread "Unconstrained build operations Thread 103" [_thread_blocked, id=62664, stack(0x000000c657d00000,0x000000c657e00000)]
  0x0000021fd457e800 JavaThread "Unconstrained build operations Thread 104" [_thread_blocked, id=68640, stack(0x000000c657e00000,0x000000c657f00000)]
  0x0000021fd4578800 JavaThread "Unconstrained build operations Thread 105" [_thread_blocked, id=61988, stack(0x000000c657f00000,0x000000c658000000)]
  0x0000021fd4580000 JavaThread "Unconstrained build operations Thread 106" [_thread_blocked, id=45516, stack(0x000000c658000000,0x000000c658100000)]
  0x0000021fd4581000 JavaThread "Unconstrained build operations Thread 107" [_thread_blocked, id=39676, stack(0x000000c658100000,0x000000c658200000)]
  0x0000021fd4583800 JavaThread "Unconstrained build operations Thread 108" [_thread_blocked, id=64012, stack(0x000000c658200000,0x000000c658300000)]
  0x0000021fd4582800 JavaThread "Unconstrained build operations Thread 109" [_thread_blocked, id=7920, stack(0x000000c658300000,0x000000c658400000)]
  0x0000021fd4584000 JavaThread "Unconstrained build operations Thread 110" [_thread_blocked, id=30336, stack(0x000000c658400000,0x000000c658500000)]
  0x0000021fd4585000 JavaThread "Unconstrained build operations Thread 111" [_thread_blocked, id=68068, stack(0x000000c658500000,0x000000c658600000)]
  0x0000021fd457f800 JavaThread "Unconstrained build operations Thread 112" [_thread_blocked, id=18484, stack(0x000000c658600000,0x000000c658700000)]
  0x0000021fd4581800 JavaThread "Unconstrained build operations Thread 113" [_thread_blocked, id=67096, stack(0x000000c658700000,0x000000c658800000)]
  0x0000021fd4586000 JavaThread "Unconstrained build operations Thread 114" [_thread_blocked, id=68248, stack(0x000000c658800000,0x000000c658900000)]
  0x0000021fd42f3800 JavaThread "Unconstrained build operations Thread 115" [_thread_blocked, id=68980, stack(0x000000c658900000,0x000000c658a00000)]
  0x0000021fd42f0000 JavaThread "Unconstrained build operations Thread 116" [_thread_blocked, id=65544, stack(0x000000c658a00000,0x000000c658b00000)]
  0x0000021fd42f2000 JavaThread "Unconstrained build operations Thread 117" [_thread_blocked, id=71228, stack(0x000000c658b00000,0x000000c658c00000)]
  0x0000021fd42f6800 JavaThread "Unconstrained build operations Thread 118" [_thread_blocked, id=52476, stack(0x000000c658c00000,0x000000c658d00000)]
  0x0000021fd42f2800 JavaThread "Unconstrained build operations Thread 119" [_thread_blocked, id=29828, stack(0x000000c658d00000,0x000000c658e00000)]
  0x0000021fd42f1000 JavaThread "Unconstrained build operations Thread 120" [_thread_blocked, id=70028, stack(0x000000c658e00000,0x000000c658f00000)]
  0x0000021fd42f6000 JavaThread "jar transforms Thread 6" [_thread_blocked, id=54092, stack(0x000000c658f00000,0x000000c659000000)]
  0x0000021fd42f9000 JavaThread "jar transforms Thread 7" [_thread_blocked, id=47744, stack(0x000000c659000000,0x000000c659100000)]
  0x0000021fd42f8800 JavaThread "jar transforms Thread 8" [_thread_blocked, id=3776, stack(0x000000c659100000,0x000000c659200000)]
  0x0000021fd42f7800 JavaThread "jar transforms Thread 9" [_thread_blocked, id=56420, stack(0x000000c659200000,0x000000c659300000)]
  0x0000021fd42fa000 JavaThread "jar transforms Thread 10" [_thread_blocked, id=47044, stack(0x000000c659300000,0x000000c659400000)]
  0x0000021fd42f4800 JavaThread "jar transforms Thread 11" [_thread_blocked, id=68532, stack(0x000000c659400000,0x000000c659500000)]
  0x0000021fd42fb000 JavaThread "jar transforms Thread 12" [_thread_blocked, id=63144, stack(0x000000c659500000,0x000000c659600000)]
  0x0000021fd42f5000 JavaThread "build event listener" [_thread_blocked, id=47720, stack(0x000000c659600000,0x000000c659700000)]
  0x0000021fd42fb800 JavaThread "Memory manager" [_thread_blocked, id=68824, stack(0x000000c659700000,0x000000c659800000)]
  0x0000021fd42fc800 JavaThread "included builds" [_thread_blocked, id=7856, stack(0x000000c659900000,0x000000c659a00000)]
  0x0000021fd42fd000 JavaThread "Execution worker" [_thread_blocked, id=9940, stack(0x000000c659a00000,0x000000c659b00000)]
  0x0000021fd42fe000 JavaThread "Execution worker Thread 2" [_thread_blocked, id=26648, stack(0x000000c659b00000,0x000000c659c00000)]
  0x0000021fd42ff000 JavaThread "Execution worker Thread 3" [_thread_blocked, id=60424, stack(0x000000c659c00000,0x000000c659d00000)]
  0x0000021fd7a02000 JavaThread "Execution worker Thread 4" [_thread_blocked, id=70272, stack(0x000000c659d00000,0x000000c659e00000)]
  0x0000021fd79fe000 JavaThread "Execution worker Thread 5" [_thread_blocked, id=28004, stack(0x000000c659e00000,0x000000c659f00000)]
  0x0000021fd7a01800 JavaThread "Execution worker Thread 6" [_thread_blocked, id=33820, stack(0x000000c659f00000,0x000000c65a000000)]
  0x0000021fd79ff000 JavaThread "Execution worker Thread 7" [_thread_blocked, id=69468, stack(0x000000c65a000000,0x000000c65a100000)]
  0x0000021fd7a00800 JavaThread "Execution worker Thread 8" [_thread_blocked, id=64628, stack(0x000000c65a100000,0x000000c65a200000)]
  0x0000021fd79fd000 JavaThread "Execution worker Thread 9" [_thread_blocked, id=61552, stack(0x000000c65a200000,0x000000c65a300000)]
  0x0000021fd7a03000 JavaThread "Execution worker Thread 10" [_thread_blocked, id=68172, stack(0x000000c65a300000,0x000000c65a400000)]
  0x0000021fd7a03800 JavaThread "Execution worker Thread 11" [_thread_blocked, id=22188, stack(0x000000c65a400000,0x000000c65a500000)]
  0x0000021fd7a04800 JavaThread "Cache worker for execution history cache (R:\Android Studio Projects\.gradle\7.5\executionHistory)" [_thread_blocked, id=41748, stack(0x000000c65a500000,0x000000c65a600000)]
  0x0000021fd79ff800 JavaThread "WorkerExecutor Queue" [_thread_blocked, id=11892, stack(0x000000c659800000,0x000000c659900000)]
=>0x0000021fcd516000 JavaThread "C2 CompilerThread1" daemon [_thread_in_native, id=11672, stack(0x000000c65a600000,0x000000c65a700000)]

Other Threads:
  0x0000021fccb9f000 VMThread "VM Thread" [stack: 0x000000c64e400000,0x000000c64e500000] [id=57456]
  0x0000021fcd68e800 WatcherThread [stack: 0x000000c64ee00000,0x000000c64ef00000] [id=69048]
  0x0000021fb22ca000 GCTaskThread "GC Thread#0" [stack: 0x000000c64df00000,0x000000c64e000000] [id=50056]
  0x0000021fce2c0000 GCTaskThread "GC Thread#1" [stack: 0x000000c64ef00000,0x000000c64f000000] [id=4324]
  0x0000021fcf063800 GCTaskThread "GC Thread#2" [stack: 0x000000c64fa00000,0x000000c64fb00000] [id=58304]
  0x0000021fcef03800 GCTaskThread "GC Thread#3" [stack: 0x000000c64fb00000,0x000000c64fc00000] [id=23016]
  0x0000021fcf8d4800 GCTaskThread "GC Thread#4" [stack: 0x000000c64fc00000,0x000000c64fd00000] [id=20516]
  0x0000021fce463800 GCTaskThread "GC Thread#5" [stack: 0x000000c64fd00000,0x000000c64fe00000] [id=30216]
  0x0000021fceabc800 GCTaskThread "GC Thread#6" [stack: 0x000000c64fe00000,0x000000c64ff00000] [id=62928]
  0x0000021fcf7eb800 GCTaskThread "GC Thread#7" [stack: 0x000000c64ff00000,0x000000c650000000] [id=65168]
  0x0000021fce948000 GCTaskThread "GC Thread#8" [stack: 0x000000c650000000,0x000000c650100000] [id=47288]
  0x0000021fced1a000 GCTaskThread "GC Thread#9" [stack: 0x000000c650100000,0x000000c650200000] [id=14564]
  0x0000021fb22fb800 ConcurrentGCThread "G1 Main Marker" [stack: 0x000000c64e000000,0x000000c64e100000] [id=67108]
  0x0000021fb22fe800 ConcurrentGCThread "G1 Conc#0" [stack: 0x000000c64e100000,0x000000c64e200000] [id=71524]
  0x0000021fcfa87800 ConcurrentGCThread "G1 Conc#1" [stack: 0x000000c650600000,0x000000c650700000] [id=40016]
  0x0000021fcefb5000 ConcurrentGCThread "G1 Conc#2" [stack: 0x000000c650700000,0x000000c650800000] [id=64788]
  0x0000021fcc9e7800 ConcurrentGCThread "G1 Refine#0" [stack: 0x000000c64e200000,0x000000c64e300000] [id=67436]
  0x0000021fce68c800 ConcurrentGCThread "G1 Refine#1" [stack: 0x000000c650200000,0x000000c650300000] [id=19188]
  0x0000021fcc9ea000 ConcurrentGCThread "G1 Young RemSet Sampling" [stack: 0x000000c64e300000,0x000000c64e400000] [id=29308]

Threads with active compile tasks:
C2 CompilerThread1    16832 11155       4       com.google.common.collect.ImmutableMap$Builder::build (135 bytes)

VM state:at safepoint (normal execution)

VM Mutex/Monitor currently owned by a thread:  ([mutex/lock_event])
[0x0000021fb22aa5d0] Threads_lock - owner thread: 0x0000021fccb9f000
[0x0000021fb22aa270] Heap_lock - owner thread: 0x0000021fb22fb800

OutOfMemory and StackOverflow Exception counts:
OutOfMemoryError java_heap_errors=5
LinkageErrors=145

Heap address: 0x0000000080000000, size: 2048 MB, Compressed Oops mode: 32-bit
Narrow klass base: 0x0000000000000000, Narrow klass shift: 3
Compressed class space size: 1073741824 Address: 0x0000000100000000

Heap:
 garbage-first heap   total 175104K, used 108976K [0x0000000080000000, 0x0000000100000000)
  region size 1024K, 17 young (17408K), 7 survivors (7168K)
 Metaspace       used 95958K, capacity 98813K, committed 99100K, reserved 1134592K
  class space    used 12569K, capacity 13647K, committed 13720K, reserved 1048576K
Heap Regions: E=young(eden), S=young(survivor), O=old, HS=humongous(starts), HC=humongous(continues), CS=collection set, F=free, A=archive, TAMS=top-at-mark-start (previous, next)
|   0|0x0000000080000000, 0x0000000080100000, 0x0000000080100000|100%| O|  |TAMS 0x0000000080100000, 0x0000000080100000| Untracked 
|   1|0x0000000080100000, 0x0000000080200000, 0x0000000080200000|100%| O|  |TAMS 0x0000000080200000, 0x0000000080200000| Untracked 
|   2|0x0000000080200000, 0x0000000080300000, 0x0000000080300000|100%| O|  |TAMS 0x0000000080300000, 0x0000000080300000| Untracked 
|   3|0x0000000080300000, 0x0000000080400000, 0x0000000080400000|100%|HS|  |TAMS 0x0000000080400000, 0x0000000080400000| Complete 
|   4|0x0000000080400000, 0x0000000080500000, 0x0000000080500000|100%|HC|  |TAMS 0x0000000080500000, 0x0000000080500000| Complete 
|   5|0x0000000080500000, 0x0000000080600000, 0x0000000080600000|100%|HC|  |TAMS 0x0000000080600000, 0x0000000080600000| Complete 
|   6|0x0000000080600000, 0x0000000080700000, 0x0000000080700000|100%| O|  |TAMS 0x0000000080700000, 0x0000000080700000| Untracked 
|   7|0x0000000080700000, 0x0000000080800000, 0x0000000080800000|100%| O|  |TAMS 0x0000000080800000, 0x0000000080800000| Untracked 
|   8|0x0000000080800000, 0x0000000080900000, 0x0000000080900000|100%| O|  |TAMS 0x0000000080900000, 0x0000000080900000| Untracked 
|   9|0x0000000080900000, 0x0000000080a00000, 0x0000000080a00000|100%| O|  |TAMS 0x0000000080a00000, 0x0000000080a00000| Untracked 
|  10|0x0000000080a00000, 0x0000000080b00000, 0x0000000080b00000|100%| O|  |TAMS 0x0000000080b00000, 0x0000000080b00000| Untracked 
|  11|0x0000000080b00000, 0x0000000080c00000, 0x0000000080c00000|100%| O|  |TAMS 0x0000000080c00000, 0x0000000080c00000| Untracked 
|  12|0x0000000080c00000, 0x0000000080d00000, 0x0000000080d00000|100%| O|  |TAMS 0x0000000080d00000, 0x0000000080d00000| Untracked 
|  13|0x0000000080d00000, 0x0000000080e00000, 0x0000000080e00000|100%| O|  |TAMS 0x0000000080e00000, 0x0000000080e00000| Untracked 
|  14|0x0000000080e00000, 0x0000000080f00000, 0x0000000080f00000|100%| O|  |TAMS 0x0000000080f00000, 0x0000000080f00000| Untracked 
|  15|0x0000000080f00000, 0x0000000081000000, 0x0000000081000000|100%| O|  |TAMS 0x0000000081000000, 0x0000000081000000| Untracked 
|  16|0x0000000081000000, 0x0000000081100000, 0x0000000081100000|100%| O|  |TAMS 0x0000000081100000, 0x0000000081100000| Untracked 
|  17|0x0000000081100000, 0x0000000081200000, 0x0000000081200000|100%|HS|  |TAMS 0x0000000081200000, 0x0000000081200000| Complete 
|  18|0x0000000081200000, 0x0000000081300000, 0x0000000081300000|100%| O|  |TAMS 0x0000000081300000, 0x0000000081300000| Untracked 
|  19|0x0000000081300000, 0x0000000081400000, 0x0000000081400000|100%| O|  |TAMS 0x0000000081400000, 0x0000000081400000| Untracked 
|  20|0x0000000081400000, 0x0000000081500000, 0x0000000081500000|100%| O|  |TAMS 0x0000000081500000, 0x0000000081500000| Untracked 
|  21|0x0000000081500000, 0x0000000081600000, 0x0000000081600000|100%| O|  |TAMS 0x0000000081600000, 0x0000000081600000| Untracked 
|  22|0x0000000081600000, 0x0000000081700000, 0x0000000081700000|100%| O|  |TAMS 0x0000000081700000, 0x0000000081700000| Untracked 
|  23|0x0000000081700000, 0x0000000081800000, 0x0000000081800000|100%| O|  |TAMS 0x0000000081800000, 0x0000000081800000| Untracked 
|  24|0x0000000081800000, 0x0000000081900000, 0x0000000081900000|100%| O|  |TAMS 0x0000000081900000, 0x0000000081900000| Untracked 
|  25|0x0000000081900000, 0x0000000081a00000, 0x0000000081a00000|100%| O|  |TAMS 0x0000000081a00000, 0x0000000081a00000| Untracked 
|  26|0x0000000081a00000, 0x0000000081b00000, 0x0000000081b00000|100%| O|  |TAMS 0x0000000081b00000, 0x0000000081b00000| Untracked 
|  27|0x0000000081b00000, 0x0000000081c00000, 0x0000000081c00000|100%| O|  |TAMS 0x0000000081c00000, 0x0000000081c00000| Untracked 
|  28|0x0000000081c00000, 0x0000000081d00000, 0x0000000081d00000|100%|HS|  |TAMS 0x0000000081d00000, 0x0000000081d00000| Complete 
|  29|0x0000000081d00000, 0x0000000081e00000, 0x0000000081e00000|100%|HC|  |TAMS 0x0000000081e00000, 0x0000000081e00000| Complete 
|  30|0x0000000081e00000, 0x0000000081f00000, 0x0000000081f00000|100%|HS|  |TAMS 0x0000000081f00000, 0x0000000081f00000| Complete 
|  31|0x0000000081f00000, 0x0000000082000000, 0x0000000082000000|100%|HS|  |TAMS 0x0000000082000000, 0x0000000082000000| Complete 
|  32|0x0000000082000000, 0x0000000082100000, 0x0000000082100000|100%|HC|  |TAMS 0x0000000082100000, 0x0000000082100000| Complete 
|  33|0x0000000082100000, 0x0000000082200000, 0x0000000082200000|100%|HC|  |TAMS 0x0000000082200000, 0x0000000082200000| Complete 
|  34|0x0000000082200000, 0x0000000082300000, 0x0000000082300000|100%|HC|  |TAMS 0x0000000082300000, 0x0000000082300000| Complete 
|  35|0x0000000082300000, 0x0000000082400000, 0x0000000082400000|100%| O|  |TAMS 0x0000000082400000, 0x0000000082400000| Untracked 
|  36|0x0000000082400000, 0x0000000082500000, 0x0000000082500000|100%| O|  |TAMS 0x0000000082500000, 0x0000000082500000| Untracked 
|  37|0x0000000082500000, 0x0000000082600000, 0x0000000082600000|100%| O|  |TAMS 0x0000000082600000, 0x0000000082600000| Untracked 
|  38|0x0000000082600000, 0x0000000082700000, 0x0000000082700000|100%| O|  |TAMS 0x0000000082700000, 0x0000000082700000| Untracked 
|  39|0x0000000082700000, 0x0000000082800000, 0x0000000082800000|100%| O|  |TAMS 0x0000000082800000, 0x0000000082800000| Untracked 
|  40|0x0000000082800000, 0x0000000082900000, 0x0000000082900000|100%| O|  |TAMS 0x0000000082900000, 0x0000000082900000| Untracked 
|  41|0x0000000082900000, 0x0000000082a00000, 0x0000000082a00000|100%| O|  |TAMS 0x0000000082a00000, 0x0000000082a00000| Untracked 
|  42|0x0000000082a00000, 0x0000000082b00000, 0x0000000082b00000|100%| O|  |TAMS 0x0000000082b00000, 0x0000000082b00000| Untracked 
|  43|0x0000000082b00000, 0x0000000082c00000, 0x0000000082c00000|100%| O|  |TAMS 0x0000000082c00000, 0x0000000082c00000| Untracked 
|  44|0x0000000082c00000, 0x0000000082d00000, 0x0000000082d00000|100%| O|  |TAMS 0x0000000082d00000, 0x0000000082d00000| Untracked 
|  45|0x0000000082d00000, 0x0000000082e00000, 0x0000000082e00000|100%| O|  |TAMS 0x0000000082e00000, 0x0000000082e00000| Untracked 
|  46|0x0000000082e00000, 0x0000000082f00000, 0x0000000082f00000|100%| O|  |TAMS 0x0000000082f00000, 0x0000000082f00000| Untracked 
|  47|0x0000000082f00000, 0x0000000083000000, 0x0000000083000000|100%| O|  |TAMS 0x0000000083000000, 0x0000000083000000| Untracked 
|  48|0x0000000083000000, 0x0000000083100000, 0x0000000083100000|100%| O|  |TAMS 0x0000000083100000, 0x0000000083100000| Untracked 
|  49|0x0000000083100000, 0x0000000083200000, 0x0000000083200000|100%| O|  |TAMS 0x0000000083200000, 0x0000000083200000| Untracked 
|  50|0x0000000083200000, 0x0000000083300000, 0x0000000083300000|100%| O|  |TAMS 0x0000000083300000, 0x0000000083300000| Untracked 
|  51|0x0000000083300000, 0x0000000083400000, 0x0000000083400000|100%| O|  |TAMS 0x0000000083400000, 0x0000000083400000| Untracked 
|  52|0x0000000083400000, 0x0000000083500000, 0x0000000083500000|100%| O|  |TAMS 0x0000000083500000, 0x0000000083500000| Untracked 
|  53|0x0000000083500000, 0x0000000083600000, 0x0000000083600000|100%| O|  |TAMS 0x0000000083600000, 0x0000000083600000| Untracked 
|  54|0x0000000083600000, 0x0000000083700000, 0x0000000083700000|100%| O|  |TAMS 0x0000000083700000, 0x0000000083700000| Untracked 
|  55|0x0000000083700000, 0x0000000083800000, 0x0000000083800000|100%| O|  |TAMS 0x0000000083800000, 0x0000000083800000| Untracked 
|  56|0x0000000083800000, 0x0000000083900000, 0x0000000083900000|100%| O|  |TAMS 0x0000000083900000, 0x0000000083900000| Untracked 
|  57|0x0000000083900000, 0x0000000083a00000, 0x0000000083a00000|100%| O|  |TAMS 0x0000000083a00000, 0x0000000083a00000| Untracked 
|  58|0x0000000083a00000, 0x0000000083b00000, 0x0000000083b00000|100%| O|  |TAMS 0x0000000083b00000, 0x0000000083b00000| Untracked 
|  59|0x0000000083b00000, 0x0000000083c00000, 0x0000000083c00000|100%| O|  |TAMS 0x0000000083c00000, 0x0000000083c00000| Untracked 
|  60|0x0000000083c00000, 0x0000000083d00000, 0x0000000083d00000|100%| O|  |TAMS 0x0000000083d00000, 0x0000000083d00000| Untracked 
|  61|0x0000000083d00000, 0x0000000083e00000, 0x0000000083e00000|100%| O|  |TAMS 0x0000000083e00000, 0x0000000083e00000| Untracked 
|  62|0x0000000083e00000, 0x0000000083f00000, 0x0000000083f00000|100%| O|  |TAMS 0x0000000083f00000, 0x0000000083f00000| Untracked 
|  63|0x0000000083f00000, 0x0000000084000000, 0x0000000084000000|100%| O|  |TAMS 0x0000000084000000, 0x0000000084000000| Untracked 
|  64|0x0000000084000000, 0x0000000084100000, 0x0000000084100000|100%| O|  |TAMS 0x0000000084100000, 0x0000000084100000| Untracked 
|  65|0x0000000084100000, 0x0000000084200000, 0x0000000084200000|100%| O|  |TAMS 0x0000000084200000, 0x0000000084200000| Untracked 
|  66|0x0000000084200000, 0x0000000084300000, 0x0000000084300000|100%| O|  |TAMS 0x0000000084300000, 0x0000000084300000| Untracked 
|  67|0x0000000084300000, 0x0000000084400000, 0x0000000084400000|100%| O|  |TAMS 0x0000000084400000, 0x0000000084400000| Untracked 
|  68|0x0000000084400000, 0x0000000084500000, 0x0000000084500000|100%| O|  |TAMS 0x0000000084500000, 0x0000000084500000| Untracked 
|  69|0x0000000084500000, 0x0000000084600000, 0x0000000084600000|100%| O|  |TAMS 0x0000000084600000, 0x0000000084600000| Untracked 
|  70|0x0000000084600000, 0x0000000084700000, 0x0000000084700000|100%| O|  |TAMS 0x0000000084700000, 0x0000000084700000| Untracked 
|  71|0x0000000084700000, 0x0000000084800000, 0x0000000084800000|100%| O|  |TAMS 0x0000000084800000, 0x0000000084800000| Untracked 
|  72|0x0000000084800000, 0x0000000084900000, 0x0000000084900000|100%| O|  |TAMS 0x0000000084900000, 0x0000000084900000| Untracked 
|  73|0x0000000084900000, 0x0000000084a00000, 0x0000000084a00000|100%| O|  |TAMS 0x0000000084a00000, 0x0000000084a00000| Untracked 
|  74|0x0000000084a00000, 0x0000000084b00000, 0x0000000084b00000|100%| O|  |TAMS 0x0000000084b00000, 0x0000000084b00000| Untracked 
|  75|0x0000000084b00000, 0x0000000084c00000, 0x0000000084c00000|100%| O|  |TAMS 0x0000000084c00000, 0x0000000084c00000| Untracked 
|  76|0x0000000084c00000, 0x0000000084d00000, 0x0000000084d00000|100%| O|  |TAMS 0x0000000084d00000, 0x0000000084d00000| Untracked 
|  77|0x0000000084d00000, 0x0000000084e00000, 0x0000000084e00000|100%| O|  |TAMS 0x0000000084e00000, 0x0000000084e00000| Untracked 
|  78|0x0000000084e00000, 0x0000000084f00000, 0x0000000084f00000|100%| O|  |TAMS 0x0000000084f00000, 0x0000000084f00000| Untracked 
|  79|0x0000000084f00000, 0x0000000085000000, 0x0000000085000000|100%| O|  |TAMS 0x0000000085000000, 0x0000000085000000| Untracked 
|  80|0x0000000085000000, 0x0000000085100000, 0x0000000085100000|100%| O|  |TAMS 0x0000000085100000, 0x0000000085100000| Untracked 
|  81|0x0000000085100000, 0x0000000085200000, 0x0000000085200000|100%| O|  |TAMS 0x0000000085200000, 0x0000000085200000| Untracked 
|  82|0x0000000085200000, 0x0000000085300000, 0x0000000085300000|100%| O|  |TAMS 0x0000000085300000, 0x0000000085300000| Untracked 
|  83|0x0000000085300000, 0x0000000085400000, 0x0000000085400000|100%| O|  |TAMS 0x00000000853c0200, 0x0000000085400000| Untracked 
|  84|0x0000000085400000, 0x0000000085500000, 0x0000000085500000|100%| O|  |TAMS 0x0000000085400000, 0x0000000085500000| Untracked 
|  85|0x0000000085500000, 0x0000000085600000, 0x0000000085600000|100%| O|  |TAMS 0x0000000085500000, 0x0000000085600000| Untracked 
|  86|0x0000000085600000, 0x0000000085700000, 0x0000000085700000|100%| O|  |TAMS 0x0000000085600000, 0x0000000085700000| Untracked 
|  87|0x0000000085700000, 0x0000000085800000, 0x0000000085800000|100%| O|  |TAMS 0x0000000085700000, 0x0000000085800000| Untracked 
|  88|0x0000000085800000, 0x0000000085900000, 0x0000000085900000|100%| O|  |TAMS 0x0000000085800000, 0x0000000085900000| Untracked 
|  89|0x0000000085900000, 0x0000000085a00000, 0x0000000085a00000|100%| O|  |TAMS 0x0000000085900000, 0x0000000085a00000| Untracked 
|  90|0x0000000085a00000, 0x0000000085a6c200, 0x0000000085b00000| 42%| O|  |TAMS 0x0000000085a00000, 0x0000000085a6c200| Untracked 
|  91|0x0000000085b00000, 0x0000000085b00000, 0x0000000085c00000|  0%| F|  |TAMS 0x0000000085b00000, 0x0000000085b00000| Untracked 
|  92|0x0000000085c00000, 0x0000000085c00000, 0x0000000085d00000|  0%| F|  |TAMS 0x0000000085c00000, 0x0000000085c00000| Untracked 
|  93|0x0000000085d00000, 0x0000000085d00000, 0x0000000085e00000|  0%| F|  |TAMS 0x0000000085d00000, 0x0000000085d00000| Untracked 
|  94|0x0000000085e00000, 0x0000000085e00000, 0x0000000085f00000|  0%| F|  |TAMS 0x0000000085e00000, 0x0000000085e00000| Untracked 
|  95|0x0000000085f00000, 0x0000000085f00000, 0x0000000086000000|  0%| F|  |TAMS 0x0000000085f00000, 0x0000000085f00000| Untracked 
|  96|0x0000000086000000, 0x0000000086000000, 0x0000000086100000|  0%| F|  |TAMS 0x0000000086000000, 0x0000000086000000| Untracked 
|  97|0x0000000086100000, 0x0000000086100000, 0x0000000086200000|  0%| F|  |TAMS 0x0000000086100000, 0x0000000086100000| Untracked 
|  98|0x0000000086200000, 0x0000000086200000, 0x0000000086300000|  0%| F|  |TAMS 0x0000000086200000, 0x0000000086200000| Untracked 
|  99|0x0000000086300000, 0x0000000086300000, 0x0000000086400000|  0%| F|  |TAMS 0x0000000086300000, 0x0000000086300000| Untracked 
| 100|0x0000000086400000, 0x0000000086400000, 0x0000000086500000|  0%| F|  |TAMS 0x0000000086400000, 0x0000000086400000| Untracked 
| 101|0x0000000086500000, 0x0000000086500000, 0x0000000086600000|  0%| F|  |TAMS 0x0000000086500000, 0x0000000086500000| Untracked 
| 102|0x0000000086600000, 0x0000000086600000, 0x0000000086700000|  0%| F|  |TAMS 0x0000000086600000, 0x0000000086600000| Untracked 
| 103|0x0000000086700000, 0x0000000086700000, 0x0000000086800000|  0%| F|  |TAMS 0x0000000086700000, 0x0000000086700000| Untracked 
| 104|0x0000000086800000, 0x0000000086800000, 0x0000000086900000|  0%| F|  |TAMS 0x0000000086800000, 0x0000000086800000| Untracked 
| 105|0x0000000086900000, 0x0000000086900000, 0x0000000086a00000|  0%| F|  |TAMS 0x0000000086900000, 0x0000000086900000| Untracked 
| 106|0x0000000086a00000, 0x0000000086a00000, 0x0000000086b00000|  0%| F|  |TAMS 0x0000000086a00000, 0x0000000086a00000| Untracked 
| 107|0x0000000086b00000, 0x0000000086b00000, 0x0000000086c00000|  0%| F|  |TAMS 0x0000000086b00000, 0x0000000086b00000| Untracked 
| 108|0x0000000086c00000, 0x0000000086c00000, 0x0000000086d00000|  0%| F|  |TAMS 0x0000000086c00000, 0x0000000086c00000| Untracked 
| 109|0x0000000086d00000, 0x0000000086d00000, 0x0000000086e00000|  0%| F|  |TAMS 0x0000000086d00000, 0x0000000086d00000| Untracked 
| 110|0x0000000086e00000, 0x0000000086e00000, 0x0000000086f00000|  0%| F|  |TAMS 0x0000000086e00000, 0x0000000086e00000| Untracked 
| 111|0x0000000086f00000, 0x0000000087000000, 0x0000000087000000|100%| S|CS|TAMS 0x0000000086f00000, 0x0000000086f00000| Complete 
| 112|0x0000000087000000, 0x0000000087100000, 0x0000000087100000|100%| S|CS|TAMS 0x0000000087000000, 0x0000000087000000| Complete 
| 113|0x0000000087100000, 0x0000000087200000, 0x0000000087200000|100%| S|CS|TAMS 0x0000000087100000, 0x0000000087100000| Complete 
| 114|0x0000000087200000, 0x0000000087300000, 0x0000000087300000|100%| S|CS|TAMS 0x0000000087200000, 0x0000000087200000| Complete 
| 115|0x0000000087300000, 0x0000000087400000, 0x0000000087400000|100%| S|CS|TAMS 0x0000000087300000, 0x0000000087300000| Complete 
| 116|0x0000000087400000, 0x0000000087400000, 0x0000000087500000|  0%| F|  |TAMS 0x0000000087400000, 0x0000000087400000| Untracked 
| 117|0x0000000087500000, 0x0000000087500000, 0x0000000087600000|  0%| F|  |TAMS 0x0000000087500000, 0x0000000087500000| Untracked 
| 118|0x0000000087600000, 0x0000000087600000, 0x0000000087700000|  0%| F|  |TAMS 0x0000000087600000, 0x0000000087600000| Untracked 
| 119|0x0000000087700000, 0x0000000087700000, 0x0000000087800000|  0%| F|  |TAMS 0x0000000087700000, 0x0000000087700000| Untracked 
| 120|0x0000000087800000, 0x0000000087800000, 0x0000000087900000|  0%| F|  |TAMS 0x0000000087800000, 0x0000000087800000| Untracked 
| 121|0x0000000087900000, 0x0000000087a00000, 0x0000000087a00000|100%| S|CS|TAMS 0x0000000087900000, 0x0000000087900000| Complete 
| 122|0x0000000087a00000, 0x0000000087b00000, 0x0000000087b00000|100%| S|CS|TAMS 0x0000000087a00000, 0x0000000087a00000| Complete 
| 123|0x0000000087b00000, 0x0000000087b00000, 0x0000000087c00000|  0%| F|  |TAMS 0x0000000087b00000, 0x0000000087b00000| Untracked 
| 124|0x0000000087c00000, 0x0000000087c00000, 0x0000000087d00000|  0%| F|  |TAMS 0x0000000087c00000, 0x0000000087c00000| Untracked 
| 125|0x0000000087d00000, 0x0000000087d00000, 0x0000000087e00000|  0%| F|  |TAMS 0x0000000087d00000, 0x0000000087d00000| Untracked 
| 126|0x0000000087e00000, 0x0000000087e00000, 0x0000000087f00000|  0%| F|  |TAMS 0x0000000087e00000, 0x0000000087e00000| Untracked 
| 127|0x0000000087f00000, 0x0000000087f00000, 0x0000000088000000|  0%| F|  |TAMS 0x0000000087f00000, 0x0000000087f00000| Untracked 
| 128|0x0000000088000000, 0x0000000088000000, 0x0000000088100000|  0%| F|  |TAMS 0x0000000088000000, 0x0000000088000000| Untracked 
| 129|0x0000000088100000, 0x0000000088100000, 0x0000000088200000|  0%| F|  |TAMS 0x0000000088100000, 0x0000000088100000| Untracked 
| 130|0x0000000088200000, 0x0000000088200000, 0x0000000088300000|  0%| F|  |TAMS 0x0000000088200000, 0x0000000088200000| Untracked 
| 131|0x0000000088300000, 0x0000000088300000, 0x0000000088400000|  0%| F|  |TAMS 0x0000000088300000, 0x0000000088300000| Untracked 
| 132|0x0000000088400000, 0x0000000088400000, 0x0000000088500000|  0%| F|  |TAMS 0x0000000088400000, 0x0000000088400000| Untracked 
| 133|0x0000000088500000, 0x0000000088500000, 0x0000000088600000|  0%| F|  |TAMS 0x0000000088500000, 0x0000000088500000| Untracked 
| 134|0x0000000088600000, 0x0000000088600000, 0x0000000088700000|  0%| F|  |TAMS 0x0000000088600000, 0x0000000088600000| Untracked 
| 135|0x0000000088700000, 0x0000000088700000, 0x0000000088800000|  0%| F|  |TAMS 0x0000000088700000, 0x0000000088700000| Untracked 
| 136|0x0000000088800000, 0x0000000088800000, 0x0000000088900000|  0%| F|  |TAMS 0x0000000088800000, 0x0000000088800000| Untracked 
| 137|0x0000000088900000, 0x0000000088900000, 0x0000000088a00000|  0%| F|  |TAMS 0x0000000088900000, 0x0000000088900000| Untracked 
| 138|0x0000000088a00000, 0x0000000088a00000, 0x0000000088b00000|  0%| F|  |TAMS 0x0000000088a00000, 0x0000000088a00000| Untracked 
| 139|0x0000000088b00000, 0x0000000088b00000, 0x0000000088c00000|  0%| F|  |TAMS 0x0000000088b00000, 0x0000000088b00000| Untracked 
| 140|0x0000000088c00000, 0x0000000088c00000, 0x0000000088d00000|  0%| F|  |TAMS 0x0000000088c00000, 0x0000000088c00000| Untracked 
| 141|0x0000000088d00000, 0x0000000088d00000, 0x0000000088e00000|  0%| F|  |TAMS 0x0000000088d00000, 0x0000000088d00000| Untracked 
| 142|0x0000000088e00000, 0x0000000088e00000, 0x0000000088f00000|  0%| F|  |TAMS 0x0000000088e00000, 0x0000000088e00000| Untracked 
| 143|0x0000000088f00000, 0x0000000088f00000, 0x0000000089000000|  0%| F|  |TAMS 0x0000000088f00000, 0x0000000088f00000| Untracked 
| 144|0x0000000089000000, 0x0000000089000000, 0x0000000089100000|  0%| F|  |TAMS 0x0000000089000000, 0x0000000089000000| Untracked 
| 145|0x0000000089100000, 0x0000000089100000, 0x0000000089200000|  0%| F|  |TAMS 0x0000000089100000, 0x0000000089100000| Untracked 
| 146|0x0000000089200000, 0x0000000089200000, 0x0000000089300000|  0%| F|  |TAMS 0x0000000089200000, 0x0000000089200000| Untracked 
| 147|0x0000000089300000, 0x0000000089300000, 0x0000000089400000|  0%| F|  |TAMS 0x0000000089300000, 0x0000000089300000| Untracked 
| 148|0x0000000089400000, 0x0000000089400000, 0x0000000089500000|  0%| F|  |TAMS 0x0000000089400000, 0x0000000089400000| Untracked 
| 149|0x0000000089500000, 0x0000000089500000, 0x0000000089600000|  0%| F|  |TAMS 0x0000000089500000, 0x0000000089500000| Untracked 
| 150|0x0000000089600000, 0x0000000089600000, 0x0000000089700000|  0%| F|  |TAMS 0x0000000089600000, 0x0000000089600000| Untracked 
| 151|0x0000000089700000, 0x0000000089700000, 0x0000000089800000|  0%| F|  |TAMS 0x0000000089700000, 0x0000000089700000| Untracked 
| 152|0x0000000089800000, 0x0000000089800000, 0x0000000089900000|  0%| F|  |TAMS 0x0000000089800000, 0x0000000089800000| Untracked 
| 153|0x0000000089900000, 0x0000000089900000, 0x0000000089a00000|  0%| F|  |TAMS 0x0000000089900000, 0x0000000089900000| Untracked 
| 154|0x0000000089a00000, 0x0000000089a00000, 0x0000000089b00000|  0%| F|  |TAMS 0x0000000089a00000, 0x0000000089a00000| Untracked 
| 155|0x0000000089b00000, 0x0000000089b00000, 0x0000000089c00000|  0%| F|  |TAMS 0x0000000089b00000, 0x0000000089b00000| Untracked 
| 156|0x0000000089c00000, 0x0000000089c00000, 0x0000000089d00000|  0%| F|  |TAMS 0x0000000089c00000, 0x0000000089c00000| Untracked 
| 157|0x0000000089d00000, 0x0000000089d00000, 0x0000000089e00000|  0%| F|  |TAMS 0x0000000089d00000, 0x0000000089d00000| Untracked 
| 158|0x0000000089e00000, 0x0000000089e00000, 0x0000000089f00000|  0%| F|  |TAMS 0x0000000089e00000, 0x0000000089e00000| Untracked 
| 159|0x0000000089f00000, 0x0000000089f00000, 0x000000008a000000|  0%| F|  |TAMS 0x0000000089f00000, 0x0000000089f00000| Untracked 
| 160|0x000000008a000000, 0x000000008a000000, 0x000000008a100000|  0%| F|  |TAMS 0x000000008a000000, 0x000000008a000000| Untracked 
| 161|0x000000008a100000, 0x000000008a1745e0, 0x000000008a200000| 45%| E|  |TAMS 0x000000008a100000, 0x000000008a100000| Complete 
| 162|0x000000008a200000, 0x000000008a300000, 0x000000008a300000|100%| E|CS|TAMS 0x000000008a200000, 0x000000008a200000| Complete 
| 163|0x000000008a300000, 0x000000008a400000, 0x000000008a400000|100%| E|CS|TAMS 0x000000008a300000, 0x000000008a300000| Complete 
| 164|0x000000008a400000, 0x000000008a500000, 0x000000008a500000|100%| E|CS|TAMS 0x000000008a400000, 0x000000008a400000| Complete 
| 165|0x000000008a500000, 0x000000008a600000, 0x000000008a600000|100%| E|CS|TAMS 0x000000008a500000, 0x000000008a500000| Complete 
| 166|0x000000008a600000, 0x000000008a700000, 0x000000008a700000|100%| E|CS|TAMS 0x000000008a600000, 0x000000008a600000| Complete 
| 167|0x000000008a700000, 0x000000008a800000, 0x000000008a800000|100%| E|CS|TAMS 0x000000008a700000, 0x000000008a700000| Complete 
| 168|0x000000008a800000, 0x000000008a900000, 0x000000008a900000|100%| E|CS|TAMS 0x000000008a800000, 0x000000008a800000| Complete 
| 169|0x000000008a900000, 0x000000008aa00000, 0x000000008aa00000|100%| E|CS|TAMS 0x000000008a900000, 0x000000008a900000| Complete 
| 170|0x000000008aa00000, 0x000000008ab00000, 0x000000008ab00000|100%| E|CS|TAMS 0x000000008aa00000, 0x000000008aa00000| Complete 

Card table byte_map: [0x0000021fc5730000,0x0000021fc5b30000] _byte_map_base: 0x0000021fc5330000

Marking Bits (Prev, Next): (CMBitMap*) 0x0000021fb22f2888, (CMBitMap*) 0x0000021fb22f28c0
 Prev Bits: [0x0000021fc5f30000, 0x0000021fc7f30000)
 Next Bits: [0x0000021fc7f30000, 0x0000021fc9f30000)

Polling page: 0x0000021fb02c0000

Metaspace:

Usage:
  Non-class:     83.17 MB capacity,    81.43 MB ( 98%) used,     1.41 MB (  2%) free+waste,   328.81 KB ( <1%) overhead. 
      Class:     13.33 MB capacity,    12.27 MB ( 92%) used,   926.16 KB (  7%) free+waste,   151.50 KB (  1%) overhead. 
       Both:     96.50 MB capacity,    93.71 MB ( 97%) used,     2.32 MB (  2%) free+waste,   480.31 KB ( <1%) overhead. 

Virtual space:
  Non-class space:       84.00 MB reserved,      83.38 MB (>99%) committed 
      Class space:        1.00 GB reserved,      13.40 MB (  1%) committed 
             Both:        1.08 GB reserved,      96.78 MB (  9%) committed 

Chunk freelists:
   Non-Class:  22.00 KB
       Class:  17.00 KB
        Both:  39.00 KB

MaxMetaspaceSize: 17179869184.00 GB
CompressedClassSpaceSize: 1.00 GB
Initial GC threshold: 20.80 MB
Current GC threshold: 154.21 MB
CDS: off

CodeHeap 'non-profiled nmethods': size=120000Kb used=6173Kb max_used=6173Kb free=113826Kb
 bounds [0x0000021fbd8a0000, 0x0000021fbdeb0000, 0x0000021fc4dd0000]
CodeHeap 'profiled nmethods': size=120000Kb used=23282Kb max_used=23282Kb free=96717Kb
 bounds [0x0000021fb6370000, 0x0000021fb7a30000, 0x0000021fbd8a0000]
CodeHeap 'non-nmethods': size=5760Kb used=2392Kb max_used=2434Kb free=3367Kb
 bounds [0x0000021fb5dd0000, 0x0000021fb6040000, 0x0000021fb6370000]
 total_blobs=12002 nmethods=11082 adapters=832
 compilation: enabled
              stopped_count=0, restarted_count=0
 full_count=0

Compilation events (20 events):
Event: 16.740 Thread 0x0000021fccbc8800 11160       3       org.gradle.internal.snapshot.AbstractListChildMap::invalidate (72 bytes)
Event: 16.743 Thread 0x0000021fccbc8800 nmethod 11160 0x0000021fb7a17c10 code [0x0000021fb7a17f20, 0x0000021fb7a19258]
Event: 16.743 Thread 0x0000021fccbc8800 11161       3       java.util.Formatter::ensureOpen (16 bytes)
Event: 16.743 Thread 0x0000021fccbc8800 nmethod 11161 0x0000021fb7a19910 code [0x0000021fb7a19ae0, 0x0000021fb7a19c88]
Event: 16.757 Thread 0x0000021fccbc8800 11162       3       java.util.ArrayDeque::grow (165 bytes)
Event: 16.758 Thread 0x0000021fcd516000 nmethod 11148 0x0000021fbde97c10 code [0x0000021fbde97e60, 0x0000021fbde98728]
Event: 16.759 Thread 0x0000021fccbc8800 nmethod 11162 0x0000021fb7a19d90 code [0x0000021fb7a19fc0, 0x0000021fb7a1a728]
Event: 16.759 Thread 0x0000021fccbc8800 11165       3       com.google.common.reflect.TypeResolver$TypeTable::where (115 bytes)
Event: 16.759 Thread 0x0000021fcd516000 11155       4       com.google.common.collect.ImmutableMap$Builder::build (135 bytes)
Event: 16.761 Thread 0x0000021fccbc8800 nmethod 11165 0x0000021fb7a1aa10 code [0x0000021fb7a1ada0, 0x0000021fb7a1ca78]
Event: 16.761 Thread 0x0000021fccbc8800 11163       3       org.gradle.api.internal.provider.ManagedFactories$PropertyManagedFactory::fromState (36 bytes)
Event: 16.762 Thread 0x0000021fccbc8800 nmethod 11163 0x0000021fb7a1d310 code [0x0000021fb7a1d600, 0x0000021fb7a1e7a8]
Event: 16.762 Thread 0x0000021fccbc8800 11164       3       org.gradle.api.internal.provider.ManagedFactories$PropertyManagedFactory::propertyOf (15 bytes)
Event: 16.764 Thread 0x0000021fccbc8800 nmethod 11164 0x0000021fb7a1ed90 code [0x0000021fb7a1f000, 0x0000021fb7a1fc68]
Event: 16.769 Thread 0x0000021fccbc8800 11166       3       com.google.common.collect.ImmutableSortedMap$1EntrySet$1::get (39 bytes)
Event: 16.771 Thread 0x0000021fccbc8800 nmethod 11166 0x0000021fb7a20090 code [0x0000021fb7a20300, 0x0000021fb7a20f08]
Event: 16.771 Thread 0x0000021fccbc8800 11167       3       com.google.common.collect.ImmutableSortedMap$1EntrySet$1::get (6 bytes)
Event: 16.771 Thread 0x0000021fccbc8800 nmethod 11167 0x0000021fb7a21390 code [0x0000021fb7a21540, 0x0000021fb7a21688]
Event: 16.771 Thread 0x0000021fccbc8800 11168       3       java.util.regex.Matcher::find (35 bytes)
Event: 16.772 Thread 0x0000021fccbc8800 nmethod 11168 0x0000021fb7a21710 code [0x0000021fb7a21900, 0x0000021fb7a21cd8]

GC Heap History (20 events):
Event: 11.743 GC heap before
{Heap before GC invocations=17 (full 0):
 garbage-first heap   total 145408K, used 113036K [0x0000000080000000, 0x0000000100000000)
  region size 1024K, 56 young (57344K), 7 survivors (7168K)
 Metaspace       used 74413K, capacity 76161K, committed 76316K, reserved 1116160K
  class space    used 9646K, capacity 10338K, committed 10392K, reserved 1048576K
}
Event: 11.751 GC heap after
{Heap after GC invocations=18 (full 0):
 garbage-first heap   total 145408K, used 65909K [0x0000000080000000, 0x0000000100000000)
  region size 1024K, 4 young (4096K), 4 survivors (4096K)
 Metaspace       used 74413K, capacity 76161K, committed 76316K, reserved 1116160K
  class space    used 9646K, capacity 10338K, committed 10392K, reserved 1048576K
}
Event: 12.493 GC heap before
{Heap before GC invocations=18 (full 0):
 garbage-first heap   total 145408K, used 115061K [0x0000000080000000, 0x0000000100000000)
  region size 1024K, 52 young (53248K), 4 survivors (4096K)
 Metaspace       used 78752K, capacity 80742K, committed 80924K, reserved 1120256K
  class space    used 10268K, capacity 11036K, committed 11160K, reserved 1048576K
}
Event: 12.499 GC heap after
{Heap after GC invocations=19 (full 0):
 garbage-first heap   total 145408K, used 68769K [0x0000000080000000, 0x0000000100000000)
  region size 1024K, 6 young (6144K), 6 survivors (6144K)
 Metaspace       used 78752K, capacity 80742K, committed 80924K, reserved 1120256K
  class space    used 10268K, capacity 11036K, committed 11160K, reserved 1048576K
}
Event: 13.182 GC heap before
{Heap before GC invocations=19 (full 0):
 garbage-first heap   total 145408K, used 117921K [0x0000000080000000, 0x0000000100000000)
  region size 1024K, 54 young (55296K), 6 survivors (6144K)
 Metaspace       used 83699K, capacity 85719K, committed 85916K, reserved 1124352K
  class space    used 10934K, capacity 11714K, committed 11800K, reserved 1048576K
}
Event: 13.191 GC heap after
{Heap after GC invocations=20 (full 0):
 garbage-first heap   total 145408K, used 72517K [0x0000000080000000, 0x0000000100000000)
  region size 1024K, 7 young (7168K), 7 survivors (7168K)
 Metaspace       used 83699K, capacity 85719K, committed 85916K, reserved 1124352K
  class space    used 10934K, capacity 11714K, committed 11800K, reserved 1048576K
}
Event: 13.638 GC heap before
{Heap before GC invocations=20 (full 0):
 garbage-first heap   total 145408K, used 118597K [0x0000000080000000, 0x0000000100000000)
  region size 1024K, 52 young (53248K), 7 survivors (7168K)
 Metaspace       used 84891K, capacity 87003K, committed 87068K, reserved 1124352K
  class space    used 11065K, capacity 11899K, committed 11928K, reserved 1048576K
}
Event: 13.655 GC heap after
{Heap after GC invocations=21 (full 0):
 garbage-first heap   total 145408K, used 77546K [0x0000000080000000, 0x0000000100000000)
  region size 1024K, 7 young (7168K), 7 survivors (7168K)
 Metaspace       used 84891K, capacity 87003K, committed 87068K, reserved 1124352K
  class space    used 11065K, capacity 11899K, committed 11928K, reserved 1048576K
}
Event: 14.010 GC heap before
{Heap before GC invocations=22 (full 0):
 garbage-first heap   total 145408K, used 119530K [0x0000000080000000, 0x0000000100000000)
  region size 1024K, 48 young (49152K), 7 survivors (7168K)
 Metaspace       used 85727K, capacity 87877K, committed 88092K, reserved 1126400K
  class space    used 11229K, capacity 12080K, committed 12184K, reserved 1048576K
}
Event: 14.020 GC heap after
{Heap after GC invocations=23 (full 0):
 garbage-first heap   total 145408K, used 83352K [0x0000000080000000, 0x0000000100000000)
  region size 1024K, 6 young (6144K), 6 survivors (6144K)
 Metaspace       used 85727K, capacity 87877K, committed 88092K, reserved 1126400K
  class space    used 11229K, capacity 12080K, committed 12184K, reserved 1048576K
}
Event: 14.800 GC heap before
{Heap before GC invocations=23 (full 0):
 garbage-first heap   total 145408K, used 118168K [0x0000000080000000, 0x0000000100000000)
  region size 1024K, 41 young (41984K), 6 survivors (6144K)
 Metaspace       used 87481K, capacity 90101K, committed 90268K, reserved 1126400K
  class space    used 11562K, capacity 12528K, committed 12568K, reserved 1048576K
}
Event: 14.810 GC heap after
{Heap after GC invocations=24 (full 0):
 garbage-first heap   total 175104K, used 86307K [0x0000000080000000, 0x0000000100000000)
  region size 1024K, 3 young (3072K), 3 survivors (3072K)
 Metaspace       used 87481K, capacity 90101K, committed 90268K, reserved 1126400K
  class space    used 11562K, capacity 12528K, committed 12568K, reserved 1048576K
}
Event: 15.473 GC heap before
{Heap before GC invocations=25 (full 0):
 garbage-first heap   total 175104K, used 135459K [0x0000000080000000, 0x0000000100000000)
  region size 1024K, 52 young (53248K), 3 survivors (3072K)
 Metaspace       used 88075K, capacity 90762K, committed 90908K, reserved 1128448K
  class space    used 11608K, capacity 12627K, committed 12696K, reserved 1048576K
}
Event: 15.480 GC heap after
{Heap after GC invocations=26 (full 0):
 garbage-first heap   total 175104K, used 89246K [0x0000000080000000, 0x0000000100000000)
  region size 1024K, 6 young (6144K), 6 survivors (6144K)
 Metaspace       used 88075K, capacity 90762K, committed 90908K, reserved 1128448K
  class space    used 11608K, capacity 12627K, committed 12696K, reserved 1048576K
}
Event: 15.972 GC heap before
{Heap before GC invocations=26 (full 0):
 garbage-first heap   total 175104K, used 137374K [0x0000000080000000, 0x0000000100000000)
  region size 1024K, 54 young (55296K), 6 survivors (6144K)
 Metaspace       used 91596K, capacity 94252K, committed 94492K, reserved 1130496K
  class space    used 12021K, capacity 13060K, committed 13208K, reserved 1048576K
}
Event: 15.979 GC heap after
{Heap after GC invocations=27 (full 0):
 garbage-first heap   total 175104K, used 90134K [0x0000000080000000, 0x0000000100000000)
  region size 1024K, 5 young (5120K), 5 survivors (5120K)
 Metaspace       used 91596K, capacity 94252K, committed 94492K, reserved 1130496K
  class space    used 12021K, capacity 13060K, committed 13208K, reserved 1048576K
}
Event: 16.482 GC heap before
{Heap before GC invocations=28 (full 0):
 garbage-first heap   total 175104K, used 139286K [0x0000000080000000, 0x0000000100000000)
  region size 1024K, 54 young (55296K), 5 survivors (5120K)
 Metaspace       used 93914K, capacity 96674K, committed 96924K, reserved 1132544K
  class space    used 12265K, capacity 13301K, committed 13336K, reserved 1048576K
}
Event: 16.491 GC heap after
{Heap after GC invocations=29 (full 0):
 garbage-first heap   total 175104K, used 93751K [0x0000000080000000, 0x0000000100000000)
  region size 1024K, 5 young (5120K), 5 survivors (5120K)
 Metaspace       used 93914K, capacity 96674K, committed 96924K, reserved 1132544K
  class space    used 12265K, capacity 13301K, committed 13336K, reserved 1048576K
}
Event: 16.747 GC heap before
{Heap before GC invocations=29 (full 0):
 garbage-first heap   total 175104K, used 141879K [0x0000000080000000, 0x0000000100000000)
  region size 1024K, 53 young (54272K), 5 survivors (5120K)
 Metaspace       used 95490K, capacity 98349K, committed 98588K, reserved 1134592K
  class space    used 12501K, capacity 13580K, committed 13720K, reserved 1048576K
}
Event: 16.756 GC heap after
{Heap after GC invocations=30 (full 0):
 garbage-first heap   total 175104K, used 99760K [0x0000000080000000, 0x0000000100000000)
  region size 1024K, 7 young (7168K), 7 survivors (7168K)
 Metaspace       used 95490K, capacity 98349K, committed 98588K, reserved 1134592K
  class space    used 12501K, capacity 13580K, committed 13720K, reserved 1048576K
}

Deoptimization events (20 events):
Event: 16.717 Thread 0x0000021fd457d800 Uncommon trap: trap_request=0xffffffc6 fr.pc=0x0000021fbda482d0 relative=0x00000000000008f0
Event: 16.717 Thread 0x0000021fd1c2b800 Uncommon trap: trap_request=0xffffffc6 fr.pc=0x0000021fbda482d0 relative=0x00000000000008f0
Event: 16.718 Thread 0x0000021fd43bf000 Uncommon trap: trap_request=0xffffffc6 fr.pc=0x0000021fbda482d0 relative=0x00000000000008f0
Event: 16.718 Thread 0x0000021fd1c2f000 Uncommon trap: trap_request=0xffffffc6 fr.pc=0x0000021fbda482d0 relative=0x00000000000008f0
Event: 16.718 Thread 0x0000021fd457d800 Uncommon trap: reason=bimorphic_or_optimized_type_check action=maybe_recompile pc=0x0000021fbda482d0 method=java.lang.Throwable.<init>(Ljava/lang/String;Ljava/lang/Throwable;)V @ 24 c2
Event: 16.718 Thread 0x0000021fd1c2b800 Uncommon trap: reason=bimorphic_or_optimized_type_check action=maybe_recompile pc=0x0000021fbda482d0 method=java.lang.Throwable.<init>(Ljava/lang/String;Ljava/lang/Throwable;)V @ 24 c2
Event: 16.718 Thread 0x0000021fd43bf000 Uncommon trap: reason=bimorphic_or_optimized_type_check action=maybe_recompile pc=0x0000021fbda482d0 method=java.lang.Throwable.<init>(Ljava/lang/String;Ljava/lang/Throwable;)V @ 24 c2
Event: 16.718 Thread 0x0000021fd1c2f000 Uncommon trap: reason=bimorphic_or_optimized_type_check action=maybe_recompile pc=0x0000021fbda482d0 method=java.lang.Throwable.<init>(Ljava/lang/String;Ljava/lang/Throwable;)V @ 24 c2
Event: 16.718 Thread 0x0000021fd457d800 DEOPT PACKING pc=0x0000021fbda482d0 sp=0x000000c657cfda40
Event: 16.718 Thread 0x0000021fd457d800 DEOPT UNPACKING pc=0x0000021fb5e1a1af sp=0x000000c657cfda08 mode 2
Event: 16.718 Thread 0x0000021fd1c2b800 DEOPT PACKING pc=0x0000021fbda482d0 sp=0x000000c654cfdca0
Event: 16.718 Thread 0x0000021fd43bf000 DEOPT PACKING pc=0x0000021fbda482d0 sp=0x000000c656dfd990
Event: 16.718 Thread 0x0000021fd1c2f000 DEOPT PACKING pc=0x0000021fbda482d0 sp=0x000000c654ffe0a0
Event: 16.718 Thread 0x0000021fd43bf000 DEOPT UNPACKING pc=0x0000021fb5e1a1af sp=0x000000c656dfd958 mode 2
Event: 16.718 Thread 0x0000021fd1c2b800 DEOPT UNPACKING pc=0x0000021fb5e1a1af sp=0x000000c654cfdc68 mode 2
Event: 16.718 Thread 0x0000021fd1c2f000 DEOPT UNPACKING pc=0x0000021fb5e1a1af sp=0x000000c654ffe068 mode 2
Event: 16.764 Thread 0x0000021fcfa3d800 Uncommon trap: trap_request=0xffffff4d fr.pc=0x0000021fbde0853c relative=0x00000000000006fc
Event: 16.764 Thread 0x0000021fcfa3d800 Uncommon trap: reason=unstable_if action=reinterpret pc=0x0000021fbde0853c method=com.google.common.collect.MapMakerInternalMap$Segment.drainKeyReferenceQueue(Ljava/lang/ref/ReferenceQueue;)V @ 8 c2
Event: 16.764 Thread 0x0000021fcfa3d800 DEOPT PACKING pc=0x0000021fbde0853c sp=0x000000c650ffe530
Event: 16.764 Thread 0x0000021fcfa3d800 DEOPT UNPACKING pc=0x0000021fb5e1a1af sp=0x000000c650ffe248 mode 2

Classes redefined (0 events):
No events

Internal exceptions (20 events):
Event: 14.740 Thread 0x0000021fd43c1800 Exception <a 'java/lang/NoSuchMethodError'{0x0000000087dd6588}: 'void java.lang.invoke.DirectMethodHandle$Holder.invokeVirtual(java.lang.Object, java.lang.Object)'> (0x0000000087dd6588) thrown at [src/hotspot/share/interpreter/linkResolver.cpp, line 773]
Event: 14.740 Thread 0x0000021fd43c5800 Exception <a 'java/lang/NoSuchMethodError'{0x0000000087db4ac8}: 'void java.lang.invoke.DirectMethodHandle$Holder.invokeVirtual(java.lang.Object, java.lang.Object)'> (0x0000000087db4ac8) thrown at [src/hotspot/share/interpreter/linkResolver.cpp, line 773]
Event: 15.304 Thread 0x0000021fd79ff000 Exception <a 'java/lang/NoSuchMethodError'{0x00000000884af558}: 'void java.lang.invoke.DirectMethodHandle$Holder.invokeInterface(java.lang.Object, java.lang.Object, java.lang.Object, java.lang.Object)'> (0x00000000884af558) thrown at [src/hotspot/share/interpreter/linkResolver.cpp, line 773]
Event: 15.377 Thread 0x0000021fd79ff000 Exception <a 'java/lang/NoSuchMethodError'{0x00000000882d0208}: 'java.lang.Object java.lang.invoke.DirectMethodHandle$Holder.invokeStatic(java.lang.Object, java.lang.Object, java.lang.Object, java.lang.Object, java.lang.Object, java.lang.Object, java.lang.Object, java.lang.Object, java.lang.Object, java.lang.Object, java.lang.Object, java.lang.Object, java.lang.Object, java.lang.Object, java.lang.Object, int)'> (0x00000000882d0208) thrown at [src/hotspot/share/interpreter/linkResolver.cpp, line 773]
Event: 16.623 Thread 0x0000021fd457c000 Exception <a 'java/lang/NoSuchMethodError'{0x0000000089d70d78}: 'java.lang.Object java.lang.invoke.DirectMethodHandle$Holder.newInvokeSpecial(java.lang.Object, java.lang.Object, java.lang.Object, java.lang.Object)'> (0x0000000089d70d78) thrown at [src/hotspot/share/interpreter/linkResolver.cpp, line 773]
Event: 16.623 Thread 0x0000021fd42ff000 Exception <a 'java/lang/NoSuchMethodError'{0x0000000089ddd370}: 'java.lang.Object java.lang.invoke.DirectMethodHandle$Holder.newInvokeSpecial(java.lang.Object, java.lang.Object, java.lang.Object, java.lang.Object)'> (0x0000000089ddd370) thrown at [src/hotspot/share/interpreter/linkResolver.cpp, line 773]
Event: 16.705 Thread 0x0000021fd457d800 Exception <a 'java/lang/OutOfMemoryError'{0x000000008875f9b8}> (0x000000008875f9b8) thrown at [src/hotspot/share/prims/jni.cpp, line 638]
Event: 16.706 Thread 0x0000021fd1c2b800 Exception <a 'java/lang/OutOfMemoryError'{0x00000000887a6250}> (0x00000000887a6250) thrown at [src/hotspot/share/prims/jni.cpp, line 638]
Event: 16.706 Thread 0x0000021fd43bf000 Exception <a 'java/lang/OutOfMemoryError'{0x0000000088662980}> (0x0000000088662980) thrown at [src/hotspot/share/prims/jni.cpp, line 638]
Event: 16.706 Thread 0x0000021fd457d800 Implicit null exception at 0x0000021fbdb1571b to 0x0000021fbdb15edc
Event: 16.706 Thread 0x0000021fd1c2b800 Implicit null exception at 0x0000021fbdb1571b to 0x0000021fbdb15edc
Event: 16.711 Thread 0x0000021fd457c000 Exception <a 'sun/nio/fs/WindowsException'{0x0000000088b1bc48}> (0x0000000088b1bc48) thrown at [src/hotspot/share/prims/jni.cpp, line 617]
Event: 16.711 Thread 0x0000021fd1f5c800 Exception <a 'sun/nio/fs/WindowsException'{0x0000000088ada408}> (0x0000000088ada408) thrown at [src/hotspot/share/prims/jni.cpp, line 617]
Event: 16.711 Thread 0x0000021fd42ff000 Exception <a 'sun/nio/fs/WindowsException'{0x00000000886f2650}> (0x00000000886f2650) thrown at [src/hotspot/share/prims/jni.cpp, line 617]
Event: 16.718 Thread 0x0000021fd1f66800 Exception <a 'sun/nio/fs/WindowsException'{0x0000000088290a20}> (0x0000000088290a20) thrown at [src/hotspot/share/prims/jni.cpp, line 617]
Event: 16.725 Thread 0x0000021fd43bf800 Exception <a 'java/lang/OutOfMemoryError'{0x00000000880ffa30}> (0x00000000880ffa30) thrown at [src/hotspot/share/prims/jni.cpp, line 638]
Event: 16.767 Thread 0x0000021fd43c6000 Exception <a 'sun/nio/fs/WindowsException'{0x000000008a861618}> (0x000000008a861618) thrown at [src/hotspot/share/prims/jni.cpp, line 617]
Event: 16.768 Thread 0x0000021fd1c2b000 Exception <a 'sun/nio/fs/WindowsException'{0x000000008a8b8eb8}> (0x000000008a8b8eb8) thrown at [src/hotspot/share/prims/jni.cpp, line 617]
Event: 16.770 Thread 0x0000021fd457a800 Exception <a 'sun/nio/fs/WindowsException'{0x000000008a715940}> (0x000000008a715940) thrown at [src/hotspot/share/prims/jni.cpp, line 617]
Event: 16.770 Thread 0x0000021fd43c8800 Exception <a 'sun/nio/fs/WindowsException'{0x000000008a705d20}> (0x000000008a705d20) thrown at [src/hotspot/share/prims/jni.cpp, line 617]

Events (20 events):
Event: 16.762 loading class com/android/tools/r8/internal/lu
Event: 16.762 loading class com/android/tools/r8/internal/lu done
Event: 16.765 loading class com/android/tools/r8/internal/K
Event: 16.765 loading class com/android/tools/r8/internal/K done
Event: 16.766 loading class com/android/tools/r8/internal/yu
Event: 16.766 loading class com/android/tools/r8/internal/yu done
Event: 16.767 loading class com/android/tools/r8/graph/f1
Event: 16.767 loading class com/android/tools/r8/graph/f1 done
Event: 16.769 loading class com/android/tools/r8/graph/q0
Event: 16.769 loading class com/android/tools/r8/graph/q0 done
Event: 16.771 loading class com/android/tools/r8/graph/V0
Event: 16.771 loading class com/android/tools/r8/graph/V0 done
Event: 16.773 loading class com/android/tools/r8/graph/b1
Event: 16.773 loading class com/android/tools/r8/graph/b1 done
Event: 16.775 loading class com/android/tools/r8/internal/NU
Event: 16.775 loading class com/android/tools/r8/internal/NU done
Event: 16.777 loading class com/android/tools/r8/internal/o40
Event: 16.777 loading class com/android/tools/r8/internal/o40 done
Event: 16.779 loading class com/android/tools/r8/internal/Mb
Event: 16.779 loading class com/android/tools/r8/internal/Mb done


Dynamic libraries:
0x00007ff7e9c00000 - 0x00007ff7e9c0a000 	C:\Program Files\Android\Android Studio\jbr\bin\java.exe
0x00007ffe4e130000 - 0x00007ffe4e344000 	C:\WINDOWS\SYSTEM32\ntdll.dll
0x00007ffe4c7c0000 - 0x00007ffe4c882000 	C:\WINDOWS\System32\KERNEL32.DLL
0x00007ffe4b530000 - 0x00007ffe4b8d3000 	C:\WINDOWS\System32\KERNELBASE.dll
0x00007ffe4b960000 - 0x00007ffe4ba71000 	C:\WINDOWS\System32\ucrtbase.dll
0x00007ffe45a60000 - 0x00007ffe45a7b000 	C:\Program Files\Android\Android Studio\jbr\bin\VCRUNTIME140.dll
0x00007ffe43e10000 - 0x00007ffe43e27000 	C:\Program Files\Android\Android Studio\jbr\bin\jli.dll
0x00007ffe4c560000 - 0x00007ffe4c70b000 	C:\WINDOWS\System32\USER32.dll
0x00007ffe4baf0000 - 0x00007ffe4bb16000 	C:\WINDOWS\System32\win32u.dll
0x00007ffe30920000 - 0x00007ffe30bae000 	C:\WINDOWS\WinSxS\amd64_microsoft.windows.common-controls_6595b64144ccf1df_6.0.22621.1635_none_270f70857386168e\COMCTL32.dll
0x00007ffe4dab0000 - 0x00007ffe4dad9000 	C:\WINDOWS\System32\GDI32.dll
0x00007ffe4bc80000 - 0x00007ffe4bd99000 	C:\WINDOWS\System32\gdi32full.dll
0x00007ffe4d890000 - 0x00007ffe4d937000 	C:\WINDOWS\System32\msvcrt.dll
0x00007ffe4bb20000 - 0x00007ffe4bbba000 	C:\WINDOWS\System32\msvcp_win.dll
0x00007ffe4da70000 - 0x00007ffe4daa1000 	C:\WINDOWS\System32\IMM32.DLL
0x00007ffe43920000 - 0x00007ffe4392c000 	C:\Program Files\Android\Android Studio\jbr\bin\vcruntime140_1.dll
0x00007ffe1e140000 - 0x00007ffe1e1cd000 	C:\Program Files\Android\Android Studio\jbr\bin\msvcp140.dll
0x00007ffd8f9d0000 - 0x00007ffd9058c000 	C:\Program Files\Android\Android Studio\jbr\bin\server\jvm.dll
0x00007ffe4bfe0000 - 0x00007ffe4c08e000 	C:\WINDOWS\System32\ADVAPI32.dll
0x00007ffe4bf10000 - 0x00007ffe4bfb4000 	C:\WINDOWS\System32\sechost.dll
0x00007ffe4d520000 - 0x00007ffe4d637000 	C:\WINDOWS\System32\RPCRT4.dll
0x00007ffe4d860000 - 0x00007ffe4d868000 	C:\WINDOWS\System32\PSAPI.DLL
0x00007ffe42860000 - 0x00007ffe4286a000 	C:\WINDOWS\SYSTEM32\VERSION.dll
0x00007ffe3cb50000 - 0x00007ffe3cb59000 	C:\WINDOWS\SYSTEM32\WSOCK32.dll
0x00007ffe44c80000 - 0x00007ffe44cb4000 	C:\WINDOWS\SYSTEM32\WINMM.dll
0x00007ffe4d090000 - 0x00007ffe4d101000 	C:\WINDOWS\System32\WS2_32.dll
0x00007ffe4a580000 - 0x00007ffe4a598000 	C:\WINDOWS\SYSTEM32\kernel.appcore.dll
0x00007ffe3f500000 - 0x00007ffe3f510000 	C:\Program Files\Android\Android Studio\jbr\bin\verify.dll
0x00007ffe3fe10000 - 0x00007ffe4003e000 	C:\WINDOWS\SYSTEM32\DBGHELP.DLL
0x00007ffe4c1d0000 - 0x00007ffe4c559000 	C:\WINDOWS\System32\combase.dll
0x00007ffe4e010000 - 0x00007ffe4e0e7000 	C:\WINDOWS\System32\OLEAUT32.dll
0x00007ffe3cab0000 - 0x00007ffe3cae2000 	C:\WINDOWS\SYSTEM32\dbgcore.DLL
0x00007ffe4b8e0000 - 0x00007ffe4b95b000 	C:\WINDOWS\System32\bcryptPrimitives.dll
0x00007ffe261b0000 - 0x00007ffe261d8000 	C:\Program Files\Android\Android Studio\jbr\bin\java.dll
0x00007ffe3ba30000 - 0x00007ffe3ba3a000 	C:\Program Files\Android\Android Studio\jbr\bin\jimage.dll
0x00007ffe3b540000 - 0x00007ffe3b558000 	C:\Program Files\Android\Android Studio\jbr\bin\zip.dll
0x00007ffe4c890000 - 0x00007ffe4d08a000 	C:\WINDOWS\System32\SHELL32.dll
0x00007ffe49530000 - 0x00007ffe49dfe000 	C:\WINDOWS\SYSTEM32\windows.storage.dll
0x00007ffe493f0000 - 0x00007ffe4952e000 	C:\WINDOWS\SYSTEM32\wintypes.dll
0x00007ffe4d110000 - 0x00007ffe4d201000 	C:\WINDOWS\System32\SHCORE.dll
0x00007ffe4df60000 - 0x00007ffe4dfbe000 	C:\WINDOWS\System32\shlwapi.dll
0x00007ffe4b460000 - 0x00007ffe4b481000 	C:\WINDOWS\SYSTEM32\profapi.dll
0x00007ffe385a0000 - 0x00007ffe385b9000 	C:\Program Files\Android\Android Studio\jbr\bin\net.dll
0x00007ffe450a0000 - 0x00007ffe451d7000 	C:\WINDOWS\SYSTEM32\WINHTTP.dll
0x00007ffe4a9f0000 - 0x00007ffe4aa59000 	C:\WINDOWS\system32\mswsock.dll
0x00007ffe2fee0000 - 0x00007ffe2fef3000 	C:\Program Files\Android\Android Studio\jbr\bin\nio.dll
0x00007ffe2ffd0000 - 0x00007ffe2fff7000 	C:\Users\risha\.gradle\native\e1d6ef7f7dcc3fd88c89a11ec53ec762bb8ba0a96d01ffa2cd45eb1d1d8dd5c5\windows-amd64\native-platform.dll
0x00007ffdfce40000 - 0x00007ffdfcf84000 	C:\Users\risha\.gradle\native\0d407fdbe67a94daf76414ababcb853783967236a71b16ec16e742cd7a986fd3\windows-amd64\native-platform-file-events.dll
0x00007ffe40110000 - 0x00007ffe4011a000 	C:\Program Files\Android\Android Studio\jbr\bin\management.dll
0x00007ffe3ba20000 - 0x00007ffe3ba2b000 	C:\Program Files\Android\Android Studio\jbr\bin\management_ext.dll
0x00007ffe4ac50000 - 0x00007ffe4ac6b000 	C:\WINDOWS\SYSTEM32\CRYPTSP.dll
0x00007ffe4a4f0000 - 0x00007ffe4a525000 	C:\WINDOWS\system32\rsaenh.dll
0x00007ffe4aaf0000 - 0x00007ffe4ab18000 	C:\WINDOWS\SYSTEM32\USERENV.dll
0x00007ffe4ae10000 - 0x00007ffe4ae38000 	C:\WINDOWS\SYSTEM32\bcrypt.dll
0x00007ffe4ac70000 - 0x00007ffe4ac7c000 	C:\WINDOWS\SYSTEM32\CRYPTBASE.dll
0x00007ffe4a060000 - 0x00007ffe4a08d000 	C:\WINDOWS\SYSTEM32\IPHLPAPI.DLL
0x00007ffe4bfd0000 - 0x00007ffe4bfd9000 	C:\WINDOWS\System32\NSI.dll
0x00007ffe45850000 - 0x00007ffe45869000 	C:\WINDOWS\SYSTEM32\dhcpcsvc6.DLL
0x00007ffe44f90000 - 0x00007ffe44faf000 	C:\WINDOWS\SYSTEM32\dhcpcsvc.DLL
0x00007ffe4a0d0000 - 0x00007ffe4a1c3000 	C:\WINDOWS\SYSTEM32\DNSAPI.dll
0x00007ffe2c010000 - 0x00007ffe2c027000 	C:\WINDOWS\system32\napinsp.dll
0x00007ffe2bfd0000 - 0x00007ffe2bfeb000 	C:\WINDOWS\system32\pnrpnsp.dll
0x00007ffe2bfb0000 - 0x00007ffe2bfc1000 	C:\WINDOWS\System32\winrnr.dll
0x00007ffe44300000 - 0x00007ffe44315000 	C:\WINDOWS\system32\wshbth.dll
0x00007ffe2bee0000 - 0x00007ffe2bf01000 	C:\WINDOWS\system32\nlansp_c.dll
0x00007ffe3caf0000 - 0x00007ffe3cafa000 	C:\Windows\System32\rasadhlp.dll
0x00007ffe44270000 - 0x00007ffe442f4000 	C:\WINDOWS\System32\fwpuclnt.dll

dbghelp: loaded successfully - version: 4.0.5 - missing functions: none
symbol engine: initialized successfully - sym options: 0x614 - pdb path: .;C:\Program Files\Android\Android Studio\jbr\bin;C:\WINDOWS\SYSTEM32;C:\WINDOWS\WinSxS\amd64_microsoft.windows.common-controls_6595b64144ccf1df_6.0.22621.1635_none_270f70857386168e;C:\Program Files\Android\Android Studio\jbr\bin\server;C:\Users\risha\.gradle\native\e1d6ef7f7dcc3fd88c89a11ec53ec762bb8ba0a96d01ffa2cd45eb1d1d8dd5c5\windows-amd64;C:\Users\risha\.gradle\native\0d407fdbe67a94daf76414ababcb853783967236a71b16ec16e742cd7a986fd3\windows-amd64

VM Arguments:
jvm_args: --add-opens=java.base/java.util=ALL-UNNAMED --add-opens=java.base/java.lang=ALL-UNNAMED --add-opens=java.base/java.lang.invoke=ALL-UNNAMED --add-opens=java.base/java.util=ALL-UNNAMED --add-opens=java.prefs/java.util.prefs=ALL-UNNAMED --add-opens=java.prefs/java.util.prefs=ALL-UNNAMED --add-opens=java.base/java.nio.charset=ALL-UNNAMED --add-opens=java.base/java.net=ALL-UNNAMED --add-opens=java.base/java.util.concurrent.atomic=ALL-UNNAMED -Xmx2048m -Dfile.encoding=UTF-8 -Duser.country=IN -Duser.language=en -Duser.variant 
java_command: org.gradle.launcher.daemon.bootstrap.GradleDaemon 7.5
java_class_path (initial): C:\Users\risha\.gradle\wrapper\dists\gradle-7.5-bin\f1w0cc9nuo0eivz97x2xlu9sv\gradle-7.5\lib\gradle-launcher-7.5.jar
Launcher Type: SUN_STANDARD

[Global flags]
     intx CICompilerCount                          = 4                                         {product} {ergonomic}
     uint ConcGCThreads                            = 3                                         {product} {ergonomic}
     uint G1ConcRefinementThreads                  = 10                                        {product} {ergonomic}
   size_t G1HeapRegionSize                         = 1048576                                   {product} {ergonomic}
    uintx GCDrainStackTargetSize                   = 64                                        {product} {ergonomic}
   size_t InitialHeapSize                          = 123731968                                 {product} {ergonomic}
   size_t MarkStackSize                            = 4194304                                   {product} {ergonomic}
   size_t MaxHeapSize                              = 2147483648                                {product} {command line}
   size_t MaxNewSize                               = 1287651328                                {product} {ergonomic}
   size_t MinHeapDeltaBytes                        = 1048576                                   {product} {ergonomic}
    uintx NonNMethodCodeHeapSize                   = 5836300                                {pd product} {ergonomic}
    uintx NonProfiledCodeHeapSize                  = 122910970                              {pd product} {ergonomic}
    uintx ProfiledCodeHeapSize                     = 122910970                              {pd product} {ergonomic}
    uintx ReservedCodeCacheSize                    = 251658240                              {pd product} {ergonomic}
     bool SegmentedCodeCache                       = true                                      {product} {ergonomic}
     bool UseCompressedClassPointers               = true                                 {lp64_product} {ergonomic}
     bool UseCompressedOops                        = true                                 {lp64_product} {ergonomic}
     bool UseG1GC                                  = true                                      {product} {ergonomic}
     bool UseLargePagesIndividualAllocation        = false                                  {pd product} {ergonomic}

Logging:
Log output configuration:
 #0: stdout all=warning uptime,level,tags
 #1: stderr all=off uptime,level,tags

Environment Variables:
PATH=C:\Python311\Scripts\;C:\Python311\;C:\windows\system32;C:\windows;C:\windows\System32\Wbem;C:\windows\System32\WindowsPowerShell\v1.0\;C:\windows\System32\OpenSSH\;C:\Program Files (x86)\NVIDIA Corporation\PhysX\Common;C:\Program Files\NVIDIA Corporation\NVIDIA NvDLISR;C:\WINDOWS\system32;C:\WINDOWS;C:\WINDOWS\System32\Wbem;C:\WINDOWS\System32\WindowsPowerShell\v1.0\;C:\WINDOWS\System32\OpenSSH\;C:\MinGW\bin;C:\Program Files\Git\cmd;C:\Program Files\nodejs\;C:\ProgramData\chocolatey\bin;C:\Program Files\MySQL\MySQL Shell 8.0\bin\;C:\Users\risha\AppData\Local\Programs\Python\Python310\Scripts\;C:\Users\risha\AppData\Local\Programs\Python\Python310\;C:\Users\risha\AppData\Local\Microsoft\WindowsApps;;C:\Users\risha\AppData\Roaming\npm;;C:\Users\risha\AppData\Local\Programs\Microsoft VS Code\bin
USERNAME=risha
OS=Windows_NT
PROCESSOR_IDENTIFIER=AMD64 Family 23 Model 96 Stepping 1, AuthenticAMD



---------------  S Y S T E M  ---------------

OS: Windows 11 , 64 bit Build 22621 (10.0.22621.1778)
OS uptime: 16 days 18:31 hours

CPU:total 12 (initial active 12) (12 cores per cpu, 2 threads per core) family 23 model 96 stepping 1 microcode 0x0, cmov, cx8, fxsr, mmx, sse, sse2, sse3, ssse3, sse4.1, sse4.2, popcnt, avx, avx2, aes, clmul, mmxext, 3dnowpref, lzcnt, sse4a, ht, tsc, tscinvbit, tscinv, bmi1, bmi2, adx, sha, fma

Memory: 4k page, system-wide physical 7541M (411M free)
TotalPageFile size 31093M (AvailPageFile size 0M)
current process WorkingSet (physical memory assigned to process): 442M, peak: 443M
current process commit charge ("private bytes"): 514M, peak: 516M

vm_info: OpenJDK 64-Bit Server VM (11.0.15+0-b2043.56-9505619) for windows-amd64 JRE (11.0.15+0-b2043.56-9505619), built on Jan 19 2023 02:48:00 by "builduser" with unknown MS VC++:1929

END.
