#
# There is insufficient memory for the Java Runtime Environment to continue.
# Native memory allocation (mmap) failed to map 49283072 bytes for Failed to commit area from 0x000000008ce00000 to 0x000000008fd00000 of length 49283072.
# Possible reasons:
#   The system is out of physical RAM or swap space
#   The process is running with CompressedOops enabled, and the Java Heap may be blocking the growth of the native heap
# Possible solutions:
#   Reduce memory load on the system
#   Increase physical memory or swap space
#   Check if swap backing store is full
#   Decrease Java heap size (-Xmx/-Xms)
#   Decrease number of Java threads
#   Decrease Java thread stack sizes (-Xss)
#   Set larger code cache with -XX:ReservedCodeCacheSize=
#   JVM is running with Unscaled Compressed Oops mode in which the Java heap is
#     placed in the first 4GB address space. The Java Heap base address is the
#     maximum limit for the native heap growth. Please use -XX:HeapBaseMinAddress
#     to set the Java Heap base and to place the Java Heap above 4GB virtual address.
# This output file may be truncated or incomplete.
#
#  Out of Memory Error (src/hotspot/os/windows/os_windows.cpp:3627), pid=69868, tid=67404
#
# JRE version: OpenJDK Runtime Environment (11.0.15) (build 11.0.15+0-b2043.56-9505619)
# Java VM: OpenJDK 64-Bit Server VM (11.0.15+0-b2043.56-9505619, mixed mode, tiered, compressed oops, g1 gc, windows-amd64)
# No core dump will be written. Minidumps are not enabled by default on client versions of Windows
#

---------------  S U M M A R Y ------------

Command Line: --add-opens=java.base/java.util=ALL-UNNAMED --add-opens=java.base/java.lang=ALL-UNNAMED --add-opens=java.base/java.lang.invoke=ALL-UNNAMED --add-opens=java.base/java.util=ALL-UNNAMED --add-opens=java.prefs/java.util.prefs=ALL-UNNAMED --add-opens=java.prefs/java.util.prefs=ALL-UNNAMED --add-opens=java.base/java.nio.charset=ALL-UNNAMED --add-opens=java.base/java.net=ALL-UNNAMED --add-opens=java.base/java.util.concurrent.atomic=ALL-UNNAMED -Xmx2048m -Dfile.encoding=UTF-8 -Duser.country=IN -Duser.language=en -Duser.variant org.gradle.launcher.daemon.bootstrap.GradleDaemon 7.5

Host: AMD Ryzen 5 4600H with Radeon Graphics         , 12 cores, 7G,  Windows 11 , 64 bit Build 22621 (10.0.22621.1778)
Time: Sat Jul  8 01:37:06 2023 India Standard Time elapsed time: 17.555710 seconds (0d 0h 0m 17s)

---------------  T H R E A D  ---------------

Current thread (0x0000020cfec99800):  VMThread "VM Thread" [stack: 0x0000006232700000,0x0000006232800000] [id=67404]

Stack: [0x0000006232700000,0x0000006232800000]
[error occurred during error reporting (printing stack bounds), id 0xc0000005, EXCEPTION_ACCESS_VIOLATION (0xc0000005) at pc=0x0000020c8000112d]

Native frames: (J=compiled Java code, j=interpreted, Vv=VM code, C=native code)
V  [jvm.dll+0x64135a]
V  [jvm.dll+0x7d39f9]
V  [jvm.dll+0x7d51b9]
V  [jvm.dll+0x7d5805]
V  [jvm.dll+0x7d57bb]
V  [jvm.dll+0x640655]
V  [jvm.dll+0x640d68]
C  [ntdll.dll+0xa3cff]
C  [ntdll.dll+0x1e456]
C  [ntdll.dll+0xa2cee]
C  0x0000020c8000112d

VM_Operation (0x000000623a5f8120): G1CollectForAllocation, mode: safepoint, requested by thread 0x0000020c9897f800


---------------  P R O C E S S  ---------------

Threads class SMR info:
_java_thread_list=0x0000020c93c81940, length=181, elements={
0x0000020cf522c000, 0x0000020cfec9f000, 0x0000020cfecab000, 0x0000020cfecb8000,
0x0000020cfecb9800, 0x0000020cfecbc800, 0x0000020cff626000, 0x0000020cff627800,
0x0000020cff628800, 0x0000020cff781000, 0x0000020c94d4e800, 0x0000020c93750800,
0x0000020c94526800, 0x0000020c94acc800, 0x0000020c945e9800, 0x0000020c948a8800,
0x0000020c948a9800, 0x0000020c94902000, 0x0000020c94d2d800, 0x0000020c94a03800,
0x0000020c949ff800, 0x0000020c94a04800, 0x0000020c949ff000, 0x0000020c94a05800,
0x0000020c94a01000, 0x0000020c94a00800, 0x0000020c94a02000, 0x0000020c94a03000,
0x0000020c95280000, 0x0000020c95285800, 0x0000020c95284000, 0x0000020c95281000,
0x0000020c95285000, 0x0000020c95283800, 0x0000020c95287800, 0x0000020c95286800,
0x0000020c95288000, 0x0000020c95282800, 0x0000020c9528e000, 0x0000020c9528b800,
0x0000020c9528a000, 0x0000020c9528c000, 0x0000020c9528d000, 0x0000020c9528e800,
0x0000020c95289000, 0x0000020c9528a800, 0x0000020c96f9e000, 0x0000020c96f9d800,
0x0000020c96fa0800, 0x0000020c96f9f800, 0x0000020c96fa3000, 0x0000020c96fa4000,
0x0000020c96fa4800, 0x0000020c96f9f000, 0x0000020c96fa5800, 0x0000020c96fa6800,
0x0000020c96fa7000, 0x0000020c96fa2000, 0x0000020c96fa1800, 0x0000020c96fa9800,
0x0000020c96faa800, 0x0000020c96fa8800, 0x0000020c96fab000, 0x0000020c96fac000,
0x0000020c96fa8000, 0x0000020c988fd800, 0x0000020c988fd000, 0x0000020c988f8000,
0x0000020c988fc000, 0x0000020c988f9800, 0x0000020c988fe800, 0x0000020c988fa800,
0x0000020c988fb000, 0x0000020c988f9000, 0x0000020c98904000, 0x0000020c98903800,
0x0000020c988ff800, 0x0000020c98902800, 0x0000020c98905000, 0x0000020c98906000,
0x0000020c98902000, 0x0000020c98900000, 0x0000020c98906800, 0x0000020c98901000,
0x0000020c97242800, 0x0000020c97246800, 0x0000020c97244000, 0x0000020c97247000,
0x0000020c97241800, 0x0000020c97244800, 0x0000020c97245800, 0x0000020c97248000,
0x0000020c97249000, 0x0000020c97243000, 0x0000020c9724a800, 0x0000020c9724f800,
0x0000020c97249800, 0x0000020c9724b000, 0x0000020c9724c000, 0x0000020c9724d800,
0x0000020c9724d000, 0x0000020c97250000, 0x0000020c9724e800, 0x0000020c98975800,
0x0000020c9897c800, 0x0000020c98976800, 0x0000020c9897d000, 0x0000020c9897b800,
0x0000020c98977800, 0x0000020c9897e000, 0x0000020c98978000, 0x0000020c9897e800,
0x0000020c98979000, 0x0000020c9897f800, 0x0000020c9897a000, 0x0000020c98980800,
0x0000020c9897a800, 0x0000020c98981000, 0x0000020c98982000, 0x0000020c98983000,
0x0000020c98983800, 0x0000020c98984800, 0x0000020c989c4800, 0x0000020c989c5800,
0x0000020c989c2000, 0x0000020c989c6000, 0x0000020c989c0800, 0x0000020c989c7000,
0x0000020c989c1800, 0x0000020c989c3000, 0x0000020c989c8000, 0x0000020c989c8800,
0x0000020c989c9800, 0x0000020c989c4000, 0x0000020c989cc000, 0x0000020c989ca800,
0x0000020c989cb000, 0x0000020c989cd000, 0x0000020c989cd800, 0x0000020c989cf000,
0x0000020c989ce800, 0x0000020c98aaf000, 0x0000020c98ab2800, 0x0000020c98ab4000,
0x0000020c98ab0800, 0x0000020c98ab0000, 0x0000020c98aae000, 0x0000020c98ab7000,
0x0000020c98ab6800, 0x0000020c98ab1800, 0x0000020c98ab3000, 0x0000020c98ab5800,
0x0000020c98ab4800, 0x0000020c98ab8000, 0x0000020c98ab9000, 0x0000020c98ab9800,
0x0000020c98aba800, 0x0000020c98abb800, 0x0000020c98abc000, 0x0000020c98abd000,
0x0000020c98c8a800, 0x0000020c98c89800, 0x0000020c98c8d000, 0x0000020c98c8b000,
0x0000020c98c87000, 0x0000020c98c8c000, 0x0000020c98c8d800, 0x0000020c98c88000,
0x0000020c98c8e800, 0x0000020c98c88800, 0x0000020c98c95000, 0x0000020c98c92800,
0x0000020c98c91800, 0x0000020c98c94000, 0x0000020c98c93800, 0x0000020c98c90000,
0x0000020c98c8f000, 0x0000020c98c96000, 0x0000020c98c91000, 0x0000020c9a9b3800,
0x0000020c9a9b1800
}

Java Threads: ( => current thread )
  0x0000020cf522c000 JavaThread "main" [_thread_blocked, id=42540, stack(0x0000006232100000,0x0000006232200000)]
  0x0000020cfec9f000 JavaThread "Reference Handler" daemon [_thread_blocked, id=41388, stack(0x0000006232800000,0x0000006232900000)]
  0x0000020cfecab000 JavaThread "Finalizer" daemon [_thread_blocked, id=59192, stack(0x0000006232900000,0x0000006232a00000)]
  0x0000020cfecb8000 JavaThread "Signal Dispatcher" daemon [_thread_blocked, id=12628, stack(0x0000006232a00000,0x0000006232b00000)]
  0x0000020cfecb9800 JavaThread "Attach Listener" daemon [_thread_blocked, id=23524, stack(0x0000006232b00000,0x0000006232c00000)]
  0x0000020cfecbc800 JavaThread "Service Thread" daemon [_thread_blocked, id=64724, stack(0x0000006232c00000,0x0000006232d00000)]
  0x0000020cff626000 JavaThread "C2 CompilerThread0" daemon [_thread_blocked, id=46304, stack(0x0000006232d00000,0x0000006232e00000)]
  0x0000020cff627800 JavaThread "C1 CompilerThread0" daemon [_thread_blocked, id=55572, stack(0x0000006232e00000,0x0000006232f00000)]
  0x0000020cff628800 JavaThread "Sweeper thread" daemon [_thread_blocked, id=50504, stack(0x0000006232f00000,0x0000006233000000)]
  0x0000020cff781000 JavaThread "Common-Cleaner" daemon [_thread_blocked, id=40944, stack(0x0000006233000000,0x0000006233100000)]
  0x0000020c94d4e800 JavaThread "Daemon health stats" [_thread_blocked, id=19340, stack(0x0000006233300000,0x0000006233400000)]
  0x0000020c93750800 JavaThread "Incoming local TCP Connector on port 57421" [_thread_in_native, id=37112, stack(0x0000006233400000,0x0000006233500000)]
  0x0000020c94526800 JavaThread "Daemon periodic checks" [_thread_blocked, id=34940, stack(0x0000006233500000,0x0000006233600000)]
  0x0000020c94acc800 JavaThread "Daemon" [_thread_blocked, id=67380, stack(0x0000006233600000,0x0000006233700000)]
  0x0000020c945e9800 JavaThread "Handler for socket connection from /127.0.0.1:57421 to /127.0.0.1:57423" [_thread_in_native, id=13576, stack(0x0000006233700000,0x0000006233800000)]
  0x0000020c948a8800 JavaThread "Cancel handler" [_thread_blocked, id=45888, stack(0x0000006233800000,0x0000006233900000)]
  0x0000020c948a9800 JavaThread "Daemon worker" [_thread_blocked, id=9012, stack(0x0000006233900000,0x0000006233a00000)]
  0x0000020c94902000 JavaThread "Asynchronous log dispatcher for DefaultDaemonConnection: socket connection from /127.0.0.1:57421 to /127.0.0.1:57423" [_thread_blocked, id=62208, stack(0x0000006233a00000,0x0000006233b00000)]
  0x0000020c94d2d800 JavaThread "Stdin handler" [_thread_blocked, id=69972, stack(0x0000006233b00000,0x0000006233c00000)]
  0x0000020c94a03800 JavaThread "Daemon client event forwarder" [_thread_blocked, id=71488, stack(0x0000006233c00000,0x0000006233d00000)]
  0x0000020c949ff800 JavaThread "Cache worker for journal cache (C:\Users\risha\.gradle\caches\journal-1)" [_thread_blocked, id=56148, stack(0x0000006234600000,0x0000006234700000)]
  0x0000020c94a04800 JavaThread "File lock request listener" [_thread_in_native, id=68692, stack(0x0000006234700000,0x0000006234800000)]
  0x0000020c949ff000 JavaThread "Cache worker for file hash cache (C:\Users\risha\.gradle\caches\7.5\fileHashes)" [_thread_blocked, id=23564, stack(0x0000006234800000,0x0000006234900000)]
  0x0000020c94a05800 JavaThread "File watcher server" daemon [_thread_blocked, id=37104, stack(0x0000006234b00000,0x0000006234c00000)]
  0x0000020c94a01000 JavaThread "File watcher consumer" daemon [_thread_blocked, id=63508, stack(0x0000006234c00000,0x0000006234d00000)]
  0x0000020c94a00800 JavaThread "Cache worker for checksums cache (R:\Android Studio Projects\.gradle\7.5\checksums)" [_thread_blocked, id=61300, stack(0x0000006234d00000,0x0000006234e00000)]
  0x0000020c94a02000 JavaThread "Cache worker for cache directory md-rule (C:\Users\risha\.gradle\caches\7.5\md-rule)" [_thread_blocked, id=66808, stack(0x0000006234e00000,0x0000006234f00000)]
  0x0000020c94a03000 JavaThread "Cache worker for file content cache (C:\Users\risha\.gradle\caches\7.5\fileContent)" [_thread_blocked, id=68244, stack(0x0000006234f00000,0x0000006235000000)]
  0x0000020c95280000 JavaThread "Cache worker for file hash cache (R:\Android Studio Projects\.gradle\7.5\fileHashes)" [_thread_blocked, id=13792, stack(0x0000006235000000,0x0000006235100000)]
  0x0000020c95285800 JavaThread "Cache worker for cache directory md-supplier (C:\Users\risha\.gradle\caches\7.5\md-supplier)" [_thread_blocked, id=22152, stack(0x0000006235100000,0x0000006235200000)]
  0x0000020c95284000 JavaThread "Cache worker for execution history cache (C:\Users\risha\.gradle\caches\7.5\executionHistory)" [_thread_blocked, id=70044, stack(0x0000006235200000,0x0000006235300000)]
  0x0000020c95281000 JavaThread "jar transforms" [_thread_blocked, id=31716, stack(0x0000006235300000,0x0000006235400000)]
  0x0000020c95285000 JavaThread "jar transforms Thread 2" [_thread_blocked, id=50276, stack(0x0000006235400000,0x0000006235500000)]
  0x0000020c95283800 JavaThread "jar transforms Thread 3" [_thread_blocked, id=38700, stack(0x0000006235500000,0x0000006235600000)]
  0x0000020c95287800 JavaThread "jar transforms Thread 4" [_thread_blocked, id=69900, stack(0x0000006235600000,0x0000006235700000)]
  0x0000020c95286800 JavaThread "Cache worker for dependencies-accessors (R:\Android Studio Projects\.gradle\7.5\dependencies-accessors)" [_thread_blocked, id=55268, stack(0x0000006235700000,0x0000006235800000)]
  0x0000020c95288000 JavaThread "jar transforms Thread 5" [_thread_blocked, id=32080, stack(0x0000006235800000,0x0000006235900000)]
  0x0000020c95282800 JavaThread "Cache worker for Build Output Cleanup Cache (R:\Android Studio Projects\.gradle\buildOutputCleanup)" [_thread_blocked, id=70140, stack(0x0000006235900000,0x0000006235a00000)]
  0x0000020c9528e000 JavaThread "Unconstrained build operations" [_thread_blocked, id=1284, stack(0x0000006235a00000,0x0000006235b00000)]
  0x0000020c9528b800 JavaThread "Unconstrained build operations Thread 2" [_thread_blocked, id=32008, stack(0x0000006235b00000,0x0000006235c00000)]
  0x0000020c9528a000 JavaThread "Unconstrained build operations Thread 3" [_thread_blocked, id=43820, stack(0x0000006235c00000,0x0000006235d00000)]
  0x0000020c9528c000 JavaThread "Unconstrained build operations Thread 4" [_thread_blocked, id=35392, stack(0x0000006235d00000,0x0000006235e00000)]
  0x0000020c9528d000 JavaThread "Unconstrained build operations Thread 5" [_thread_blocked, id=69600, stack(0x0000006235e00000,0x0000006235f00000)]
  0x0000020c9528e800 JavaThread "Unconstrained build operations Thread 6" [_thread_blocked, id=40476, stack(0x0000006235f00000,0x0000006236000000)]
  0x0000020c95289000 JavaThread "Unconstrained build operations Thread 7" [_thread_blocked, id=17792, stack(0x0000006236000000,0x0000006236100000)]
  0x0000020c9528a800 JavaThread "Unconstrained build operations Thread 8" [_thread_blocked, id=56636, stack(0x0000006236100000,0x0000006236200000)]
  0x0000020c96f9e000 JavaThread "Unconstrained build operations Thread 9" [_thread_blocked, id=70452, stack(0x0000006236200000,0x0000006236300000)]
  0x0000020c96f9d800 JavaThread "Unconstrained build operations Thread 10" [_thread_blocked, id=70952, stack(0x0000006236300000,0x0000006236400000)]
  0x0000020c96fa0800 JavaThread "Unconstrained build operations Thread 11" [_thread_blocked, id=11364, stack(0x0000006236400000,0x0000006236500000)]
  0x0000020c96f9f800 JavaThread "Unconstrained build operations Thread 12" [_thread_blocked, id=70992, stack(0x0000006236500000,0x0000006236600000)]
  0x0000020c96fa3000 JavaThread "Unconstrained build operations Thread 13" [_thread_blocked, id=43848, stack(0x0000006236600000,0x0000006236700000)]
  0x0000020c96fa4000 JavaThread "Unconstrained build operations Thread 14" [_thread_blocked, id=53620, stack(0x0000006236700000,0x0000006236800000)]
  0x0000020c96fa4800 JavaThread "Unconstrained build operations Thread 15" [_thread_blocked, id=28248, stack(0x0000006236800000,0x0000006236900000)]
  0x0000020c96f9f000 JavaThread "Unconstrained build operations Thread 16" [_thread_blocked, id=66164, stack(0x0000006236900000,0x0000006236a00000)]
  0x0000020c96fa5800 JavaThread "Unconstrained build operations Thread 17" [_thread_blocked, id=27436, stack(0x0000006236a00000,0x0000006236b00000)]
  0x0000020c96fa6800 JavaThread "Unconstrained build operations Thread 18" [_thread_blocked, id=68148, stack(0x0000006236b00000,0x0000006236c00000)]
  0x0000020c96fa7000 JavaThread "Unconstrained build operations Thread 19" [_thread_blocked, id=70376, stack(0x0000006236c00000,0x0000006236d00000)]
  0x0000020c96fa2000 JavaThread "Unconstrained build operations Thread 20" [_thread_blocked, id=46360, stack(0x0000006236d00000,0x0000006236e00000)]
  0x0000020c96fa1800 JavaThread "Unconstrained build operations Thread 21" [_thread_blocked, id=66860, stack(0x0000006236e00000,0x0000006236f00000)]
  0x0000020c96fa9800 JavaThread "Unconstrained build operations Thread 22" [_thread_blocked, id=70564, stack(0x0000006236f00000,0x0000006237000000)]
  0x0000020c96faa800 JavaThread "Unconstrained build operations Thread 23" [_thread_blocked, id=62428, stack(0x0000006237000000,0x0000006237100000)]
  0x0000020c96fa8800 JavaThread "Unconstrained build operations Thread 24" [_thread_blocked, id=44044, stack(0x0000006237100000,0x0000006237200000)]
  0x0000020c96fab000 JavaThread "Unconstrained build operations Thread 25" [_thread_blocked, id=66852, stack(0x0000006237200000,0x0000006237300000)]
  0x0000020c96fac000 JavaThread "Unconstrained build operations Thread 26" [_thread_blocked, id=33440, stack(0x0000006237300000,0x0000006237400000)]
  0x0000020c96fa8000 JavaThread "Unconstrained build operations Thread 27" [_thread_blocked, id=52872, stack(0x0000006237400000,0x0000006237500000)]
  0x0000020c988fd800 JavaThread "Unconstrained build operations Thread 28" [_thread_blocked, id=7928, stack(0x0000006237500000,0x0000006237600000)]
  0x0000020c988fd000 JavaThread "Unconstrained build operations Thread 29" [_thread_blocked, id=36204, stack(0x0000006237600000,0x0000006237700000)]
  0x0000020c988f8000 JavaThread "Unconstrained build operations Thread 30" [_thread_blocked, id=36520, stack(0x0000006237700000,0x0000006237800000)]
  0x0000020c988fc000 JavaThread "Unconstrained build operations Thread 31" [_thread_blocked, id=16656, stack(0x0000006237800000,0x0000006237900000)]
  0x0000020c988f9800 JavaThread "Unconstrained build operations Thread 32" [_thread_blocked, id=70488, stack(0x0000006237900000,0x0000006237a00000)]
  0x0000020c988fe800 JavaThread "Unconstrained build operations Thread 33" [_thread_blocked, id=70232, stack(0x0000006237a00000,0x0000006237b00000)]
  0x0000020c988fa800 JavaThread "Unconstrained build operations Thread 34" [_thread_blocked, id=13024, stack(0x0000006237b00000,0x0000006237c00000)]
  0x0000020c988fb000 JavaThread "Unconstrained build operations Thread 35" [_thread_blocked, id=41144, stack(0x0000006237c00000,0x0000006237d00000)]
  0x0000020c988f9000 JavaThread "Unconstrained build operations Thread 36" [_thread_blocked, id=60864, stack(0x0000006237d00000,0x0000006237e00000)]
  0x0000020c98904000 JavaThread "Unconstrained build operations Thread 37" [_thread_blocked, id=69168, stack(0x0000006237e00000,0x0000006237f00000)]
  0x0000020c98903800 JavaThread "Unconstrained build operations Thread 38" [_thread_blocked, id=33308, stack(0x0000006237f00000,0x0000006238000000)]
  0x0000020c988ff800 JavaThread "Unconstrained build operations Thread 39" [_thread_blocked, id=20020, stack(0x0000006238000000,0x0000006238100000)]
  0x0000020c98902800 JavaThread "Unconstrained build operations Thread 40" [_thread_blocked, id=69856, stack(0x0000006238100000,0x0000006238200000)]
  0x0000020c98905000 JavaThread "Unconstrained build operations Thread 41" [_thread_blocked, id=39508, stack(0x0000006238200000,0x0000006238300000)]
  0x0000020c98906000 JavaThread "Unconstrained build operations Thread 42" [_thread_blocked, id=43448, stack(0x0000006238300000,0x0000006238400000)]
  0x0000020c98902000 JavaThread "Unconstrained build operations Thread 43" [_thread_blocked, id=70832, stack(0x0000006238400000,0x0000006238500000)]
  0x0000020c98900000 JavaThread "Unconstrained build operations Thread 44" [_thread_blocked, id=70056, stack(0x0000006238500000,0x0000006238600000)]
  0x0000020c98906800 JavaThread "Unconstrained build operations Thread 45" [_thread_blocked, id=21136, stack(0x0000006238600000,0x0000006238700000)]
  0x0000020c98901000 JavaThread "Unconstrained build operations Thread 46" [_thread_blocked, id=52728, stack(0x0000006238700000,0x0000006238800000)]
  0x0000020c97242800 JavaThread "Unconstrained build operations Thread 47" [_thread_blocked, id=48224, stack(0x0000006238800000,0x0000006238900000)]
  0x0000020c97246800 JavaThread "Unconstrained build operations Thread 48" [_thread_blocked, id=33224, stack(0x0000006238900000,0x0000006238a00000)]
  0x0000020c97244000 JavaThread "Unconstrained build operations Thread 49" [_thread_blocked, id=17020, stack(0x0000006238a00000,0x0000006238b00000)]
  0x0000020c97247000 JavaThread "Unconstrained build operations Thread 50" [_thread_blocked, id=23260, stack(0x0000006238b00000,0x0000006238c00000)]
  0x0000020c97241800 JavaThread "Unconstrained build operations Thread 51" [_thread_blocked, id=47272, stack(0x0000006238c00000,0x0000006238d00000)]
  0x0000020c97244800 JavaThread "Unconstrained build operations Thread 52" [_thread_blocked, id=69864, stack(0x0000006238d00000,0x0000006238e00000)]
  0x0000020c97245800 JavaThread "Unconstrained build operations Thread 53" [_thread_blocked, id=40740, stack(0x0000006238e00000,0x0000006238f00000)]
  0x0000020c97248000 JavaThread "Unconstrained build operations Thread 54" [_thread_blocked, id=69836, stack(0x0000006238f00000,0x0000006239000000)]
  0x0000020c97249000 JavaThread "Unconstrained build operations Thread 55" [_thread_blocked, id=62488, stack(0x0000006239000000,0x0000006239100000)]
  0x0000020c97243000 JavaThread "Unconstrained build operations Thread 56" [_thread_blocked, id=22124, stack(0x0000006239100000,0x0000006239200000)]
  0x0000020c9724a800 JavaThread "Unconstrained build operations Thread 57" [_thread_blocked, id=30660, stack(0x0000006239200000,0x0000006239300000)]
  0x0000020c9724f800 JavaThread "Unconstrained build operations Thread 58" [_thread_blocked, id=37392, stack(0x0000006239300000,0x0000006239400000)]
  0x0000020c97249800 JavaThread "Unconstrained build operations Thread 59" [_thread_blocked, id=69376, stack(0x0000006239400000,0x0000006239500000)]
  0x0000020c9724b000 JavaThread "Unconstrained build operations Thread 60" [_thread_blocked, id=66768, stack(0x0000006239500000,0x0000006239600000)]
  0x0000020c9724c000 JavaThread "Unconstrained build operations Thread 61" [_thread_blocked, id=71112, stack(0x0000006239600000,0x0000006239700000)]
  0x0000020c9724d800 JavaThread "Unconstrained build operations Thread 62" [_thread_blocked, id=71588, stack(0x0000006239700000,0x0000006239800000)]
  0x0000020c9724d000 JavaThread "Unconstrained build operations Thread 63" [_thread_blocked, id=39632, stack(0x0000006239800000,0x0000006239900000)]
  0x0000020c97250000 JavaThread "Unconstrained build operations Thread 64" [_thread_blocked, id=42672, stack(0x0000006239900000,0x0000006239a00000)]
  0x0000020c9724e800 JavaThread "Unconstrained build operations Thread 65" [_thread_blocked, id=46344, stack(0x0000006239a00000,0x0000006239b00000)]
  0x0000020c98975800 JavaThread "Unconstrained build operations Thread 66" [_thread_blocked, id=33824, stack(0x0000006239b00000,0x0000006239c00000)]
  0x0000020c9897c800 JavaThread "Unconstrained build operations Thread 67" [_thread_blocked, id=19048, stack(0x0000006239c00000,0x0000006239d00000)]
  0x0000020c98976800 JavaThread "Unconstrained build operations Thread 68" [_thread_blocked, id=67232, stack(0x0000006239d00000,0x0000006239e00000)]
  0x0000020c9897d000 JavaThread "Unconstrained build operations Thread 69" [_thread_blocked, id=31116, stack(0x0000006239e00000,0x0000006239f00000)]
  0x0000020c9897b800 JavaThread "Unconstrained build operations Thread 70" [_thread_blocked, id=47096, stack(0x0000006239f00000,0x000000623a000000)]
  0x0000020c98977800 JavaThread "Unconstrained build operations Thread 71" [_thread_blocked, id=59484, stack(0x000000623a000000,0x000000623a100000)]
  0x0000020c9897e000 JavaThread "Unconstrained build operations Thread 72" [_thread_blocked, id=20812, stack(0x000000623a100000,0x000000623a200000)]
  0x0000020c98978000 JavaThread "Unconstrained build operations Thread 73" [_thread_blocked, id=70268, stack(0x000000623a200000,0x000000623a300000)]
  0x0000020c9897e800 JavaThread "Unconstrained build operations Thread 74" [_thread_blocked, id=13332, stack(0x000000623a300000,0x000000623a400000)]
  0x0000020c98979000 JavaThread "Unconstrained build operations Thread 75" [_thread_blocked, id=16720, stack(0x000000623a400000,0x000000623a500000)]
  0x0000020c9897f800 JavaThread "Unconstrained build operations Thread 76" [_thread_blocked, id=61624, stack(0x000000623a500000,0x000000623a600000)]
  0x0000020c9897a000 JavaThread "Unconstrained build operations Thread 77" [_thread_blocked, id=71184, stack(0x000000623a600000,0x000000623a700000)]
  0x0000020c98980800 JavaThread "Unconstrained build operations Thread 78" [_thread_blocked, id=18568, stack(0x000000623a700000,0x000000623a800000)]
  0x0000020c9897a800 JavaThread "Unconstrained build operations Thread 79" [_thread_blocked, id=70804, stack(0x000000623a800000,0x000000623a900000)]
  0x0000020c98981000 JavaThread "Unconstrained build operations Thread 80" [_thread_blocked, id=67264, stack(0x000000623a900000,0x000000623aa00000)]
  0x0000020c98982000 JavaThread "Unconstrained build operations Thread 81" [_thread_blocked, id=33400, stack(0x000000623aa00000,0x000000623ab00000)]
  0x0000020c98983000 JavaThread "Unconstrained build operations Thread 82" [_thread_blocked, id=68852, stack(0x000000623ab00000,0x000000623ac00000)]
  0x0000020c98983800 JavaThread "Unconstrained build operations Thread 83" [_thread_blocked, id=55764, stack(0x000000623ac00000,0x000000623ad00000)]
  0x0000020c98984800 JavaThread "Unconstrained build operations Thread 84" [_thread_blocked, id=45708, stack(0x000000623ad00000,0x000000623ae00000)]
  0x0000020c989c4800 JavaThread "Unconstrained build operations Thread 85" [_thread_blocked, id=69512, stack(0x000000623ae00000,0x000000623af00000)]
  0x0000020c989c5800 JavaThread "Unconstrained build operations Thread 86" [_thread_blocked, id=2712, stack(0x000000623af00000,0x000000623b000000)]
  0x0000020c989c2000 JavaThread "Unconstrained build operations Thread 87" [_thread_blocked, id=65744, stack(0x000000623b000000,0x000000623b100000)]
  0x0000020c989c6000 JavaThread "Unconstrained build operations Thread 88" [_thread_blocked, id=68700, stack(0x000000623b100000,0x000000623b200000)]
  0x0000020c989c0800 JavaThread "Unconstrained build operations Thread 89" [_thread_blocked, id=14212, stack(0x000000623b200000,0x000000623b300000)]
  0x0000020c989c7000 JavaThread "Unconstrained build operations Thread 90" [_thread_blocked, id=45172, stack(0x000000623b300000,0x000000623b400000)]
  0x0000020c989c1800 JavaThread "Unconstrained build operations Thread 91" [_thread_blocked, id=1272, stack(0x000000623b400000,0x000000623b500000)]
  0x0000020c989c3000 JavaThread "Unconstrained build operations Thread 92" [_thread_blocked, id=57096, stack(0x000000623b500000,0x000000623b600000)]
  0x0000020c989c8000 JavaThread "Unconstrained build operations Thread 93" [_thread_blocked, id=69792, stack(0x000000623b600000,0x000000623b700000)]
  0x0000020c989c8800 JavaThread "Unconstrained build operations Thread 94" [_thread_blocked, id=68416, stack(0x000000623b700000,0x000000623b800000)]
  0x0000020c989c9800 JavaThread "Unconstrained build operations Thread 95" [_thread_blocked, id=3120, stack(0x000000623b800000,0x000000623b900000)]
  0x0000020c989c4000 JavaThread "Unconstrained build operations Thread 96" [_thread_blocked, id=51804, stack(0x000000623b900000,0x000000623ba00000)]
  0x0000020c989cc000 JavaThread "Unconstrained build operations Thread 97" [_thread_blocked, id=15348, stack(0x000000623ba00000,0x000000623bb00000)]
  0x0000020c989ca800 JavaThread "Unconstrained build operations Thread 98" [_thread_blocked, id=13124, stack(0x000000623bb00000,0x000000623bc00000)]
  0x0000020c989cb000 JavaThread "Unconstrained build operations Thread 99" [_thread_blocked, id=46832, stack(0x000000623bc00000,0x000000623bd00000)]
  0x0000020c989cd000 JavaThread "Unconstrained build operations Thread 100" [_thread_blocked, id=71656, stack(0x000000623bd00000,0x000000623be00000)]
  0x0000020c989cd800 JavaThread "Unconstrained build operations Thread 101" [_thread_blocked, id=69804, stack(0x000000623be00000,0x000000623bf00000)]
  0x0000020c989cf000 JavaThread "Unconstrained build operations Thread 102" [_thread_blocked, id=68776, stack(0x000000623bf00000,0x000000623c000000)]
  0x0000020c989ce800 JavaThread "Unconstrained build operations Thread 103" [_thread_blocked, id=42544, stack(0x000000623c000000,0x000000623c100000)]
  0x0000020c98aaf000 JavaThread "Unconstrained build operations Thread 104" [_thread_blocked, id=65252, stack(0x000000623c100000,0x000000623c200000)]
  0x0000020c98ab2800 JavaThread "Unconstrained build operations Thread 105" [_thread_blocked, id=69636, stack(0x000000623c200000,0x000000623c300000)]
  0x0000020c98ab4000 JavaThread "Unconstrained build operations Thread 106" [_thread_blocked, id=41128, stack(0x000000623c300000,0x000000623c400000)]
  0x0000020c98ab0800 JavaThread "Unconstrained build operations Thread 107" [_thread_blocked, id=18856, stack(0x000000623c400000,0x000000623c500000)]
  0x0000020c98ab0000 JavaThread "Unconstrained build operations Thread 108" [_thread_blocked, id=45924, stack(0x000000623c500000,0x000000623c600000)]
  0x0000020c98aae000 JavaThread "Unconstrained build operations Thread 109" [_thread_blocked, id=16144, stack(0x000000623c600000,0x000000623c700000)]
  0x0000020c98ab7000 JavaThread "Unconstrained build operations Thread 110" [_thread_blocked, id=70328, stack(0x000000623c700000,0x000000623c800000)]
  0x0000020c98ab6800 JavaThread "Unconstrained build operations Thread 111" [_thread_blocked, id=59012, stack(0x000000623c800000,0x000000623c900000)]
  0x0000020c98ab1800 JavaThread "Unconstrained build operations Thread 112" [_thread_blocked, id=9756, stack(0x000000623c900000,0x000000623ca00000)]
  0x0000020c98ab3000 JavaThread "Unconstrained build operations Thread 113" [_thread_blocked, id=36220, stack(0x000000623ca00000,0x000000623cb00000)]
  0x0000020c98ab5800 JavaThread "Unconstrained build operations Thread 114" [_thread_blocked, id=52248, stack(0x000000623cb00000,0x000000623cc00000)]
  0x0000020c98ab4800 JavaThread "Unconstrained build operations Thread 115" [_thread_blocked, id=58976, stack(0x000000623cc00000,0x000000623cd00000)]
  0x0000020c98ab8000 JavaThread "Unconstrained build operations Thread 116" [_thread_blocked, id=10956, stack(0x000000623cd00000,0x000000623ce00000)]
  0x0000020c98ab9000 JavaThread "Unconstrained build operations Thread 117" [_thread_blocked, id=36564, stack(0x000000623ce00000,0x000000623cf00000)]
  0x0000020c98ab9800 JavaThread "Unconstrained build operations Thread 118" [_thread_blocked, id=23684, stack(0x000000623cf00000,0x000000623d000000)]
  0x0000020c98aba800 JavaThread "Unconstrained build operations Thread 119" [_thread_blocked, id=26060, stack(0x000000623d000000,0x000000623d100000)]
  0x0000020c98abb800 JavaThread "Unconstrained build operations Thread 120" [_thread_blocked, id=46844, stack(0x000000623d100000,0x000000623d200000)]
  0x0000020c98abc000 JavaThread "jar transforms Thread 6" [_thread_blocked, id=56612, stack(0x000000623d200000,0x000000623d300000)]
  0x0000020c98abd000 JavaThread "jar transforms Thread 7" [_thread_blocked, id=67604, stack(0x000000623d300000,0x000000623d400000)]
  0x0000020c98c8a800 JavaThread "jar transforms Thread 8" [_thread_blocked, id=24516, stack(0x000000623d400000,0x000000623d500000)]
  0x0000020c98c89800 JavaThread "jar transforms Thread 9" [_thread_blocked, id=57852, stack(0x000000623d500000,0x000000623d600000)]
  0x0000020c98c8d000 JavaThread "jar transforms Thread 10" [_thread_blocked, id=67056, stack(0x000000623d600000,0x000000623d700000)]
  0x0000020c98c8b000 JavaThread "jar transforms Thread 11" [_thread_blocked, id=70636, stack(0x000000623d700000,0x000000623d800000)]
  0x0000020c98c87000 JavaThread "jar transforms Thread 12" [_thread_blocked, id=62768, stack(0x000000623d800000,0x000000623d900000)]
  0x0000020c98c8c000 JavaThread "build event listener" [_thread_blocked, id=58084, stack(0x000000623d900000,0x000000623da00000)]
  0x0000020c98c8d800 JavaThread "Memory manager" [_thread_blocked, id=68580, stack(0x000000623da00000,0x000000623db00000)]
  0x0000020c98c88000 JavaThread "included builds" [_thread_blocked, id=39612, stack(0x000000623db00000,0x000000623dc00000)]
  0x0000020c98c8e800 JavaThread "Execution worker" [_thread_blocked, id=36832, stack(0x000000623dc00000,0x000000623dd00000)]
  0x0000020c98c88800 JavaThread "Execution worker Thread 2" [_thread_blocked, id=11144, stack(0x000000623dd00000,0x000000623de00000)]
  0x0000020c98c95000 JavaThread "Execution worker Thread 3" [_thread_blocked, id=17124, stack(0x000000623de00000,0x000000623df00000)]
  0x0000020c98c92800 JavaThread "Execution worker Thread 4" [_thread_blocked, id=69204, stack(0x000000623df00000,0x000000623e000000)]
  0x0000020c98c91800 JavaThread "Execution worker Thread 5" [_thread_blocked, id=15076, stack(0x000000623e000000,0x000000623e100000)]
  0x0000020c98c94000 JavaThread "Execution worker Thread 6" [_thread_blocked, id=14912, stack(0x000000623e100000,0x000000623e200000)]
  0x0000020c98c93800 JavaThread "Execution worker Thread 7" [_thread_blocked, id=67140, stack(0x000000623e200000,0x000000623e300000)]
  0x0000020c98c90000 JavaThread "Execution worker Thread 8" [_thread_blocked, id=40980, stack(0x000000623e300000,0x000000623e400000)]
  0x0000020c98c8f000 JavaThread "Execution worker Thread 9" [_thread_blocked, id=20860, stack(0x000000623e400000,0x000000623e500000)]
  0x0000020c98c96000 JavaThread "Execution worker Thread 10" [_thread_blocked, id=60636, stack(0x000000623e500000,0x000000623e600000)]
  0x0000020c98c91000 JavaThread "Execution worker Thread 11" [_thread_blocked, id=59604, stack(0x000000623e600000,0x000000623e700000)]
  0x0000020c9a9b3800 JavaThread "Cache worker for execution history cache (R:\Android Studio Projects\.gradle\7.5\executionHistory)" [_thread_blocked, id=70612, stack(0x000000623e700000,0x000000623e800000)]
  0x0000020c9a9b1800 JavaThread "WorkerExecutor Queue" [_thread_blocked, id=67072, stack(0x000000623e800000,0x000000623e900000)]

Other Threads:
=>0x0000020cfec99800 VMThread "VM Thread" [stack: 0x0000006232700000,0x0000006232800000] [id=67404]
  0x0000020cff787000 WatcherThread [stack: 0x0000006233100000,0x0000006233200000] [id=70112]
  0x0000020cf73d8000 GCTaskThread "GC Thread#0" [stack: 0x0000006232200000,0x0000006232300000] [id=55108]
  0x0000020c93644800 GCTaskThread "GC Thread#1" [stack: 0x0000006233200000,0x0000006233300000] [id=15424]
  0x0000020c94966000 GCTaskThread "GC Thread#2" [stack: 0x0000006233d00000,0x0000006233e00000] [id=47364]
  0x0000020c9494f800 GCTaskThread "GC Thread#3" [stack: 0x0000006233e00000,0x0000006233f00000] [id=47460]
  0x0000020c9474b800 GCTaskThread "GC Thread#4" [stack: 0x0000006233f00000,0x0000006234000000] [id=35888]
  0x0000020c94823800 GCTaskThread "GC Thread#5" [stack: 0x0000006234000000,0x0000006234100000] [id=20788]
  0x0000020c93d9a800 GCTaskThread "GC Thread#6" [stack: 0x0000006234100000,0x0000006234200000] [id=64744]
  0x0000020c94a09000 GCTaskThread "GC Thread#7" [stack: 0x0000006234200000,0x0000006234300000] [id=28728]
  0x0000020c94b77800 GCTaskThread "GC Thread#8" [stack: 0x0000006234300000,0x0000006234400000] [id=69420]
  0x0000020c94b78000 GCTaskThread "GC Thread#9" [stack: 0x0000006234400000,0x0000006234500000] [id=42816]
  0x0000020cf740b800 ConcurrentGCThread "G1 Main Marker" [stack: 0x0000006232300000,0x0000006232400000] [id=53380]
  0x0000020cf740d800 ConcurrentGCThread "G1 Conc#0" [stack: 0x0000006232400000,0x0000006232500000] [id=56856]
  0x0000020c94d40800 ConcurrentGCThread "G1 Conc#1" [stack: 0x0000006234900000,0x0000006234a00000] [id=24940]
  0x0000020c94b4e800 ConcurrentGCThread "G1 Conc#2" [stack: 0x0000006234a00000,0x0000006234b00000] [id=37896]
  0x0000020cfeae7800 ConcurrentGCThread "G1 Refine#0" [stack: 0x0000006232500000,0x0000006232600000] [id=53480]
  0x0000020c93b5d800 ConcurrentGCThread "G1 Refine#1" [stack: 0x0000006234500000,0x0000006234600000] [id=18276]
  0x0000020cfeae8000 ConcurrentGCThread "G1 Young RemSet Sampling" [stack: 0x0000006232600000,0x0000006232700000] [id=7280]

Threads with active compile tasks:
C2 CompilerThread0    17580 11101       4       com.android.tools.r8.internal.ug::e (297 bytes)
C1 CompilerThread0    17580 11299       2       com.android.tools.r8.graph.v2::a (977 bytes)

VM state:at safepoint (normal execution)

VM Mutex/Monitor currently owned by a thread:  ([mutex/lock_event])
[0x0000020cf73bfda0] Threads_lock - owner thread: 0x0000020cfec99800
[0x0000020cf73bfa40] Heap_lock - owner thread: 0x0000020c9897f800

Heap address: 0x0000000080000000, size: 2048 MB, Compressed Oops mode: 32-bit
Narrow klass base: 0x0000000000000000, Narrow klass shift: 3
Compressed class space size: 1073741824 Address: 0x0000000100000000

Heap:
 garbage-first heap   total 259072K, used 138078K [0x0000000080000000, 0x0000000100000000)
  region size 1024K, 6 young (6144K), 6 survivors (6144K)
 Metaspace       used 99583K, capacity 102597K, committed 103248K, reserved 1138688K
  class space    used 13093K, capacity 14270K, committed 14540K, reserved 1048576K
Heap Regions: E=young(eden), S=young(survivor), O=old, HS=humongous(starts), HC=humongous(continues), CS=collection set, F=free, A=archive, TAMS=top-at-mark-start (previous, next)
|   0|0x0000000080000000, 0x0000000080100000, 0x0000000080100000|100%| O|  |TAMS 0x0000000080100000, 0x0000000080100000| Untracked 
|   1|0x0000000080100000, 0x0000000080200000, 0x0000000080200000|100%| O|  |TAMS 0x0000000080200000, 0x0000000080200000| Untracked 
|   2|0x0000000080200000, 0x0000000080300000, 0x0000000080300000|100%| O|  |TAMS 0x0000000080300000, 0x0000000080300000| Untracked 
|   3|0x0000000080300000, 0x0000000080400000, 0x0000000080400000|100%|HS|  |TAMS 0x0000000080400000, 0x0000000080400000| Complete 
|   4|0x0000000080400000, 0x0000000080500000, 0x0000000080500000|100%|HC|  |TAMS 0x0000000080500000, 0x0000000080500000| Complete 
|   5|0x0000000080500000, 0x0000000080600000, 0x0000000080600000|100%|HC|  |TAMS 0x0000000080600000, 0x0000000080600000| Complete 
|   6|0x0000000080600000, 0x0000000080700000, 0x0000000080700000|100%| O|  |TAMS 0x0000000080700000, 0x0000000080700000| Untracked 
|   7|0x0000000080700000, 0x0000000080800000, 0x0000000080800000|100%| O|  |TAMS 0x0000000080800000, 0x0000000080800000| Untracked 
|   8|0x0000000080800000, 0x0000000080900000, 0x0000000080900000|100%| O|  |TAMS 0x0000000080900000, 0x0000000080900000| Untracked 
|   9|0x0000000080900000, 0x0000000080a00000, 0x0000000080a00000|100%| O|  |TAMS 0x0000000080a00000, 0x0000000080a00000| Untracked 
|  10|0x0000000080a00000, 0x0000000080b00000, 0x0000000080b00000|100%| O|  |TAMS 0x0000000080b00000, 0x0000000080b00000| Untracked 
|  11|0x0000000080b00000, 0x0000000080c00000, 0x0000000080c00000|100%| O|  |TAMS 0x0000000080c00000, 0x0000000080c00000| Untracked 
|  12|0x0000000080c00000, 0x0000000080d00000, 0x0000000080d00000|100%| O|  |TAMS 0x0000000080d00000, 0x0000000080d00000| Untracked 
|  13|0x0000000080d00000, 0x0000000080e00000, 0x0000000080e00000|100%| O|  |TAMS 0x0000000080e00000, 0x0000000080e00000| Untracked 
|  14|0x0000000080e00000, 0x0000000080f00000, 0x0000000080f00000|100%| O|  |TAMS 0x0000000080f00000, 0x0000000080f00000| Untracked 
|  15|0x0000000080f00000, 0x0000000081000000, 0x0000000081000000|100%| O|  |TAMS 0x0000000081000000, 0x0000000081000000| Untracked 
|  16|0x0000000081000000, 0x0000000081100000, 0x0000000081100000|100%| O|  |TAMS 0x0000000081100000, 0x0000000081100000| Untracked 
|  17|0x0000000081100000, 0x0000000081200000, 0x0000000081200000|100%| O|  |TAMS 0x0000000081200000, 0x0000000081200000| Untracked 
|  18|0x0000000081200000, 0x0000000081300000, 0x0000000081300000|100%| O|  |TAMS 0x0000000081300000, 0x0000000081300000| Untracked 
|  19|0x0000000081300000, 0x0000000081400000, 0x0000000081400000|100%| O|  |TAMS 0x0000000081400000, 0x0000000081400000| Untracked 
|  20|0x0000000081400000, 0x0000000081500000, 0x0000000081500000|100%| O|  |TAMS 0x0000000081500000, 0x0000000081500000| Untracked 
|  21|0x0000000081500000, 0x0000000081600000, 0x0000000081600000|100%| O|  |TAMS 0x0000000081600000, 0x0000000081600000| Untracked 
|  22|0x0000000081600000, 0x0000000081700000, 0x0000000081700000|100%| O|  |TAMS 0x0000000081700000, 0x0000000081700000| Untracked 
|  23|0x0000000081700000, 0x0000000081800000, 0x0000000081800000|100%| O|  |TAMS 0x0000000081800000, 0x0000000081800000| Untracked 
|  24|0x0000000081800000, 0x0000000081900000, 0x0000000081900000|100%| O|  |TAMS 0x0000000081900000, 0x0000000081900000| Untracked 
|  25|0x0000000081900000, 0x0000000081a00000, 0x0000000081a00000|100%| O|  |TAMS 0x0000000081a00000, 0x0000000081a00000| Untracked 
|  26|0x0000000081a00000, 0x0000000081b00000, 0x0000000081b00000|100%|HS|  |TAMS 0x0000000081b00000, 0x0000000081b00000| Complete 
|  27|0x0000000081b00000, 0x0000000081c00000, 0x0000000081c00000|100%|HS|  |TAMS 0x0000000081c00000, 0x0000000081c00000| Complete 
|  28|0x0000000081c00000, 0x0000000081d00000, 0x0000000081d00000|100%|HC|  |TAMS 0x0000000081d00000, 0x0000000081d00000| Complete 
|  29|0x0000000081d00000, 0x0000000081e00000, 0x0000000081e00000|100%| O|  |TAMS 0x0000000081e00000, 0x0000000081e00000| Untracked 
|  30|0x0000000081e00000, 0x0000000081f00000, 0x0000000081f00000|100%| O|  |TAMS 0x0000000081f00000, 0x0000000081f00000| Untracked 
|  31|0x0000000081f00000, 0x0000000082000000, 0x0000000082000000|100%| O|  |TAMS 0x0000000082000000, 0x0000000082000000| Untracked 
|  32|0x0000000082000000, 0x0000000082100000, 0x0000000082100000|100%|HS|  |TAMS 0x0000000082100000, 0x0000000082100000| Complete 
|  33|0x0000000082100000, 0x0000000082200000, 0x0000000082200000|100%|HS|  |TAMS 0x0000000082200000, 0x0000000082200000| Complete 
|  34|0x0000000082200000, 0x0000000082300000, 0x0000000082300000|100%|HC|  |TAMS 0x0000000082300000, 0x0000000082300000| Complete 
|  35|0x0000000082300000, 0x0000000082400000, 0x0000000082400000|100%|HC|  |TAMS 0x0000000082400000, 0x0000000082400000| Complete 
|  36|0x0000000082400000, 0x0000000082500000, 0x0000000082500000|100%|HC|  |TAMS 0x0000000082500000, 0x0000000082500000| Complete 
|  37|0x0000000082500000, 0x0000000082600000, 0x0000000082600000|100%| O|  |TAMS 0x0000000082600000, 0x0000000082600000| Untracked 
|  38|0x0000000082600000, 0x0000000082700000, 0x0000000082700000|100%| O|  |TAMS 0x0000000082700000, 0x0000000082700000| Untracked 
|  39|0x0000000082700000, 0x0000000082800000, 0x0000000082800000|100%| O|  |TAMS 0x0000000082800000, 0x0000000082800000| Untracked 
|  40|0x0000000082800000, 0x0000000082900000, 0x0000000082900000|100%| O|  |TAMS 0x0000000082900000, 0x0000000082900000| Untracked 
|  41|0x0000000082900000, 0x0000000082a00000, 0x0000000082a00000|100%| O|  |TAMS 0x0000000082a00000, 0x0000000082a00000| Untracked 
|  42|0x0000000082a00000, 0x0000000082b00000, 0x0000000082b00000|100%| O|  |TAMS 0x0000000082b00000, 0x0000000082b00000| Untracked 
|  43|0x0000000082b00000, 0x0000000082c00000, 0x0000000082c00000|100%| O|  |TAMS 0x0000000082c00000, 0x0000000082c00000| Untracked 
|  44|0x0000000082c00000, 0x0000000082d00000, 0x0000000082d00000|100%| O|  |TAMS 0x0000000082d00000, 0x0000000082d00000| Untracked 
|  45|0x0000000082d00000, 0x0000000082e00000, 0x0000000082e00000|100%| O|  |TAMS 0x0000000082e00000, 0x0000000082e00000| Untracked 
|  46|0x0000000082e00000, 0x0000000082f00000, 0x0000000082f00000|100%| O|  |TAMS 0x0000000082f00000, 0x0000000082f00000| Untracked 
|  47|0x0000000082f00000, 0x0000000083000000, 0x0000000083000000|100%| O|  |TAMS 0x0000000083000000, 0x0000000083000000| Untracked 
|  48|0x0000000083000000, 0x0000000083100000, 0x0000000083100000|100%| O|  |TAMS 0x0000000083100000, 0x0000000083100000| Untracked 
|  49|0x0000000083100000, 0x0000000083200000, 0x0000000083200000|100%| O|  |TAMS 0x0000000083200000, 0x0000000083200000| Untracked 
|  50|0x0000000083200000, 0x0000000083300000, 0x0000000083300000|100%| O|  |TAMS 0x0000000083300000, 0x0000000083300000| Untracked 
|  51|0x0000000083300000, 0x0000000083400000, 0x0000000083400000|100%| O|  |TAMS 0x0000000083400000, 0x0000000083400000| Untracked 
|  52|0x0000000083400000, 0x0000000083500000, 0x0000000083500000|100%| O|  |TAMS 0x0000000083500000, 0x0000000083500000| Untracked 
|  53|0x0000000083500000, 0x0000000083600000, 0x0000000083600000|100%| O|  |TAMS 0x0000000083600000, 0x0000000083600000| Untracked 
|  54|0x0000000083600000, 0x0000000083700000, 0x0000000083700000|100%| O|  |TAMS 0x0000000083700000, 0x0000000083700000| Untracked 
|  55|0x0000000083700000, 0x0000000083800000, 0x0000000083800000|100%| O|  |TAMS 0x0000000083800000, 0x0000000083800000| Untracked 
|  56|0x0000000083800000, 0x0000000083900000, 0x0000000083900000|100%| O|  |TAMS 0x0000000083900000, 0x0000000083900000| Untracked 
|  57|0x0000000083900000, 0x0000000083a00000, 0x0000000083a00000|100%| O|  |TAMS 0x0000000083a00000, 0x0000000083a00000| Untracked 
|  58|0x0000000083a00000, 0x0000000083b00000, 0x0000000083b00000|100%| O|  |TAMS 0x0000000083b00000, 0x0000000083b00000| Untracked 
|  59|0x0000000083b00000, 0x0000000083c00000, 0x0000000083c00000|100%| O|  |TAMS 0x0000000083c00000, 0x0000000083c00000| Untracked 
|  60|0x0000000083c00000, 0x0000000083d00000, 0x0000000083d00000|100%| O|  |TAMS 0x0000000083d00000, 0x0000000083d00000| Untracked 
|  61|0x0000000083d00000, 0x0000000083e00000, 0x0000000083e00000|100%| O|  |TAMS 0x0000000083e00000, 0x0000000083e00000| Untracked 
|  62|0x0000000083e00000, 0x0000000083f00000, 0x0000000083f00000|100%| O|  |TAMS 0x0000000083f00000, 0x0000000083f00000| Untracked 
|  63|0x0000000083f00000, 0x0000000084000000, 0x0000000084000000|100%| O|  |TAMS 0x0000000084000000, 0x0000000084000000| Untracked 
|  64|0x0000000084000000, 0x0000000084100000, 0x0000000084100000|100%| O|  |TAMS 0x0000000084100000, 0x0000000084100000| Untracked 
|  65|0x0000000084100000, 0x0000000084200000, 0x0000000084200000|100%| O|  |TAMS 0x0000000084200000, 0x0000000084200000| Untracked 
|  66|0x0000000084200000, 0x0000000084300000, 0x0000000084300000|100%| O|  |TAMS 0x0000000084300000, 0x0000000084300000| Untracked 
|  67|0x0000000084300000, 0x0000000084400000, 0x0000000084400000|100%| O|  |TAMS 0x0000000084400000, 0x0000000084400000| Untracked 
|  68|0x0000000084400000, 0x0000000084500000, 0x0000000084500000|100%| O|  |TAMS 0x0000000084500000, 0x0000000084500000| Untracked 
|  69|0x0000000084500000, 0x0000000084600000, 0x0000000084600000|100%| O|  |TAMS 0x0000000084600000, 0x0000000084600000| Untracked 
|  70|0x0000000084600000, 0x0000000084700000, 0x0000000084700000|100%| O|  |TAMS 0x0000000084700000, 0x0000000084700000| Untracked 
|  71|0x0000000084700000, 0x0000000084800000, 0x0000000084800000|100%| O|  |TAMS 0x0000000084800000, 0x0000000084800000| Untracked 
|  72|0x0000000084800000, 0x0000000084900000, 0x0000000084900000|100%| O|  |TAMS 0x0000000084900000, 0x0000000084900000| Untracked 
|  73|0x0000000084900000, 0x0000000084a00000, 0x0000000084a00000|100%| O|  |TAMS 0x0000000084a00000, 0x0000000084a00000| Untracked 
|  74|0x0000000084a00000, 0x0000000084b00000, 0x0000000084b00000|100%| O|  |TAMS 0x0000000084b00000, 0x0000000084b00000| Untracked 
|  75|0x0000000084b00000, 0x0000000084c00000, 0x0000000084c00000|100%| O|  |TAMS 0x0000000084c00000, 0x0000000084c00000| Untracked 
|  76|0x0000000084c00000, 0x0000000084d00000, 0x0000000084d00000|100%| O|  |TAMS 0x0000000084d00000, 0x0000000084d00000| Untracked 
|  77|0x0000000084d00000, 0x0000000084e00000, 0x0000000084e00000|100%| O|  |TAMS 0x0000000084e00000, 0x0000000084e00000| Untracked 
|  78|0x0000000084e00000, 0x0000000084f00000, 0x0000000084f00000|100%| O|  |TAMS 0x0000000084f00000, 0x0000000084f00000| Untracked 
|  79|0x0000000084f00000, 0x0000000085000000, 0x0000000085000000|100%| O|  |TAMS 0x0000000085000000, 0x0000000085000000| Untracked 
|  80|0x0000000085000000, 0x0000000085100000, 0x0000000085100000|100%| O|  |TAMS 0x0000000085100000, 0x0000000085100000| Untracked 
|  81|0x0000000085100000, 0x0000000085200000, 0x0000000085200000|100%| O|  |TAMS 0x0000000085200000, 0x0000000085200000| Untracked 
|  82|0x0000000085200000, 0x0000000085300000, 0x0000000085300000|100%| O|  |TAMS 0x0000000085300000, 0x0000000085300000| Untracked 
|  83|0x0000000085300000, 0x0000000085400000, 0x0000000085400000|100%| O|  |TAMS 0x0000000085400000, 0x0000000085400000| Untracked 
|  84|0x0000000085400000, 0x0000000085500000, 0x0000000085500000|100%| O|  |TAMS 0x0000000085500000, 0x0000000085500000| Untracked 
|  85|0x0000000085500000, 0x0000000085600000, 0x0000000085600000|100%| O|  |TAMS 0x0000000085600000, 0x0000000085600000| Untracked 
|  86|0x0000000085600000, 0x0000000085700000, 0x0000000085700000|100%| O|  |TAMS 0x0000000085700000, 0x0000000085700000| Untracked 
|  87|0x0000000085700000, 0x0000000085800000, 0x0000000085800000|100%|HS|  |TAMS 0x0000000085800000, 0x0000000085800000| Complete 
|  88|0x0000000085800000, 0x0000000085900000, 0x0000000085900000|100%| O|  |TAMS 0x0000000085900000, 0x0000000085900000| Untracked 
|  89|0x0000000085900000, 0x0000000085a00000, 0x0000000085a00000|100%| O|  |TAMS 0x0000000085a00000, 0x0000000085a00000| Untracked 
|  90|0x0000000085a00000, 0x0000000085b00000, 0x0000000085b00000|100%| O|  |TAMS 0x0000000085b00000, 0x0000000085b00000| Untracked 
|  91|0x0000000085b00000, 0x0000000085c00000, 0x0000000085c00000|100%| O|  |TAMS 0x0000000085c00000, 0x0000000085c00000| Untracked 
|  92|0x0000000085c00000, 0x0000000085d00000, 0x0000000085d00000|100%| O|  |TAMS 0x0000000085d00000, 0x0000000085d00000| Untracked 
|  93|0x0000000085d00000, 0x0000000085e00000, 0x0000000085e00000|100%| O|  |TAMS 0x0000000085e00000, 0x0000000085e00000| Untracked 
|  94|0x0000000085e00000, 0x0000000085f00000, 0x0000000085f00000|100%| O|  |TAMS 0x0000000085f00000, 0x0000000085f00000| Untracked 
|  95|0x0000000085f00000, 0x0000000086000000, 0x0000000086000000|100%| O|  |TAMS 0x0000000086000000, 0x0000000086000000| Untracked 
|  96|0x0000000086000000, 0x0000000086100000, 0x0000000086100000|100%| O|  |TAMS 0x0000000086100000, 0x0000000086100000| Untracked 
|  97|0x0000000086100000, 0x0000000086200000, 0x0000000086200000|100%| O|  |TAMS 0x0000000086200000, 0x0000000086200000| Untracked 
|  98|0x0000000086200000, 0x0000000086300000, 0x0000000086300000|100%| O|  |TAMS 0x0000000086300000, 0x0000000086300000| Untracked 
|  99|0x0000000086300000, 0x0000000086400000, 0x0000000086400000|100%| O|  |TAMS 0x0000000086400000, 0x0000000086400000| Untracked 
| 100|0x0000000086400000, 0x0000000086500000, 0x0000000086500000|100%| O|  |TAMS 0x0000000086500000, 0x0000000086500000| Untracked 
| 101|0x0000000086500000, 0x0000000086600000, 0x0000000086600000|100%| O|  |TAMS 0x0000000086600000, 0x0000000086600000| Untracked 
| 102|0x0000000086600000, 0x0000000086700000, 0x0000000086700000|100%| O|  |TAMS 0x0000000086700000, 0x0000000086700000| Untracked 
| 103|0x0000000086700000, 0x0000000086800000, 0x0000000086800000|100%| O|  |TAMS 0x0000000086800000, 0x0000000086800000| Untracked 
| 104|0x0000000086800000, 0x0000000086900000, 0x0000000086900000|100%| O|  |TAMS 0x0000000086900000, 0x0000000086900000| Untracked 
| 105|0x0000000086900000, 0x0000000086a00000, 0x0000000086a00000|100%| O|  |TAMS 0x0000000086a00000, 0x0000000086a00000| Untracked 
| 106|0x0000000086a00000, 0x0000000086b00000, 0x0000000086b00000|100%| O|  |TAMS 0x0000000086b00000, 0x0000000086b00000| Untracked 
| 107|0x0000000086b00000, 0x0000000086c00000, 0x0000000086c00000|100%| O|  |TAMS 0x0000000086c00000, 0x0000000086c00000| Untracked 
| 108|0x0000000086c00000, 0x0000000086d00000, 0x0000000086d00000|100%| O|  |TAMS 0x0000000086d00000, 0x0000000086d00000| Untracked 
| 109|0x0000000086d00000, 0x0000000086e00000, 0x0000000086e00000|100%| O|  |TAMS 0x0000000086e00000, 0x0000000086e00000| Untracked 
| 110|0x0000000086e00000, 0x0000000086f00000, 0x0000000086f00000|100%| O|  |TAMS 0x0000000086e5fe00, 0x0000000086f00000| Untracked 
| 111|0x0000000086f00000, 0x0000000087000000, 0x0000000087000000|100%| O|  |TAMS 0x0000000086f00000, 0x0000000087000000| Untracked 
| 112|0x0000000087000000, 0x0000000087100000, 0x0000000087100000|100%| O|  |TAMS 0x0000000087000000, 0x0000000087100000| Untracked 
| 113|0x0000000087100000, 0x0000000087200000, 0x0000000087200000|100%| O|  |TAMS 0x0000000087100000, 0x0000000087200000| Untracked 
| 114|0x0000000087200000, 0x0000000087300000, 0x0000000087300000|100%| O|  |TAMS 0x0000000087200000, 0x0000000087300000| Untracked 
| 115|0x0000000087300000, 0x0000000087400000, 0x0000000087400000|100%| O|  |TAMS 0x0000000087300000, 0x0000000087400000| Untracked 
| 116|0x0000000087400000, 0x0000000087500000, 0x0000000087500000|100%| O|  |TAMS 0x0000000087400000, 0x0000000087500000| Untracked 
| 117|0x0000000087500000, 0x0000000087600000, 0x0000000087600000|100%| O|  |TAMS 0x0000000087500000, 0x0000000087600000| Untracked 
| 118|0x0000000087600000, 0x0000000087700000, 0x0000000087700000|100%| O|  |TAMS 0x0000000087600000, 0x0000000087700000| Untracked 
| 119|0x0000000087700000, 0x0000000087800000, 0x0000000087800000|100%| O|  |TAMS 0x0000000087700000, 0x0000000087800000| Untracked 
| 120|0x0000000087800000, 0x0000000087900000, 0x0000000087900000|100%| O|  |TAMS 0x0000000087800000, 0x0000000087900000| Untracked 
| 121|0x0000000087900000, 0x0000000087a00000, 0x0000000087a00000|100%| O|  |TAMS 0x0000000087900000, 0x0000000087a00000| Untracked 
| 122|0x0000000087a00000, 0x0000000087b00000, 0x0000000087b00000|100%| O|  |TAMS 0x0000000087a00000, 0x0000000087b00000| Untracked 
| 123|0x0000000087b00000, 0x0000000087c00000, 0x0000000087c00000|100%| O|  |TAMS 0x0000000087b00000, 0x0000000087c00000| Untracked 
| 124|0x0000000087c00000, 0x0000000087d00000, 0x0000000087d00000|100%| O|  |TAMS 0x0000000087c00000, 0x0000000087d00000| Untracked 
| 125|0x0000000087d00000, 0x0000000087e00000, 0x0000000087e00000|100%| O|  |TAMS 0x0000000087d00000, 0x0000000087e00000| Untracked 
| 126|0x0000000087e00000, 0x0000000087f00000, 0x0000000087f00000|100%| O|  |TAMS 0x0000000087e00000, 0x0000000087f00000| Untracked 
| 127|0x0000000087f00000, 0x0000000088000000, 0x0000000088000000|100%| O|  |TAMS 0x0000000087f00000, 0x0000000088000000| Untracked 
| 128|0x0000000088000000, 0x00000000880d7800, 0x0000000088100000| 84%| O|  |TAMS 0x0000000088000000, 0x00000000880d7800| Untracked 
| 129|0x0000000088100000, 0x0000000088100000, 0x0000000088200000|  0%| F|  |TAMS 0x0000000088100000, 0x0000000088100000| Untracked 
| 130|0x0000000088200000, 0x0000000088200000, 0x0000000088300000|  0%| F|  |TAMS 0x0000000088200000, 0x0000000088200000| Untracked 
| 131|0x0000000088300000, 0x0000000088300000, 0x0000000088400000|  0%| F|  |TAMS 0x0000000088300000, 0x0000000088300000| Untracked 
| 132|0x0000000088400000, 0x0000000088400000, 0x0000000088500000|  0%| F|  |TAMS 0x0000000088400000, 0x0000000088400000| Untracked 
| 133|0x0000000088500000, 0x0000000088500000, 0x0000000088600000|  0%| F|  |TAMS 0x0000000088500000, 0x0000000088500000| Untracked 
| 134|0x0000000088600000, 0x0000000088600000, 0x0000000088700000|  0%| F|  |TAMS 0x0000000088600000, 0x0000000088600000| Untracked 
| 135|0x0000000088700000, 0x0000000088700000, 0x0000000088800000|  0%| F|  |TAMS 0x0000000088700000, 0x0000000088700000| Untracked 
| 136|0x0000000088800000, 0x0000000088800000, 0x0000000088900000|  0%| F|  |TAMS 0x0000000088800000, 0x0000000088800000| Untracked 
| 137|0x0000000088900000, 0x0000000088900000, 0x0000000088a00000|  0%| F|  |TAMS 0x0000000088900000, 0x0000000088900000| Untracked 
| 138|0x0000000088a00000, 0x0000000088a00000, 0x0000000088b00000|  0%| F|  |TAMS 0x0000000088a00000, 0x0000000088a00000| Untracked 
| 139|0x0000000088b00000, 0x0000000088b00000, 0x0000000088c00000|  0%| F|  |TAMS 0x0000000088b00000, 0x0000000088b00000| Untracked 
| 140|0x0000000088c00000, 0x0000000088c00000, 0x0000000088d00000|  0%| F|  |TAMS 0x0000000088c00000, 0x0000000088c00000| Untracked 
| 141|0x0000000088d00000, 0x0000000088d00000, 0x0000000088e00000|  0%| F|  |TAMS 0x0000000088d00000, 0x0000000088d00000| Untracked 
| 142|0x0000000088e00000, 0x0000000088e00000, 0x0000000088f00000|  0%| F|  |TAMS 0x0000000088e00000, 0x0000000088e00000| Untracked 
| 143|0x0000000088f00000, 0x0000000088f00000, 0x0000000089000000|  0%| F|  |TAMS 0x0000000088f00000, 0x0000000088f00000| Untracked 
| 144|0x0000000089000000, 0x0000000089000000, 0x0000000089100000|  0%| F|  |TAMS 0x0000000089000000, 0x0000000089000000| Untracked 
| 145|0x0000000089100000, 0x0000000089100000, 0x0000000089200000|  0%| F|  |TAMS 0x0000000089100000, 0x0000000089100000| Untracked 
| 146|0x0000000089200000, 0x0000000089200000, 0x0000000089300000|  0%| F|  |TAMS 0x0000000089200000, 0x0000000089200000| Untracked 
| 147|0x0000000089300000, 0x0000000089300000, 0x0000000089400000|  0%| F|  |TAMS 0x0000000089300000, 0x0000000089300000| Untracked 
| 148|0x0000000089400000, 0x0000000089400000, 0x0000000089500000|  0%| F|  |TAMS 0x0000000089400000, 0x0000000089400000| Untracked 
| 149|0x0000000089500000, 0x0000000089500000, 0x0000000089600000|  0%| F|  |TAMS 0x0000000089500000, 0x0000000089500000| Untracked 
| 150|0x0000000089600000, 0x0000000089600000, 0x0000000089700000|  0%| F|  |TAMS 0x0000000089600000, 0x0000000089600000| Untracked 
| 151|0x0000000089700000, 0x0000000089700000, 0x0000000089800000|  0%| F|  |TAMS 0x0000000089700000, 0x0000000089700000| Untracked 
| 152|0x0000000089800000, 0x0000000089800000, 0x0000000089900000|  0%| F|  |TAMS 0x0000000089800000, 0x0000000089800000| Untracked 
| 153|0x0000000089900000, 0x0000000089900000, 0x0000000089a00000|  0%| F|  |TAMS 0x0000000089900000, 0x0000000089900000| Untracked 
| 154|0x0000000089a00000, 0x0000000089a00000, 0x0000000089b00000|  0%| F|  |TAMS 0x0000000089a00000, 0x0000000089a00000| Untracked 
| 155|0x0000000089b00000, 0x0000000089b00000, 0x0000000089c00000|  0%| F|  |TAMS 0x0000000089b00000, 0x0000000089b00000| Untracked 
| 156|0x0000000089c00000, 0x0000000089c00000, 0x0000000089d00000|  0%| F|  |TAMS 0x0000000089c00000, 0x0000000089c00000| Untracked 
| 157|0x0000000089d00000, 0x0000000089d00000, 0x0000000089e00000|  0%| F|  |TAMS 0x0000000089d00000, 0x0000000089d00000| Untracked 
| 158|0x0000000089e00000, 0x0000000089e00000, 0x0000000089f00000|  0%| F|  |TAMS 0x0000000089e00000, 0x0000000089e00000| Untracked 
| 159|0x0000000089f00000, 0x0000000089f00000, 0x000000008a000000|  0%| F|  |TAMS 0x0000000089f00000, 0x0000000089f00000| Untracked 
| 160|0x000000008a000000, 0x000000008a000000, 0x000000008a100000|  0%| F|  |TAMS 0x000000008a000000, 0x000000008a000000| Untracked 
| 161|0x000000008a100000, 0x000000008a100000, 0x000000008a200000|  0%| F|  |TAMS 0x000000008a100000, 0x000000008a100000| Untracked 
| 162|0x000000008a200000, 0x000000008a300000, 0x000000008a300000|100%| S|CS|TAMS 0x000000008a200000, 0x000000008a200000| Complete 
| 163|0x000000008a300000, 0x000000008a400000, 0x000000008a400000|100%| S|CS|TAMS 0x000000008a300000, 0x000000008a300000| Complete 
| 164|0x000000008a400000, 0x000000008a500000, 0x000000008a500000|100%| S|CS|TAMS 0x000000008a400000, 0x000000008a400000| Complete 
| 165|0x000000008a500000, 0x000000008a600000, 0x000000008a600000|100%| S|CS|TAMS 0x000000008a500000, 0x000000008a500000| Complete 
| 166|0x000000008a600000, 0x000000008a700000, 0x000000008a700000|100%| S|CS|TAMS 0x000000008a600000, 0x000000008a600000| Complete 
| 167|0x000000008a700000, 0x000000008a800000, 0x000000008a800000|100%| S|CS|TAMS 0x000000008a700000, 0x000000008a700000| Complete 
| 168|0x000000008a800000, 0x000000008a800000, 0x000000008a900000|  0%| F|  |TAMS 0x000000008a800000, 0x000000008a800000| Untracked 
| 169|0x000000008a900000, 0x000000008a900000, 0x000000008aa00000|  0%| F|  |TAMS 0x000000008a900000, 0x000000008a900000| Untracked 
| 170|0x000000008aa00000, 0x000000008aa00000, 0x000000008ab00000|  0%| F|  |TAMS 0x000000008aa00000, 0x000000008aa00000| Untracked 
| 171|0x000000008ab00000, 0x000000008ab00000, 0x000000008ac00000|  0%| F|  |TAMS 0x000000008ab00000, 0x000000008ab00000| Untracked 
| 172|0x000000008ac00000, 0x000000008ac00000, 0x000000008ad00000|  0%| F|  |TAMS 0x000000008ac00000, 0x000000008ac00000| Untracked 
| 173|0x000000008ad00000, 0x000000008ad00000, 0x000000008ae00000|  0%| F|  |TAMS 0x000000008ad00000, 0x000000008ad00000| Untracked 
| 174|0x000000008ae00000, 0x000000008ae00000, 0x000000008af00000|  0%| F|  |TAMS 0x000000008ae00000, 0x000000008ae00000| Untracked 
| 175|0x000000008af00000, 0x000000008af00000, 0x000000008b000000|  0%| F|  |TAMS 0x000000008af00000, 0x000000008af00000| Untracked 
| 176|0x000000008b000000, 0x000000008b000000, 0x000000008b100000|  0%| F|  |TAMS 0x000000008b000000, 0x000000008b000000| Untracked 
| 177|0x000000008b100000, 0x000000008b100000, 0x000000008b200000|  0%| F|  |TAMS 0x000000008b100000, 0x000000008b100000| Untracked 
| 178|0x000000008b200000, 0x000000008b200000, 0x000000008b300000|  0%| F|  |TAMS 0x000000008b200000, 0x000000008b200000| Untracked 
| 179|0x000000008b300000, 0x000000008b300000, 0x000000008b400000|  0%| F|  |TAMS 0x000000008b300000, 0x000000008b300000| Untracked 
| 180|0x000000008b400000, 0x000000008b400000, 0x000000008b500000|  0%| F|  |TAMS 0x000000008b400000, 0x000000008b400000| Untracked 
| 181|0x000000008b500000, 0x000000008b500000, 0x000000008b600000|  0%| F|  |TAMS 0x000000008b500000, 0x000000008b500000| Untracked 
| 182|0x000000008b600000, 0x000000008b600000, 0x000000008b700000|  0%| F|  |TAMS 0x000000008b600000, 0x000000008b600000| Untracked 
| 183|0x000000008b700000, 0x000000008b700000, 0x000000008b800000|  0%| F|  |TAMS 0x000000008b700000, 0x000000008b700000| Untracked 
| 184|0x000000008b800000, 0x000000008b800000, 0x000000008b900000|  0%| F|  |TAMS 0x000000008b800000, 0x000000008b800000| Untracked 
| 185|0x000000008b900000, 0x000000008b900000, 0x000000008ba00000|  0%| F|  |TAMS 0x000000008b900000, 0x000000008b900000| Untracked 
| 186|0x000000008ba00000, 0x000000008ba00000, 0x000000008bb00000|  0%| F|  |TAMS 0x000000008ba00000, 0x000000008ba00000| Untracked 
| 187|0x000000008bb00000, 0x000000008bb00000, 0x000000008bc00000|  0%| F|  |TAMS 0x000000008bb00000, 0x000000008bb00000| Untracked 
| 188|0x000000008bc00000, 0x000000008bc00000, 0x000000008bd00000|  0%| F|  |TAMS 0x000000008bc00000, 0x000000008bc00000| Untracked 
| 189|0x000000008bd00000, 0x000000008bd00000, 0x000000008be00000|  0%| F|  |TAMS 0x000000008bd00000, 0x000000008bd00000| Untracked 
| 190|0x000000008be00000, 0x000000008be00000, 0x000000008bf00000|  0%| F|  |TAMS 0x000000008be00000, 0x000000008be00000| Untracked 
| 191|0x000000008bf00000, 0x000000008bf00000, 0x000000008c000000|  0%| F|  |TAMS 0x000000008bf00000, 0x000000008bf00000| Untracked 
| 192|0x000000008c000000, 0x000000008c000000, 0x000000008c100000|  0%| F|  |TAMS 0x000000008c000000, 0x000000008c000000| Untracked 
| 193|0x000000008c100000, 0x000000008c100000, 0x000000008c200000|  0%| F|  |TAMS 0x000000008c100000, 0x000000008c100000| Untracked 
| 194|0x000000008c200000, 0x000000008c200000, 0x000000008c300000|  0%| F|  |TAMS 0x000000008c200000, 0x000000008c200000| Untracked 
| 195|0x000000008c300000, 0x000000008c300000, 0x000000008c400000|  0%| F|  |TAMS 0x000000008c300000, 0x000000008c300000| Untracked 
| 196|0x000000008c400000, 0x000000008c400000, 0x000000008c500000|  0%| F|  |TAMS 0x000000008c400000, 0x000000008c400000| Untracked 
| 197|0x000000008c500000, 0x000000008c500000, 0x000000008c600000|  0%| F|  |TAMS 0x000000008c500000, 0x000000008c500000| Untracked 
| 198|0x000000008c600000, 0x000000008c600000, 0x000000008c700000|  0%| F|  |TAMS 0x000000008c600000, 0x000000008c600000| Untracked 
| 199|0x000000008c700000, 0x000000008c700000, 0x000000008c800000|  0%| F|  |TAMS 0x000000008c700000, 0x000000008c700000| Untracked 
| 200|0x000000008c800000, 0x000000008c800000, 0x000000008c900000|  0%| F|  |TAMS 0x000000008c800000, 0x000000008c800000| Untracked 
| 201|0x000000008c900000, 0x000000008c900000, 0x000000008ca00000|  0%| F|  |TAMS 0x000000008c900000, 0x000000008c900000| Untracked 
| 202|0x000000008ca00000, 0x000000008ca00000, 0x000000008cb00000|  0%| F|  |TAMS 0x000000008ca00000, 0x000000008ca00000| Untracked 
| 203|0x000000008cb00000, 0x000000008cb00000, 0x000000008cc00000|  0%| F|  |TAMS 0x000000008cb00000, 0x000000008cb00000| Untracked 
| 204|0x000000008cc00000, 0x000000008cc00000, 0x000000008cd00000|  0%| F|  |TAMS 0x000000008cc00000, 0x000000008cc00000| Untracked 
| 205|0x000000008cd00000, 0x000000008cd00000, 0x000000008ce00000|  0%| F|  |TAMS 0x000000008cd00000, 0x000000008cd00000| Untracked 

Card table byte_map: [0x0000020cfb830000,0x0000020cfbc30000] _byte_map_base: 0x0000020cfb430000

Marking Bits (Prev, Next): (CMBitMap*) 0x0000020cf7402bc8, (CMBitMap*) 0x0000020cf7402c00
 Prev Bits: [0x0000020cfc030000, 0x0000020cfe030000)
 Next Bits: [0x0000020c8f000000, 0x0000020c91000000)

Polling page: 0x0000020cf6b90000

Metaspace:

Usage:
  Non-class:     86.26 MB capacity,    84.46 MB ( 98%) used,     1.45 MB (  2%) free+waste,   353.88 KB ( <1%) overhead. 
      Class:     13.94 MB capacity,    12.79 MB ( 92%) used,  1009.12 KB (  7%) free+waste,   167.19 KB (  1%) overhead. 
       Both:    100.19 MB capacity,    97.25 MB ( 97%) used,     2.43 MB (  2%) free+waste,   521.06 KB ( <1%) overhead. 

Virtual space:
  Non-class space:       88.00 MB reserved,      86.63 MB ( 98%) committed 
      Class space:        1.00 GB reserved,      14.20 MB (  1%) committed 
             Both:        1.09 GB reserved,     100.83 MB (  9%) committed 

Chunk freelists:
   Non-Class:  381.00 KB
       Class:  194.00 KB
        Both:  575.00 KB

MaxMetaspaceSize: 17179869184.00 GB
CompressedClassSpaceSize: 1.00 GB
Initial GC threshold: 20.80 MB
Current GC threshold: 167.42 MB
CDS: off

CodeHeap 'non-profiled nmethods': size=120000Kb used=4930Kb max_used=4930Kb free=115069Kb
 bounds [0x0000020c87ad0000, 0x0000020c87fb0000, 0x0000020c8f000000]
CodeHeap 'profiled nmethods': size=120000Kb used=21564Kb max_used=21564Kb free=98435Kb
 bounds [0x0000020c805a0000, 0x0000020c81ab0000, 0x0000020c87ad0000]
CodeHeap 'non-nmethods': size=5760Kb used=2404Kb max_used=2439Kb free=3355Kb
 bounds [0x0000020c80000000, 0x0000020c80270000, 0x0000020c805a0000]
 total_blobs=11971 nmethods=11039 adapters=844
 compilation: enabled
              stopped_count=0, restarted_count=0
 full_count=0

Compilation events (20 events):
Event: 17.529 Thread 0x0000020cff627800 nmethod 11276 0x0000020c81aac290 code [0x0000020c81aac460, 0x0000020c81aac6c8]
Event: 17.529 Thread 0x0000020cff627800 11277       2       com.android.tools.r8.internal.RL::e (60 bytes)
Event: 17.530 Thread 0x0000020cff627800 nmethod 11277 0x0000020c81aac790 code [0x0000020c81aac960, 0x0000020c81aacb88]
Event: 17.530 Thread 0x0000020cff627800 11278       2       com.android.tools.r8.internal.PL::<init> (15 bytes)
Event: 17.530 Thread 0x0000020cff627800 nmethod 11278 0x0000020c81aacd10 code [0x0000020c81aacec0, 0x0000020c81aad018]
Event: 17.530 Thread 0x0000020cff627800 11279       2       com.android.tools.r8.internal.PL::getValue (13 bytes)
Event: 17.530 Thread 0x0000020cff627800 nmethod 11279 0x0000020c81aad090 code [0x0000020c81aad240, 0x0000020c81aad378]
Event: 17.530 Thread 0x0000020cff627800 11293       2       java.lang.StringUTF16::compress (50 bytes)
Event: 17.530 Thread 0x0000020cff627800 nmethod 11293 0x0000020c81aad490 code [0x0000020c81aad640, 0x0000020c81aad7f8]
Event: 17.530 Thread 0x0000020cff627800 11292       2       java.lang.String::<init> (74 bytes)
Event: 17.531 Thread 0x0000020cff627800 nmethod 11292 0x0000020c81aad990 code [0x0000020c81aadb80, 0x0000020c81aadfb8]
Event: 17.531 Thread 0x0000020cff627800 11298       3       java.lang.StringUTF16::compress (50 bytes)
Event: 17.531 Thread 0x0000020cff627800 nmethod 11298 0x0000020c81aae190 code [0x0000020c81aae360, 0x0000020c81aae598]
Event: 17.531 Thread 0x0000020cff627800 11280       2       com.android.tools.r8.graph.Q2$$Lambda$1762/0x0000000100df7040::apply (16 bytes)
Event: 17.531 Thread 0x0000020cff627800 nmethod 11280 0x0000020c81aae710 code [0x0000020c81aae8e0, 0x0000020c81aaea98]
Event: 17.531 Thread 0x0000020cff627800 11281       2       com.android.tools.r8.graph.Q2::a (21 bytes)
Event: 17.531 Thread 0x0000020cff627800 nmethod 11281 0x0000020c81aaeb90 code [0x0000020c81aaed60, 0x0000020c81aaeeb8]
Event: 17.531 Thread 0x0000020cff627800 11282       2       com.android.tools.r8.internal.JO::test (8 bytes)
Event: 17.531 Thread 0x0000020cff627800 nmethod 11282 0x0000020c81aaef90 code [0x0000020c81aaf140, 0x0000020c81aaf268]
Event: 17.531 Thread 0x0000020cff627800 11299       2       com.android.tools.r8.graph.v2::a (977 bytes)

GC Heap History (20 events):
Event: 13.469 GC heap after
{Heap after GC invocations=30 (full 0):
 garbage-first heap   total 145408K, used 70507K [0x0000000080000000, 0x0000000100000000)
  region size 1024K, 6 young (6144K), 6 survivors (6144K)
 Metaspace       used 82095K, capacity 84054K, committed 84176K, reserved 1122304K
  class space    used 10713K, capacity 11486K, committed 11596K, reserved 1048576K
}
Event: 13.934 GC heap before
{Heap before GC invocations=30 (full 0):
 garbage-first heap   total 145408K, used 112491K [0x0000000080000000, 0x0000000100000000)
  region size 1024K, 47 young (48128K), 6 survivors (6144K)
 Metaspace       used 84500K, capacity 86507K, committed 86736K, reserved 1124352K
  class space    used 11017K, capacity 11804K, committed 11852K, reserved 1048576K
}
Event: 13.947 GC heap after
{Heap after GC invocations=31 (full 0):
 garbage-first heap   total 175104K, used 74375K [0x0000000080000000, 0x0000000100000000)
  region size 1024K, 6 young (6144K), 6 survivors (6144K)
 Metaspace       used 84500K, capacity 86507K, committed 86736K, reserved 1124352K
  class space    used 11017K, capacity 11804K, committed 11852K, reserved 1048576K
}
Event: 14.271 GC heap before
{Heap before GC invocations=32 (full 0):
 garbage-first heap   total 175104K, used 131719K [0x0000000080000000, 0x0000000100000000)
  region size 1024K, 62 young (63488K), 6 survivors (6144K)
 Metaspace       used 84867K, capacity 86983K, committed 87120K, reserved 1124352K
  class space    used 11057K, capacity 11875K, committed 11980K, reserved 1048576K
}
Event: 14.281 GC heap after
{Heap after GC invocations=33 (full 0):
 garbage-first heap   total 175104K, used 81452K [0x0000000080000000, 0x0000000100000000)
  region size 1024K, 8 young (8192K), 8 survivors (8192K)
 Metaspace       used 84867K, capacity 86983K, committed 87120K, reserved 1124352K
  class space    used 11057K, capacity 11875K, committed 11980K, reserved 1048576K
}
Event: 14.964 GC heap before
{Heap before GC invocations=33 (full 0):
 garbage-first heap   total 175104K, used 133676K [0x0000000080000000, 0x0000000100000000)
  region size 1024K, 60 young (61440K), 8 survivors (8192K)
 Metaspace       used 87441K, capacity 90001K, committed 90320K, reserved 1126400K
  class space    used 11560K, capacity 12520K, committed 12620K, reserved 1048576K
}
Event: 14.973 GC heap after
{Heap after GC invocations=34 (full 0):
 garbage-first heap   total 175104K, used 86202K [0x0000000080000000, 0x0000000100000000)
  region size 1024K, 5 young (5120K), 5 survivors (5120K)
 Metaspace       used 87441K, capacity 90001K, committed 90320K, reserved 1126400K
  class space    used 11560K, capacity 12520K, committed 12620K, reserved 1048576K
}
Event: 15.650 GC heap before
{Heap before GC invocations=34 (full 0):
 garbage-first heap   total 175104K, used 136378K [0x0000000080000000, 0x0000000100000000)
  region size 1024K, 55 young (56320K), 5 survivors (5120K)
 Metaspace       used 88086K, capacity 90803K, committed 90832K, reserved 1128448K
  class space    used 11605K, capacity 12619K, committed 12620K, reserved 1048576K
}
Event: 15.663 GC heap after
{Heap after GC invocations=35 (full 0):
 garbage-first heap   total 175104K, used 89603K [0x0000000080000000, 0x0000000100000000)
  region size 1024K, 4 young (4096K), 4 survivors (4096K)
 Metaspace       used 88086K, capacity 90803K, committed 90832K, reserved 1128448K
  class space    used 11605K, capacity 12619K, committed 12620K, reserved 1048576K
}
Event: 16.201 GC heap before
{Heap before GC invocations=36 (full 0):
 garbage-first heap   total 175104K, used 140803K [0x0000000080000000, 0x0000000100000000)
  region size 1024K, 54 young (55296K), 4 survivors (4096K)
 Metaspace       used 92148K, capacity 94768K, committed 94928K, reserved 1130496K
  class space    used 12082K, capacity 13085K, committed 13132K, reserved 1048576K
}
Event: 16.208 GC heap after
{Heap after GC invocations=37 (full 0):
 garbage-first heap   total 210944K, used 90500K [0x0000000080000000, 0x0000000100000000)
  region size 1024K, 5 young (5120K), 5 survivors (5120K)
 Metaspace       used 92148K, capacity 94768K, committed 94928K, reserved 1130496K
  class space    used 12082K, capacity 13085K, committed 13132K, reserved 1048576K
}
Event: 16.771 GC heap before
{Heap before GC invocations=37 (full 0):
 garbage-first heap   total 210944K, used 157060K [0x0000000080000000, 0x0000000100000000)
  region size 1024K, 72 young (73728K), 5 survivors (5120K)
 Metaspace       used 95265K, capacity 98072K, committed 98256K, reserved 1134592K
  class space    used 12468K, capacity 13533K, committed 13644K, reserved 1048576K
}
Event: 16.781 GC heap after
{Heap after GC invocations=38 (full 0):
 garbage-first heap   total 210944K, used 97040K [0x0000000080000000, 0x0000000100000000)
  region size 1024K, 9 young (9216K), 9 survivors (9216K)
 Metaspace       used 95265K, capacity 98072K, committed 98256K, reserved 1134592K
  class space    used 12468K, capacity 13533K, committed 13644K, reserved 1048576K
}
Event: 16.874 GC heap before
{Heap before GC invocations=38 (full 0):
 garbage-first heap   total 210944K, used 163600K [0x0000000080000000, 0x0000000100000000)
  region size 1024K, 73 young (74752K), 9 survivors (9216K)
 Metaspace       used 95741K, capacity 98537K, committed 98768K, reserved 1134592K
  class space    used 12523K, capacity 13581K, committed 13644K, reserved 1048576K
}
Event: 16.899 GC heap after
{Heap after GC invocations=39 (full 0):
 garbage-first heap   total 210944K, used 115065K [0x0000000080000000, 0x0000000100000000)
  region size 1024K, 10 young (10240K), 10 survivors (10240K)
 Metaspace       used 95741K, capacity 98537K, committed 98768K, reserved 1134592K
  class space    used 12523K, capacity 13581K, committed 13644K, reserved 1048576K
}
Event: 17.244 GC heap before
{Heap before GC invocations=39 (full 0):
 garbage-first heap   total 210944K, used 166265K [0x0000000080000000, 0x0000000100000000)
  region size 1024K, 61 young (62464K), 10 survivors (10240K)
 Metaspace       used 99054K, capacity 102266K, committed 102352K, reserved 1136640K
  class space    used 13078K, capacity 14337K, committed 14412K, reserved 1048576K
}
Event: 17.261 GC heap after
{Heap after GC invocations=40 (full 0):
 garbage-first heap   total 210944K, used 121215K [0x0000000080000000, 0x0000000100000000)
  region size 1024K, 8 young (8192K), 8 survivors (8192K)
 Metaspace       used 99054K, capacity 102266K, committed 102352K, reserved 1136640K
  class space    used 13078K, capacity 14337K, committed 14412K, reserved 1048576K
}
Event: 17.436 GC heap before
{Heap before GC invocations=41 (full 0):
 garbage-first heap   total 210944K, used 167295K [0x0000000080000000, 0x0000000100000000)
  region size 1024K, 53 young (54272K), 8 survivors (8192K)
 Metaspace       used 99014K, capacity 101845K, committed 102864K, reserved 1138688K
  class space    used 12973K, capacity 14080K, committed 14412K, reserved 1048576K
}
Event: 17.453 GC heap after
{Heap after GC invocations=42 (full 0):
 garbage-first heap   total 210944K, used 130497K [0x0000000080000000, 0x0000000100000000)
  region size 1024K, 7 young (7168K), 7 survivors (7168K)
 Metaspace       used 99014K, capacity 101845K, committed 102864K, reserved 1138688K
  class space    used 12973K, capacity 14080K, committed 14412K, reserved 1048576K
}
Event: 17.535 GC heap before
{Heap before GC invocations=42 (full 0):
 garbage-first heap   total 210944K, used 169409K [0x0000000080000000, 0x0000000100000000)
  region size 1024K, 45 young (46080K), 7 survivors (7168K)
 Metaspace       used 99583K, capacity 102597K, committed 103248K, reserved 1138688K
  class space    used 13093K, capacity 14270K, committed 14540K, reserved 1048576K
}

Deoptimization events (20 events):
Event: 17.530 Thread 0x0000020c97248000 Uncommon trap: trap_request=0xffffff4d fr.pc=0x0000020c87ae26a8 relative=0x0000000000000308
Event: 17.530 Thread 0x0000020c97248000 Uncommon trap: reason=unstable_if action=reinterpret pc=0x0000020c87ae26a8 method=java.lang.StringUTF16.compress([CI[BII)I @ 20 c2
Event: 17.530 Thread 0x0000020c97248000 DEOPT PACKING pc=0x0000020c87ae26a8 sp=0x0000006238ff9a30
Event: 17.530 Thread 0x0000020c97248000 DEOPT UNPACKING pc=0x0000020c8004a1af sp=0x0000006238ff99b0 mode 2
Event: 17.530 Thread 0x0000020c97248000 DEOPT PACKING pc=0x0000020c81aad76a sp=0x0000006238ff9bc0
Event: 17.531 Thread 0x0000020c97248000 DEOPT UNPACKING pc=0x0000020c8004a95e sp=0x0000006238ff9030 mode 0
Event: 17.531 Thread 0x0000020c9897f800 DEOPT PACKING pc=0x0000020c81aae51b sp=0x000000623a5f9570
Event: 17.531 Thread 0x0000020c9897f800 DEOPT UNPACKING pc=0x0000020c8004a95e sp=0x000000623a5f89e0 mode 0
Event: 17.531 Thread 0x0000020c97246800 DEOPT PACKING pc=0x0000020c81aae51b sp=0x00000062389f9650
Event: 17.531 Thread 0x0000020c97246800 DEOPT UNPACKING pc=0x0000020c8004a95e sp=0x00000062389f8ac0 mode 0
Event: 17.532 Thread 0x0000020c97246800 DEOPT PACKING pc=0x0000020c81aae51b sp=0x00000062389f9650
Event: 17.532 Thread 0x0000020c97246800 DEOPT UNPACKING pc=0x0000020c8004a95e sp=0x00000062389f8ac0 mode 0
Event: 17.533 Thread 0x0000020c9897f800 DEOPT PACKING pc=0x0000020c81aae51b sp=0x000000623a5f9130
Event: 17.533 Thread 0x0000020c9897f800 DEOPT UNPACKING pc=0x0000020c8004a95e sp=0x000000623a5f85a0 mode 0
Event: 17.533 Thread 0x0000020c97246800 DEOPT PACKING pc=0x0000020c81aae51b sp=0x00000062389f9ad0
Event: 17.533 Thread 0x0000020c97246800 DEOPT UNPACKING pc=0x0000020c8004a95e sp=0x00000062389f8f40 mode 0
Event: 17.533 Thread 0x0000020c9897f800 DEOPT PACKING pc=0x0000020c81aae51b sp=0x000000623a5f9570
Event: 17.533 Thread 0x0000020c9897f800 DEOPT UNPACKING pc=0x0000020c8004a95e sp=0x000000623a5f89e0 mode 0
Event: 17.534 Thread 0x0000020c97248000 DEOPT PACKING pc=0x0000020c81aae51b sp=0x0000006238ff9c40
Event: 17.534 Thread 0x0000020c97248000 DEOPT UNPACKING pc=0x0000020c8004a95e sp=0x0000006238ff90b0 mode 0

Classes redefined (0 events):
No events

Internal exceptions (20 events):
Event: 17.213 Thread 0x0000020c98abb800 Exception <a 'java/lang/NoSuchMethodError'{0x000000008a0b0a68}: 'java.lang.Object java.lang.invoke.DirectMethodHandle$Holder.invokeStatic(java.lang.Object, long)'> (0x000000008a0b0a68) thrown at [src/hotspot/share/interpreter/linkResolver.cpp, line 773]
Event: 17.213 Thread 0x0000020c98c95000 Exception <a 'java/lang/NoSuchMethodError'{0x000000008a0dc8f0}: 'java.lang.Object java.lang.invoke.DirectMethodHandle$Holder.invokeStatic(java.lang.Object, long)'> (0x000000008a0dc8f0) thrown at [src/hotspot/share/interpreter/linkResolver.cpp, line 773]
Event: 17.213 Thread 0x0000020c98ab2800 Exception <a 'java/lang/NoSuchMethodError'{0x0000000089e48790}: 'java.lang.Object java.lang.invoke.DirectMethodHandle$Holder.invokeStatic(java.lang.Object, long)'> (0x0000000089e48790) thrown at [src/hotspot/share/interpreter/linkResolver.cpp, line 773]
Event: 17.214 Thread 0x0000020c9897f800 Exception <a 'java/lang/NoSuchMethodError'{0x0000000089e32250}: 'java.lang.Object java.lang.invoke.DirectMethodHandle$Holder.invokeStatic(java.lang.Object, long)'> (0x0000000089e32250) thrown at [src/hotspot/share/interpreter/linkResolver.cpp, line 773]
Event: 17.214 Thread 0x0000020c988f9000 Exception <a 'java/lang/NoSuchMethodError'{0x000000008a1b77d8}: 'java.lang.Object java.lang.invoke.DirectMethodHandle$Holder.invokeStatic(java.lang.Object, long)'> (0x000000008a1b77d8) thrown at [src/hotspot/share/interpreter/linkResolver.cpp, line 773]
Event: 17.214 Thread 0x0000020c9528a800 Exception <a 'java/lang/NoSuchMethodError'{0x000000008a2c4c58}: 'java.lang.Object java.lang.invoke.DirectMethodHandle$Holder.invokeStatic(java.lang.Object, long)'> (0x000000008a2c4c58) thrown at [src/hotspot/share/interpreter/linkResolver.cpp, line 773]
Event: 17.214 Thread 0x0000020c98abb800 Exception <a 'java/lang/NoSuchMethodError'{0x0000000089e063e8}: 'java.lang.Object java.lang.invoke.DirectMethodHandle$Holder.invokeSpecial(java.lang.Object, java.lang.Object, long)'> (0x0000000089e063e8) thrown at [src/hotspot/share/interpreter/linkResolver.cpp, line 773]
Event: 17.214 Thread 0x0000020c98982000 Exception <a 'java/lang/NoSuchMethodError'{0x0000000089e2a4e8}: 'java.lang.Object java.lang.invoke.DirectMethodHandle$Holder.invokeSpecial(java.lang.Object, java.lang.Object, long)'> (0x0000000089e2a4e8) thrown at [src/hotspot/share/interpreter/linkResolver.cpp, line 773]
Event: 17.214 Thread 0x0000020c97248000 Exception <a 'java/lang/NoSuchMethodError'{0x000000008a2ed238}: 'java.lang.Object java.lang.invoke.DirectMethodHandle$Holder.invokeSpecial(java.lang.Object, java.lang.Object, long)'> (0x000000008a2ed238) thrown at [src/hotspot/share/interpreter/linkResolver.cpp, line 773]
Event: 17.214 Thread 0x0000020c9724a800 Exception <a 'java/lang/NoSuchMethodError'{0x0000000089e0c288}: 'java.lang.Object java.lang.invoke.DirectMethodHandle$Holder.invokeSpecial(java.lang.Object, java.lang.Object, long)'> (0x0000000089e0c288) thrown at [src/hotspot/share/interpreter/linkResolver.cpp, line 773]
Event: 17.214 Thread 0x0000020c98ab2800 Exception <a 'java/lang/NoSuchMethodError'{0x0000000089e4c2b8}: 'java.lang.Object java.lang.invoke.DirectMethodHandle$Holder.invokeSpecial(java.lang.Object, java.lang.Object, long)'> (0x0000000089e4c2b8) thrown at [src/hotspot/share/interpreter/linkResolver.cpp, line 773]
Event: 17.214 Thread 0x0000020c98c95000 Exception <a 'java/lang/NoSuchMethodError'{0x0000000089e20cb8}: 'java.lang.Object java.lang.invoke.DirectMethodHandle$Holder.invokeSpecial(java.lang.Object, java.lang.Object, long)'> (0x0000000089e20cb8) thrown at [src/hotspot/share/interpreter/linkResolver.cpp, line 773]
Event: 17.214 Thread 0x0000020c9528a800 Exception <a 'java/lang/NoSuchMethodError'{0x0000000089e5a4c8}: 'java.lang.Object java.lang.invoke.DirectMethodHandle$Holder.invokeSpecial(java.lang.Object, java.lang.Object, long)'> (0x0000000089e5a4c8) thrown at [src/hotspot/share/interpreter/linkResolver.cpp, line 773]
Event: 17.215 Thread 0x0000020c9897f800 Exception <a 'java/lang/NoSuchMethodError'{0x0000000089e35d78}: 'java.lang.Object java.lang.invoke.DirectMethodHandle$Holder.invokeSpecial(java.lang.Object, java.lang.Object, long)'> (0x0000000089e35d78) thrown at [src/hotspot/share/interpreter/linkResolver.cpp, line 773]
Event: 17.215 Thread 0x0000020c988f9000 Exception <a 'java/lang/NoSuchMethodError'{0x0000000089e4f7e8}: 'java.lang.Object java.lang.invoke.DirectMethodHandle$Holder.invokeSpecial(java.lang.Object, java.lang.Object, long)'> (0x0000000089e4f7e8) thrown at [src/hotspot/share/interpreter/linkResolver.cpp, line 773]
Event: 17.216 Thread 0x0000020c9897f800 Exception <a 'java/lang/NoSuchMethodError'{0x0000000089e39530}: 'java.lang.Object java.lang.invoke.Invokers$Holder.linkToTargetMethod(long, java.lang.Object)'> (0x0000000089e39530) thrown at [src/hotspot/share/interpreter/linkResolver.cpp, line 773]
Event: 17.216 Thread 0x0000020c98c95000 Exception <a 'java/lang/NoSuchMethodError'{0x0000000089e24c68}: 'java.lang.Object java.lang.invoke.Invokers$Holder.linkToTargetMethod(long, java.lang.Object)'> (0x0000000089e24c68) thrown at [src/hotspot/share/interpreter/linkResolver.cpp, line 773]
Event: 17.216 Thread 0x0000020c98ab2800 Exception <a 'java/lang/NoSuchMethodError'{0x0000000089e670f8}: 'java.lang.Object java.lang.invoke.Invokers$Holder.linkToTargetMethod(long, java.lang.Object)'> (0x0000000089e670f8) thrown at [src/hotspot/share/interpreter/linkResolver.cpp, line 773]
Event: 17.216 Thread 0x0000020c9528a800 Exception <a 'java/lang/NoSuchMethodError'{0x0000000089e70dc8}: 'java.lang.Object java.lang.invoke.Invokers$Holder.linkToTargetMethod(long, java.lang.Object)'> (0x0000000089e70dc8) thrown at [src/hotspot/share/interpreter/linkResolver.cpp, line 773]
Event: 17.216 Thread 0x0000020c988f9000 Exception <a 'java/lang/NoSuchMethodError'{0x0000000089e52fa0}: 'java.lang.Object java.lang.invoke.Invokers$Holder.linkToTargetMethod(long, java.lang.Object)'> (0x0000000089e52fa0) thrown at [src/hotspot/share/interpreter/linkResolver.cpp, line 773]

Events (20 events):
Event: 17.523 loading class com/android/tools/r8/internal/N3 done
Event: 17.523 loading class com/android/tools/r8/internal/N3
Event: 17.523 loading class com/android/tools/r8/internal/N3 done
Event: 17.526 loading class com/android/tools/r8/internal/UJ
Event: 17.526 loading class com/android/tools/r8/internal/UJ done
Event: 17.528 loading class com/android/tools/r8/internal/uk
Event: 17.528 loading class com/android/tools/r8/internal/uk done
Event: 17.529 loading class com/android/tools/r8/internal/Si
Event: 17.529 loading class com/android/tools/r8/internal/Si done
Event: 17.530 loading class com/android/tools/r8/internal/d6
Event: 17.530 loading class com/android/tools/r8/internal/d6 done
Event: 17.531 loading class com/android/tools/r8/internal/M20
Event: 17.531 loading class com/android/tools/r8/internal/M20 done
Event: 17.532 loading class com/android/tools/r8/internal/nP
Event: 17.532 loading class com/android/tools/r8/internal/nP done
Event: 17.533 loading class com/android/tools/r8/internal/dY
Event: 17.533 loading class com/android/tools/r8/internal/dY done
Event: 17.533 loading class com/android/tools/r8/internal/U60
Event: 17.533 loading class com/android/tools/r8/internal/U60 done
Event: 17.535 Executing VM operation: G1CollectForAllocation


Dynamic libraries:
0x00007ff6eb5a0000 - 0x00007ff6eb5aa000 	C:\Program Files\Android\Android Studio\jbr\bin\java.exe
0x00007ffe4e130000 - 0x00007ffe4e344000 	C:\WINDOWS\SYSTEM32\ntdll.dll
0x00007ffe4c7c0000 - 0x00007ffe4c882000 	C:\WINDOWS\System32\KERNEL32.DLL
0x00007ffe4b530000 - 0x00007ffe4b8d3000 	C:\WINDOWS\System32\KERNELBASE.dll
0x00007ffe4b960000 - 0x00007ffe4ba71000 	C:\WINDOWS\System32\ucrtbase.dll
0x00007ffe45a60000 - 0x00007ffe45a77000 	C:\Program Files\Android\Android Studio\jbr\bin\jli.dll
0x00007ffe43e10000 - 0x00007ffe43e2b000 	C:\Program Files\Android\Android Studio\jbr\bin\VCRUNTIME140.dll
0x00007ffe4c560000 - 0x00007ffe4c70b000 	C:\WINDOWS\System32\USER32.dll
0x00007ffe4baf0000 - 0x00007ffe4bb16000 	C:\WINDOWS\System32\win32u.dll
0x00007ffe4dab0000 - 0x00007ffe4dad9000 	C:\WINDOWS\System32\GDI32.dll
0x00007ffe30920000 - 0x00007ffe30bae000 	C:\WINDOWS\WinSxS\amd64_microsoft.windows.common-controls_6595b64144ccf1df_6.0.22621.1635_none_270f70857386168e\COMCTL32.dll
0x00007ffe4bc80000 - 0x00007ffe4bd99000 	C:\WINDOWS\System32\gdi32full.dll
0x00007ffe4d890000 - 0x00007ffe4d937000 	C:\WINDOWS\System32\msvcrt.dll
0x00007ffe4bb20000 - 0x00007ffe4bbba000 	C:\WINDOWS\System32\msvcp_win.dll
0x00007ffe4da70000 - 0x00007ffe4daa1000 	C:\WINDOWS\System32\IMM32.DLL
0x00007ffe45960000 - 0x00007ffe4596c000 	C:\Program Files\Android\Android Studio\jbr\bin\vcruntime140_1.dll
0x00007ffe1e140000 - 0x00007ffe1e1cd000 	C:\Program Files\Android\Android Studio\jbr\bin\msvcp140.dll
0x00007ffd8f9d0000 - 0x00007ffd9058c000 	C:\Program Files\Android\Android Studio\jbr\bin\server\jvm.dll
0x00007ffe4bfe0000 - 0x00007ffe4c08e000 	C:\WINDOWS\System32\ADVAPI32.dll
0x00007ffe4bf10000 - 0x00007ffe4bfb4000 	C:\WINDOWS\System32\sechost.dll
0x00007ffe4d520000 - 0x00007ffe4d637000 	C:\WINDOWS\System32\RPCRT4.dll
0x00007ffe4d860000 - 0x00007ffe4d868000 	C:\WINDOWS\System32\PSAPI.DLL
0x00007ffe44c80000 - 0x00007ffe44cb4000 	C:\WINDOWS\SYSTEM32\WINMM.dll
0x00007ffe3cb50000 - 0x00007ffe3cb59000 	C:\WINDOWS\SYSTEM32\WSOCK32.dll
0x00007ffe42860000 - 0x00007ffe4286a000 	C:\WINDOWS\SYSTEM32\VERSION.dll
0x00007ffe4d090000 - 0x00007ffe4d101000 	C:\WINDOWS\System32\WS2_32.dll
0x00007ffe4a580000 - 0x00007ffe4a598000 	C:\WINDOWS\SYSTEM32\kernel.appcore.dll
0x00007ffe3f500000 - 0x00007ffe3f510000 	C:\Program Files\Android\Android Studio\jbr\bin\verify.dll
0x00007ffe3fe10000 - 0x00007ffe4003e000 	C:\WINDOWS\SYSTEM32\DBGHELP.DLL
0x00007ffe4c1d0000 - 0x00007ffe4c559000 	C:\WINDOWS\System32\combase.dll
0x00007ffe4e010000 - 0x00007ffe4e0e7000 	C:\WINDOWS\System32\OLEAUT32.dll
0x00007ffe3cab0000 - 0x00007ffe3cae2000 	C:\WINDOWS\SYSTEM32\dbgcore.DLL
0x00007ffe4b8e0000 - 0x00007ffe4b95b000 	C:\WINDOWS\System32\bcryptPrimitives.dll
0x00007ffe261b0000 - 0x00007ffe261d8000 	C:\Program Files\Android\Android Studio\jbr\bin\java.dll
0x00007ffe3ba30000 - 0x00007ffe3ba3a000 	C:\Program Files\Android\Android Studio\jbr\bin\jimage.dll
0x00007ffe3b540000 - 0x00007ffe3b558000 	C:\Program Files\Android\Android Studio\jbr\bin\zip.dll
0x00007ffe4c890000 - 0x00007ffe4d08a000 	C:\WINDOWS\System32\SHELL32.dll
0x00007ffe49530000 - 0x00007ffe49dfe000 	C:\WINDOWS\SYSTEM32\windows.storage.dll
0x00007ffe493f0000 - 0x00007ffe4952e000 	C:\WINDOWS\SYSTEM32\wintypes.dll
0x00007ffe4d110000 - 0x00007ffe4d201000 	C:\WINDOWS\System32\SHCORE.dll
0x00007ffe4df60000 - 0x00007ffe4dfbe000 	C:\WINDOWS\System32\shlwapi.dll
0x00007ffe4b460000 - 0x00007ffe4b481000 	C:\WINDOWS\SYSTEM32\profapi.dll
0x00007ffe385a0000 - 0x00007ffe385b9000 	C:\Program Files\Android\Android Studio\jbr\bin\net.dll
0x00007ffe450a0000 - 0x00007ffe451d7000 	C:\WINDOWS\SYSTEM32\WINHTTP.dll
0x00007ffe4a9f0000 - 0x00007ffe4aa59000 	C:\WINDOWS\system32\mswsock.dll
0x00007ffe2fee0000 - 0x00007ffe2fef3000 	C:\Program Files\Android\Android Studio\jbr\bin\nio.dll
0x00007ffe2ffd0000 - 0x00007ffe2fff7000 	C:\Users\risha\.gradle\native\e1d6ef7f7dcc3fd88c89a11ec53ec762bb8ba0a96d01ffa2cd45eb1d1d8dd5c5\windows-amd64\native-platform.dll
0x00007ffdfce40000 - 0x00007ffdfcf84000 	C:\Users\risha\.gradle\native\0d407fdbe67a94daf76414ababcb853783967236a71b16ec16e742cd7a986fd3\windows-amd64\native-platform-file-events.dll
0x00007ffe40110000 - 0x00007ffe4011a000 	C:\Program Files\Android\Android Studio\jbr\bin\management.dll
0x00007ffe3ba20000 - 0x00007ffe3ba2b000 	C:\Program Files\Android\Android Studio\jbr\bin\management_ext.dll
0x00007ffe4ac50000 - 0x00007ffe4ac6b000 	C:\WINDOWS\SYSTEM32\CRYPTSP.dll
0x00007ffe4a4f0000 - 0x00007ffe4a525000 	C:\WINDOWS\system32\rsaenh.dll
0x00007ffe4aaf0000 - 0x00007ffe4ab18000 	C:\WINDOWS\SYSTEM32\USERENV.dll
0x00007ffe4ae10000 - 0x00007ffe4ae38000 	C:\WINDOWS\SYSTEM32\bcrypt.dll
0x00007ffe4ac70000 - 0x00007ffe4ac7c000 	C:\WINDOWS\SYSTEM32\CRYPTBASE.dll
0x00007ffe4a060000 - 0x00007ffe4a08d000 	C:\WINDOWS\SYSTEM32\IPHLPAPI.DLL
0x00007ffe4bfd0000 - 0x00007ffe4bfd9000 	C:\WINDOWS\System32\NSI.dll
0x00007ffe45850000 - 0x00007ffe45869000 	C:\WINDOWS\SYSTEM32\dhcpcsvc6.DLL
0x00007ffe44f90000 - 0x00007ffe44faf000 	C:\WINDOWS\SYSTEM32\dhcpcsvc.DLL
0x00007ffe4a0d0000 - 0x00007ffe4a1c3000 	C:\WINDOWS\SYSTEM32\DNSAPI.dll
0x00007ffe2c010000 - 0x00007ffe2c027000 	C:\WINDOWS\system32\napinsp.dll
0x00007ffe2bfd0000 - 0x00007ffe2bfeb000 	C:\WINDOWS\system32\pnrpnsp.dll
0x00007ffe2bfb0000 - 0x00007ffe2bfc1000 	C:\WINDOWS\System32\winrnr.dll
0x00007ffe44300000 - 0x00007ffe44315000 	C:\WINDOWS\system32\wshbth.dll
0x00007ffe2bee0000 - 0x00007ffe2bf01000 	C:\WINDOWS\system32\nlansp_c.dll
0x00007ffe3caf0000 - 0x00007ffe3cafa000 	C:\Windows\System32\rasadhlp.dll
0x00007ffe44270000 - 0x00007ffe442f4000 	C:\WINDOWS\System32\fwpuclnt.dll

dbghelp: loaded successfully - version: 4.0.5 - missing functions: none
symbol engine: initialized successfully - sym options: 0x614 - pdb path: .;C:\Program Files\Android\Android Studio\jbr\bin;C:\WINDOWS\SYSTEM32;C:\WINDOWS\WinSxS\amd64_microsoft.windows.common-controls_6595b64144ccf1df_6.0.22621.1635_none_270f70857386168e;C:\Program Files\Android\Android Studio\jbr\bin\server;C:\Users\risha\.gradle\native\e1d6ef7f7dcc3fd88c89a11ec53ec762bb8ba0a96d01ffa2cd45eb1d1d8dd5c5\windows-amd64;C:\Users\risha\.gradle\native\0d407fdbe67a94daf76414ababcb853783967236a71b16ec16e742cd7a986fd3\windows-amd64

VM Arguments:
jvm_args: --add-opens=java.base/java.util=ALL-UNNAMED --add-opens=java.base/java.lang=ALL-UNNAMED --add-opens=java.base/java.lang.invoke=ALL-UNNAMED --add-opens=java.base/java.util=ALL-UNNAMED --add-opens=java.prefs/java.util.prefs=ALL-UNNAMED --add-opens=java.prefs/java.util.prefs=ALL-UNNAMED --add-opens=java.base/java.nio.charset=ALL-UNNAMED --add-opens=java.base/java.net=ALL-UNNAMED --add-opens=java.base/java.util.concurrent.atomic=ALL-UNNAMED -Xmx2048m -Dfile.encoding=UTF-8 -Duser.country=IN -Duser.language=en -Duser.variant 
java_command: org.gradle.launcher.daemon.bootstrap.GradleDaemon 7.5
java_class_path (initial): C:\Users\risha\.gradle\wrapper\dists\gradle-7.5-bin\f1w0cc9nuo0eivz97x2xlu9sv\gradle-7.5\lib\gradle-launcher-7.5.jar
Launcher Type: SUN_STANDARD

[Global flags]
     intx CICompilerCount                          = 4                                         {product} {ergonomic}
     uint ConcGCThreads                            = 3                                         {product} {ergonomic}
     uint G1ConcRefinementThreads                  = 10                                        {product} {ergonomic}
   size_t G1HeapRegionSize                         = 1048576                                   {product} {ergonomic}
    uintx GCDrainStackTargetSize                   = 64                                        {product} {ergonomic}
   size_t InitialHeapSize                          = 123731968                                 {product} {ergonomic}
   size_t MarkStackSize                            = 4194304                                   {product} {ergonomic}
   size_t MaxHeapSize                              = 2147483648                                {product} {command line}
   size_t MaxNewSize                               = 1287651328                                {product} {ergonomic}
   size_t MinHeapDeltaBytes                        = 1048576                                   {product} {ergonomic}
    uintx NonNMethodCodeHeapSize                   = 5836300                                {pd product} {ergonomic}
    uintx NonProfiledCodeHeapSize                  = 122910970                              {pd product} {ergonomic}
    uintx ProfiledCodeHeapSize                     = 122910970                              {pd product} {ergonomic}
    uintx ReservedCodeCacheSize                    = 251658240                              {pd product} {ergonomic}
     bool SegmentedCodeCache                       = true                                      {product} {ergonomic}
     bool UseCompressedClassPointers               = true                                 {lp64_product} {ergonomic}
     bool UseCompressedOops                        = true                                 {lp64_product} {ergonomic}
     bool UseG1GC                                  = true                                      {product} {ergonomic}
     bool UseLargePagesIndividualAllocation        = false                                  {pd product} {ergonomic}

Logging:
Log output configuration:
 #0: stdout all=warning uptime,level,tags
 #1: stderr all=off uptime,level,tags

Environment Variables:
PATH=C:\Python311\Scripts\;C:\Python311\;C:\windows\system32;C:\windows;C:\windows\System32\Wbem;C:\windows\System32\WindowsPowerShell\v1.0\;C:\windows\System32\OpenSSH\;C:\Program Files (x86)\NVIDIA Corporation\PhysX\Common;C:\Program Files\NVIDIA Corporation\NVIDIA NvDLISR;C:\WINDOWS\system32;C:\WINDOWS;C:\WINDOWS\System32\Wbem;C:\WINDOWS\System32\WindowsPowerShell\v1.0\;C:\WINDOWS\System32\OpenSSH\;C:\MinGW\bin;C:\Program Files\Git\cmd;C:\Program Files\nodejs\;C:\ProgramData\chocolatey\bin;C:\Program Files\MySQL\MySQL Shell 8.0\bin\;C:\Users\risha\AppData\Local\Programs\Python\Python310\Scripts\;C:\Users\risha\AppData\Local\Programs\Python\Python310\;C:\Users\risha\AppData\Local\Microsoft\WindowsApps;;C:\Users\risha\AppData\Roaming\npm;;C:\Users\risha\AppData\Local\Programs\Microsoft VS Code\bin
USERNAME=risha
OS=Windows_NT
PROCESSOR_IDENTIFIER=AMD64 Family 23 Model 96 Stepping 1, AuthenticAMD



---------------  S Y S T E M  ---------------

OS: Windows 11 , 64 bit Build 22621 (10.0.22621.1778)
OS uptime: 16 days 18:32 hours

CPU:total 12 (initial active 12) (12 cores per cpu, 2 threads per core) family 23 model 96 stepping 1 microcode 0x0, cmov, cx8, fxsr, mmx, sse, sse2, sse3, ssse3, sse4.1, sse4.2, popcnt, avx, avx2, aes, clmul, mmxext, 3dnowpref, lzcnt, sse4a, ht, tsc, tscinvbit, tscinv, bmi1, bmi2, adx, sha, fma

Memory: 4k page, system-wide physical 7541M (15M free)
TotalPageFile size 31093M (AvailPageFile size 34M)
current process WorkingSet (physical memory assigned to process): 468M, peak: 470M
current process commit charge ("private bytes"): 614M, peak: 661M

vm_info: OpenJDK 64-Bit Server VM (11.0.15+0-b2043.56-9505619) for windows-amd64 JRE (11.0.15+0-b2043.56-9505619), built on Jan 19 2023 02:48:00 by "builduser" with unknown MS VC++:1929

END.
