#
# There is insufficient memory for the Java Runtime Environment to continue.
# Native memory allocation (mmap) failed to map 36700160 bytes for Failed to commit area from 0x000000008ab00000 to 0x000000008ce00000 of length 36700160.
# Possible reasons:
#   The system is out of physical RAM or swap space
#   The process is running with CompressedOops enabled, and the Java Heap may be blocking the growth of the native heap
# Possible solutions:
#   Reduce memory load on the system
#   Increase physical memory or swap space
#   Check if swap backing store is full
#   Decrease Java heap size (-Xmx/-Xms)
#   Decrease number of Java threads
#   Decrease Java thread stack sizes (-Xss)
#   Set larger code cache with -XX:ReservedCodeCacheSize=
#   JVM is running with Unscaled Compressed Oops mode in which the Java heap is
#     placed in the first 4GB address space. The Java Heap base address is the
#     maximum limit for the native heap growth. Please use -XX:HeapBaseMinAddress
#     to set the Java Heap base and to place the Java Heap above 4GB virtual address.
# This output file may be truncated or incomplete.
#
#  Out of Memory Error (src/hotspot/os/windows/os_windows.cpp:3627), pid=66084, tid=38864
#
# JRE version: OpenJDK Runtime Environment (11.0.15) (build 11.0.15+0-b2043.56-9505619)
# Java VM: OpenJDK 64-Bit Server VM (11.0.15+0-b2043.56-9505619, mixed mode, tiered, compressed oops, g1 gc, windows-amd64)
# No core dump will be written. Minidumps are not enabled by default on client versions of Windows
#

---------------  S U M M A R Y ------------

Command Line: --add-opens=java.base/java.util=ALL-UNNAMED --add-opens=java.base/java.lang=ALL-UNNAMED --add-opens=java.base/java.lang.invoke=ALL-UNNAMED --add-opens=java.base/java.util=ALL-UNNAMED --add-opens=java.prefs/java.util.prefs=ALL-UNNAMED --add-opens=java.prefs/java.util.prefs=ALL-UNNAMED --add-opens=java.base/java.nio.charset=ALL-UNNAMED --add-opens=java.base/java.net=ALL-UNNAMED --add-opens=java.base/java.util.concurrent.atomic=ALL-UNNAMED -Xmx2048m -Dfile.encoding=UTF-8 -Duser.country=IN -Duser.language=en -Duser.variant org.gradle.launcher.daemon.bootstrap.GradleDaemon 7.5

Host: AMD Ryzen 5 4600H with Radeon Graphics         , 12 cores, 7G,  Windows 11 , 64 bit Build 22621 (10.0.22621.1778)
Time: Sat Jul  8 01:43:09 2023 India Standard Time elapsed time: 19.734055 seconds (0d 0h 0m 19s)

---------------  T H R E A D  ---------------

Current thread (0x0000024525aa9800):  VMThread "VM Thread" [stack: 0x0000008eaa200000,0x0000008eaa300000] [id=38864]

Stack: [0x0000008eaa200000,0x0000008eaa300000]
[error occurred during error reporting (printing stack bounds), id 0xc0000005, EXCEPTION_ACCESS_VIOLATION (0xc0000005) at pc=0x000002450ece112d]

Native frames: (J=compiled Java code, j=interpreted, Vv=VM code, C=native code)
V  [jvm.dll+0x64135a]
V  [jvm.dll+0x7d39f9]
V  [jvm.dll+0x7d51b9]
V  [jvm.dll+0x7d5805]
V  [jvm.dll+0x7d57bb]
V  [jvm.dll+0x640655]
V  [jvm.dll+0x640d68]
C  [ntdll.dll+0xa3cff]
C  [ntdll.dll+0x1e456]
C  [ntdll.dll+0xa2cee]
C  0x000002450ece112d

VM_Operation (0x0000008eadffa970): G1CollectForAllocation, mode: safepoint, requested by thread 0x000002452b0c3800


---------------  P R O C E S S  ---------------

Threads class SMR info:
_java_thread_list=0x000002453063c530, length=183, elements={
0x000002450b1c4800, 0x0000024525aaf000, 0x0000024525aba800, 0x0000024525ac7800,
0x0000024525ac8800, 0x0000024525acc000, 0x0000024525acf000, 0x0000024525ad0800,
0x000002452642a800, 0x0000024526585000, 0x0000024528665800, 0x0000024527aea800,
0x000002452705d000, 0x0000024526f27800, 0x0000024527050800, 0x00000245285fa800,
0x0000024527284800, 0x0000024527f34000, 0x0000024527f4b000, 0x00000245284b2800,
0x00000245284b7000, 0x00000245284b8800, 0x00000245284b6000, 0x00000245284b9800,
0x00000245284b4800, 0x00000245284b5000, 0x00000245284b7800, 0x00000245284b3800,
0x0000024526f2c000, 0x0000024526f29800, 0x0000024526f2a000, 0x0000024526f2e000,
0x0000024526f2c800, 0x0000024526f30000, 0x0000024526f2d800, 0x0000024526f2f000,
0x0000024526f30800, 0x0000024526f2b000, 0x0000024526f33000, 0x0000024526f34000,
0x0000024526f36800, 0x0000024526f32800, 0x0000024526f35800, 0x0000024526f34800,
0x0000024526f37000, 0x0000024526f31800, 0x000002452b0c5000, 0x000002452b0c6000,
0x000002452b0c3800, 0x000002452b0c6800, 0x000002452b0c7800, 0x000002452b0c4000,
0x000002452b0c8800, 0x000002452b0c2800, 0x000002452b0cc800, 0x000002452b0cf000,
0x000002452b0c9000, 0x000002452b0cb800, 0x000002452b0cd000, 0x000002452b0cf800,
0x000002452b0ca000, 0x000002452b0ca800, 0x000002452b0ce000, 0x000002452b0d0800,
0x000002452b0d1800, 0x000002452c4f1800, 0x000002452c4f7000, 0x000002452c4f8000,
0x000002452c4f2000, 0x000002452c4f4000, 0x000002452c4f9000, 0x000002452c4f3000,
0x000002452c4f9800, 0x000002452c4f4800, 0x000002452c4fb000, 0x000002452c4fa800,
0x000002452c4f5800, 0x000002452c4fc000, 0x000002452c4f6800, 0x000002452c4fd000,
0x000002452c4fe800, 0x000002452c4fd800, 0x000002452c4ff800, 0x000002452c500000,
0x000002452af90800, 0x000002452af91800, 0x000002452af90000, 0x000002452af92800,
0x000002452af8e800, 0x000002452af93000, 0x000002452af94000, 0x000002452af95000,
0x000002452af8f000, 0x000002452af98000, 0x000002452af95800, 0x000002452af9a800,
0x000002452af99000, 0x000002452af9b800, 0x000002452af9c000, 0x000002452af96800,
0x000002452af99800, 0x000002452af9d000, 0x000002452af97800, 0x000002452c4ac000,
0x000002452c4ac800, 0x000002452c4ad800, 0x000002452c4aa800, 0x000002452c4ae800,
0x000002452c4af000, 0x000002452c4ab000, 0x000002452c4b3800, 0x000002452c4b1800,
0x000002452c4b0000, 0x000002452c4b2800, 0x000002452c4b4000, 0x000002452c4b5000,
0x000002452c4b1000, 0x000002452c4b5800, 0x000002452c4b8000, 0x000002452c4b9000,
0x000002452c4b6800, 0x000002452c4b7800, 0x000002452b0ad800, 0x000002452b0ac800,
0x000002452b0ae800, 0x000002452b0b0000, 0x000002452b0ac000, 0x000002452b0aa000,
0x000002452b0b1000, 0x000002452b0ab000, 0x000002452b0af000, 0x000002452b0b1800,
0x000002452b0b7800, 0x000002452b0b8000, 0x000002452b0b2800, 0x000002452b0b9000,
0x000002452b0b3000, 0x000002452b0b6800, 0x000002452b0b4000, 0x000002452b0b5000,
0x000002452b0b5800, 0x000002452b087800, 0x000002452b088800, 0x000002452b08c000,
0x000002452b087000, 0x000002452b08a000, 0x000002452b089800, 0x000002452b08b000,
0x000002452b086000, 0x000002452b092800, 0x000002452b090800, 0x000002452b090000,
0x000002452b08d800, 0x000002452b091800, 0x000002452b08c800, 0x000002452b093000,
0x000002452b094000, 0x000002452b08e800, 0x000002452b095000, 0x000002452b08f000,
0x0000024528e26000, 0x0000024528e23000, 0x0000024528e24000, 0x0000024528e24800,
0x0000024528e22000, 0x0000024528e21800, 0x0000024528e20800, 0x000002452ca0e800,
0x000002452d1d1800, 0x0000024528e2b000, 0x0000024528e27000, 0x0000024528e25800,
0x0000024528e2c000, 0x0000024528e2d000, 0x0000024528e29800, 0x0000024528e28000,
0x0000024528e28800, 0x0000024528e2d800, 0x0000024528e2e800, 0x0000024528e2f000,
0x0000024530827800, 0x0000024530829000, 0x000002453082b800
}

Java Threads: ( => current thread )
  0x000002450b1c4800 JavaThread "main" [_thread_blocked, id=6092, stack(0x0000008ea9c00000,0x0000008ea9d00000)]
  0x0000024525aaf000 JavaThread "Reference Handler" daemon [_thread_blocked, id=67244, stack(0x0000008eaa300000,0x0000008eaa400000)]
  0x0000024525aba800 JavaThread "Finalizer" daemon [_thread_blocked, id=58016, stack(0x0000008eaa400000,0x0000008eaa500000)]
  0x0000024525ac7800 JavaThread "Signal Dispatcher" daemon [_thread_blocked, id=51552, stack(0x0000008eaa500000,0x0000008eaa600000)]
  0x0000024525ac8800 JavaThread "Attach Listener" daemon [_thread_blocked, id=29228, stack(0x0000008eaa600000,0x0000008eaa700000)]
  0x0000024525acc000 JavaThread "Service Thread" daemon [_thread_blocked, id=69596, stack(0x0000008eaa700000,0x0000008eaa800000)]
  0x0000024525acf000 JavaThread "C2 CompilerThread0" daemon [_thread_blocked, id=46064, stack(0x0000008eaa800000,0x0000008eaa900000)]
  0x0000024525ad0800 JavaThread "C1 CompilerThread0" daemon [_thread_blocked, id=70100, stack(0x0000008eaa900000,0x0000008eaaa00000)]
  0x000002452642a800 JavaThread "Sweeper thread" daemon [_thread_blocked, id=40584, stack(0x0000008eaaa00000,0x0000008eaab00000)]
  0x0000024526585000 JavaThread "Common-Cleaner" daemon [_thread_blocked, id=57604, stack(0x0000008eaab00000,0x0000008eaac00000)]
  0x0000024528665800 JavaThread "Daemon health stats" [_thread_blocked, id=61676, stack(0x0000008eaae00000,0x0000008eaaf00000)]
  0x0000024527aea800 JavaThread "Incoming local TCP Connector on port 58032" [_thread_in_native, id=49272, stack(0x0000008eaaf00000,0x0000008eab000000)]
  0x000002452705d000 JavaThread "Daemon periodic checks" [_thread_blocked, id=37120, stack(0x0000008eab000000,0x0000008eab100000)]
  0x0000024526f27800 JavaThread "Daemon" [_thread_blocked, id=71196, stack(0x0000008eab100000,0x0000008eab200000)]
  0x0000024527050800 JavaThread "Handler for socket connection from /127.0.0.1:58032 to /127.0.0.1:58033" [_thread_in_native, id=7076, stack(0x0000008eab200000,0x0000008eab300000)]
  0x00000245285fa800 JavaThread "Cancel handler" [_thread_blocked, id=26648, stack(0x0000008eab300000,0x0000008eab400000)]
  0x0000024527284800 JavaThread "Daemon worker" [_thread_blocked, id=70736, stack(0x0000008eab400000,0x0000008eab500000)]
  0x0000024527f34000 JavaThread "Asynchronous log dispatcher for DefaultDaemonConnection: socket connection from /127.0.0.1:58032 to /127.0.0.1:58033" [_thread_blocked, id=68688, stack(0x0000008eab500000,0x0000008eab600000)]
  0x0000024527f4b000 JavaThread "Stdin handler" [_thread_blocked, id=30644, stack(0x0000008eab600000,0x0000008eab700000)]
  0x00000245284b2800 JavaThread "Daemon client event forwarder" [_thread_blocked, id=20924, stack(0x0000008eab700000,0x0000008eab800000)]
  0x00000245284b7000 JavaThread "Cache worker for journal cache (C:\Users\risha\.gradle\caches\journal-1)" [_thread_blocked, id=46628, stack(0x0000008eac100000,0x0000008eac200000)]
  0x00000245284b8800 JavaThread "File lock request listener" [_thread_in_native, id=28928, stack(0x0000008eac200000,0x0000008eac300000)]
  0x00000245284b6000 JavaThread "Cache worker for file hash cache (C:\Users\risha\.gradle\caches\7.5\fileHashes)" [_thread_blocked, id=70256, stack(0x0000008eac500000,0x0000008eac600000)]
  0x00000245284b9800 JavaThread "File watcher server" daemon [_thread_blocked, id=59232, stack(0x0000008eac600000,0x0000008eac700000)]
  0x00000245284b4800 JavaThread "File watcher consumer" daemon [_thread_blocked, id=71472, stack(0x0000008eac700000,0x0000008eac800000)]
  0x00000245284b5000 JavaThread "Cache worker for checksums cache (R:\Android Studio Projects\.gradle\7.5\checksums)" [_thread_blocked, id=67224, stack(0x0000008eac800000,0x0000008eac900000)]
  0x00000245284b7800 JavaThread "Cache worker for cache directory md-rule (C:\Users\risha\.gradle\caches\7.5\md-rule)" [_thread_blocked, id=3904, stack(0x0000008eac900000,0x0000008eaca00000)]
  0x00000245284b3800 JavaThread "Cache worker for file content cache (C:\Users\risha\.gradle\caches\7.5\fileContent)" [_thread_blocked, id=71636, stack(0x0000008eaca00000,0x0000008eacb00000)]
  0x0000024526f2c000 JavaThread "Cache worker for file hash cache (R:\Android Studio Projects\.gradle\7.5\fileHashes)" [_thread_blocked, id=58416, stack(0x0000008eacb00000,0x0000008eacc00000)]
  0x0000024526f29800 JavaThread "Cache worker for cache directory md-supplier (C:\Users\risha\.gradle\caches\7.5\md-supplier)" [_thread_blocked, id=11208, stack(0x0000008eacc00000,0x0000008eacd00000)]
  0x0000024526f2a000 JavaThread "Cache worker for execution history cache (C:\Users\risha\.gradle\caches\7.5\executionHistory)" [_thread_blocked, id=50856, stack(0x0000008eacd00000,0x0000008eace00000)]
  0x0000024526f2e000 JavaThread "jar transforms" [_thread_blocked, id=3352, stack(0x0000008eace00000,0x0000008eacf00000)]
  0x0000024526f2c800 JavaThread "jar transforms Thread 2" [_thread_blocked, id=43200, stack(0x0000008eacf00000,0x0000008ead000000)]
  0x0000024526f30000 JavaThread "jar transforms Thread 3" [_thread_blocked, id=43364, stack(0x0000008ead000000,0x0000008ead100000)]
  0x0000024526f2d800 JavaThread "jar transforms Thread 4" [_thread_blocked, id=48400, stack(0x0000008ead100000,0x0000008ead200000)]
  0x0000024526f2f000 JavaThread "Cache worker for dependencies-accessors (R:\Android Studio Projects\.gradle\7.5\dependencies-accessors)" [_thread_blocked, id=62776, stack(0x0000008ead200000,0x0000008ead300000)]
  0x0000024526f30800 JavaThread "jar transforms Thread 5" [_thread_blocked, id=21124, stack(0x0000008ead300000,0x0000008ead400000)]
  0x0000024526f2b000 JavaThread "Cache worker for Build Output Cleanup Cache (R:\Android Studio Projects\.gradle\buildOutputCleanup)" [_thread_blocked, id=33368, stack(0x0000008ead400000,0x0000008ead500000)]
  0x0000024526f33000 JavaThread "Unconstrained build operations" [_thread_blocked, id=66128, stack(0x0000008ead500000,0x0000008ead600000)]
  0x0000024526f34000 JavaThread "Unconstrained build operations Thread 2" [_thread_blocked, id=28324, stack(0x0000008ead600000,0x0000008ead700000)]
  0x0000024526f36800 JavaThread "Unconstrained build operations Thread 3" [_thread_blocked, id=42212, stack(0x0000008ead700000,0x0000008ead800000)]
  0x0000024526f32800 JavaThread "Unconstrained build operations Thread 4" [_thread_blocked, id=71344, stack(0x0000008ead800000,0x0000008ead900000)]
  0x0000024526f35800 JavaThread "Unconstrained build operations Thread 5" [_thread_blocked, id=66400, stack(0x0000008ead900000,0x0000008eada00000)]
  0x0000024526f34800 JavaThread "Unconstrained build operations Thread 6" [_thread_blocked, id=67100, stack(0x0000008eada00000,0x0000008eadb00000)]
  0x0000024526f37000 JavaThread "Unconstrained build operations Thread 7" [_thread_blocked, id=68604, stack(0x0000008eadb00000,0x0000008eadc00000)]
  0x0000024526f31800 JavaThread "Unconstrained build operations Thread 8" [_thread_blocked, id=59100, stack(0x0000008eadc00000,0x0000008eadd00000)]
  0x000002452b0c5000 JavaThread "Unconstrained build operations Thread 9" [_thread_blocked, id=50968, stack(0x0000008eadd00000,0x0000008eade00000)]
  0x000002452b0c6000 JavaThread "Unconstrained build operations Thread 10" [_thread_blocked, id=61596, stack(0x0000008eade00000,0x0000008eadf00000)]
  0x000002452b0c3800 JavaThread "Unconstrained build operations Thread 11" [_thread_blocked, id=57520, stack(0x0000008eadf00000,0x0000008eae000000)]
  0x000002452b0c6800 JavaThread "Unconstrained build operations Thread 12" [_thread_blocked, id=66420, stack(0x0000008eae000000,0x0000008eae100000)]
  0x000002452b0c7800 JavaThread "Unconstrained build operations Thread 13" [_thread_blocked, id=71668, stack(0x0000008eae100000,0x0000008eae200000)]
  0x000002452b0c4000 JavaThread "Unconstrained build operations Thread 14" [_thread_blocked, id=55092, stack(0x0000008eae200000,0x0000008eae300000)]
  0x000002452b0c8800 JavaThread "Unconstrained build operations Thread 15" [_thread_blocked, id=61088, stack(0x0000008eae300000,0x0000008eae400000)]
  0x000002452b0c2800 JavaThread "Unconstrained build operations Thread 16" [_thread_blocked, id=25832, stack(0x0000008eae400000,0x0000008eae500000)]
  0x000002452b0cc800 JavaThread "Unconstrained build operations Thread 17" [_thread_blocked, id=44096, stack(0x0000008eae500000,0x0000008eae600000)]
  0x000002452b0cf000 JavaThread "Unconstrained build operations Thread 18" [_thread_blocked, id=37036, stack(0x0000008eae600000,0x0000008eae700000)]
  0x000002452b0c9000 JavaThread "Unconstrained build operations Thread 19" [_thread_blocked, id=19664, stack(0x0000008eae700000,0x0000008eae800000)]
  0x000002452b0cb800 JavaThread "Unconstrained build operations Thread 20" [_thread_blocked, id=17336, stack(0x0000008eae800000,0x0000008eae900000)]
  0x000002452b0cd000 JavaThread "Unconstrained build operations Thread 21" [_thread_blocked, id=71220, stack(0x0000008eae900000,0x0000008eaea00000)]
  0x000002452b0cf800 JavaThread "Unconstrained build operations Thread 22" [_thread_blocked, id=69216, stack(0x0000008eaea00000,0x0000008eaeb00000)]
  0x000002452b0ca000 JavaThread "Unconstrained build operations Thread 23" [_thread_blocked, id=10464, stack(0x0000008eaeb00000,0x0000008eaec00000)]
  0x000002452b0ca800 JavaThread "Unconstrained build operations Thread 24" [_thread_blocked, id=3368, stack(0x0000008eaec00000,0x0000008eaed00000)]
  0x000002452b0ce000 JavaThread "Unconstrained build operations Thread 25" [_thread_blocked, id=39344, stack(0x0000008eaed00000,0x0000008eaee00000)]
  0x000002452b0d0800 JavaThread "Unconstrained build operations Thread 26" [_thread_blocked, id=25084, stack(0x0000008eaee00000,0x0000008eaef00000)]
  0x000002452b0d1800 JavaThread "Unconstrained build operations Thread 27" [_thread_blocked, id=68660, stack(0x0000008eaef00000,0x0000008eaf000000)]
  0x000002452c4f1800 JavaThread "Unconstrained build operations Thread 28" [_thread_blocked, id=20644, stack(0x0000008eaf000000,0x0000008eaf100000)]
  0x000002452c4f7000 JavaThread "Unconstrained build operations Thread 29" [_thread_blocked, id=51924, stack(0x0000008eaf100000,0x0000008eaf200000)]
  0x000002452c4f8000 JavaThread "Unconstrained build operations Thread 30" [_thread_blocked, id=6832, stack(0x0000008eaf200000,0x0000008eaf300000)]
  0x000002452c4f2000 JavaThread "Unconstrained build operations Thread 31" [_thread_blocked, id=12696, stack(0x0000008eaf300000,0x0000008eaf400000)]
  0x000002452c4f4000 JavaThread "Unconstrained build operations Thread 32" [_thread_blocked, id=27528, stack(0x0000008eaf400000,0x0000008eaf500000)]
  0x000002452c4f9000 JavaThread "Unconstrained build operations Thread 33" [_thread_blocked, id=69968, stack(0x0000008eaf500000,0x0000008eaf600000)]
  0x000002452c4f3000 JavaThread "Unconstrained build operations Thread 34" [_thread_blocked, id=60396, stack(0x0000008eaf600000,0x0000008eaf700000)]
  0x000002452c4f9800 JavaThread "Unconstrained build operations Thread 35" [_thread_blocked, id=70912, stack(0x0000008eaf700000,0x0000008eaf800000)]
  0x000002452c4f4800 JavaThread "Unconstrained build operations Thread 36" [_thread_blocked, id=39104, stack(0x0000008eaf800000,0x0000008eaf900000)]
  0x000002452c4fb000 JavaThread "Unconstrained build operations Thread 37" [_thread_blocked, id=15112, stack(0x0000008eaf900000,0x0000008eafa00000)]
  0x000002452c4fa800 JavaThread "Unconstrained build operations Thread 38" [_thread_blocked, id=18360, stack(0x0000008eafa00000,0x0000008eafb00000)]
  0x000002452c4f5800 JavaThread "Unconstrained build operations Thread 39" [_thread_blocked, id=70732, stack(0x0000008eafb00000,0x0000008eafc00000)]
  0x000002452c4fc000 JavaThread "Unconstrained build operations Thread 40" [_thread_blocked, id=15180, stack(0x0000008eafc00000,0x0000008eafd00000)]
  0x000002452c4f6800 JavaThread "Unconstrained build operations Thread 41" [_thread_blocked, id=69344, stack(0x0000008eafd00000,0x0000008eafe00000)]
  0x000002452c4fd000 JavaThread "Unconstrained build operations Thread 42" [_thread_blocked, id=14256, stack(0x0000008eafe00000,0x0000008eaff00000)]
  0x000002452c4fe800 JavaThread "Unconstrained build operations Thread 43" [_thread_blocked, id=69508, stack(0x0000008eaff00000,0x0000008eb0000000)]
  0x000002452c4fd800 JavaThread "Unconstrained build operations Thread 44" [_thread_blocked, id=2108, stack(0x0000008eb0000000,0x0000008eb0100000)]
  0x000002452c4ff800 JavaThread "Unconstrained build operations Thread 45" [_thread_blocked, id=40192, stack(0x0000008eb0100000,0x0000008eb0200000)]
  0x000002452c500000 JavaThread "Unconstrained build operations Thread 46" [_thread_blocked, id=68488, stack(0x0000008eb0200000,0x0000008eb0300000)]
  0x000002452af90800 JavaThread "Unconstrained build operations Thread 47" [_thread_blocked, id=32908, stack(0x0000008eb0300000,0x0000008eb0400000)]
  0x000002452af91800 JavaThread "Unconstrained build operations Thread 48" [_thread_blocked, id=51124, stack(0x0000008eb0400000,0x0000008eb0500000)]
  0x000002452af90000 JavaThread "Unconstrained build operations Thread 49" [_thread_blocked, id=69444, stack(0x0000008eb0500000,0x0000008eb0600000)]
  0x000002452af92800 JavaThread "Unconstrained build operations Thread 50" [_thread_blocked, id=5084, stack(0x0000008eb0600000,0x0000008eb0700000)]
  0x000002452af8e800 JavaThread "Unconstrained build operations Thread 51" [_thread_blocked, id=14552, stack(0x0000008eb0700000,0x0000008eb0800000)]
  0x000002452af93000 JavaThread "Unconstrained build operations Thread 52" [_thread_blocked, id=69656, stack(0x0000008eb0800000,0x0000008eb0900000)]
  0x000002452af94000 JavaThread "Unconstrained build operations Thread 53" [_thread_blocked, id=62320, stack(0x0000008eb0900000,0x0000008eb0a00000)]
  0x000002452af95000 JavaThread "Unconstrained build operations Thread 54" [_thread_blocked, id=45572, stack(0x0000008eb0a00000,0x0000008eb0b00000)]
  0x000002452af8f000 JavaThread "Unconstrained build operations Thread 55" [_thread_blocked, id=36032, stack(0x0000008eb0b00000,0x0000008eb0c00000)]
  0x000002452af98000 JavaThread "Unconstrained build operations Thread 56" [_thread_blocked, id=68352, stack(0x0000008eb0c00000,0x0000008eb0d00000)]
  0x000002452af95800 JavaThread "Unconstrained build operations Thread 57" [_thread_blocked, id=69000, stack(0x0000008eb0d00000,0x0000008eb0e00000)]
  0x000002452af9a800 JavaThread "Unconstrained build operations Thread 58" [_thread_blocked, id=40432, stack(0x0000008eb0e00000,0x0000008eb0f00000)]
  0x000002452af99000 JavaThread "Unconstrained build operations Thread 59" [_thread_blocked, id=30556, stack(0x0000008eb0f00000,0x0000008eb1000000)]
  0x000002452af9b800 JavaThread "Unconstrained build operations Thread 60" [_thread_blocked, id=70980, stack(0x0000008eb1000000,0x0000008eb1100000)]
  0x000002452af9c000 JavaThread "Unconstrained build operations Thread 61" [_thread_blocked, id=60820, stack(0x0000008eb1100000,0x0000008eb1200000)]
  0x000002452af96800 JavaThread "Unconstrained build operations Thread 62" [_thread_blocked, id=18388, stack(0x0000008eb1200000,0x0000008eb1300000)]
  0x000002452af99800 JavaThread "Unconstrained build operations Thread 63" [_thread_blocked, id=68984, stack(0x0000008eb1300000,0x0000008eb1400000)]
  0x000002452af9d000 JavaThread "Unconstrained build operations Thread 64" [_thread_blocked, id=67452, stack(0x0000008eb1400000,0x0000008eb1500000)]
  0x000002452af97800 JavaThread "Unconstrained build operations Thread 65" [_thread_blocked, id=69280, stack(0x0000008eb1500000,0x0000008eb1600000)]
  0x000002452c4ac000 JavaThread "Unconstrained build operations Thread 66" [_thread_blocked, id=2164, stack(0x0000008eb1600000,0x0000008eb1700000)]
  0x000002452c4ac800 JavaThread "Unconstrained build operations Thread 67" [_thread_blocked, id=35924, stack(0x0000008eb1700000,0x0000008eb1800000)]
  0x000002452c4ad800 JavaThread "Unconstrained build operations Thread 68" [_thread_blocked, id=70396, stack(0x0000008eb1800000,0x0000008eb1900000)]
  0x000002452c4aa800 JavaThread "Unconstrained build operations Thread 69" [_thread_blocked, id=20932, stack(0x0000008eb1900000,0x0000008eb1a00000)]
  0x000002452c4ae800 JavaThread "Unconstrained build operations Thread 70" [_thread_blocked, id=19252, stack(0x0000008eb1a00000,0x0000008eb1b00000)]
  0x000002452c4af000 JavaThread "Unconstrained build operations Thread 71" [_thread_blocked, id=43684, stack(0x0000008eb1b00000,0x0000008eb1c00000)]
  0x000002452c4ab000 JavaThread "Unconstrained build operations Thread 72" [_thread_blocked, id=29976, stack(0x0000008eb1c00000,0x0000008eb1d00000)]
  0x000002452c4b3800 JavaThread "Unconstrained build operations Thread 73" [_thread_blocked, id=10092, stack(0x0000008eb1d00000,0x0000008eb1e00000)]
  0x000002452c4b1800 JavaThread "Unconstrained build operations Thread 74" [_thread_blocked, id=41616, stack(0x0000008eb1e00000,0x0000008eb1f00000)]
  0x000002452c4b0000 JavaThread "Unconstrained build operations Thread 75" [_thread_blocked, id=38368, stack(0x0000008eb1f00000,0x0000008eb2000000)]
  0x000002452c4b2800 JavaThread "Unconstrained build operations Thread 76" [_thread_blocked, id=54496, stack(0x0000008eb2000000,0x0000008eb2100000)]
  0x000002452c4b4000 JavaThread "Unconstrained build operations Thread 77" [_thread_blocked, id=51872, stack(0x0000008eb2100000,0x0000008eb2200000)]
  0x000002452c4b5000 JavaThread "Unconstrained build operations Thread 78" [_thread_blocked, id=53912, stack(0x0000008eb2200000,0x0000008eb2300000)]
  0x000002452c4b1000 JavaThread "Unconstrained build operations Thread 79" [_thread_blocked, id=18204, stack(0x0000008eb2300000,0x0000008eb2400000)]
  0x000002452c4b5800 JavaThread "Unconstrained build operations Thread 80" [_thread_blocked, id=49928, stack(0x0000008eb2400000,0x0000008eb2500000)]
  0x000002452c4b8000 JavaThread "Unconstrained build operations Thread 81" [_thread_blocked, id=47488, stack(0x0000008eb2500000,0x0000008eb2600000)]
  0x000002452c4b9000 JavaThread "Unconstrained build operations Thread 82" [_thread_blocked, id=69812, stack(0x0000008eb2600000,0x0000008eb2700000)]
  0x000002452c4b6800 JavaThread "Unconstrained build operations Thread 83" [_thread_blocked, id=56160, stack(0x0000008eb2700000,0x0000008eb2800000)]
  0x000002452c4b7800 JavaThread "Unconstrained build operations Thread 84" [_thread_blocked, id=36372, stack(0x0000008eb2800000,0x0000008eb2900000)]
  0x000002452b0ad800 JavaThread "Unconstrained build operations Thread 85" [_thread_blocked, id=15080, stack(0x0000008eb2900000,0x0000008eb2a00000)]
  0x000002452b0ac800 JavaThread "Unconstrained build operations Thread 86" [_thread_blocked, id=53432, stack(0x0000008eb2a00000,0x0000008eb2b00000)]
  0x000002452b0ae800 JavaThread "Unconstrained build operations Thread 87" [_thread_blocked, id=66424, stack(0x0000008eb2b00000,0x0000008eb2c00000)]
  0x000002452b0b0000 JavaThread "Unconstrained build operations Thread 88" [_thread_blocked, id=70820, stack(0x0000008eb2c00000,0x0000008eb2d00000)]
  0x000002452b0ac000 JavaThread "Unconstrained build operations Thread 89" [_thread_blocked, id=69840, stack(0x0000008eb2d00000,0x0000008eb2e00000)]
  0x000002452b0aa000 JavaThread "Unconstrained build operations Thread 90" [_thread_blocked, id=71092, stack(0x0000008eb2e00000,0x0000008eb2f00000)]
  0x000002452b0b1000 JavaThread "Unconstrained build operations Thread 91" [_thread_blocked, id=65544, stack(0x0000008eb2f00000,0x0000008eb3000000)]
  0x000002452b0ab000 JavaThread "Unconstrained build operations Thread 92" [_thread_blocked, id=59544, stack(0x0000008eb3000000,0x0000008eb3100000)]
  0x000002452b0af000 JavaThread "Unconstrained build operations Thread 93" [_thread_blocked, id=20420, stack(0x0000008eb3100000,0x0000008eb3200000)]
  0x000002452b0b1800 JavaThread "Unconstrained build operations Thread 94" [_thread_blocked, id=70744, stack(0x0000008eb3200000,0x0000008eb3300000)]
  0x000002452b0b7800 JavaThread "Unconstrained build operations Thread 95" [_thread_blocked, id=59308, stack(0x0000008eb3300000,0x0000008eb3400000)]
  0x000002452b0b8000 JavaThread "Unconstrained build operations Thread 96" [_thread_blocked, id=47432, stack(0x0000008eb3400000,0x0000008eb3500000)]
  0x000002452b0b2800 JavaThread "Unconstrained build operations Thread 97" [_thread_blocked, id=55108, stack(0x0000008eb3500000,0x0000008eb3600000)]
  0x000002452b0b9000 JavaThread "Unconstrained build operations Thread 98" [_thread_blocked, id=66600, stack(0x0000008eb3600000,0x0000008eb3700000)]
  0x000002452b0b3000 JavaThread "Unconstrained build operations Thread 99" [_thread_blocked, id=67384, stack(0x0000008eb3700000,0x0000008eb3800000)]
  0x000002452b0b6800 JavaThread "Unconstrained build operations Thread 100" [_thread_blocked, id=67364, stack(0x0000008eb3800000,0x0000008eb3900000)]
  0x000002452b0b4000 JavaThread "Unconstrained build operations Thread 101" [_thread_blocked, id=56856, stack(0x0000008eb3900000,0x0000008eb3a00000)]
  0x000002452b0b5000 JavaThread "Unconstrained build operations Thread 102" [_thread_blocked, id=7840, stack(0x0000008eb3a00000,0x0000008eb3b00000)]
  0x000002452b0b5800 JavaThread "Unconstrained build operations Thread 103" [_thread_blocked, id=46976, stack(0x0000008eb3b00000,0x0000008eb3c00000)]
  0x000002452b087800 JavaThread "Unconstrained build operations Thread 104" [_thread_blocked, id=36136, stack(0x0000008eb3c00000,0x0000008eb3d00000)]
  0x000002452b088800 JavaThread "Unconstrained build operations Thread 105" [_thread_blocked, id=12628, stack(0x0000008eb3d00000,0x0000008eb3e00000)]
  0x000002452b08c000 JavaThread "Unconstrained build operations Thread 106" [_thread_blocked, id=52592, stack(0x0000008eb3e00000,0x0000008eb3f00000)]
  0x000002452b087000 JavaThread "Unconstrained build operations Thread 107" [_thread_blocked, id=40944, stack(0x0000008eb3f00000,0x0000008eb4000000)]
  0x000002452b08a000 JavaThread "Unconstrained build operations Thread 108" [_thread_blocked, id=70112, stack(0x0000008eb4000000,0x0000008eb4100000)]
  0x000002452b089800 JavaThread "Unconstrained build operations Thread 109" [_thread_blocked, id=35888, stack(0x0000008eb4100000,0x0000008eb4200000)]
  0x000002452b08b000 JavaThread "Unconstrained build operations Thread 110" [_thread_blocked, id=53480, stack(0x0000008eb4200000,0x0000008eb4300000)]
  0x000002452b086000 JavaThread "Unconstrained build operations Thread 111" [_thread_blocked, id=70664, stack(0x0000008eb4300000,0x0000008eb4400000)]
  0x000002452b092800 JavaThread "Unconstrained build operations Thread 112" [_thread_blocked, id=69920, stack(0x0000008eb4400000,0x0000008eb4500000)]
  0x000002452b090800 JavaThread "Unconstrained build operations Thread 113" [_thread_blocked, id=61300, stack(0x0000008eb4500000,0x0000008eb4600000)]
  0x000002452b090000 JavaThread "Unconstrained build operations Thread 114" [_thread_blocked, id=26528, stack(0x0000008eb4600000,0x0000008eb4700000)]
  0x000002452b08d800 JavaThread "Unconstrained build operations Thread 115" [_thread_blocked, id=21164, stack(0x0000008eb4700000,0x0000008eb4800000)]
  0x000002452b091800 JavaThread "Unconstrained build operations Thread 116" [_thread_blocked, id=69880, stack(0x0000008eb4800000,0x0000008eb4900000)]
  0x000002452b08c800 JavaThread "Unconstrained build operations Thread 117" [_thread_blocked, id=69788, stack(0x0000008eb4900000,0x0000008eb4a00000)]
  0x000002452b093000 JavaThread "Unconstrained build operations Thread 118" [_thread_blocked, id=15496, stack(0x0000008eb4a00000,0x0000008eb4b00000)]
  0x000002452b094000 JavaThread "Unconstrained build operations Thread 119" [_thread_blocked, id=32280, stack(0x0000008eb4b00000,0x0000008eb4c00000)]
  0x000002452b08e800 JavaThread "Unconstrained build operations Thread 120" [_thread_blocked, id=23380, stack(0x0000008eb4c00000,0x0000008eb4d00000)]
  0x000002452b095000 JavaThread "jar transforms Thread 6" [_thread_blocked, id=24896, stack(0x0000008eb4d00000,0x0000008eb4e00000)]
  0x000002452b08f000 JavaThread "jar transforms Thread 7" [_thread_blocked, id=53236, stack(0x0000008eb4e00000,0x0000008eb4f00000)]
  0x0000024528e26000 JavaThread "jar transforms Thread 8" [_thread_blocked, id=53620, stack(0x0000008eb4f00000,0x0000008eb5000000)]
  0x0000024528e23000 JavaThread "jar transforms Thread 9" [_thread_blocked, id=70044, stack(0x0000008eb5000000,0x0000008eb5100000)]
  0x0000024528e24000 JavaThread "jar transforms Thread 10" [_thread_blocked, id=69708, stack(0x0000008eb5100000,0x0000008eb5200000)]
  0x0000024528e24800 JavaThread "jar transforms Thread 11" [_thread_blocked, id=28248, stack(0x0000008eb5200000,0x0000008eb5300000)]
  0x0000024528e22000 JavaThread "jar transforms Thread 12" [_thread_blocked, id=35392, stack(0x0000008eb5300000,0x0000008eb5400000)]
  0x0000024528e21800 JavaThread "build event listener" [_thread_blocked, id=52608, stack(0x0000008eb5400000,0x0000008eb5500000)]
  0x0000024528e20800 JavaThread "Memory manager" [_thread_blocked, id=67280, stack(0x0000008eb5500000,0x0000008eb5600000)]
  0x000002452ca0e800 JavaThread "C2 CompilerThread1" daemon [_thread_blocked, id=70084, stack(0x0000008eb5600000,0x0000008eb5700000)]
  0x000002452d1d1800 JavaThread "C2 CompilerThread2" daemon [_thread_blocked, id=44044, stack(0x0000008eb5700000,0x0000008eb5800000)]
  0x0000024528e2b000 JavaThread "included builds" [_thread_blocked, id=69168, stack(0x0000008eb5800000,0x0000008eb5900000)]
  0x0000024528e27000 JavaThread "Execution worker" [_thread_blocked, id=32008, stack(0x0000008eb5900000,0x0000008eb5a00000)]
  0x0000024528e25800 JavaThread "Execution worker Thread 2" [_thread_blocked, id=17020, stack(0x0000008eb5a00000,0x0000008eb5b00000)]
  0x0000024528e2c000 JavaThread "Execution worker Thread 3" [_thread_blocked, id=33224, stack(0x0000008eb5b00000,0x0000008eb5c00000)]
  0x0000024528e2d000 JavaThread "Execution worker Thread 4" [_thread_blocked, id=48224, stack(0x0000008eb5c00000,0x0000008eb5d00000)]
  0x0000024528e29800 JavaThread "Execution worker Thread 5" [_thread_blocked, id=69316, stack(0x0000008eb5d00000,0x0000008eb5e00000)]
  0x0000024528e28000 JavaThread "Execution worker Thread 6" [_thread_blocked, id=42748, stack(0x0000008eb5e00000,0x0000008eb5f00000)]
  0x0000024528e28800 JavaThread "Execution worker Thread 7" [_thread_blocked, id=26604, stack(0x0000008eb5f00000,0x0000008eb6000000)]
  0x0000024528e2d800 JavaThread "Execution worker Thread 8" [_thread_blocked, id=66480, stack(0x0000008eb6000000,0x0000008eb6100000)]
  0x0000024528e2e800 JavaThread "Execution worker Thread 9" [_thread_blocked, id=60048, stack(0x0000008eb6100000,0x0000008eb6200000)]
  0x0000024528e2f000 JavaThread "Execution worker Thread 10" [_thread_blocked, id=16656, stack(0x0000008eb6200000,0x0000008eb6300000)]
  0x0000024530827800 JavaThread "Execution worker Thread 11" [_thread_blocked, id=70268, stack(0x0000008eb6300000,0x0000008eb6400000)]
  0x0000024530829000 JavaThread "Cache worker for execution history cache (R:\Android Studio Projects\.gradle\7.5\executionHistory)" [_thread_blocked, id=13024, stack(0x0000008eb6400000,0x0000008eb6500000)]
  0x000002453082b800 JavaThread "WorkerExecutor Queue" [_thread_blocked, id=47724, stack(0x0000008eb6500000,0x0000008eb6600000)]

Other Threads:
=>0x0000024525aa9800 VMThread "VM Thread" [stack: 0x0000008eaa200000,0x0000008eaa300000] [id=38864]
  0x00000245265ac800 WatcherThread [stack: 0x0000008eaac00000,0x0000008eaad00000] [id=71012]
  0x000002450b1d9800 GCTaskThread "GC Thread#0" [stack: 0x0000008ea9d00000,0x0000008ea9e00000] [id=20880]
  0x0000024527134000 GCTaskThread "GC Thread#1" [stack: 0x0000008eaad00000,0x0000008eaae00000] [id=67620]
  0x0000024528596000 GCTaskThread "GC Thread#2" [stack: 0x0000008eab800000,0x0000008eab900000] [id=62652]
  0x000002452848c000 GCTaskThread "GC Thread#3" [stack: 0x0000008eab900000,0x0000008eaba00000] [id=55476]
  0x0000024527e8f800 GCTaskThread "GC Thread#4" [stack: 0x0000008eaba00000,0x0000008eabb00000] [id=64728]
  0x0000024527e90000 GCTaskThread "GC Thread#5" [stack: 0x0000008eabb00000,0x0000008eabc00000] [id=59584]
  0x0000024527d41000 GCTaskThread "GC Thread#6" [stack: 0x0000008eabc00000,0x0000008eabd00000] [id=59040]
  0x0000024527326800 GCTaskThread "GC Thread#7" [stack: 0x0000008eabd00000,0x0000008eabe00000] [id=63708]
  0x0000024527327000 GCTaskThread "GC Thread#8" [stack: 0x0000008eabe00000,0x0000008eabf00000] [id=41748]
  0x00000245278bc800 GCTaskThread "GC Thread#9" [stack: 0x0000008eabf00000,0x0000008eac000000] [id=11892]
  0x000002450b20c000 ConcurrentGCThread "G1 Main Marker" [stack: 0x0000008ea9e00000,0x0000008ea9f00000] [id=17256]
  0x000002450b20e800 ConcurrentGCThread "G1 Conc#0" [stack: 0x0000008ea9f00000,0x0000008eaa000000] [id=66908]
  0x000002452858e000 ConcurrentGCThread "G1 Conc#1" [stack: 0x0000008eac300000,0x0000008eac400000] [id=23452]
  0x000002452876d800 ConcurrentGCThread "G1 Conc#2" [stack: 0x0000008eac400000,0x0000008eac500000] [id=59328]
  0x00000245258f7800 ConcurrentGCThread "G1 Refine#0" [stack: 0x0000008eaa000000,0x0000008eaa100000] [id=41016]
  0x0000024526a6e000 ConcurrentGCThread "G1 Refine#1" [stack: 0x0000008eac000000,0x0000008eac100000] [id=1420]
  0x00000245258f8000 ConcurrentGCThread "G1 Young RemSet Sampling" [stack: 0x0000008eaa100000,0x0000008eaa200000] [id=24364]

Threads with active compile tasks:
C2 CompilerThread0    19759 10888       4       com.google.common.collect.MapMakerInternalMap::putIfAbsent (29 bytes)
C1 CompilerThread0    19759 10906       3       com.android.builder.dexing.D8DiagnosticsHandler::getOrigin (65 bytes)
C2 CompilerThread1    19759 10886   !   4       com.google.common.collect.MapMakerInternalMap$Segment::put (298 bytes)
C2 CompilerThread2    19759 10897       4       java.util.zip.ZipFile$Source::getEntryPos (206 bytes)

VM state:at safepoint (normal execution)

VM Mutex/Monitor currently owned by a thread:  ([mutex/lock_event])
[0x000002450b1c1770] Threads_lock - owner thread: 0x0000024525aa9800
[0x000002450b1c16e0] Heap_lock - owner thread: 0x000002452b0c3800

Heap address: 0x0000000080000000, size: 2048 MB, Compressed Oops mode: 32-bit
Narrow klass base: 0x0000000000000000, Narrow klass shift: 3
Compressed class space size: 1073741824 Address: 0x0000000100000000

Heap:
 garbage-first heap   total 210944K, used 100213K [0x0000000080000000, 0x0000000100000000)
  region size 1024K, 7 young (7168K), 7 survivors (7168K)
 Metaspace       used 94697K, capacity 97263K, committed 97584K, reserved 1134592K
  class space    used 12309K, capacity 13277K, committed 13440K, reserved 1048576K
Heap Regions: E=young(eden), S=young(survivor), O=old, HS=humongous(starts), HC=humongous(continues), CS=collection set, F=free, A=archive, TAMS=top-at-mark-start (previous, next)
|   0|0x0000000080000000, 0x0000000080100000, 0x0000000080100000|100%| O|  |TAMS 0x0000000080100000, 0x0000000080000000| Untracked 
|   1|0x0000000080100000, 0x0000000080200000, 0x0000000080200000|100%| O|  |TAMS 0x0000000080200000, 0x0000000080100000| Untracked 
|   2|0x0000000080200000, 0x0000000080300000, 0x0000000080300000|100%| O|  |TAMS 0x0000000080300000, 0x0000000080200000| Untracked 
|   3|0x0000000080300000, 0x0000000080400000, 0x0000000080400000|100%|HS|  |TAMS 0x0000000080400000, 0x0000000080300000| Complete 
|   4|0x0000000080400000, 0x0000000080500000, 0x0000000080500000|100%|HC|  |TAMS 0x0000000080500000, 0x0000000080400000| Complete 
|   5|0x0000000080500000, 0x0000000080600000, 0x0000000080600000|100%|HC|  |TAMS 0x0000000080600000, 0x0000000080500000| Complete 
|   6|0x0000000080600000, 0x0000000080700000, 0x0000000080700000|100%| O|  |TAMS 0x0000000080700000, 0x0000000080600000| Untracked 
|   7|0x0000000080700000, 0x0000000080800000, 0x0000000080800000|100%| O|  |TAMS 0x0000000080800000, 0x0000000080700000| Untracked 
|   8|0x0000000080800000, 0x0000000080900000, 0x0000000080900000|100%| O|  |TAMS 0x0000000080900000, 0x0000000080800000| Untracked 
|   9|0x0000000080900000, 0x0000000080a00000, 0x0000000080a00000|100%| O|  |TAMS 0x0000000080a00000, 0x0000000080900000| Untracked 
|  10|0x0000000080a00000, 0x0000000080b00000, 0x0000000080b00000|100%| O|  |TAMS 0x0000000080b00000, 0x0000000080a00000| Untracked 
|  11|0x0000000080b00000, 0x0000000080c00000, 0x0000000080c00000|100%| O|  |TAMS 0x0000000080c00000, 0x0000000080b00000| Untracked 
|  12|0x0000000080c00000, 0x0000000080d00000, 0x0000000080d00000|100%| O|  |TAMS 0x0000000080d00000, 0x0000000080c00000| Untracked 
|  13|0x0000000080d00000, 0x0000000080e00000, 0x0000000080e00000|100%| O|  |TAMS 0x0000000080e00000, 0x0000000080d00000| Untracked 
|  14|0x0000000080e00000, 0x0000000080f00000, 0x0000000080f00000|100%| O|  |TAMS 0x0000000080f00000, 0x0000000080e00000| Untracked 
|  15|0x0000000080f00000, 0x0000000081000000, 0x0000000081000000|100%| O|  |TAMS 0x0000000081000000, 0x0000000080f00000| Untracked 
|  16|0x0000000081000000, 0x0000000081100000, 0x0000000081100000|100%| O|  |TAMS 0x0000000081100000, 0x0000000081000000| Untracked 
|  17|0x0000000081100000, 0x0000000081200000, 0x0000000081200000|100%|HS|  |TAMS 0x0000000081200000, 0x0000000081100000| Complete 
|  18|0x0000000081200000, 0x0000000081300000, 0x0000000081300000|100%| O|  |TAMS 0x0000000081300000, 0x0000000081200000| Untracked 
|  19|0x0000000081300000, 0x0000000081400000, 0x0000000081400000|100%| O|  |TAMS 0x0000000081400000, 0x0000000081300000| Untracked 
|  20|0x0000000081400000, 0x0000000081500000, 0x0000000081500000|100%| O|  |TAMS 0x0000000081500000, 0x0000000081400000| Untracked 
|  21|0x0000000081500000, 0x0000000081600000, 0x0000000081600000|100%| O|  |TAMS 0x0000000081600000, 0x0000000081500000| Untracked 
|  22|0x0000000081600000, 0x0000000081700000, 0x0000000081700000|100%| O|  |TAMS 0x0000000081700000, 0x0000000081600000| Untracked 
|  23|0x0000000081700000, 0x0000000081800000, 0x0000000081800000|100%| O|  |TAMS 0x0000000081800000, 0x0000000081700000| Untracked 
|  24|0x0000000081800000, 0x0000000081900000, 0x0000000081900000|100%| O|  |TAMS 0x0000000081900000, 0x0000000081800000| Untracked 
|  25|0x0000000081900000, 0x0000000081a00000, 0x0000000081a00000|100%| O|  |TAMS 0x0000000081a00000, 0x0000000081900000| Untracked 
|  26|0x0000000081a00000, 0x0000000081b00000, 0x0000000081b00000|100%| O|  |TAMS 0x0000000081b00000, 0x0000000081a00000| Untracked 
|  27|0x0000000081b00000, 0x0000000081c00000, 0x0000000081c00000|100%| O|  |TAMS 0x0000000081c00000, 0x0000000081b00000| Untracked 
|  28|0x0000000081c00000, 0x0000000081d00000, 0x0000000081d00000|100%| O|  |TAMS 0x0000000081d00000, 0x0000000081c00000| Untracked 
|  29|0x0000000081d00000, 0x0000000081e00000, 0x0000000081e00000|100%|HS|  |TAMS 0x0000000081e00000, 0x0000000081d00000| Complete 
|  30|0x0000000081e00000, 0x0000000081f00000, 0x0000000081f00000|100%|HC|  |TAMS 0x0000000081f00000, 0x0000000081e00000| Complete 
|  31|0x0000000081f00000, 0x0000000082000000, 0x0000000082000000|100%|HS|  |TAMS 0x0000000082000000, 0x0000000081f00000| Complete 
|  32|0x0000000082000000, 0x0000000082100000, 0x0000000082100000|100%|HS|  |TAMS 0x0000000082100000, 0x0000000082000000| Complete 
|  33|0x0000000082100000, 0x0000000082200000, 0x0000000082200000|100%|HC|  |TAMS 0x0000000082200000, 0x0000000082100000| Complete 
|  34|0x0000000082200000, 0x0000000082300000, 0x0000000082300000|100%|HC|  |TAMS 0x0000000082300000, 0x0000000082200000| Complete 
|  35|0x0000000082300000, 0x0000000082400000, 0x0000000082400000|100%|HC|  |TAMS 0x0000000082400000, 0x0000000082300000| Complete 
|  36|0x0000000082400000, 0x0000000082500000, 0x0000000082500000|100%| O|  |TAMS 0x0000000082500000, 0x0000000082400000| Untracked 
|  37|0x0000000082500000, 0x0000000082600000, 0x0000000082600000|100%| O|  |TAMS 0x0000000082600000, 0x0000000082500000| Untracked 
|  38|0x0000000082600000, 0x0000000082700000, 0x0000000082700000|100%| O|  |TAMS 0x0000000082700000, 0x0000000082600000| Untracked 
|  39|0x0000000082700000, 0x0000000082800000, 0x0000000082800000|100%| O|  |TAMS 0x0000000082800000, 0x0000000082700000| Untracked 
|  40|0x0000000082800000, 0x0000000082900000, 0x0000000082900000|100%| O|  |TAMS 0x0000000082900000, 0x0000000082800000| Untracked 
|  41|0x0000000082900000, 0x0000000082a00000, 0x0000000082a00000|100%| O|  |TAMS 0x0000000082a00000, 0x0000000082900000| Untracked 
|  42|0x0000000082a00000, 0x0000000082b00000, 0x0000000082b00000|100%| O|  |TAMS 0x0000000082b00000, 0x0000000082a00000| Untracked 
|  43|0x0000000082b00000, 0x0000000082c00000, 0x0000000082c00000|100%| O|  |TAMS 0x0000000082c00000, 0x0000000082b00000| Untracked 
|  44|0x0000000082c00000, 0x0000000082d00000, 0x0000000082d00000|100%| O|  |TAMS 0x0000000082d00000, 0x0000000082c00000| Untracked 
|  45|0x0000000082d00000, 0x0000000082e00000, 0x0000000082e00000|100%| O|  |TAMS 0x0000000082e00000, 0x0000000082d00000| Untracked 
|  46|0x0000000082e00000, 0x0000000082f00000, 0x0000000082f00000|100%| O|  |TAMS 0x0000000082f00000, 0x0000000082e00000| Untracked 
|  47|0x0000000082f00000, 0x0000000083000000, 0x0000000083000000|100%| O|  |TAMS 0x0000000083000000, 0x0000000082f00000| Untracked 
|  48|0x0000000083000000, 0x0000000083100000, 0x0000000083100000|100%| O|  |TAMS 0x0000000083100000, 0x0000000083000000| Untracked 
|  49|0x0000000083100000, 0x0000000083200000, 0x0000000083200000|100%| O|  |TAMS 0x0000000083200000, 0x0000000083100000| Untracked 
|  50|0x0000000083200000, 0x0000000083300000, 0x0000000083300000|100%| O|  |TAMS 0x0000000083300000, 0x0000000083200000| Untracked 
|  51|0x0000000083300000, 0x0000000083400000, 0x0000000083400000|100%| O|  |TAMS 0x0000000083400000, 0x0000000083300000| Untracked 
|  52|0x0000000083400000, 0x0000000083500000, 0x0000000083500000|100%| O|  |TAMS 0x0000000083500000, 0x0000000083400000| Untracked 
|  53|0x0000000083500000, 0x0000000083600000, 0x0000000083600000|100%| O|  |TAMS 0x0000000083600000, 0x0000000083500000| Untracked 
|  54|0x0000000083600000, 0x0000000083700000, 0x0000000083700000|100%| O|  |TAMS 0x0000000083700000, 0x0000000083600000| Untracked 
|  55|0x0000000083700000, 0x0000000083800000, 0x0000000083800000|100%| O|  |TAMS 0x0000000083800000, 0x0000000083700000| Untracked 
|  56|0x0000000083800000, 0x0000000083900000, 0x0000000083900000|100%| O|  |TAMS 0x0000000083900000, 0x0000000083800000| Untracked 
|  57|0x0000000083900000, 0x0000000083a00000, 0x0000000083a00000|100%| O|  |TAMS 0x0000000083a00000, 0x0000000083900000| Untracked 
|  58|0x0000000083a00000, 0x0000000083b00000, 0x0000000083b00000|100%| O|  |TAMS 0x0000000083b00000, 0x0000000083a00000| Untracked 
|  59|0x0000000083b00000, 0x0000000083c00000, 0x0000000083c00000|100%| O|  |TAMS 0x0000000083c00000, 0x0000000083b00000| Untracked 
|  60|0x0000000083c00000, 0x0000000083d00000, 0x0000000083d00000|100%| O|  |TAMS 0x0000000083d00000, 0x0000000083c00000| Untracked 
|  61|0x0000000083d00000, 0x0000000083e00000, 0x0000000083e00000|100%| O|  |TAMS 0x0000000083e00000, 0x0000000083d00000| Untracked 
|  62|0x0000000083e00000, 0x0000000083f00000, 0x0000000083f00000|100%| O|  |TAMS 0x0000000083f00000, 0x0000000083e00000| Untracked 
|  63|0x0000000083f00000, 0x0000000084000000, 0x0000000084000000|100%| O|  |TAMS 0x0000000084000000, 0x0000000083f00000| Untracked 
|  64|0x0000000084000000, 0x0000000084100000, 0x0000000084100000|100%| O|  |TAMS 0x0000000084100000, 0x0000000084000000| Untracked 
|  65|0x0000000084100000, 0x0000000084200000, 0x0000000084200000|100%| O|  |TAMS 0x0000000084200000, 0x0000000084100000| Untracked 
|  66|0x0000000084200000, 0x0000000084300000, 0x0000000084300000|100%| O|  |TAMS 0x0000000084300000, 0x0000000084200000| Untracked 
|  67|0x0000000084300000, 0x0000000084400000, 0x0000000084400000|100%| O|  |TAMS 0x0000000084400000, 0x0000000084300000| Untracked 
|  68|0x0000000084400000, 0x0000000084500000, 0x0000000084500000|100%| O|  |TAMS 0x0000000084500000, 0x0000000084400000| Untracked 
|  69|0x0000000084500000, 0x0000000084600000, 0x0000000084600000|100%| O|  |TAMS 0x0000000084600000, 0x0000000084500000| Untracked 
|  70|0x0000000084600000, 0x0000000084700000, 0x0000000084700000|100%| O|  |TAMS 0x0000000084700000, 0x0000000084600000| Untracked 
|  71|0x0000000084700000, 0x0000000084800000, 0x0000000084800000|100%| O|  |TAMS 0x0000000084800000, 0x0000000084700000| Untracked 
|  72|0x0000000084800000, 0x0000000084900000, 0x0000000084900000|100%| O|  |TAMS 0x0000000084900000, 0x0000000084800000| Untracked 
|  73|0x0000000084900000, 0x0000000084a00000, 0x0000000084a00000|100%| O|  |TAMS 0x0000000084a00000, 0x0000000084900000| Untracked 
|  74|0x0000000084a00000, 0x0000000084b00000, 0x0000000084b00000|100%| O|  |TAMS 0x0000000084b00000, 0x0000000084a00000| Untracked 
|  75|0x0000000084b00000, 0x0000000084c00000, 0x0000000084c00000|100%| O|  |TAMS 0x0000000084c00000, 0x0000000084b00000| Untracked 
|  76|0x0000000084c00000, 0x0000000084d00000, 0x0000000084d00000|100%| O|  |TAMS 0x0000000084d00000, 0x0000000084c00000| Untracked 
|  77|0x0000000084d00000, 0x0000000084e00000, 0x0000000084e00000|100%| O|  |TAMS 0x0000000084e00000, 0x0000000084d00000| Untracked 
|  78|0x0000000084e00000, 0x0000000084f00000, 0x0000000084f00000|100%| O|  |TAMS 0x0000000084f00000, 0x0000000084e00000| Untracked 
|  79|0x0000000084f00000, 0x0000000085000000, 0x0000000085000000|100%| O|  |TAMS 0x0000000085000000, 0x0000000084f00000| Untracked 
|  80|0x0000000085000000, 0x0000000085100000, 0x0000000085100000|100%| O|  |TAMS 0x0000000085100000, 0x0000000085000000| Untracked 
|  81|0x0000000085100000, 0x0000000085200000, 0x0000000085200000|100%| O|  |TAMS 0x0000000085200000, 0x0000000085100000| Untracked 
|  82|0x0000000085200000, 0x0000000085300000, 0x0000000085300000|100%| O|  |TAMS 0x0000000085300000, 0x0000000085200000| Untracked 
|  83|0x0000000085300000, 0x0000000085400000, 0x0000000085400000|100%| O|  |TAMS 0x0000000085400000, 0x0000000085300000| Untracked 
|  84|0x0000000085400000, 0x0000000085500000, 0x0000000085500000|100%| O|  |TAMS 0x0000000085500000, 0x0000000085400000| Untracked 
|  85|0x0000000085500000, 0x0000000085600000, 0x0000000085600000|100%| O|  |TAMS 0x0000000085600000, 0x0000000085500000| Untracked 
|  86|0x0000000085600000, 0x0000000085700000, 0x0000000085700000|100%| O|  |TAMS 0x0000000085700000, 0x0000000085600000| Untracked 
|  87|0x0000000085700000, 0x0000000085800000, 0x0000000085800000|100%| O|  |TAMS 0x00000000857a5400, 0x0000000085700000| Untracked 
|  88|0x0000000085800000, 0x0000000085900000, 0x0000000085900000|100%| O|  |TAMS 0x0000000085800000, 0x0000000085800000| Untracked 
|  89|0x0000000085900000, 0x0000000085a00000, 0x0000000085a00000|100%| O|  |TAMS 0x0000000085900000, 0x0000000085900000| Untracked 
|  90|0x0000000085a00000, 0x0000000085add400, 0x0000000085b00000| 86%| O|  |TAMS 0x0000000085a00000, 0x0000000085a00000| Untracked 
|  91|0x0000000085b00000, 0x0000000085b00000, 0x0000000085c00000|  0%| F|  |TAMS 0x0000000085b00000, 0x0000000085b00000| Untracked 
|  92|0x0000000085c00000, 0x0000000085c00000, 0x0000000085d00000|  0%| F|  |TAMS 0x0000000085c00000, 0x0000000085c00000| Untracked 
|  93|0x0000000085d00000, 0x0000000085d00000, 0x0000000085e00000|  0%| F|  |TAMS 0x0000000085d00000, 0x0000000085d00000| Untracked 
|  94|0x0000000085e00000, 0x0000000085e00000, 0x0000000085f00000|  0%| F|  |TAMS 0x0000000085e00000, 0x0000000085e00000| Untracked 
|  95|0x0000000085f00000, 0x0000000085f00000, 0x0000000086000000|  0%| F|  |TAMS 0x0000000085f00000, 0x0000000085f00000| Untracked 
|  96|0x0000000086000000, 0x0000000086000000, 0x0000000086100000|  0%| F|  |TAMS 0x0000000086000000, 0x0000000086000000| Untracked 
|  97|0x0000000086100000, 0x0000000086100000, 0x0000000086200000|  0%| F|  |TAMS 0x0000000086100000, 0x0000000086100000| Untracked 
|  98|0x0000000086200000, 0x0000000086200000, 0x0000000086300000|  0%| F|  |TAMS 0x0000000086200000, 0x0000000086200000| Untracked 
|  99|0x0000000086300000, 0x0000000086300000, 0x0000000086400000|  0%| F|  |TAMS 0x0000000086300000, 0x0000000086300000| Untracked 
| 100|0x0000000086400000, 0x0000000086400000, 0x0000000086500000|  0%| F|  |TAMS 0x0000000086400000, 0x0000000086400000| Untracked 
| 101|0x0000000086500000, 0x0000000086500000, 0x0000000086600000|  0%| F|  |TAMS 0x0000000086500000, 0x0000000086500000| Untracked 
| 102|0x0000000086600000, 0x0000000086600000, 0x0000000086700000|  0%| F|  |TAMS 0x0000000086600000, 0x0000000086600000| Untracked 
| 103|0x0000000086700000, 0x0000000086700000, 0x0000000086800000|  0%| F|  |TAMS 0x0000000086700000, 0x0000000086700000| Untracked 
| 104|0x0000000086800000, 0x0000000086800000, 0x0000000086900000|  0%| F|  |TAMS 0x0000000086800000, 0x0000000086800000| Untracked 
| 105|0x0000000086900000, 0x0000000086900000, 0x0000000086a00000|  0%| F|  |TAMS 0x0000000086900000, 0x0000000086900000| Untracked 
| 106|0x0000000086a00000, 0x0000000086a00000, 0x0000000086b00000|  0%| F|  |TAMS 0x0000000086a00000, 0x0000000086a00000| Untracked 
| 107|0x0000000086b00000, 0x0000000086b00000, 0x0000000086c00000|  0%| F|  |TAMS 0x0000000086b00000, 0x0000000086b00000| Untracked 
| 108|0x0000000086c00000, 0x0000000086c00000, 0x0000000086d00000|  0%| F|  |TAMS 0x0000000086c00000, 0x0000000086c00000| Untracked 
| 109|0x0000000086d00000, 0x0000000086d00000, 0x0000000086e00000|  0%| F|  |TAMS 0x0000000086d00000, 0x0000000086d00000| Untracked 
| 110|0x0000000086e00000, 0x0000000086e00000, 0x0000000086f00000|  0%| F|  |TAMS 0x0000000086e00000, 0x0000000086e00000| Untracked 
| 111|0x0000000086f00000, 0x0000000086f00000, 0x0000000087000000|  0%| F|  |TAMS 0x0000000086f00000, 0x0000000086f00000| Untracked 
| 112|0x0000000087000000, 0x0000000087000000, 0x0000000087100000|  0%| F|  |TAMS 0x0000000087000000, 0x0000000087000000| Untracked 
| 113|0x0000000087100000, 0x0000000087200000, 0x0000000087200000|100%| S|CS|TAMS 0x0000000087100000, 0x0000000087100000| Complete 
| 114|0x0000000087200000, 0x0000000087300000, 0x0000000087300000|100%| S|CS|TAMS 0x0000000087200000, 0x0000000087200000| Complete 
| 115|0x0000000087300000, 0x0000000087400000, 0x0000000087400000|100%| S|CS|TAMS 0x0000000087300000, 0x0000000087300000| Complete 
| 116|0x0000000087400000, 0x0000000087400000, 0x0000000087500000|  0%| F|  |TAMS 0x0000000087400000, 0x0000000087400000| Untracked 
| 117|0x0000000087500000, 0x0000000087500000, 0x0000000087600000|  0%| F|  |TAMS 0x0000000087500000, 0x0000000087500000| Untracked 
| 118|0x0000000087600000, 0x0000000087700000, 0x0000000087700000|100%| S|CS|TAMS 0x0000000087600000, 0x0000000087600000| Complete 
| 119|0x0000000087700000, 0x0000000087800000, 0x0000000087800000|100%| S|CS|TAMS 0x0000000087700000, 0x0000000087700000| Complete 
| 120|0x0000000087800000, 0x0000000087800000, 0x0000000087900000|  0%| F|  |TAMS 0x0000000087800000, 0x0000000087800000| Untracked 
| 121|0x0000000087900000, 0x0000000087900000, 0x0000000087a00000|  0%| F|  |TAMS 0x0000000087900000, 0x0000000087900000| Untracked 
| 122|0x0000000087a00000, 0x0000000087b00000, 0x0000000087b00000|100%| S|CS|TAMS 0x0000000087a00000, 0x0000000087a00000| Complete 
| 123|0x0000000087b00000, 0x0000000087c00000, 0x0000000087c00000|100%| S|CS|TAMS 0x0000000087b00000, 0x0000000087b00000| Complete 
| 124|0x0000000087c00000, 0x0000000087c00000, 0x0000000087d00000|  0%| F|  |TAMS 0x0000000087c00000, 0x0000000087c00000| Untracked 
| 125|0x0000000087d00000, 0x0000000087d00000, 0x0000000087e00000|  0%| F|  |TAMS 0x0000000087d00000, 0x0000000087d00000| Untracked 
| 126|0x0000000087e00000, 0x0000000087e00000, 0x0000000087f00000|  0%| F|  |TAMS 0x0000000087e00000, 0x0000000087e00000| Untracked 
| 127|0x0000000087f00000, 0x0000000087f00000, 0x0000000088000000|  0%| F|  |TAMS 0x0000000087f00000, 0x0000000087f00000| Untracked 
| 128|0x0000000088000000, 0x0000000088000000, 0x0000000088100000|  0%| F|  |TAMS 0x0000000088000000, 0x0000000088000000| Untracked 
| 129|0x0000000088100000, 0x0000000088100000, 0x0000000088200000|  0%| F|  |TAMS 0x0000000088100000, 0x0000000088100000| Untracked 
| 130|0x0000000088200000, 0x0000000088200000, 0x0000000088300000|  0%| F|  |TAMS 0x0000000088200000, 0x0000000088200000| Untracked 
| 131|0x0000000088300000, 0x0000000088300000, 0x0000000088400000|  0%| F|  |TAMS 0x0000000088300000, 0x0000000088300000| Untracked 
| 132|0x0000000088400000, 0x0000000088400000, 0x0000000088500000|  0%| F|  |TAMS 0x0000000088400000, 0x0000000088400000| Untracked 
| 133|0x0000000088500000, 0x0000000088500000, 0x0000000088600000|  0%| F|  |TAMS 0x0000000088500000, 0x0000000088500000| Untracked 
| 134|0x0000000088600000, 0x0000000088600000, 0x0000000088700000|  0%| F|  |TAMS 0x0000000088600000, 0x0000000088600000| Untracked 
| 135|0x0000000088700000, 0x0000000088700000, 0x0000000088800000|  0%| F|  |TAMS 0x0000000088700000, 0x0000000088700000| Untracked 
| 136|0x0000000088800000, 0x0000000088800000, 0x0000000088900000|  0%| F|  |TAMS 0x0000000088800000, 0x0000000088800000| Untracked 
| 137|0x0000000088900000, 0x0000000088900000, 0x0000000088a00000|  0%| F|  |TAMS 0x0000000088900000, 0x0000000088900000| Untracked 
| 138|0x0000000088a00000, 0x0000000088a00000, 0x0000000088b00000|  0%| F|  |TAMS 0x0000000088a00000, 0x0000000088a00000| Untracked 
| 139|0x0000000088b00000, 0x0000000088b00000, 0x0000000088c00000|  0%| F|  |TAMS 0x0000000088b00000, 0x0000000088b00000| Untracked 
| 140|0x0000000088c00000, 0x0000000088c00000, 0x0000000088d00000|  0%| F|  |TAMS 0x0000000088c00000, 0x0000000088c00000| Untracked 
| 141|0x0000000088d00000, 0x0000000088d00000, 0x0000000088e00000|  0%| F|  |TAMS 0x0000000088d00000, 0x0000000088d00000| Untracked 
| 142|0x0000000088e00000, 0x0000000088e00000, 0x0000000088f00000|  0%| F|  |TAMS 0x0000000088e00000, 0x0000000088e00000| Untracked 
| 143|0x0000000088f00000, 0x0000000088f00000, 0x0000000089000000|  0%| F|  |TAMS 0x0000000088f00000, 0x0000000088f00000| Untracked 
| 144|0x0000000089000000, 0x0000000089000000, 0x0000000089100000|  0%| F|  |TAMS 0x0000000089000000, 0x0000000089000000| Untracked 
| 145|0x0000000089100000, 0x0000000089100000, 0x0000000089200000|  0%| F|  |TAMS 0x0000000089100000, 0x0000000089100000| Untracked 
| 146|0x0000000089200000, 0x0000000089200000, 0x0000000089300000|  0%| F|  |TAMS 0x0000000089200000, 0x0000000089200000| Untracked 
| 147|0x0000000089300000, 0x0000000089300000, 0x0000000089400000|  0%| F|  |TAMS 0x0000000089300000, 0x0000000089300000| Untracked 
| 148|0x0000000089400000, 0x0000000089400000, 0x0000000089500000|  0%| F|  |TAMS 0x0000000089400000, 0x0000000089400000| Untracked 
| 149|0x0000000089500000, 0x0000000089500000, 0x0000000089600000|  0%| F|  |TAMS 0x0000000089500000, 0x0000000089500000| Untracked 
| 150|0x0000000089600000, 0x0000000089600000, 0x0000000089700000|  0%| F|  |TAMS 0x0000000089600000, 0x0000000089600000| Untracked 
| 151|0x0000000089700000, 0x0000000089700000, 0x0000000089800000|  0%| F|  |TAMS 0x0000000089700000, 0x0000000089700000| Untracked 
| 152|0x0000000089800000, 0x0000000089800000, 0x0000000089900000|  0%| F|  |TAMS 0x0000000089800000, 0x0000000089800000| Untracked 
| 153|0x0000000089900000, 0x0000000089900000, 0x0000000089a00000|  0%| F|  |TAMS 0x0000000089900000, 0x0000000089900000| Untracked 
| 154|0x0000000089a00000, 0x0000000089a00000, 0x0000000089b00000|  0%| F|  |TAMS 0x0000000089a00000, 0x0000000089a00000| Untracked 
| 155|0x0000000089b00000, 0x0000000089b00000, 0x0000000089c00000|  0%| F|  |TAMS 0x0000000089b00000, 0x0000000089b00000| Untracked 
| 156|0x0000000089c00000, 0x0000000089c00000, 0x0000000089d00000|  0%| F|  |TAMS 0x0000000089c00000, 0x0000000089c00000| Untracked 
| 157|0x0000000089d00000, 0x0000000089d00000, 0x0000000089e00000|  0%| F|  |TAMS 0x0000000089d00000, 0x0000000089d00000| Untracked 
| 158|0x0000000089e00000, 0x0000000089e00000, 0x0000000089f00000|  0%| F|  |TAMS 0x0000000089e00000, 0x0000000089e00000| Untracked 
| 159|0x0000000089f00000, 0x0000000089f00000, 0x000000008a000000|  0%| F|  |TAMS 0x0000000089f00000, 0x0000000089f00000| Untracked 
| 160|0x000000008a000000, 0x000000008a000000, 0x000000008a100000|  0%| F|  |TAMS 0x000000008a000000, 0x000000008a000000| Untracked 
| 161|0x000000008a100000, 0x000000008a100000, 0x000000008a200000|  0%| F|  |TAMS 0x000000008a100000, 0x000000008a100000| Untracked 
| 162|0x000000008a200000, 0x000000008a200000, 0x000000008a300000|  0%| F|  |TAMS 0x000000008a200000, 0x000000008a200000| Untracked 
| 163|0x000000008a300000, 0x000000008a300000, 0x000000008a400000|  0%| F|  |TAMS 0x000000008a300000, 0x000000008a300000| Untracked 
| 164|0x000000008a400000, 0x000000008a400000, 0x000000008a500000|  0%| F|  |TAMS 0x000000008a400000, 0x000000008a400000| Untracked 
| 165|0x000000008a500000, 0x000000008a500000, 0x000000008a600000|  0%| F|  |TAMS 0x000000008a500000, 0x000000008a500000| Untracked 
| 166|0x000000008a600000, 0x000000008a600000, 0x000000008a700000|  0%| F|  |TAMS 0x000000008a600000, 0x000000008a600000| Untracked 
| 167|0x000000008a700000, 0x000000008a700000, 0x000000008a800000|  0%| F|  |TAMS 0x000000008a700000, 0x000000008a700000| Untracked 
| 168|0x000000008a800000, 0x000000008a800000, 0x000000008a900000|  0%| F|  |TAMS 0x000000008a800000, 0x000000008a800000| Untracked 
| 169|0x000000008a900000, 0x000000008a900000, 0x000000008aa00000|  0%| F|  |TAMS 0x000000008a900000, 0x000000008a900000| Untracked 
| 170|0x000000008aa00000, 0x000000008aa00000, 0x000000008ab00000|  0%| F|  |TAMS 0x000000008aa00000, 0x000000008aa00000| Untracked 

Card table byte_map: [0x000002451e640000,0x000002451ea40000] _byte_map_base: 0x000002451e240000

Marking Bits (Prev, Next): (CMBitMap*) 0x000002450b203658, (CMBitMap*) 0x000002450b203690
 Prev Bits: [0x000002451ee40000, 0x0000024520e40000)
 Next Bits: [0x0000024520e40000, 0x0000024522e40000)

Polling page: 0x00000245091b0000

Metaspace:

Usage:
  Non-class:     82.02 MB capacity,    80.46 MB ( 98%) used,     1.27 MB (  2%) free+waste,   295.38 KB ( <1%) overhead. 
      Class:     12.97 MB capacity,    12.02 MB ( 93%) used,   833.68 KB (  6%) free+waste,   134.19 KB (  1%) overhead. 
       Both:     94.98 MB capacity,    92.48 MB ( 97%) used,     2.09 MB (  2%) free+waste,   429.56 KB ( <1%) overhead. 

Virtual space:
  Non-class space:       84.00 MB reserved,      82.17 MB ( 98%) committed 
      Class space:        1.00 GB reserved,      13.12 MB (  1%) committed 
             Both:        1.08 GB reserved,      95.30 MB (  9%) committed 

Chunk freelists:
   Non-Class:  158.00 KB
       Class:  99.00 KB
        Both:  257.00 KB

MaxMetaspaceSize: 17179869184.00 GB
CompressedClassSpaceSize: 1.00 GB
Initial GC threshold: 20.80 MB
Current GC threshold: 156.95 MB
CDS: off

CodeHeap 'non-profiled nmethods': size=120000Kb used=6528Kb max_used=6528Kb free=113472Kb
 bounds [0x00000245167b0000, 0x0000024516e10000, 0x000002451dce0000]
CodeHeap 'profiled nmethods': size=120000Kb used=23373Kb max_used=23373Kb free=96626Kb
 bounds [0x000002450f280000, 0x0000024510960000, 0x00000245167b0000]
CodeHeap 'non-nmethods': size=5760Kb used=2394Kb max_used=2437Kb free=3365Kb
 bounds [0x000002450ece0000, 0x000002450ef50000, 0x000002450f280000]
 total_blobs=11713 nmethods=10792 adapters=832
 compilation: enabled
              stopped_count=0, restarted_count=0
 full_count=0

Compilation events (20 events):
Event: 19.710 Thread 0x0000024525ad0800 10895       1       com.android.builder.dexing.JarClassFileInput::getPath (5 bytes)
Event: 19.710 Thread 0x0000024525ad0800 nmethod 10895 0x0000024516e04890 code [0x0000024516e04a40, 0x0000024516e04af8]
Event: 19.712 Thread 0x0000024525ad0800 10898       3       java.io.BufferedInputStream::<init> (32 bytes)
Event: 19.714 Thread 0x0000024525ad0800 nmethod 10898 0x000002451094dc10 code [0x000002451094de00, 0x000002451094e288]
Event: 19.714 Thread 0x0000024525ad0800 10899       3       java.io.BufferedInputStream::<init> (9 bytes)
Event: 19.714 Thread 0x000002452d1d1800 nmethod 10371 0x0000024516e04b90 code [0x0000024516e051c0, 0x0000024516e0c518]
Event: 19.715 Thread 0x0000024525ad0800 nmethod 10899 0x000002451094e410 code [0x000002451094e600, 0x000002451094eb08]
Event: 19.715 Thread 0x0000024525ad0800 10904   !   3       java.nio.file.Files::isRegularFile (42 bytes)
Event: 19.715 Thread 0x000002452d1d1800 10897       4       java.util.zip.ZipFile$Source::getEntryPos (206 bytes)
Event: 19.716 Thread 0x0000024525ad0800 nmethod 10904 0x000002451094ec90 code [0x000002451094ef00, 0x000002451094fb58]
Event: 19.716 Thread 0x0000024525ad0800 10903       3       com.google.common.io.ByteStreams::toByteArray (20 bytes)
Event: 19.716 Thread 0x0000024525ad0800 nmethod 10903 0x0000024510950010 code [0x0000024510950200, 0x00000245109506f8]
Event: 19.717 Thread 0x0000024525ad0800 10902       3       com.android.tools.r8.D8Command$Builder::d (2 bytes)
Event: 19.717 Thread 0x0000024525ad0800 nmethod 10902 0x0000024510950910 code [0x0000024510950ac0, 0x0000024510950bb8]
Event: 19.717 Thread 0x0000024525ad0800 10900       3       com.android.builder.dexing.JarClassFileInput::createEntryFromEntry (20 bytes)
Event: 19.717 Thread 0x0000024525ad0800 nmethod 10900 0x0000024510950c90 code [0x0000024510950e80, 0x0000024510951308]
Event: 19.717 Thread 0x0000024525ad0800 10901       3       com.android.builder.dexing.JarClassFileInput$$Lambda$1305/0x0000000100c22c40::apply (12 bytes)
Event: 19.718 Thread 0x0000024525ad0800 nmethod 10901 0x0000024510951490 code [0x0000024510951680, 0x0000024510951c68]
Event: 19.718 Thread 0x0000024525ad0800 10906       3       com.android.builder.dexing.D8DiagnosticsHandler::getOrigin (65 bytes)
Event: 19.720 Thread 0x0000024525ad0800 nmethod 10906 0x0000024510951e90 code [0x0000024510952140, 0x0000024510952f98]

GC Heap History (20 events):
Event: 14.990 GC heap after
{Heap after GC invocations=27 (full 0):
 garbage-first heap   total 120832K, used 66070K [0x0000000080000000, 0x0000000100000000)
  region size 1024K, 4 young (4096K), 4 survivors (4096K)
 Metaspace       used 73052K, capacity 74815K, committed 74928K, reserved 1114112K
  class space    used 9472K, capacity 10177K, committed 10240K, reserved 1048576K
}
Event: 15.501 GC heap before
{Heap before GC invocations=28 (full 0):
 garbage-first heap   total 120832K, used 96790K [0x0000000080000000, 0x0000000100000000)
  region size 1024K, 34 young (34816K), 4 survivors (4096K)
 Metaspace       used 75888K, capacity 77694K, committed 77872K, reserved 1116160K
  class space    used 9850K, capacity 10548K, committed 10624K, reserved 1048576K
}
Event: 15.508 GC heap after
{Heap after GC invocations=29 (full 0):
 garbage-first heap   total 145408K, used 68219K [0x0000000080000000, 0x0000000100000000)
  region size 1024K, 4 young (4096K), 4 survivors (4096K)
 Metaspace       used 75888K, capacity 77694K, committed 77872K, reserved 1116160K
  class space    used 9850K, capacity 10548K, committed 10624K, reserved 1048576K
}
Event: 15.962 GC heap before
{Heap before GC invocations=29 (full 0):
 garbage-first heap   total 145408K, used 108155K [0x0000000080000000, 0x0000000100000000)
  region size 1024K, 43 young (44032K), 4 survivors (4096K)
 Metaspace       used 79419K, capacity 81297K, committed 81584K, reserved 1120256K
  class space    used 10388K, capacity 11140K, committed 11264K, reserved 1048576K
}
Event: 15.969 GC heap after
{Heap after GC invocations=30 (full 0):
 garbage-first heap   total 145408K, used 70286K [0x0000000080000000, 0x0000000100000000)
  region size 1024K, 5 young (5120K), 5 survivors (5120K)
 Metaspace       used 79419K, capacity 81297K, committed 81584K, reserved 1120256K
  class space    used 10388K, capacity 11140K, committed 11264K, reserved 1048576K
}
Event: 16.569 GC heap before
{Heap before GC invocations=30 (full 0):
 garbage-first heap   total 145408K, used 110222K [0x0000000080000000, 0x0000000100000000)
  region size 1024K, 44 young (45056K), 5 survivors (5120K)
 Metaspace       used 83511K, capacity 85504K, committed 85680K, reserved 1124352K
  class space    used 10903K, capacity 11690K, committed 11776K, reserved 1048576K
}
Event: 16.579 GC heap after
{Heap after GC invocations=31 (full 0):
 garbage-first heap   total 145408K, used 73142K [0x0000000080000000, 0x0000000100000000)
  region size 1024K, 5 young (5120K), 5 survivors (5120K)
 Metaspace       used 83511K, capacity 85504K, committed 85680K, reserved 1124352K
  class space    used 10903K, capacity 11690K, committed 11776K, reserved 1048576K
}
Event: 16.960 GC heap before
{Heap before GC invocations=32 (full 0):
 garbage-first heap   total 145408K, used 113078K [0x0000000080000000, 0x0000000100000000)
  region size 1024K, 44 young (45056K), 5 survivors (5120K)
 Metaspace       used 84774K, capacity 86901K, committed 87088K, reserved 1124352K
  class space    used 11047K, capacity 11872K, committed 11904K, reserved 1048576K
}
Event: 16.968 GC heap after
{Heap after GC invocations=33 (full 0):
 garbage-first heap   total 145408K, used 77453K [0x0000000080000000, 0x0000000100000000)
  region size 1024K, 6 young (6144K), 6 survivors (6144K)
 Metaspace       used 84774K, capacity 86901K, committed 87088K, reserved 1124352K
  class space    used 11047K, capacity 11872K, committed 11904K, reserved 1048576K
}
Event: 17.165 GC heap before
{Heap before GC invocations=33 (full 0):
 garbage-first heap   total 145408K, used 116365K [0x0000000080000000, 0x0000000100000000)
  region size 1024K, 44 young (45056K), 6 survivors (6144K)
 Metaspace       used 84851K, capacity 86977K, committed 87088K, reserved 1124352K
  class space    used 11052K, capacity 11875K, committed 11904K, reserved 1048576K
}
Event: 17.175 GC heap after
{Heap after GC invocations=34 (full 0):
 garbage-first heap   total 175104K, used 83423K [0x0000000080000000, 0x0000000100000000)
  region size 1024K, 6 young (6144K), 6 survivors (6144K)
 Metaspace       used 84851K, capacity 86977K, committed 87088K, reserved 1124352K
  class space    used 11052K, capacity 11875K, committed 11904K, reserved 1048576K
}
Event: 17.863 GC heap before
{Heap before GC invocations=35 (full 0):
 garbage-first heap   total 175104K, used 128479K [0x0000000080000000, 0x0000000100000000)
  region size 1024K, 51 young (52224K), 6 survivors (6144K)
 Metaspace       used 87306K, capacity 89858K, committed 90032K, reserved 1126400K
  class space    used 11525K, capacity 12496K, committed 12544K, reserved 1048576K
}
Event: 17.870 GC heap after
{Heap after GC invocations=36 (full 0):
 garbage-first heap   total 175104K, used 87058K [0x0000000080000000, 0x0000000100000000)
  region size 1024K, 4 young (4096K), 4 survivors (4096K)
 Metaspace       used 87306K, capacity 89858K, committed 90032K, reserved 1126400K
  class space    used 11525K, capacity 12496K, committed 12544K, reserved 1048576K
}
Event: 18.449 GC heap before
{Heap before GC invocations=36 (full 0):
 garbage-first heap   total 175104K, used 131090K [0x0000000080000000, 0x0000000100000000)
  region size 1024K, 48 young (49152K), 4 survivors (4096K)
 Metaspace       used 87864K, capacity 90418K, committed 90672K, reserved 1128448K
  class space    used 11572K, capacity 12563K, committed 12672K, reserved 1048576K
}
Event: 18.460 GC heap after
{Heap after GC invocations=37 (full 0):
 garbage-first heap   total 175104K, used 90039K [0x0000000080000000, 0x0000000100000000)
  region size 1024K, 3 young (3072K), 3 survivors (3072K)
 Metaspace       used 87864K, capacity 90418K, committed 90672K, reserved 1128448K
  class space    used 11572K, capacity 12563K, committed 12672K, reserved 1048576K
}
Event: 18.905 GC heap before
{Heap before GC invocations=38 (full 0):
 garbage-first heap   total 175104K, used 135095K [0x0000000080000000, 0x0000000100000000)
  region size 1024K, 48 young (49152K), 3 survivors (3072K)
 Metaspace       used 90595K, capacity 93157K, committed 93232K, reserved 1130496K
  class space    used 11871K, capacity 12869K, committed 12928K, reserved 1048576K
}
Event: 18.910 GC heap after
{Heap after GC invocations=39 (full 0):
 garbage-first heap   total 175104K, used 91297K [0x0000000080000000, 0x0000000100000000)
  region size 1024K, 5 young (5120K), 5 survivors (5120K)
 Metaspace       used 90595K, capacity 93157K, committed 93232K, reserved 1130496K
  class space    used 11871K, capacity 12869K, committed 12928K, reserved 1048576K
}
Event: 19.330 GC heap before
{Heap before GC invocations=39 (full 0):
 garbage-first heap   total 175104K, used 136353K [0x0000000080000000, 0x0000000100000000)
  region size 1024K, 50 young (51200K), 5 survivors (5120K)
 Metaspace       used 93248K, capacity 95914K, committed 96048K, reserved 1132544K
  class space    used 12182K, capacity 13182K, committed 13184K, reserved 1048576K
}
Event: 19.338 GC heap after
{Heap after GC invocations=40 (full 0):
 garbage-first heap   total 175104K, used 94486K [0x0000000080000000, 0x0000000100000000)
  region size 1024K, 5 young (5120K), 5 survivors (5120K)
 Metaspace       used 93248K, capacity 95914K, committed 96048K, reserved 1132544K
  class space    used 12182K, capacity 13182K, committed 13184K, reserved 1048576K
}
Event: 19.720 GC heap before
{Heap before GC invocations=41 (full 0):
 garbage-first heap   total 175104K, used 139542K [0x0000000080000000, 0x0000000100000000)
  region size 1024K, 51 young (52224K), 5 survivors (5120K)
 Metaspace       used 94697K, capacity 97263K, committed 97584K, reserved 1134592K
  class space    used 12309K, capacity 13277K, committed 13440K, reserved 1048576K
}

Deoptimization events (20 events):
Event: 19.651 Thread 0x000002452b0b4000 Uncommon trap: trap_request=0xffffffc6 fr.pc=0x0000024516aee120 relative=0x0000000000001380
Event: 19.651 Thread 0x000002452b0c3800 Uncommon trap: trap_request=0xffffffc6 fr.pc=0x0000024516aee120 relative=0x0000000000001380
Event: 19.651 Thread 0x000002452b0b4000 Uncommon trap: reason=bimorphic_or_optimized_type_check action=maybe_recompile pc=0x0000024516aee120 method=java.util.zip.ZipFile.getZipEntry(Ljava/lang/String;[BILjava/util/function/Function;)Ljava/util/zip/ZipEntry; @ 108 c2
Event: 19.651 Thread 0x000002452b0c3800 Uncommon trap: reason=bimorphic_or_optimized_type_check action=maybe_recompile pc=0x0000024516aee120 method=java.util.zip.ZipFile.getZipEntry(Ljava/lang/String;[BILjava/util/function/Function;)Ljava/util/zip/ZipEntry; @ 108 c2
Event: 19.651 Thread 0x000002452b0b4000 DEOPT PACKING pc=0x0000024516aee120 sp=0x0000008eb39fb120
Event: 19.651 Thread 0x000002452b0c3800 DEOPT PACKING pc=0x0000024516aee120 sp=0x0000008eadffb220
Event: 19.651 Thread 0x000002452b0b4000 DEOPT UNPACKING pc=0x000002450ed2a1af sp=0x0000008eb39fb0d8 mode 2
Event: 19.651 Thread 0x000002452b0c3800 DEOPT UNPACKING pc=0x000002450ed2a1af sp=0x0000008eadffb1d8 mode 2
Event: 19.651 Thread 0x000002452c4f7000 Uncommon trap: trap_request=0xffffffc6 fr.pc=0x0000024516aee120 relative=0x0000000000001380
Event: 19.651 Thread 0x000002452c4f9000 Uncommon trap: trap_request=0xffffffc6 fr.pc=0x0000024516aee120 relative=0x0000000000001380
Event: 19.651 Thread 0x000002452c4f7000 Uncommon trap: reason=bimorphic_or_optimized_type_check action=maybe_recompile pc=0x0000024516aee120 method=java.util.zip.ZipFile.getZipEntry(Ljava/lang/String;[BILjava/util/function/Function;)Ljava/util/zip/ZipEntry; @ 108 c2
Event: 19.651 Thread 0x000002452c4f9000 Uncommon trap: reason=bimorphic_or_optimized_type_check action=maybe_recompile pc=0x0000024516aee120 method=java.util.zip.ZipFile.getZipEntry(Ljava/lang/String;[BILjava/util/function/Function;)Ljava/util/zip/ZipEntry; @ 108 c2
Event: 19.651 Thread 0x000002452c4f7000 DEOPT PACKING pc=0x0000024516aee120 sp=0x0000008eaf1fb120
Event: 19.651 Thread 0x000002452c4f9000 DEOPT PACKING pc=0x0000024516aee120 sp=0x0000008eaf5fab50
Event: 19.651 Thread 0x000002452c4f7000 DEOPT UNPACKING pc=0x000002450ed2a1af sp=0x0000008eaf1fb0d8 mode 2
Event: 19.651 Thread 0x000002452c4f9000 DEOPT UNPACKING pc=0x000002450ed2a1af sp=0x0000008eaf5fab08 mode 2
Event: 19.664 Thread 0x000002452af99800 Uncommon trap: trap_request=0xffffff4d fr.pc=0x00000245167e2ee8 relative=0x0000000000000788
Event: 19.664 Thread 0x000002452af99800 Uncommon trap: reason=unstable_if action=reinterpret pc=0x00000245167e2ee8 method=java.util.zip.ZipFile$Source.getEntryPos([BZ)I @ 105 c2
Event: 19.664 Thread 0x000002452af99800 DEOPT PACKING pc=0x00000245167e2ee8 sp=0x0000008eb13f6be0
Event: 19.664 Thread 0x000002452af99800 DEOPT UNPACKING pc=0x000002450ed2a1af sp=0x0000008eb13f6b80 mode 2

Classes redefined (0 events):
No events

Internal exceptions (20 events):
Event: 17.442 Thread 0x0000024528e2e800 Exception <a 'java/lang/NoSuchMethodError'{0x0000000089760d48}: 'int java.lang.invoke.DirectMethodHandle$Holder.invokeSpecial(java.lang.Object, java.lang.Object, java.lang.Object, java.lang.Object, java.lang.Object)'> (0x0000000089760d48) thrown at [src/hotspot/share/interpreter/linkResolver.cpp, line 773]
Event: 17.445 Thread 0x0000024528e21800 Exception <a 'java/lang/NoSuchMethodError'{0x00000000897ddd30}: <clinit>> (0x00000000897ddd30) thrown at [src/hotspot/share/prims/jni.cpp, line 1367]
Event: 17.446 Thread 0x0000024528e21800 Exception <a 'java/lang/NoSuchMethodError'{0x00000000897e6a40}: 'void java.lang.invoke.DirectMethodHandle$Holder.invokeSpecial(java.lang.Object, java.lang.Object, java.lang.Object, int)'> (0x00000000897e6a40) thrown at [src/hotspot/share/interpreter/linkResolver.cpp, line 773]
Event: 17.683 Thread 0x0000024528e2e800 Exception <a 'java/lang/NoSuchMethodError'{0x00000000890d6f18}: 'void java.lang.invoke.DirectMethodHandle$Holder.invokeStatic(java.lang.Object, java.lang.Object, java.lang.Object, java.lang.Object, int, java.lang.Object, java.lang.Object)'> (0x00000000890d6f18) thrown at [src/hotspot/share/interpreter/linkResolver.cpp, line 773]
Event: 17.727 Thread 0x000002452af99800 Exception <a 'java/lang/NoSuchMethodError'{0x0000000088aa4c80}: 'java.lang.Object java.lang.invoke.DirectMethodHandle$Holder.invokeSpecialIFC(java.lang.Object, java.lang.Object, java.lang.Object)'> (0x0000000088aa4c80) thrown at [src/hotspot/share/interpreter/linkResolver.cpp, line 773]
Event: 17.727 Thread 0x000002452c4ac800 Exception <a 'java/lang/NoSuchMethodError'{0x0000000088ac21c0}: 'java.lang.Object java.lang.invoke.DirectMethodHandle$Holder.invokeSpecialIFC(java.lang.Object, java.lang.Object, java.lang.Object)'> (0x0000000088ac21c0) thrown at [src/hotspot/share/interpreter/linkResolver.cpp, line 773]
Event: 17.727 Thread 0x0000024526f34000 Exception <a 'java/lang/NoSuchMethodError'{0x0000000088aced20}: 'java.lang.Object java.lang.invoke.DirectMethodHandle$Holder.invokeSpecialIFC(java.lang.Object, java.lang.Object, java.lang.Object)'> (0x0000000088aced20) thrown at [src/hotspot/share/interpreter/linkResolver.cpp, line 773]
Event: 17.727 Thread 0x0000024526f33000 Exception <a 'java/lang/NoSuchMethodError'{0x0000000088e2b6b8}: 'java.lang.Object java.lang.invoke.DirectMethodHandle$Holder.invokeSpecialIFC(java.lang.Object, java.lang.Object, java.lang.Object)'> (0x0000000088e2b6b8) thrown at [src/hotspot/share/interpreter/linkResolver.cpp, line 773]
Event: 17.727 Thread 0x0000024526f35800 Exception <a 'java/lang/NoSuchMethodError'{0x000000008890f328}: 'java.lang.Object java.lang.invoke.DirectMethodHandle$Holder.invokeSpecialIFC(java.lang.Object, java.lang.Object, java.lang.Object)'> (0x000000008890f328) thrown at [src/hotspot/share/interpreter/linkResolver.cpp, line 773]
Event: 17.727 Thread 0x0000024528e2e800 Exception <a 'java/lang/NoSuchMethodError'{0x0000000088a477e0}: 'java.lang.Object java.lang.invoke.DirectMethodHandle$Holder.invokeSpecialIFC(java.lang.Object, java.lang.Object, java.lang.Object)'> (0x0000000088a477e0) thrown at [src/hotspot/share/interpreter/linkResolver.cpp, line 773]
Event: 17.727 Thread 0x0000024526f34800 Exception <a 'java/lang/NoSuchMethodError'{0x0000000088ab6f08}: 'java.lang.Object java.lang.invoke.DirectMethodHandle$Holder.invokeSpecialIFC(java.lang.Object, java.lang.Object, java.lang.Object)'> (0x0000000088ab6f08) thrown at [src/hotspot/share/interpreter/linkResolver.cpp, line 773]
Event: 17.727 Thread 0x0000024526f36800 Exception <a 'java/lang/NoSuchMethodError'{0x0000000088900f70}: 'java.lang.Object java.lang.invoke.DirectMethodHandle$Holder.invokeSpecialIFC(java.lang.Object, java.lang.Object, java.lang.Object)'> (0x0000000088900f70) thrown at [src/hotspot/share/interpreter/linkResolver.cpp, line 773]
Event: 17.727 Thread 0x0000024526f31800 Exception <a 'java/lang/NoSuchMethodError'{0x0000000088addc48}: 'java.lang.Object java.lang.invoke.DirectMethodHandle$Holder.invokeSpecialIFC(java.lang.Object, java.lang.Object, java.lang.Object)'> (0x0000000088addc48) thrown at [src/hotspot/share/interpreter/linkResolver.cpp, line 773]
Event: 17.727 Thread 0x000002452b0c4000 Exception <a 'java/lang/NoSuchMethodError'{0x0000000088e99c10}: 'java.lang.Object java.lang.invoke.DirectMethodHandle$Holder.invokeSpecialIFC(java.lang.Object, java.lang.Object, java.lang.Object)'> (0x0000000088e99c10) thrown at [src/hotspot/share/interpreter/linkResolver.cpp, line 773]
Event: 17.727 Thread 0x0000024526f32800 Exception <a 'java/lang/NoSuchMethodError'{0x0000000088af0948}: 'java.lang.Object java.lang.invoke.DirectMethodHandle$Holder.invokeSpecialIFC(java.lang.Object, java.lang.Object, java.lang.Object)'> (0x0000000088af0948) thrown at [src/hotspot/share/interpreter/linkResolver.cpp, line 773]
Event: 17.728 Thread 0x000002452b0c6000 Exception <a 'java/lang/NoSuchMethodError'{0x0000000088e50698}: 'java.lang.Object java.lang.invoke.DirectMethodHandle$Holder.invokeSpecialIFC(java.lang.Object, java.lang.Object, java.lang.Object)'> (0x0000000088e50698) thrown at [src/hotspot/share/interpreter/linkResolver.cpp, line 773]
Event: 18.340 Thread 0x0000024528e25800 Exception <a 'java/lang/NoSuchMethodError'{0x00000000882d1f88}: 'void java.lang.invoke.DirectMethodHandle$Holder.invokeInterface(java.lang.Object, java.lang.Object, java.lang.Object, java.lang.Object)'> (0x00000000882d1f88) thrown at [src/hotspot/share/interpreter/linkResolver.cpp, line 773]
Event: 18.423 Thread 0x0000024528e2b000 Exception <a 'java/lang/NoSuchMethodError'{0x00000000880ef870}: 'java.lang.Object java.lang.invoke.DirectMethodHandle$Holder.invokeStatic(java.lang.Object, java.lang.Object, java.lang.Object, java.lang.Object, java.lang.Object, java.lang.Object, java.lang.Object, java.lang.Object, java.lang.Object, java.lang.Object, java.lang.Object, java.lang.Object, java.lang.Object, java.lang.Object, java.lang.Object, int)'> (0x00000000880ef870) thrown at [src/hotspot/share/interpreter/linkResolver.cpp, line 773]
Event: 18.659 Thread 0x0000024528e2b000 Exception <a 'java/lang/NoSuchMethodError'{0x0000000089a5d248}: 'void java.lang.invoke.DirectMethodHandle$Holder.invokeVirtual(java.lang.Object, java.lang.Object)'> (0x0000000089a5d248) thrown at [src/hotspot/share/interpreter/linkResolver.cpp, line 773]
Event: 19.257 Thread 0x000002452b08d800 Implicit null exception at 0x0000024516d9263b to 0x0000024516d94020

Events (20 events):
Event: 19.716 loading class com/android/tools/r8/ClassFileResourceProvider done
Event: 19.716 loading class com/android/tools/r8/ClassFileResourceProvider
Event: 19.716 loading class com/android/tools/r8/ClassFileResourceProvider done
Event: 19.716 loading class com/android/tools/r8/BaseCommand$Builder
Event: 19.716 loading class com/android/tools/r8/BaseCommand$Builder done
Event: 19.717 loading class com/android/tools/r8/utils/u
Event: 19.717 loading class com/android/tools/r8/utils/u done
Event: 19.718 loading class com/android/tools/r8/BaseCommand$Builder
Event: 19.718 loading class com/android/tools/r8/BaseCommand$Builder done
Event: 19.719 loading class com/android/tools/r8/ClassFileResourceProvider
Event: 19.719 loading class com/android/tools/r8/ClassFileResourceProvider done
Event: 19.719 loading class com/android/tools/r8/ClassFileResourceProvider
Event: 19.719 loading class com/android/tools/r8/ClassFileResourceProvider done
Event: 19.719 loading class com/android/tools/r8/BaseCommand$Builder
Event: 19.719 loading class com/android/tools/r8/BaseCommand$Builder done
Event: 19.719 loading class com/android/tools/r8/BaseCommand$Builder
Event: 19.719 loading class com/android/tools/r8/BaseCommand$Builder done
Event: 19.719 Executing VM operation: G1CollectForAllocation
Event: 19.720 Executing VM operation: G1CollectForAllocation done
Event: 19.720 Executing VM operation: G1CollectForAllocation


Dynamic libraries:
0x00007ff608f60000 - 0x00007ff608f6a000 	C:\Program Files\Android\Android Studio\jbr\bin\java.exe
0x00007ffe4e130000 - 0x00007ffe4e344000 	C:\WINDOWS\SYSTEM32\ntdll.dll
0x00007ffe4c7c0000 - 0x00007ffe4c882000 	C:\WINDOWS\System32\KERNEL32.DLL
0x00007ffe4b530000 - 0x00007ffe4b8d3000 	C:\WINDOWS\System32\KERNELBASE.dll
0x00007ffe4b960000 - 0x00007ffe4ba71000 	C:\WINDOWS\System32\ucrtbase.dll
0x00007ffe43e10000 - 0x00007ffe43e27000 	C:\Program Files\Android\Android Studio\jbr\bin\jli.dll
0x00007ffe45a60000 - 0x00007ffe45a7b000 	C:\Program Files\Android\Android Studio\jbr\bin\VCRUNTIME140.dll
0x00007ffe4c560000 - 0x00007ffe4c70b000 	C:\WINDOWS\System32\USER32.dll
0x00007ffe4baf0000 - 0x00007ffe4bb16000 	C:\WINDOWS\System32\win32u.dll
0x00007ffe30920000 - 0x00007ffe30bae000 	C:\WINDOWS\WinSxS\amd64_microsoft.windows.common-controls_6595b64144ccf1df_6.0.22621.1635_none_270f70857386168e\COMCTL32.dll
0x00007ffe4dab0000 - 0x00007ffe4dad9000 	C:\WINDOWS\System32\GDI32.dll
0x00007ffe4d890000 - 0x00007ffe4d937000 	C:\WINDOWS\System32\msvcrt.dll
0x00007ffe4bc80000 - 0x00007ffe4bd99000 	C:\WINDOWS\System32\gdi32full.dll
0x00007ffe4bb20000 - 0x00007ffe4bbba000 	C:\WINDOWS\System32\msvcp_win.dll
0x00007ffe4da70000 - 0x00007ffe4daa1000 	C:\WINDOWS\System32\IMM32.DLL
0x00007ffe45960000 - 0x00007ffe4596c000 	C:\Program Files\Android\Android Studio\jbr\bin\vcruntime140_1.dll
0x00007ffe2e5a0000 - 0x00007ffe2e62d000 	C:\Program Files\Android\Android Studio\jbr\bin\msvcp140.dll
0x00007ffd8f9d0000 - 0x00007ffd9058c000 	C:\Program Files\Android\Android Studio\jbr\bin\server\jvm.dll
0x00007ffe4bfe0000 - 0x00007ffe4c08e000 	C:\WINDOWS\System32\ADVAPI32.dll
0x00007ffe4bf10000 - 0x00007ffe4bfb4000 	C:\WINDOWS\System32\sechost.dll
0x00007ffe4d520000 - 0x00007ffe4d637000 	C:\WINDOWS\System32\RPCRT4.dll
0x00007ffe4d860000 - 0x00007ffe4d868000 	C:\WINDOWS\System32\PSAPI.DLL
0x00007ffe44c80000 - 0x00007ffe44cb4000 	C:\WINDOWS\SYSTEM32\WINMM.dll
0x00007ffe42860000 - 0x00007ffe4286a000 	C:\WINDOWS\SYSTEM32\VERSION.dll
0x00007ffe3cb50000 - 0x00007ffe3cb59000 	C:\WINDOWS\SYSTEM32\WSOCK32.dll
0x00007ffe4d090000 - 0x00007ffe4d101000 	C:\WINDOWS\System32\WS2_32.dll
0x00007ffe4a580000 - 0x00007ffe4a598000 	C:\WINDOWS\SYSTEM32\kernel.appcore.dll
0x00007ffe3f500000 - 0x00007ffe3f510000 	C:\Program Files\Android\Android Studio\jbr\bin\verify.dll
0x00007ffe3fe10000 - 0x00007ffe4003e000 	C:\WINDOWS\SYSTEM32\DBGHELP.DLL
0x00007ffe4c1d0000 - 0x00007ffe4c559000 	C:\WINDOWS\System32\combase.dll
0x00007ffe4e010000 - 0x00007ffe4e0e7000 	C:\WINDOWS\System32\OLEAUT32.dll
0x00007ffe3cab0000 - 0x00007ffe3cae2000 	C:\WINDOWS\SYSTEM32\dbgcore.DLL
0x00007ffe4b8e0000 - 0x00007ffe4b95b000 	C:\WINDOWS\System32\bcryptPrimitives.dll
0x00007ffe261b0000 - 0x00007ffe261d8000 	C:\Program Files\Android\Android Studio\jbr\bin\java.dll
0x00007ffe3ba30000 - 0x00007ffe3ba3a000 	C:\Program Files\Android\Android Studio\jbr\bin\jimage.dll
0x00007ffe3b540000 - 0x00007ffe3b558000 	C:\Program Files\Android\Android Studio\jbr\bin\zip.dll
0x00007ffe4c890000 - 0x00007ffe4d08a000 	C:\WINDOWS\System32\SHELL32.dll
0x00007ffe49530000 - 0x00007ffe49dfe000 	C:\WINDOWS\SYSTEM32\windows.storage.dll
0x00007ffe493f0000 - 0x00007ffe4952e000 	C:\WINDOWS\SYSTEM32\wintypes.dll
0x00007ffe4d110000 - 0x00007ffe4d201000 	C:\WINDOWS\System32\SHCORE.dll
0x00007ffe4df60000 - 0x00007ffe4dfbe000 	C:\WINDOWS\System32\shlwapi.dll
0x00007ffe4b460000 - 0x00007ffe4b481000 	C:\WINDOWS\SYSTEM32\profapi.dll
0x00007ffe385a0000 - 0x00007ffe385b9000 	C:\Program Files\Android\Android Studio\jbr\bin\net.dll
0x00007ffe450a0000 - 0x00007ffe451d7000 	C:\WINDOWS\SYSTEM32\WINHTTP.dll
0x00007ffe4a9f0000 - 0x00007ffe4aa59000 	C:\WINDOWS\system32\mswsock.dll
0x00007ffe2fee0000 - 0x00007ffe2fef3000 	C:\Program Files\Android\Android Studio\jbr\bin\nio.dll
0x00007ffe2ffd0000 - 0x00007ffe2fff7000 	C:\Users\risha\.gradle\native\e1d6ef7f7dcc3fd88c89a11ec53ec762bb8ba0a96d01ffa2cd45eb1d1d8dd5c5\windows-amd64\native-platform.dll
0x00007ffe09960000 - 0x00007ffe09aa4000 	C:\Users\risha\.gradle\native\0d407fdbe67a94daf76414ababcb853783967236a71b16ec16e742cd7a986fd3\windows-amd64\native-platform-file-events.dll
0x00007ffe40110000 - 0x00007ffe4011a000 	C:\Program Files\Android\Android Studio\jbr\bin\management.dll
0x00007ffe3ba20000 - 0x00007ffe3ba2b000 	C:\Program Files\Android\Android Studio\jbr\bin\management_ext.dll
0x00007ffe4ac50000 - 0x00007ffe4ac6b000 	C:\WINDOWS\SYSTEM32\CRYPTSP.dll
0x00007ffe4a4f0000 - 0x00007ffe4a525000 	C:\WINDOWS\system32\rsaenh.dll
0x00007ffe4aaf0000 - 0x00007ffe4ab18000 	C:\WINDOWS\SYSTEM32\USERENV.dll
0x00007ffe4ae10000 - 0x00007ffe4ae38000 	C:\WINDOWS\SYSTEM32\bcrypt.dll
0x00007ffe4ac70000 - 0x00007ffe4ac7c000 	C:\WINDOWS\SYSTEM32\CRYPTBASE.dll
0x00007ffe4a060000 - 0x00007ffe4a08d000 	C:\WINDOWS\SYSTEM32\IPHLPAPI.DLL
0x00007ffe4bfd0000 - 0x00007ffe4bfd9000 	C:\WINDOWS\System32\NSI.dll
0x00007ffe45850000 - 0x00007ffe45869000 	C:\WINDOWS\SYSTEM32\dhcpcsvc6.DLL
0x00007ffe44f90000 - 0x00007ffe44faf000 	C:\WINDOWS\SYSTEM32\dhcpcsvc.DLL
0x00007ffe4a0d0000 - 0x00007ffe4a1c3000 	C:\WINDOWS\SYSTEM32\DNSAPI.dll
0x00007ffe2c010000 - 0x00007ffe2c027000 	C:\WINDOWS\system32\napinsp.dll
0x00007ffe2bfd0000 - 0x00007ffe2bfeb000 	C:\WINDOWS\system32\pnrpnsp.dll
0x00007ffe2bfb0000 - 0x00007ffe2bfc1000 	C:\WINDOWS\System32\winrnr.dll
0x00007ffe44300000 - 0x00007ffe44315000 	C:\WINDOWS\system32\wshbth.dll
0x00007ffe2bee0000 - 0x00007ffe2bf01000 	C:\WINDOWS\system32\nlansp_c.dll
0x00007ffe3caf0000 - 0x00007ffe3cafa000 	C:\Windows\System32\rasadhlp.dll
0x00007ffe44270000 - 0x00007ffe442f4000 	C:\WINDOWS\System32\fwpuclnt.dll

dbghelp: loaded successfully - version: 4.0.5 - missing functions: none
symbol engine: initialized successfully - sym options: 0x614 - pdb path: .;C:\Program Files\Android\Android Studio\jbr\bin;C:\WINDOWS\SYSTEM32;C:\WINDOWS\WinSxS\amd64_microsoft.windows.common-controls_6595b64144ccf1df_6.0.22621.1635_none_270f70857386168e;C:\Program Files\Android\Android Studio\jbr\bin\server;C:\Users\risha\.gradle\native\e1d6ef7f7dcc3fd88c89a11ec53ec762bb8ba0a96d01ffa2cd45eb1d1d8dd5c5\windows-amd64;C:\Users\risha\.gradle\native\0d407fdbe67a94daf76414ababcb853783967236a71b16ec16e742cd7a986fd3\windows-amd64

VM Arguments:
jvm_args: --add-opens=java.base/java.util=ALL-UNNAMED --add-opens=java.base/java.lang=ALL-UNNAMED --add-opens=java.base/java.lang.invoke=ALL-UNNAMED --add-opens=java.base/java.util=ALL-UNNAMED --add-opens=java.prefs/java.util.prefs=ALL-UNNAMED --add-opens=java.prefs/java.util.prefs=ALL-UNNAMED --add-opens=java.base/java.nio.charset=ALL-UNNAMED --add-opens=java.base/java.net=ALL-UNNAMED --add-opens=java.base/java.util.concurrent.atomic=ALL-UNNAMED -Xmx2048m -Dfile.encoding=UTF-8 -Duser.country=IN -Duser.language=en -Duser.variant 
java_command: org.gradle.launcher.daemon.bootstrap.GradleDaemon 7.5
java_class_path (initial): C:\Users\risha\.gradle\wrapper\dists\gradle-7.5-bin\f1w0cc9nuo0eivz97x2xlu9sv\gradle-7.5\lib\gradle-launcher-7.5.jar
Launcher Type: SUN_STANDARD

[Global flags]
     intx CICompilerCount                          = 4                                         {product} {ergonomic}
     uint ConcGCThreads                            = 3                                         {product} {ergonomic}
     uint G1ConcRefinementThreads                  = 10                                        {product} {ergonomic}
   size_t G1HeapRegionSize                         = 1048576                                   {product} {ergonomic}
    uintx GCDrainStackTargetSize                   = 64                                        {product} {ergonomic}
   size_t InitialHeapSize                          = 123731968                                 {product} {ergonomic}
   size_t MarkStackSize                            = 4194304                                   {product} {ergonomic}
   size_t MaxHeapSize                              = 2147483648                                {product} {command line}
   size_t MaxNewSize                               = 1287651328                                {product} {ergonomic}
   size_t MinHeapDeltaBytes                        = 1048576                                   {product} {ergonomic}
    uintx NonNMethodCodeHeapSize                   = 5836300                                {pd product} {ergonomic}
    uintx NonProfiledCodeHeapSize                  = 122910970                              {pd product} {ergonomic}
    uintx ProfiledCodeHeapSize                     = 122910970                              {pd product} {ergonomic}
    uintx ReservedCodeCacheSize                    = 251658240                              {pd product} {ergonomic}
     bool SegmentedCodeCache                       = true                                      {product} {ergonomic}
     bool UseCompressedClassPointers               = true                                 {lp64_product} {ergonomic}
     bool UseCompressedOops                        = true                                 {lp64_product} {ergonomic}
     bool UseG1GC                                  = true                                      {product} {ergonomic}
     bool UseLargePagesIndividualAllocation        = false                                  {pd product} {ergonomic}

Logging:
Log output configuration:
 #0: stdout all=warning uptime,level,tags
 #1: stderr all=off uptime,level,tags

Environment Variables:
PATH=C:\Python311\Scripts\;C:\Python311\;C:\windows\system32;C:\windows;C:\windows\System32\Wbem;C:\windows\System32\WindowsPowerShell\v1.0\;C:\windows\System32\OpenSSH\;C:\Program Files (x86)\NVIDIA Corporation\PhysX\Common;C:\Program Files\NVIDIA Corporation\NVIDIA NvDLISR;C:\WINDOWS\system32;C:\WINDOWS;C:\WINDOWS\System32\Wbem;C:\WINDOWS\System32\WindowsPowerShell\v1.0\;C:\WINDOWS\System32\OpenSSH\;C:\MinGW\bin;C:\Program Files\Git\cmd;C:\Program Files\nodejs\;C:\ProgramData\chocolatey\bin;C:\Program Files\MySQL\MySQL Shell 8.0\bin\;C:\Users\risha\AppData\Local\Programs\Python\Python310\Scripts\;C:\Users\risha\AppData\Local\Programs\Python\Python310\;C:\Users\risha\AppData\Local\Microsoft\WindowsApps;;C:\Users\risha\AppData\Roaming\npm;;C:\Users\risha\AppData\Local\Programs\Microsoft VS Code\bin
USERNAME=risha
OS=Windows_NT
PROCESSOR_IDENTIFIER=AMD64 Family 23 Model 96 Stepping 1, AuthenticAMD



---------------  S Y S T E M  ---------------

OS: Windows 11 , 64 bit Build 22621 (10.0.22621.1778)
OS uptime: 16 days 18:38 hours

CPU:total 12 (initial active 12) (12 cores per cpu, 2 threads per core) family 23 model 96 stepping 1 microcode 0x0, cmov, cx8, fxsr, mmx, sse, sse2, sse3, ssse3, sse4.1, sse4.2, popcnt, avx, avx2, aes, clmul, mmxext, 3dnowpref, lzcnt, sse4a, ht, tsc, tscinvbit, tscinv, bmi1, bmi2, adx, sha, fma

Memory: 4k page, system-wide physical 7541M (484M free)
TotalPageFile size 31093M (AvailPageFile size 28M)
current process WorkingSet (physical memory assigned to process): 471M, peak: 472M
current process commit charge ("private bytes"): 520M, peak: 555M

vm_info: OpenJDK 64-Bit Server VM (11.0.15+0-b2043.56-9505619) for windows-amd64 JRE (11.0.15+0-b2043.56-9505619), built on Jan 19 2023 02:48:00 by "builduser" with unknown MS VC++:1929

END.
