#
# There is insufficient memory for the Java Runtime Environment to continue.
# Native memory allocation (malloc) failed to allocate 1538576 bytes for Chunk::new
# Possible reasons:
#   The system is out of physical RAM or swap space
#   The process is running with CompressedOops enabled, and the Java Heap may be blocking the growth of the native heap
# Possible solutions:
#   Reduce memory load on the system
#   Increase physical memory or swap space
#   Check if swap backing store is full
#   Decrease Java heap size (-Xmx/-Xms)
#   Decrease number of Java threads
#   Decrease Java thread stack sizes (-Xss)
#   Set larger code cache with -XX:ReservedCodeCacheSize=
#   JVM is running with Unscaled Compressed Oops mode in which the Java heap is
#     placed in the first 4GB address space. The Java Heap base address is the
#     maximum limit for the native heap growth. Please use -XX:HeapBaseMinAddress
#     to set the Java Heap base and to place the Java Heap above 4GB virtual address.
# This output file may be truncated or incomplete.
#
#  Out of Memory Error (src/hotspot/share/memory/arena.cpp:197), pid=52596, tid=20548
#
# JRE version: OpenJDK Runtime Environment (11.0.15) (build 11.0.15+0-b2043.56-9505619)
# Java VM: OpenJDK 64-Bit Server VM (11.0.15+0-b2043.56-9505619, mixed mode, tiered, compressed oops, g1 gc, windows-amd64)
# No core dump will be written. Minidumps are not enabled by default on client versions of Windows
#

---------------  S U M M A R Y ------------

Command Line: --add-opens=java.base/java.util=ALL-UNNAMED --add-opens=java.base/java.lang=ALL-UNNAMED --add-opens=java.base/java.lang.invoke=ALL-UNNAMED --add-opens=java.base/java.util=ALL-UNNAMED --add-opens=java.prefs/java.util.prefs=ALL-UNNAMED --add-opens=java.prefs/java.util.prefs=ALL-UNNAMED --add-opens=java.base/java.nio.charset=ALL-UNNAMED --add-opens=java.base/java.net=ALL-UNNAMED --add-opens=java.base/java.util.concurrent.atomic=ALL-UNNAMED -Xmx2048m -Dfile.encoding=UTF-8 -Duser.country=IN -Duser.language=en -Duser.variant org.gradle.launcher.daemon.bootstrap.GradleDaemon 7.5

Host: AMD Ryzen 5 4600H with Radeon Graphics         , 12 cores, 7G,  Windows 11 , 64 bit Build 22621 (10.0.22621.1778)
Time: Sat Jul  8 01:45:20 2023 India Standard Time elapsed time: 21.325145 seconds (0d 0h 0m 21s)

---------------  T H R E A D  ---------------

Current thread (0x000001777f7da000):  JavaThread "C2 CompilerThread0" daemon [_thread_in_native, id=20548, stack(0x000000118bc00000,0x000000118bd00000)]


Current CompileTask:
C2:  21325 8596       4       org.codehaus.groovy.reflection.CachedMethod::compareTo (25 bytes)

Stack: [0x000000118bc00000,0x000000118bd00000]
Native frames: (J=compiled Java code, j=interpreted, Vv=VM code, C=native code)
V  [jvm.dll+0x64135a]
V  [jvm.dll+0x7d39f9]
V  [jvm.dll+0x7d51b9]
V  [jvm.dll+0x7d58a3]
V  [jvm.dll+0x2691c5]
V  [jvm.dll+0xc1a5c]
V  [jvm.dll+0xc200c]
V  [jvm.dll+0x377462]
V  [jvm.dll+0x342495]
V  [jvm.dll+0x34186a]
V  [jvm.dll+0x2214bd]
V  [jvm.dll+0x220498]
V  [jvm.dll+0x19e851]
V  [jvm.dll+0x230479]
V  [jvm.dll+0x22e5ef]
V  [jvm.dll+0x794de1]
V  [jvm.dll+0x78dc24]
V  [jvm.dll+0x6400f6]
C  [ucrtbase.dll+0x29363]
C  [KERNEL32.DLL+0x126ad]
C  [ntdll.dll+0x5a9f8]


---------------  P R O C E S S  ---------------

Threads class SMR info:
_java_thread_list=0x0000017706f78f30, length=180, elements={
0x00000177625be000, 0x000001777ee50800, 0x000001777ee5b800, 0x000001777f7d2800,
0x000001777f7d3800, 0x000001777f7d7000, 0x000001777f7da000, 0x000001777f7de800,
0x000001777f7e3800, 0x000001777f93a800, 0x0000017700d5b800, 0x00000177017b2800,
0x0000017701a61800, 0x0000017701804800, 0x000001770066d000, 0x0000017701633800,
0x00000177016be800, 0x00000177016c4800, 0x0000017700bc5800, 0x0000017700009000,
0x000001770000b000, 0x000001770000a000, 0x000001770000b800, 0x000001770000c800,
0x000001770000d000, 0x000001770000e000, 0x0000017700008800, 0x000001770000f000,
0x0000017703a9d800, 0x0000017703a9e800, 0x0000017703a9a800, 0x0000017703a9f000,
0x0000017703a9c000, 0x0000017703aa0000, 0x0000017703aa1000, 0x0000017703a9b000,
0x0000017703aa1800, 0x0000017703aa2800, 0x0000017703a9c800, 0x0000017703aa3000,
0x0000017703aa8000, 0x0000017703aa4000, 0x0000017703aa7800, 0x0000017703aa5000,
0x0000017703aa5800, 0x0000017703aa6800, 0x000001777fa50800, 0x000001777fa52800,
0x000001777fa51800, 0x000001777fa55000, 0x000001777fa50000, 0x000001777fa56800,
0x000001777fa57800, 0x000001777fa55800, 0x000001777fa54000, 0x000001777fa58000,
0x000001777fa53000, 0x000001777fa59000, 0x000001777fa5e800, 0x000001777fa5d000,
0x000001777fa5e000, 0x000001777fa5b800, 0x000001777fa5c000, 0x000001777fa59800,
0x000001777fa5a800, 0x0000017701596800, 0x000001770159a000, 0x000001770159b000,
0x000001770159b800, 0x000001770159d000, 0x0000017701597800, 0x0000017701599000,
0x000001770159c800, 0x000001770159e000, 0x0000017701598800, 0x00000177015a4000,
0x00000177015a1800, 0x000001770159f800, 0x000001770159f000, 0x00000177015a5800,
0x00000177015a4800, 0x00000177015a0800, 0x00000177015a2000, 0x00000177015a3000,
0x0000017701abe000, 0x0000017701abf800, 0x0000017701abf000, 0x0000017701ac0800,
0x0000017701ac1800, 0x0000017701ac2000, 0x0000017701ac3000, 0x0000017701abd800,
0x0000017701ac5800, 0x0000017701ac7000, 0x0000017701ac8000, 0x0000017701ac9800,
0x0000017701ac4000, 0x0000017701ac8800, 0x0000017701aca800, 0x0000017701ac4800,
0x0000017701acb000, 0x0000017701ac6800, 0x0000017701acc000, 0x00000177020cb800,
0x00000177020ca000, 0x00000177020c9800, 0x00000177020cf000, 0x00000177020cc800,
0x00000177020cd800, 0x00000177020cb000, 0x00000177020d0000, 0x00000177020d1800,
0x00000177020d4000, 0x00000177020d3000, 0x00000177020d0800, 0x00000177020d2800,
0x00000177020ce000, 0x00000177020d4800, 0x00000177020d5800, 0x00000177020d6800,
0x00000177020d7000, 0x00000177020d8000, 0x00000177038b0000, 0x00000177038af800,
0x00000177038b1000, 0x00000177038b3800, 0x00000177038b2000, 0x00000177038b2800,
0x00000177038ae000, 0x00000177038b4800, 0x00000177038ae800, 0x00000177038b7800,
0x00000177038b5000, 0x00000177038b6000, 0x00000177038b6800, 0x00000177038b8800,
0x00000177038b9000, 0x00000177038bb000, 0x00000177038ba000, 0x00000177038bb800,
0x00000177038bc800, 0x0000017701c79000, 0x0000017701c75000, 0x0000017701c76000,
0x0000017701c76800, 0x0000017701c7a000, 0x0000017701c77800, 0x0000017701c74800,
0x0000017701c7b000, 0x0000017701c78800, 0x0000017701c80800, 0x0000017701c7f800,
0x0000017701c81800, 0x0000017701c7f000, 0x0000017701c7b800, 0x0000017701c82000,
0x0000017701c7c800, 0x0000017701c83000, 0x0000017701c7d000, 0x0000017701c7e000,
0x000001770384f000, 0x000001770384e000, 0x0000017703849800, 0x000001770384a000,
0x0000017703850000, 0x000001770384c800, 0x0000017703850800, 0x000001770384b800,
0x000001770384b000, 0x0000017703851800, 0x0000017703852000, 0x0000017703853000,
0x000001770384d800, 0x0000017703854000, 0x0000017703856800, 0x0000017703857000,
0x0000017703854800, 0x0000017703858000, 0x0000017703855800, 0x00000177078ab000
}

Java Threads: ( => current thread )
  0x00000177625be000 JavaThread "main" [_thread_blocked, id=21244, stack(0x000000118b000000,0x000000118b100000)]
  0x000001777ee50800 JavaThread "Reference Handler" daemon [_thread_blocked, id=36288, stack(0x000000118b700000,0x000000118b800000)]
  0x000001777ee5b800 JavaThread "Finalizer" daemon [_thread_blocked, id=71260, stack(0x000000118b800000,0x000000118b900000)]
  0x000001777f7d2800 JavaThread "Signal Dispatcher" daemon [_thread_blocked, id=66248, stack(0x000000118b900000,0x000000118ba00000)]
  0x000001777f7d3800 JavaThread "Attach Listener" daemon [_thread_blocked, id=9632, stack(0x000000118ba00000,0x000000118bb00000)]
  0x000001777f7d7000 JavaThread "Service Thread" daemon [_thread_blocked, id=68248, stack(0x000000118bb00000,0x000000118bc00000)]
=>0x000001777f7da000 JavaThread "C2 CompilerThread0" daemon [_thread_in_native, id=20548, stack(0x000000118bc00000,0x000000118bd00000)]
  0x000001777f7de800 JavaThread "C1 CompilerThread0" daemon [_thread_blocked, id=67096, stack(0x000000118bd00000,0x000000118be00000)]
  0x000001777f7e3800 JavaThread "Sweeper thread" daemon [_thread_blocked, id=70748, stack(0x000000118be00000,0x000000118bf00000)]
  0x000001777f93a800 JavaThread "Common-Cleaner" daemon [_thread_blocked, id=71180, stack(0x000000118bf00000,0x000000118c000000)]
  0x0000017700d5b800 JavaThread "Daemon health stats" [_thread_blocked, id=62536, stack(0x000000118c200000,0x000000118c300000)]
  0x00000177017b2800 JavaThread "Incoming local TCP Connector on port 58245" [_thread_in_native, id=32384, stack(0x000000118c300000,0x000000118c400000)]
  0x0000017701a61800 JavaThread "Daemon periodic checks" [_thread_blocked, id=55516, stack(0x000000118c400000,0x000000118c500000)]
  0x0000017701804800 JavaThread "Daemon" [_thread_blocked, id=41852, stack(0x000000118c500000,0x000000118c600000)]
  0x000001770066d000 JavaThread "Handler for socket connection from /127.0.0.1:58245 to /127.0.0.1:58250" [_thread_in_native, id=71052, stack(0x000000118c600000,0x000000118c700000)]
  0x0000017701633800 JavaThread "Cancel handler" [_thread_blocked, id=25756, stack(0x000000118c700000,0x000000118c800000)]
  0x00000177016be800 JavaThread "Daemon worker" [_thread_blocked, id=67072, stack(0x000000118c800000,0x000000118c900000)]
  0x00000177016c4800 JavaThread "Asynchronous log dispatcher for DefaultDaemonConnection: socket connection from /127.0.0.1:58245 to /127.0.0.1:58250" [_thread_blocked, id=47336, stack(0x000000118c900000,0x000000118ca00000)]
  0x0000017700bc5800 JavaThread "Stdin handler" [_thread_blocked, id=12652, stack(0x000000118ca00000,0x000000118cb00000)]
  0x0000017700009000 JavaThread "Daemon client event forwarder" [_thread_blocked, id=39500, stack(0x000000118cb00000,0x000000118cc00000)]
  0x000001770000b000 JavaThread "Cache worker for journal cache (C:\Users\risha\.gradle\caches\journal-1)" [_thread_blocked, id=63612, stack(0x000000118d400000,0x000000118d500000)]
  0x000001770000a000 JavaThread "File lock request listener" [_thread_in_native, id=17516, stack(0x000000118d500000,0x000000118d600000)]
  0x000001770000b800 JavaThread "Cache worker for file hash cache (C:\Users\risha\.gradle\caches\7.5\fileHashes)" [_thread_blocked, id=63472, stack(0x000000118d800000,0x000000118d900000)]
  0x000001770000c800 JavaThread "File watcher server" daemon [_thread_in_native, id=69560, stack(0x000000118d900000,0x000000118da00000)]
  0x000001770000d000 JavaThread "File watcher consumer" daemon [_thread_blocked, id=69976, stack(0x000000118da00000,0x000000118db00000)]
  0x000001770000e000 JavaThread "Cache worker for checksums cache (R:\Android Studio Projects\.gradle\7.5\checksums)" [_thread_blocked, id=71064, stack(0x000000118db00000,0x000000118dc00000)]
  0x0000017700008800 JavaThread "Cache worker for cache directory md-rule (C:\Users\risha\.gradle\caches\7.5\md-rule)" [_thread_blocked, id=9940, stack(0x000000118dc00000,0x000000118dd00000)]
  0x000001770000f000 JavaThread "Cache worker for file content cache (C:\Users\risha\.gradle\caches\7.5\fileContent)" [_thread_blocked, id=71204, stack(0x000000118dd00000,0x000000118de00000)]
  0x0000017703a9d800 JavaThread "Cache worker for file hash cache (R:\Android Studio Projects\.gradle\7.5\fileHashes)" [_thread_blocked, id=68132, stack(0x000000118de00000,0x000000118df00000)]
  0x0000017703a9e800 JavaThread "Cache worker for cache directory md-supplier (C:\Users\risha\.gradle\caches\7.5\md-supplier)" [_thread_blocked, id=70248, stack(0x000000118df00000,0x000000118e000000)]
  0x0000017703a9a800 JavaThread "Cache worker for execution history cache (C:\Users\risha\.gradle\caches\7.5\executionHistory)" [_thread_blocked, id=57656, stack(0x000000118e000000,0x000000118e100000)]
  0x0000017703a9f000 JavaThread "jar transforms" [_thread_blocked, id=38480, stack(0x000000118e100000,0x000000118e200000)]
  0x0000017703a9c000 JavaThread "jar transforms Thread 2" [_thread_blocked, id=70120, stack(0x000000118e200000,0x000000118e300000)]
  0x0000017703aa0000 JavaThread "jar transforms Thread 3" [_thread_blocked, id=9064, stack(0x000000118e300000,0x000000118e400000)]
  0x0000017703aa1000 JavaThread "jar transforms Thread 4" [_thread_blocked, id=70836, stack(0x000000118e400000,0x000000118e500000)]
  0x0000017703a9b000 JavaThread "Cache worker for dependencies-accessors (R:\Android Studio Projects\.gradle\7.5\dependencies-accessors)" [_thread_blocked, id=59760, stack(0x000000118e500000,0x000000118e600000)]
  0x0000017703aa1800 JavaThread "jar transforms Thread 5" [_thread_blocked, id=63268, stack(0x000000118e600000,0x000000118e700000)]
  0x0000017703aa2800 JavaThread "Cache worker for Build Output Cleanup Cache (R:\Android Studio Projects\.gradle\buildOutputCleanup)" [_thread_blocked, id=21588, stack(0x000000118e700000,0x000000118e800000)]
  0x0000017703a9c800 JavaThread "Unconstrained build operations" [_thread_blocked, id=30216, stack(0x000000118e800000,0x000000118e900000)]
  0x0000017703aa3000 JavaThread "Unconstrained build operations Thread 2" [_thread_blocked, id=69356, stack(0x000000118e900000,0x000000118ea00000)]
  0x0000017703aa8000 JavaThread "Unconstrained build operations Thread 3" [_thread_blocked, id=20020, stack(0x000000118ea00000,0x000000118eb00000)]
  0x0000017703aa4000 JavaThread "Unconstrained build operations Thread 4" [_thread_blocked, id=65396, stack(0x000000118eb00000,0x000000118ec00000)]
  0x0000017703aa7800 JavaThread "Unconstrained build operations Thread 5" [_thread_blocked, id=40476, stack(0x000000118ec00000,0x000000118ed00000)]
  0x0000017703aa5000 JavaThread "Unconstrained build operations Thread 6" [_thread_blocked, id=67716, stack(0x000000118ed00000,0x000000118ee00000)]
  0x0000017703aa5800 JavaThread "Unconstrained build operations Thread 7" [_thread_blocked, id=65496, stack(0x000000118ee00000,0x000000118ef00000)]
  0x0000017703aa6800 JavaThread "Unconstrained build operations Thread 8" [_thread_blocked, id=42092, stack(0x000000118ef00000,0x000000118f000000)]
  0x000001777fa50800 JavaThread "Unconstrained build operations Thread 9" [_thread_blocked, id=49016, stack(0x000000118f000000,0x000000118f100000)]
  0x000001777fa52800 JavaThread "Unconstrained build operations Thread 10" [_thread_blocked, id=55268, stack(0x000000118f100000,0x000000118f200000)]
  0x000001777fa51800 JavaThread "Unconstrained build operations Thread 11" [_thread_blocked, id=70140, stack(0x000000118f200000,0x000000118f300000)]
  0x000001777fa55000 JavaThread "Unconstrained build operations Thread 12" [_thread_blocked, id=25436, stack(0x000000118f300000,0x000000118f400000)]
  0x000001777fa50000 JavaThread "Unconstrained build operations Thread 13" [_thread_blocked, id=71504, stack(0x000000118f400000,0x000000118f500000)]
  0x000001777fa56800 JavaThread "Unconstrained build operations Thread 14" [_thread_blocked, id=69900, stack(0x000000118f500000,0x000000118f600000)]
  0x000001777fa57800 JavaThread "Unconstrained build operations Thread 15" [_thread_blocked, id=26488, stack(0x000000118f600000,0x000000118f700000)]
  0x000001777fa55800 JavaThread "Unconstrained build operations Thread 16" [_thread_blocked, id=68948, stack(0x000000118f700000,0x000000118f800000)]
  0x000001777fa54000 JavaThread "Unconstrained build operations Thread 17" [_thread_blocked, id=67964, stack(0x000000118f800000,0x000000118f900000)]
  0x000001777fa58000 JavaThread "Unconstrained build operations Thread 18" [_thread_blocked, id=67212, stack(0x000000118f900000,0x000000118fa00000)]
  0x000001777fa53000 JavaThread "Unconstrained build operations Thread 19" [_thread_blocked, id=69488, stack(0x000000118fa00000,0x000000118fb00000)]
  0x000001777fa59000 JavaThread "Unconstrained build operations Thread 20" [_thread_blocked, id=51224, stack(0x000000118fb00000,0x000000118fc00000)]
  0x000001777fa5e800 JavaThread "Unconstrained build operations Thread 21" [_thread_blocked, id=47876, stack(0x000000118fc00000,0x000000118fd00000)]
  0x000001777fa5d000 JavaThread "Unconstrained build operations Thread 22" [_thread_blocked, id=48744, stack(0x000000118fd00000,0x000000118fe00000)]
  0x000001777fa5e000 JavaThread "Unconstrained build operations Thread 23" [_thread_blocked, id=2704, stack(0x000000118fe00000,0x000000118ff00000)]
  0x000001777fa5b800 JavaThread "Unconstrained build operations Thread 24" [_thread_blocked, id=56208, stack(0x000000118ff00000,0x0000001190000000)]
  0x000001777fa5c000 JavaThread "Unconstrained build operations Thread 25" [_thread_blocked, id=14784, stack(0x0000001190000000,0x0000001190100000)]
  0x000001777fa59800 JavaThread "Unconstrained build operations Thread 26" [_thread_blocked, id=55808, stack(0x0000001190100000,0x0000001190200000)]
  0x000001777fa5a800 JavaThread "Unconstrained build operations Thread 27" [_thread_blocked, id=19668, stack(0x0000001190200000,0x0000001190300000)]
  0x0000017701596800 JavaThread "Unconstrained build operations Thread 28" [_thread_blocked, id=59928, stack(0x0000001190300000,0x0000001190400000)]
  0x000001770159a000 JavaThread "Unconstrained build operations Thread 29" [_thread_blocked, id=7928, stack(0x0000001190400000,0x0000001190500000)]
  0x000001770159b000 JavaThread "Unconstrained build operations Thread 30" [_thread_blocked, id=62928, stack(0x0000001190500000,0x0000001190600000)]
  0x000001770159b800 JavaThread "Unconstrained build operations Thread 31" [_thread_blocked, id=28568, stack(0x0000001190600000,0x0000001190700000)]
  0x000001770159d000 JavaThread "Unconstrained build operations Thread 32" [_thread_blocked, id=65528, stack(0x0000001190700000,0x0000001190800000)]
  0x0000017701597800 JavaThread "Unconstrained build operations Thread 33" [_thread_blocked, id=71404, stack(0x0000001190800000,0x0000001190900000)]
  0x0000017701599000 JavaThread "Unconstrained build operations Thread 34" [_thread_blocked, id=33172, stack(0x0000001190900000,0x0000001190a00000)]
  0x000001770159c800 JavaThread "Unconstrained build operations Thread 35" [_thread_blocked, id=41060, stack(0x0000001190a00000,0x0000001190b00000)]
  0x000001770159e000 JavaThread "Unconstrained build operations Thread 36" [_thread_blocked, id=66036, stack(0x0000001190b00000,0x0000001190c00000)]
  0x0000017701598800 JavaThread "Unconstrained build operations Thread 37" [_thread_blocked, id=30844, stack(0x0000001190c00000,0x0000001190d00000)]
  0x00000177015a4000 JavaThread "Unconstrained build operations Thread 38" [_thread_blocked, id=17712, stack(0x0000001190d00000,0x0000001190e00000)]
  0x00000177015a1800 JavaThread "Unconstrained build operations Thread 39" [_thread_blocked, id=66852, stack(0x0000001190e00000,0x0000001190f00000)]
  0x000001770159f800 JavaThread "Unconstrained build operations Thread 40" [_thread_blocked, id=35272, stack(0x0000001190f00000,0x0000001191000000)]
  0x000001770159f000 JavaThread "Unconstrained build operations Thread 41" [_thread_blocked, id=62428, stack(0x0000001191000000,0x0000001191100000)]
  0x00000177015a5800 JavaThread "Unconstrained build operations Thread 42" [_thread_blocked, id=36204, stack(0x0000001191100000,0x0000001191200000)]
  0x00000177015a4800 JavaThread "Unconstrained build operations Thread 43" [_thread_blocked, id=41696, stack(0x0000001191200000,0x0000001191300000)]
  0x00000177015a0800 JavaThread "Unconstrained build operations Thread 44" [_thread_blocked, id=30128, stack(0x0000001191300000,0x0000001191400000)]
  0x00000177015a2000 JavaThread "Unconstrained build operations Thread 45" [_thread_blocked, id=35136, stack(0x0000001191400000,0x0000001191500000)]
  0x00000177015a3000 JavaThread "Unconstrained build operations Thread 46" [_thread_blocked, id=39404, stack(0x0000001191500000,0x0000001191600000)]
  0x0000017701abe000 JavaThread "Unconstrained build operations Thread 47" [_thread_blocked, id=49128, stack(0x0000001191600000,0x0000001191700000)]
  0x0000017701abf800 JavaThread "Unconstrained build operations Thread 48" [_thread_blocked, id=14500, stack(0x0000001191700000,0x0000001191800000)]
  0x0000017701abf000 JavaThread "Unconstrained build operations Thread 49" [_thread_blocked, id=68700, stack(0x0000001191800000,0x0000001191900000)]
  0x0000017701ac0800 JavaThread "Unconstrained build operations Thread 50" [_thread_blocked, id=66164, stack(0x0000001191900000,0x0000001191a00000)]
  0x0000017701ac1800 JavaThread "Unconstrained build operations Thread 51" [_thread_blocked, id=47972, stack(0x0000001191a00000,0x0000001191b00000)]
  0x0000017701ac2000 JavaThread "Unconstrained build operations Thread 52" [_thread_blocked, id=43080, stack(0x0000001191b00000,0x0000001191c00000)]
  0x0000017701ac3000 JavaThread "Unconstrained build operations Thread 53" [_thread_blocked, id=40032, stack(0x0000001191c00000,0x0000001191d00000)]
  0x0000017701abd800 JavaThread "Unconstrained build operations Thread 54" [_thread_blocked, id=70564, stack(0x0000001191d00000,0x0000001191e00000)]
  0x0000017701ac5800 JavaThread "Unconstrained build operations Thread 55" [_thread_blocked, id=70376, stack(0x0000001191e00000,0x0000001191f00000)]
  0x0000017701ac7000 JavaThread "Unconstrained build operations Thread 56" [_thread_blocked, id=68148, stack(0x0000001191f00000,0x0000001192000000)]
  0x0000017701ac8000 JavaThread "Unconstrained build operations Thread 57" [_thread_blocked, id=46360, stack(0x0000001192000000,0x0000001192100000)]
  0x0000017701ac9800 JavaThread "Unconstrained build operations Thread 58" [_thread_blocked, id=17868, stack(0x0000001192100000,0x0000001192200000)]
  0x0000017701ac4000 JavaThread "Unconstrained build operations Thread 59" [_thread_blocked, id=14212, stack(0x0000001192200000,0x0000001192300000)]
  0x0000017701ac8800 JavaThread "Unconstrained build operations Thread 60" [_thread_blocked, id=65744, stack(0x0000001192300000,0x0000001192400000)]
  0x0000017701aca800 JavaThread "Unconstrained build operations Thread 61" [_thread_blocked, id=68780, stack(0x0000001192400000,0x0000001192500000)]
  0x0000017701ac4800 JavaThread "Unconstrained build operations Thread 62" [_thread_blocked, id=26380, stack(0x0000001192500000,0x0000001192600000)]
  0x0000017701acb000 JavaThread "Unconstrained build operations Thread 63" [_thread_blocked, id=52872, stack(0x0000001192600000,0x0000001192700000)]
  0x0000017701ac6800 JavaThread "Unconstrained build operations Thread 64" [_thread_blocked, id=70604, stack(0x0000001192700000,0x0000001192800000)]
  0x0000017701acc000 JavaThread "Unconstrained build operations Thread 65" [_thread_blocked, id=31236, stack(0x0000001192800000,0x0000001192900000)]
  0x00000177020cb800 JavaThread "Unconstrained build operations Thread 66" [_thread_blocked, id=40196, stack(0x0000001192900000,0x0000001192a00000)]
  0x00000177020ca000 JavaThread "Unconstrained build operations Thread 67" [_thread_blocked, id=45948, stack(0x0000001192a00000,0x0000001192b00000)]
  0x00000177020c9800 JavaThread "Unconstrained build operations Thread 68" [_thread_blocked, id=8864, stack(0x0000001192b00000,0x0000001192c00000)]
  0x00000177020cf000 JavaThread "Unconstrained build operations Thread 69" [_thread_blocked, id=20880, stack(0x0000001192c00000,0x0000001192d00000)]
  0x00000177020cc800 JavaThread "Unconstrained build operations Thread 70" [_thread_blocked, id=17256, stack(0x0000001192d00000,0x0000001192e00000)]
  0x00000177020cd800 JavaThread "Unconstrained build operations Thread 71" [_thread_blocked, id=66908, stack(0x0000001192e00000,0x0000001192f00000)]
  0x00000177020cb000 JavaThread "Unconstrained build operations Thread 72" [_thread_blocked, id=41016, stack(0x0000001192f00000,0x0000001193000000)]
  0x00000177020d0000 JavaThread "Unconstrained build operations Thread 73" [_thread_blocked, id=24364, stack(0x0000001193000000,0x0000001193100000)]
  0x00000177020d1800 JavaThread "Unconstrained build operations Thread 74" [_thread_blocked, id=67244, stack(0x0000001193100000,0x0000001193200000)]
  0x00000177020d4000 JavaThread "Unconstrained build operations Thread 75" [_thread_blocked, id=58016, stack(0x0000001193200000,0x0000001193300000)]
  0x00000177020d3000 JavaThread "Unconstrained build operations Thread 76" [_thread_blocked, id=51552, stack(0x0000001193300000,0x0000001193400000)]
  0x00000177020d0800 JavaThread "Unconstrained build operations Thread 77" [_thread_blocked, id=29228, stack(0x0000001193400000,0x0000001193500000)]
  0x00000177020d2800 JavaThread "Unconstrained build operations Thread 78" [_thread_blocked, id=69596, stack(0x0000001193500000,0x0000001193600000)]
  0x00000177020ce000 JavaThread "Unconstrained build operations Thread 79" [_thread_blocked, id=46064, stack(0x0000001193600000,0x0000001193700000)]
  0x00000177020d4800 JavaThread "Unconstrained build operations Thread 80" [_thread_blocked, id=70100, stack(0x0000001193700000,0x0000001193800000)]
  0x00000177020d5800 JavaThread "Unconstrained build operations Thread 81" [_thread_blocked, id=40584, stack(0x0000001193800000,0x0000001193900000)]
  0x00000177020d6800 JavaThread "Unconstrained build operations Thread 82" [_thread_blocked, id=57604, stack(0x0000001193900000,0x0000001193a00000)]
  0x00000177020d7000 JavaThread "Unconstrained build operations Thread 83" [_thread_blocked, id=71012, stack(0x0000001193a00000,0x0000001193b00000)]
  0x00000177020d8000 JavaThread "Unconstrained build operations Thread 84" [_thread_blocked, id=67620, stack(0x0000001193b00000,0x0000001193c00000)]
  0x00000177038b0000 JavaThread "Unconstrained build operations Thread 85" [_thread_blocked, id=61676, stack(0x0000001193c00000,0x0000001193d00000)]
  0x00000177038af800 JavaThread "Unconstrained build operations Thread 86" [_thread_blocked, id=6092, stack(0x0000001193d00000,0x0000001193e00000)]
  0x00000177038b1000 JavaThread "Unconstrained build operations Thread 87" [_thread_blocked, id=37120, stack(0x0000001193e00000,0x0000001193f00000)]
  0x00000177038b3800 JavaThread "Unconstrained build operations Thread 88" [_thread_blocked, id=49272, stack(0x0000001193f00000,0x0000001194000000)]
  0x00000177038b2000 JavaThread "Unconstrained build operations Thread 89" [_thread_blocked, id=71196, stack(0x0000001194000000,0x0000001194100000)]
  0x00000177038b2800 JavaThread "Unconstrained build operations Thread 90" [_thread_blocked, id=7076, stack(0x0000001194100000,0x0000001194200000)]
  0x00000177038ae000 JavaThread "Unconstrained build operations Thread 91" [_thread_blocked, id=26648, stack(0x0000001194200000,0x0000001194300000)]
  0x00000177038b4800 JavaThread "Unconstrained build operations Thread 92" [_thread_blocked, id=30644, stack(0x0000001194300000,0x0000001194400000)]
  0x00000177038ae800 JavaThread "Unconstrained build operations Thread 93" [_thread_in_native, id=62652, stack(0x0000001194400000,0x0000001194500000)]
  0x00000177038b7800 JavaThread "Unconstrained build operations Thread 94" [_thread_blocked, id=55476, stack(0x0000001194500000,0x0000001194600000)]
  0x00000177038b5000 JavaThread "Unconstrained build operations Thread 95" [_thread_blocked, id=64728, stack(0x0000001194600000,0x0000001194700000)]
  0x00000177038b6000 JavaThread "Unconstrained build operations Thread 96" [_thread_blocked, id=59584, stack(0x0000001194700000,0x0000001194800000)]
  0x00000177038b6800 JavaThread "Unconstrained build operations Thread 97" [_thread_blocked, id=59040, stack(0x0000001194800000,0x0000001194900000)]
  0x00000177038b8800 JavaThread "Unconstrained build operations Thread 98" [_thread_blocked, id=63708, stack(0x0000001194900000,0x0000001194a00000)]
  0x00000177038b9000 JavaThread "Unconstrained build operations Thread 99" [_thread_blocked, id=41748, stack(0x0000001194a00000,0x0000001194b00000)]
  0x00000177038bb000 JavaThread "Unconstrained build operations Thread 100" [_thread_blocked, id=11892, stack(0x0000001194b00000,0x0000001194c00000)]
  0x00000177038ba000 JavaThread "Unconstrained build operations Thread 101" [_thread_blocked, id=1420, stack(0x0000001194c00000,0x0000001194d00000)]
  0x00000177038bb800 JavaThread "Unconstrained build operations Thread 102" [_thread_blocked, id=46628, stack(0x0000001194d00000,0x0000001194e00000)]
  0x00000177038bc800 JavaThread "Unconstrained build operations Thread 103" [_thread_blocked, id=28928, stack(0x0000001194e00000,0x0000001194f00000)]
  0x0000017701c79000 JavaThread "Unconstrained build operations Thread 104" [_thread_blocked, id=68688, stack(0x0000001194f00000,0x0000001195000000)]
  0x0000017701c75000 JavaThread "Unconstrained build operations Thread 105" [_thread_blocked, id=23452, stack(0x0000001195000000,0x0000001195100000)]
  0x0000017701c76000 JavaThread "Unconstrained build operations Thread 106" [_thread_blocked, id=59328, stack(0x0000001195100000,0x0000001195200000)]
  0x0000017701c76800 JavaThread "Unconstrained build operations Thread 107" [_thread_blocked, id=70256, stack(0x0000001195200000,0x0000001195300000)]
  0x0000017701c7a000 JavaThread "Unconstrained build operations Thread 108" [_thread_blocked, id=59232, stack(0x0000001195300000,0x0000001195400000)]
  0x0000017701c77800 JavaThread "Unconstrained build operations Thread 109" [_thread_blocked, id=71472, stack(0x0000001195400000,0x0000001195500000)]
  0x0000017701c74800 JavaThread "Unconstrained build operations Thread 110" [_thread_blocked, id=67224, stack(0x0000001195500000,0x0000001195600000)]
  0x0000017701c7b000 JavaThread "Unconstrained build operations Thread 111" [_thread_blocked, id=3904, stack(0x0000001195600000,0x0000001195700000)]
  0x0000017701c78800 JavaThread "Unconstrained build operations Thread 112" [_thread_blocked, id=71636, stack(0x0000001195700000,0x0000001195800000)]
  0x0000017701c80800 JavaThread "Unconstrained build operations Thread 113" [_thread_blocked, id=58416, stack(0x0000001195800000,0x0000001195900000)]
  0x0000017701c7f800 JavaThread "Unconstrained build operations Thread 114" [_thread_blocked, id=11208, stack(0x0000001195900000,0x0000001195a00000)]
  0x0000017701c81800 JavaThread "Unconstrained build operations Thread 115" [_thread_blocked, id=50856, stack(0x0000001195a00000,0x0000001195b00000)]
  0x0000017701c7f000 JavaThread "Unconstrained build operations Thread 116" [_thread_blocked, id=3352, stack(0x0000001195b00000,0x0000001195c00000)]
  0x0000017701c7b800 JavaThread "Unconstrained build operations Thread 117" [_thread_blocked, id=43200, stack(0x0000001195c00000,0x0000001195d00000)]
  0x0000017701c82000 JavaThread "Unconstrained build operations Thread 118" [_thread_blocked, id=43364, stack(0x0000001195d00000,0x0000001195e00000)]
  0x0000017701c7c800 JavaThread "Unconstrained build operations Thread 119" [_thread_blocked, id=48400, stack(0x0000001195e00000,0x0000001195f00000)]
  0x0000017701c83000 JavaThread "Unconstrained build operations Thread 120" [_thread_blocked, id=62776, stack(0x0000001195f00000,0x0000001196000000)]
  0x0000017701c7d000 JavaThread "jar transforms Thread 6" [_thread_blocked, id=28324, stack(0x0000001196000000,0x0000001196100000)]
  0x0000017701c7e000 JavaThread "jar transforms Thread 7" [_thread_blocked, id=42212, stack(0x0000001196100000,0x0000001196200000)]
  0x000001770384f000 JavaThread "jar transforms Thread 8" [_thread_blocked, id=71344, stack(0x0000001196200000,0x0000001196300000)]
  0x000001770384e000 JavaThread "jar transforms Thread 9" [_thread_blocked, id=66400, stack(0x0000001196300000,0x0000001196400000)]
  0x0000017703849800 JavaThread "jar transforms Thread 10" [_thread_blocked, id=67100, stack(0x0000001196400000,0x0000001196500000)]
  0x000001770384a000 JavaThread "jar transforms Thread 11" [_thread_blocked, id=68604, stack(0x0000001196500000,0x0000001196600000)]
  0x0000017703850000 JavaThread "jar transforms Thread 12" [_thread_blocked, id=59100, stack(0x0000001196600000,0x0000001196700000)]
  0x000001770384c800 JavaThread "build event listener" [_thread_blocked, id=71668, stack(0x0000001196700000,0x0000001196800000)]
  0x0000017703850800 JavaThread "Memory manager" [_thread_blocked, id=17336, stack(0x0000001196800000,0x0000001196900000)]
  0x000001770384b800 JavaThread "included builds" [_thread_blocked, id=5084, stack(0x0000001196900000,0x0000001196a00000)]
  0x000001770384b000 JavaThread "Execution worker" [_thread_blocked, id=14552, stack(0x0000001196a00000,0x0000001196b00000)]
  0x0000017703851800 JavaThread "Execution worker Thread 2" [_thread_blocked, id=69656, stack(0x0000001196b00000,0x0000001196c00000)]
  0x0000017703852000 JavaThread "Execution worker Thread 3" [_thread_blocked, id=62320, stack(0x0000001196c00000,0x0000001196d00000)]
  0x0000017703853000 JavaThread "Execution worker Thread 4" [_thread_blocked, id=45572, stack(0x0000001196d00000,0x0000001196e00000)]
  0x000001770384d800 JavaThread "Execution worker Thread 5" [_thread_blocked, id=36032, stack(0x0000001196e00000,0x0000001196f00000)]
  0x0000017703854000 JavaThread "Execution worker Thread 6" [_thread_blocked, id=68352, stack(0x0000001196f00000,0x0000001197000000)]
  0x0000017703856800 JavaThread "Execution worker Thread 7" [_thread_blocked, id=69000, stack(0x0000001197000000,0x0000001197100000)]
  0x0000017703857000 JavaThread "Execution worker Thread 8" [_thread_blocked, id=40432, stack(0x0000001197100000,0x0000001197200000)]
  0x0000017703854800 JavaThread "Execution worker Thread 9" [_thread_blocked, id=30556, stack(0x0000001197200000,0x0000001197300000)]
  0x0000017703858000 JavaThread "Execution worker Thread 10" [_thread_blocked, id=70980, stack(0x0000001197300000,0x0000001197400000)]
  0x0000017703855800 JavaThread "Execution worker Thread 11" [_thread_blocked, id=60820, stack(0x0000001197400000,0x0000001197500000)]
  0x00000177078ab000 JavaThread "Cache worker for execution history cache (R:\Android Studio Projects\.gradle\7.5\executionHistory)" [_thread_blocked, id=68984, stack(0x0000001197500000,0x0000001197600000)]

Other Threads:
  0x000001777ee4b000 VMThread "VM Thread" [stack: 0x000000118b600000,0x000000118b700000] [id=61632]
  0x000001777f947800 WatcherThread [stack: 0x000000118c000000,0x000000118c100000] [id=37448]
  0x00000177625d8800 GCTaskThread "GC Thread#0" [stack: 0x000000118b100000,0x000000118b200000] [id=34868]
  0x0000017700105000 GCTaskThread "GC Thread#1" [stack: 0x000000118c100000,0x000000118c200000] [id=19488]
  0x0000017701852800 GCTaskThread "GC Thread#2" [stack: 0x000000118cc00000,0x000000118cd00000] [id=38428]
  0x000001777fa9f000 GCTaskThread "GC Thread#3" [stack: 0x000000118cd00000,0x000000118ce00000] [id=70436]
  0x0000017700bc2800 GCTaskThread "GC Thread#4" [stack: 0x000000118ce00000,0x000000118cf00000] [id=61292]
  0x0000017701653000 GCTaskThread "GC Thread#5" [stack: 0x000000118cf00000,0x000000118d000000] [id=18164]
  0x00000177010f2800 GCTaskThread "GC Thread#6" [stack: 0x000000118d000000,0x000000118d100000] [id=57980]
  0x00000177010f3000 GCTaskThread "GC Thread#7" [stack: 0x000000118d100000,0x000000118d200000] [id=67408]
  0x0000017700026800 GCTaskThread "GC Thread#8" [stack: 0x000000118d200000,0x000000118d300000] [id=50912]
  0x0000017700027800 GCTaskThread "GC Thread#9" [stack: 0x000000118d300000,0x000000118d400000] [id=70860]
  0x000001776260b800 ConcurrentGCThread "G1 Main Marker" [stack: 0x000000118b200000,0x000000118b300000] [id=61704]
  0x000001776260d800 ConcurrentGCThread "G1 Conc#0" [stack: 0x000000118b300000,0x000000118b400000] [id=53544]
  0x0000017700e3a000 ConcurrentGCThread "G1 Conc#1" [stack: 0x000000118d600000,0x000000118d700000] [id=16664]
  0x0000017700e41000 ConcurrentGCThread "G1 Conc#2" [stack: 0x000000118d700000,0x000000118d800000] [id=41660]
  0x000001776268e800 ConcurrentGCThread "G1 Refine#0" [stack: 0x000000118b400000,0x000000118b500000] [id=68960]
  0x000001777ec95800 ConcurrentGCThread "G1 Young RemSet Sampling" [stack: 0x000000118b500000,0x000000118b600000] [id=23332]

Threads with active compile tasks:
C2 CompilerThread0    21396 8596       4       org.codehaus.groovy.reflection.CachedMethod::compareTo (25 bytes)

VM state:not at safepoint (normal execution)

VM Mutex/Monitor currently owned by a thread: None

Heap address: 0x0000000080000000, size: 2048 MB, Compressed Oops mode: 32-bit
Narrow klass base: 0x0000000000000000, Narrow klass shift: 3
Compressed class space size: 1073741824 Address: 0x0000000100000000

Heap:
 garbage-first heap   total 175104K, used 128168K [0x0000000080000000, 0x0000000100000000)
  region size 1024K, 48 young (49152K), 4 survivors (4096K)
 Metaspace       used 87338K, capacity 89707K, committed 89904K, reserved 1126400K
  class space    used 11472K, capacity 12387K, committed 12416K, reserved 1048576K
Heap Regions: E=young(eden), S=young(survivor), O=old, HS=humongous(starts), HC=humongous(continues), CS=collection set, F=free, A=archive, TAMS=top-at-mark-start (previous, next)
|   0|0x0000000080000000, 0x0000000080100000, 0x0000000080100000|100%| O|  |TAMS 0x0000000080100000, 0x0000000080000000| Untracked 
|   1|0x0000000080100000, 0x0000000080200000, 0x0000000080200000|100%| O|  |TAMS 0x0000000080200000, 0x0000000080100000| Untracked 
|   2|0x0000000080200000, 0x0000000080300000, 0x0000000080300000|100%| O|  |TAMS 0x0000000080300000, 0x0000000080200000| Untracked 
|   3|0x0000000080300000, 0x0000000080400000, 0x0000000080400000|100%|HS|  |TAMS 0x0000000080400000, 0x0000000080300000| Complete 
|   4|0x0000000080400000, 0x0000000080500000, 0x0000000080500000|100%|HC|  |TAMS 0x0000000080500000, 0x0000000080400000| Complete 
|   5|0x0000000080500000, 0x0000000080600000, 0x0000000080600000|100%|HC|  |TAMS 0x0000000080600000, 0x0000000080500000| Complete 
|   6|0x0000000080600000, 0x0000000080700000, 0x0000000080700000|100%| O|  |TAMS 0x0000000080700000, 0x0000000080600000| Untracked 
|   7|0x0000000080700000, 0x0000000080800000, 0x0000000080800000|100%| O|  |TAMS 0x0000000080800000, 0x0000000080700000| Untracked 
|   8|0x0000000080800000, 0x0000000080900000, 0x0000000080900000|100%| O|  |TAMS 0x0000000080900000, 0x0000000080800000| Untracked 
|   9|0x0000000080900000, 0x0000000080a00000, 0x0000000080a00000|100%| O|  |TAMS 0x0000000080a00000, 0x0000000080900000| Untracked 
|  10|0x0000000080a00000, 0x0000000080b00000, 0x0000000080b00000|100%| O|  |TAMS 0x0000000080b00000, 0x0000000080a00000| Untracked 
|  11|0x0000000080b00000, 0x0000000080c00000, 0x0000000080c00000|100%| O|  |TAMS 0x0000000080c00000, 0x0000000080b00000| Untracked 
|  12|0x0000000080c00000, 0x0000000080d00000, 0x0000000080d00000|100%| O|  |TAMS 0x0000000080d00000, 0x0000000080c00000| Untracked 
|  13|0x0000000080d00000, 0x0000000080e00000, 0x0000000080e00000|100%| O|  |TAMS 0x0000000080e00000, 0x0000000080d00000| Untracked 
|  14|0x0000000080e00000, 0x0000000080f00000, 0x0000000080f00000|100%| O|  |TAMS 0x0000000080f00000, 0x0000000080e00000| Untracked 
|  15|0x0000000080f00000, 0x0000000081000000, 0x0000000081000000|100%| O|  |TAMS 0x0000000081000000, 0x0000000080f00000| Untracked 
|  16|0x0000000081000000, 0x0000000081100000, 0x0000000081100000|100%| O|  |TAMS 0x0000000081100000, 0x0000000081000000| Untracked 
|  17|0x0000000081100000, 0x0000000081200000, 0x0000000081200000|100%| O|  |TAMS 0x0000000081200000, 0x0000000081100000| Untracked 
|  18|0x0000000081200000, 0x0000000081300000, 0x0000000081300000|100%| O|  |TAMS 0x0000000081300000, 0x0000000081200000| Untracked 
|  19|0x0000000081300000, 0x0000000081400000, 0x0000000081400000|100%| O|  |TAMS 0x0000000081400000, 0x0000000081300000| Untracked 
|  20|0x0000000081400000, 0x0000000081500000, 0x0000000081500000|100%| O|  |TAMS 0x0000000081500000, 0x0000000081400000| Untracked 
|  21|0x0000000081500000, 0x0000000081600000, 0x0000000081600000|100%| O|  |TAMS 0x0000000081600000, 0x0000000081500000| Untracked 
|  22|0x0000000081600000, 0x0000000081700000, 0x0000000081700000|100%| O|  |TAMS 0x0000000081700000, 0x0000000081600000| Untracked 
|  23|0x0000000081700000, 0x0000000081800000, 0x0000000081800000|100%| O|  |TAMS 0x0000000081800000, 0x0000000081700000| Untracked 
|  24|0x0000000081800000, 0x0000000081900000, 0x0000000081900000|100%| O|  |TAMS 0x0000000081900000, 0x0000000081800000| Untracked 
|  25|0x0000000081900000, 0x0000000081a00000, 0x0000000081a00000|100%| O|  |TAMS 0x0000000081a00000, 0x0000000081900000| Untracked 
|  26|0x0000000081a00000, 0x0000000081b00000, 0x0000000081b00000|100%| O|  |TAMS 0x0000000081b00000, 0x0000000081a00000| Untracked 
|  27|0x0000000081b00000, 0x0000000081c00000, 0x0000000081c00000|100%| O|  |TAMS 0x0000000081c00000, 0x0000000081b00000| Untracked 
|  28|0x0000000081c00000, 0x0000000081d00000, 0x0000000081d00000|100%| O|  |TAMS 0x0000000081d00000, 0x0000000081c00000| Untracked 
|  29|0x0000000081d00000, 0x0000000081e00000, 0x0000000081e00000|100%| O|  |TAMS 0x0000000081e00000, 0x0000000081d00000| Untracked 
|  30|0x0000000081e00000, 0x0000000081f00000, 0x0000000081f00000|100%|HS|  |TAMS 0x0000000081f00000, 0x0000000081e00000| Complete 
|  31|0x0000000081f00000, 0x0000000082000000, 0x0000000082000000|100%|HS|  |TAMS 0x0000000082000000, 0x0000000081f00000| Complete 
|  32|0x0000000082000000, 0x0000000082100000, 0x0000000082100000|100%|HC|  |TAMS 0x0000000082100000, 0x0000000082000000| Complete 
|  33|0x0000000082100000, 0x0000000082200000, 0x0000000082200000|100%|HS|  |TAMS 0x0000000082200000, 0x0000000082100000| Complete 
|  34|0x0000000082200000, 0x0000000082300000, 0x0000000082300000|100%|HS|  |TAMS 0x0000000082300000, 0x0000000082200000| Complete 
|  35|0x0000000082300000, 0x0000000082400000, 0x0000000082400000|100%|HC|  |TAMS 0x0000000082400000, 0x0000000082300000| Complete 
|  36|0x0000000082400000, 0x0000000082500000, 0x0000000082500000|100%|HC|  |TAMS 0x0000000082500000, 0x0000000082400000| Complete 
|  37|0x0000000082500000, 0x0000000082600000, 0x0000000082600000|100%|HC|  |TAMS 0x0000000082600000, 0x0000000082500000| Complete 
|  38|0x0000000082600000, 0x0000000082700000, 0x0000000082700000|100%| O|  |TAMS 0x0000000082700000, 0x0000000082600000| Untracked 
|  39|0x0000000082700000, 0x0000000082800000, 0x0000000082800000|100%| O|  |TAMS 0x0000000082800000, 0x0000000082700000| Untracked 
|  40|0x0000000082800000, 0x0000000082900000, 0x0000000082900000|100%| O|  |TAMS 0x0000000082900000, 0x0000000082800000| Untracked 
|  41|0x0000000082900000, 0x0000000082a00000, 0x0000000082a00000|100%| O|  |TAMS 0x0000000082a00000, 0x0000000082900000| Untracked 
|  42|0x0000000082a00000, 0x0000000082b00000, 0x0000000082b00000|100%| O|  |TAMS 0x0000000082b00000, 0x0000000082a00000| Untracked 
|  43|0x0000000082b00000, 0x0000000082c00000, 0x0000000082c00000|100%| O|  |TAMS 0x0000000082c00000, 0x0000000082b00000| Untracked 
|  44|0x0000000082c00000, 0x0000000082d00000, 0x0000000082d00000|100%| O|  |TAMS 0x0000000082d00000, 0x0000000082c00000| Untracked 
|  45|0x0000000082d00000, 0x0000000082e00000, 0x0000000082e00000|100%| O|  |TAMS 0x0000000082e00000, 0x0000000082d00000| Untracked 
|  46|0x0000000082e00000, 0x0000000082f00000, 0x0000000082f00000|100%| O|  |TAMS 0x0000000082f00000, 0x0000000082e00000| Untracked 
|  47|0x0000000082f00000, 0x0000000083000000, 0x0000000083000000|100%| O|  |TAMS 0x0000000083000000, 0x0000000082f00000| Untracked 
|  48|0x0000000083000000, 0x0000000083100000, 0x0000000083100000|100%| O|  |TAMS 0x0000000083100000, 0x0000000083000000| Untracked 
|  49|0x0000000083100000, 0x0000000083200000, 0x0000000083200000|100%| O|  |TAMS 0x0000000083200000, 0x0000000083100000| Untracked 
|  50|0x0000000083200000, 0x0000000083300000, 0x0000000083300000|100%| O|  |TAMS 0x0000000083300000, 0x0000000083200000| Untracked 
|  51|0x0000000083300000, 0x0000000083400000, 0x0000000083400000|100%| O|  |TAMS 0x0000000083400000, 0x0000000083300000| Untracked 
|  52|0x0000000083400000, 0x0000000083500000, 0x0000000083500000|100%| O|  |TAMS 0x0000000083500000, 0x0000000083400000| Untracked 
|  53|0x0000000083500000, 0x0000000083600000, 0x0000000083600000|100%| O|  |TAMS 0x0000000083600000, 0x0000000083500000| Untracked 
|  54|0x0000000083600000, 0x0000000083700000, 0x0000000083700000|100%| O|  |TAMS 0x0000000083700000, 0x0000000083600000| Untracked 
|  55|0x0000000083700000, 0x0000000083800000, 0x0000000083800000|100%| O|  |TAMS 0x0000000083800000, 0x0000000083700000| Untracked 
|  56|0x0000000083800000, 0x0000000083900000, 0x0000000083900000|100%| O|  |TAMS 0x0000000083900000, 0x0000000083800000| Untracked 
|  57|0x0000000083900000, 0x0000000083a00000, 0x0000000083a00000|100%| O|  |TAMS 0x0000000083a00000, 0x0000000083900000| Untracked 
|  58|0x0000000083a00000, 0x0000000083b00000, 0x0000000083b00000|100%| O|  |TAMS 0x0000000083b00000, 0x0000000083a00000| Untracked 
|  59|0x0000000083b00000, 0x0000000083c00000, 0x0000000083c00000|100%| O|  |TAMS 0x0000000083c00000, 0x0000000083b00000| Untracked 
|  60|0x0000000083c00000, 0x0000000083d00000, 0x0000000083d00000|100%| O|  |TAMS 0x0000000083d00000, 0x0000000083c00000| Untracked 
|  61|0x0000000083d00000, 0x0000000083e00000, 0x0000000083e00000|100%| O|  |TAMS 0x0000000083e00000, 0x0000000083d00000| Untracked 
|  62|0x0000000083e00000, 0x0000000083f00000, 0x0000000083f00000|100%| O|  |TAMS 0x0000000083f00000, 0x0000000083e00000| Untracked 
|  63|0x0000000083f00000, 0x0000000084000000, 0x0000000084000000|100%| O|  |TAMS 0x0000000084000000, 0x0000000083f00000| Untracked 
|  64|0x0000000084000000, 0x0000000084100000, 0x0000000084100000|100%| O|  |TAMS 0x0000000084100000, 0x0000000084000000| Untracked 
|  65|0x0000000084100000, 0x0000000084200000, 0x0000000084200000|100%| O|  |TAMS 0x0000000084200000, 0x0000000084100000| Untracked 
|  66|0x0000000084200000, 0x0000000084300000, 0x0000000084300000|100%| O|  |TAMS 0x0000000084300000, 0x0000000084200000| Untracked 
|  67|0x0000000084300000, 0x0000000084400000, 0x0000000084400000|100%| O|  |TAMS 0x0000000084400000, 0x0000000084300000| Untracked 
|  68|0x0000000084400000, 0x0000000084500000, 0x0000000084500000|100%| O|  |TAMS 0x0000000084500000, 0x0000000084400000| Untracked 
|  69|0x0000000084500000, 0x0000000084600000, 0x0000000084600000|100%| O|  |TAMS 0x0000000084600000, 0x0000000084500000| Untracked 
|  70|0x0000000084600000, 0x0000000084700000, 0x0000000084700000|100%| O|  |TAMS 0x0000000084700000, 0x0000000084600000| Untracked 
|  71|0x0000000084700000, 0x0000000084800000, 0x0000000084800000|100%| O|  |TAMS 0x0000000084800000, 0x0000000084700000| Untracked 
|  72|0x0000000084800000, 0x0000000084900000, 0x0000000084900000|100%| O|  |TAMS 0x0000000084900000, 0x0000000084800000| Untracked 
|  73|0x0000000084900000, 0x0000000084a00000, 0x0000000084a00000|100%| O|  |TAMS 0x0000000084a00000, 0x0000000084900000| Untracked 
|  74|0x0000000084a00000, 0x0000000084b00000, 0x0000000084b00000|100%| O|  |TAMS 0x0000000084b00000, 0x0000000084a00000| Untracked 
|  75|0x0000000084b00000, 0x0000000084c00000, 0x0000000084c00000|100%| O|  |TAMS 0x0000000084c00000, 0x0000000084b00000| Untracked 
|  76|0x0000000084c00000, 0x0000000084d00000, 0x0000000084d00000|100%| O|  |TAMS 0x0000000084d00000, 0x0000000084c00000| Untracked 
|  77|0x0000000084d00000, 0x0000000084e00000, 0x0000000084e00000|100%| O|  |TAMS 0x0000000084e00000, 0x0000000084d00000| Untracked 
|  78|0x0000000084e00000, 0x0000000084f00000, 0x0000000084f00000|100%| O|  |TAMS 0x0000000084f00000, 0x0000000084e00000| Untracked 
|  79|0x0000000084f00000, 0x0000000084f72800, 0x0000000085000000| 44%| O|  |TAMS 0x0000000084f72800, 0x0000000084f00000| Untracked 
|  80|0x0000000085000000, 0x0000000085000000, 0x0000000085100000|  0%| F|  |TAMS 0x0000000085000000, 0x0000000085000000| Untracked 
|  81|0x0000000085100000, 0x0000000085100000, 0x0000000085200000|  0%| F|  |TAMS 0x0000000085100000, 0x0000000085100000| Untracked 
|  82|0x0000000085200000, 0x0000000085200000, 0x0000000085300000|  0%| F|  |TAMS 0x0000000085200000, 0x0000000085200000| Untracked 
|  83|0x0000000085300000, 0x0000000085300000, 0x0000000085400000|  0%| F|  |TAMS 0x0000000085300000, 0x0000000085300000| Untracked 
|  84|0x0000000085400000, 0x0000000085400000, 0x0000000085500000|  0%| F|  |TAMS 0x0000000085400000, 0x0000000085400000| Untracked 
|  85|0x0000000085500000, 0x0000000085500000, 0x0000000085600000|  0%| F|  |TAMS 0x0000000085500000, 0x0000000085500000| Untracked 
|  86|0x0000000085600000, 0x0000000085600000, 0x0000000085700000|  0%| F|  |TAMS 0x0000000085600000, 0x0000000085600000| Untracked 
|  87|0x0000000085700000, 0x0000000085700000, 0x0000000085800000|  0%| F|  |TAMS 0x0000000085700000, 0x0000000085700000| Untracked 
|  88|0x0000000085800000, 0x0000000085800000, 0x0000000085900000|  0%| F|  |TAMS 0x0000000085800000, 0x0000000085800000| Untracked 
|  89|0x0000000085900000, 0x0000000085900000, 0x0000000085a00000|  0%| F|  |TAMS 0x0000000085900000, 0x0000000085900000| Untracked 
|  90|0x0000000085a00000, 0x0000000085a00000, 0x0000000085b00000|  0%| F|  |TAMS 0x0000000085a00000, 0x0000000085a00000| Untracked 
|  91|0x0000000085b00000, 0x0000000085b00000, 0x0000000085c00000|  0%| F|  |TAMS 0x0000000085b00000, 0x0000000085b00000| Untracked 
|  92|0x0000000085c00000, 0x0000000085c00000, 0x0000000085d00000|  0%| F|  |TAMS 0x0000000085c00000, 0x0000000085c00000| Untracked 
|  93|0x0000000085d00000, 0x0000000085d00000, 0x0000000085e00000|  0%| F|  |TAMS 0x0000000085d00000, 0x0000000085d00000| Untracked 
|  94|0x0000000085e00000, 0x0000000085e00000, 0x0000000085f00000|  0%| F|  |TAMS 0x0000000085e00000, 0x0000000085e00000| Untracked 
|  95|0x0000000085f00000, 0x0000000085f00000, 0x0000000086000000|  0%| F|  |TAMS 0x0000000085f00000, 0x0000000085f00000| Untracked 
|  96|0x0000000086000000, 0x0000000086000000, 0x0000000086100000|  0%| F|  |TAMS 0x0000000086000000, 0x0000000086000000| Untracked 
|  97|0x0000000086100000, 0x0000000086100000, 0x0000000086200000|  0%| F|  |TAMS 0x0000000086100000, 0x0000000086100000| Untracked 
|  98|0x0000000086200000, 0x0000000086200000, 0x0000000086300000|  0%| F|  |TAMS 0x0000000086200000, 0x0000000086200000| Untracked 
|  99|0x0000000086300000, 0x0000000086300000, 0x0000000086400000|  0%| F|  |TAMS 0x0000000086300000, 0x0000000086300000| Untracked 
| 100|0x0000000086400000, 0x0000000086400000, 0x0000000086500000|  0%| F|  |TAMS 0x0000000086400000, 0x0000000086400000| Untracked 
| 101|0x0000000086500000, 0x0000000086500000, 0x0000000086600000|  0%| F|  |TAMS 0x0000000086500000, 0x0000000086500000| Untracked 
| 102|0x0000000086600000, 0x0000000086600000, 0x0000000086700000|  0%| F|  |TAMS 0x0000000086600000, 0x0000000086600000| Untracked 
| 103|0x0000000086700000, 0x00000000867b78f0, 0x0000000086800000| 71%| S|CS|TAMS 0x0000000086700000, 0x0000000086700000| Complete 
| 104|0x0000000086800000, 0x0000000086900000, 0x0000000086900000|100%| S|CS|TAMS 0x0000000086800000, 0x0000000086800000| Complete 
| 105|0x0000000086900000, 0x0000000086a00000, 0x0000000086a00000|100%| S|CS|TAMS 0x0000000086900000, 0x0000000086900000| Complete 
| 106|0x0000000086a00000, 0x0000000086b00000, 0x0000000086b00000|100%| S|CS|TAMS 0x0000000086a00000, 0x0000000086a00000| Complete 
| 107|0x0000000086b00000, 0x0000000086b00000, 0x0000000086c00000|  0%| F|  |TAMS 0x0000000086b00000, 0x0000000086b00000| Untracked 
| 108|0x0000000086c00000, 0x0000000086c00000, 0x0000000086d00000|  0%| F|  |TAMS 0x0000000086c00000, 0x0000000086c00000| Untracked 
| 109|0x0000000086d00000, 0x0000000086d00000, 0x0000000086e00000|  0%| F|  |TAMS 0x0000000086d00000, 0x0000000086d00000| Untracked 
| 110|0x0000000086e00000, 0x0000000086e00000, 0x0000000086f00000|  0%| F|  |TAMS 0x0000000086e00000, 0x0000000086e00000| Untracked 
| 111|0x0000000086f00000, 0x0000000086f00000, 0x0000000087000000|  0%| F|  |TAMS 0x0000000086f00000, 0x0000000086f00000| Untracked 
| 112|0x0000000087000000, 0x0000000087000000, 0x0000000087100000|  0%| F|  |TAMS 0x0000000087000000, 0x0000000087000000| Untracked 
| 113|0x0000000087100000, 0x0000000087100000, 0x0000000087200000|  0%| F|  |TAMS 0x0000000087100000, 0x0000000087100000| Untracked 
| 114|0x0000000087200000, 0x0000000087200000, 0x0000000087300000|  0%| F|  |TAMS 0x0000000087200000, 0x0000000087200000| Untracked 
| 115|0x0000000087300000, 0x0000000087300000, 0x0000000087400000|  0%| F|  |TAMS 0x0000000087300000, 0x0000000087300000| Untracked 
| 116|0x0000000087400000, 0x0000000087400000, 0x0000000087500000|  0%| F|  |TAMS 0x0000000087400000, 0x0000000087400000| Untracked 
| 117|0x0000000087500000, 0x0000000087500000, 0x0000000087600000|  0%| F|  |TAMS 0x0000000087500000, 0x0000000087500000| Untracked 
| 118|0x0000000087600000, 0x0000000087600000, 0x0000000087700000|  0%| F|  |TAMS 0x0000000087600000, 0x0000000087600000| Untracked 
| 119|0x0000000087700000, 0x0000000087700000, 0x0000000087800000|  0%| F|  |TAMS 0x0000000087700000, 0x0000000087700000| Untracked 
| 120|0x0000000087800000, 0x0000000087800000, 0x0000000087900000|  0%| F|  |TAMS 0x0000000087800000, 0x0000000087800000| Untracked 
| 121|0x0000000087900000, 0x0000000087900000, 0x0000000087a00000|  0%| F|  |TAMS 0x0000000087900000, 0x0000000087900000| Untracked 
| 122|0x0000000087a00000, 0x0000000087a00000, 0x0000000087b00000|  0%| F|  |TAMS 0x0000000087a00000, 0x0000000087a00000| Untracked 
| 123|0x0000000087b00000, 0x0000000087b00000, 0x0000000087c00000|  0%| F|  |TAMS 0x0000000087b00000, 0x0000000087b00000| Untracked 
| 124|0x0000000087c00000, 0x0000000087c00000, 0x0000000087d00000|  0%| F|  |TAMS 0x0000000087c00000, 0x0000000087c00000| Untracked 
| 125|0x0000000087d00000, 0x0000000087d00000, 0x0000000087e00000|  0%| F|  |TAMS 0x0000000087d00000, 0x0000000087d00000| Untracked 
| 126|0x0000000087e00000, 0x0000000087e00000, 0x0000000087f00000|  0%| F|  |TAMS 0x0000000087e00000, 0x0000000087e00000| Untracked 
| 127|0x0000000087f00000, 0x0000000087fb1bc0, 0x0000000088000000| 69%| E|  |TAMS 0x0000000087f00000, 0x0000000087f00000| Complete 
| 128|0x0000000088000000, 0x0000000088100000, 0x0000000088100000|100%| E|CS|TAMS 0x0000000088000000, 0x0000000088000000| Complete 
| 129|0x0000000088100000, 0x0000000088200000, 0x0000000088200000|100%| E|  |TAMS 0x0000000088100000, 0x0000000088100000| Complete 
| 130|0x0000000088200000, 0x0000000088300000, 0x0000000088300000|100%| E|CS|TAMS 0x0000000088200000, 0x0000000088200000| Complete 
| 131|0x0000000088300000, 0x0000000088400000, 0x0000000088400000|100%| E|CS|TAMS 0x0000000088300000, 0x0000000088300000| Complete 
| 132|0x0000000088400000, 0x0000000088500000, 0x0000000088500000|100%| E|CS|TAMS 0x0000000088400000, 0x0000000088400000| Complete 
| 133|0x0000000088500000, 0x0000000088600000, 0x0000000088600000|100%| E|CS|TAMS 0x0000000088500000, 0x0000000088500000| Complete 
| 134|0x0000000088600000, 0x0000000088700000, 0x0000000088700000|100%| E|CS|TAMS 0x0000000088600000, 0x0000000088600000| Complete 
| 135|0x0000000088700000, 0x0000000088800000, 0x0000000088800000|100%| E|CS|TAMS 0x0000000088700000, 0x0000000088700000| Complete 
| 136|0x0000000088800000, 0x0000000088900000, 0x0000000088900000|100%| E|CS|TAMS 0x0000000088800000, 0x0000000088800000| Complete 
| 137|0x0000000088900000, 0x0000000088a00000, 0x0000000088a00000|100%| E|CS|TAMS 0x0000000088900000, 0x0000000088900000| Complete 
| 138|0x0000000088a00000, 0x0000000088b00000, 0x0000000088b00000|100%| E|CS|TAMS 0x0000000088a00000, 0x0000000088a00000| Complete 
| 139|0x0000000088b00000, 0x0000000088c00000, 0x0000000088c00000|100%| E|CS|TAMS 0x0000000088b00000, 0x0000000088b00000| Complete 
| 140|0x0000000088c00000, 0x0000000088d00000, 0x0000000088d00000|100%| E|CS|TAMS 0x0000000088c00000, 0x0000000088c00000| Complete 
| 141|0x0000000088d00000, 0x0000000088e00000, 0x0000000088e00000|100%| E|CS|TAMS 0x0000000088d00000, 0x0000000088d00000| Complete 
| 142|0x0000000088e00000, 0x0000000088f00000, 0x0000000088f00000|100%| E|CS|TAMS 0x0000000088e00000, 0x0000000088e00000| Complete 
| 143|0x0000000088f00000, 0x0000000089000000, 0x0000000089000000|100%| E|CS|TAMS 0x0000000088f00000, 0x0000000088f00000| Complete 
| 144|0x0000000089000000, 0x0000000089100000, 0x0000000089100000|100%| E|CS|TAMS 0x0000000089000000, 0x0000000089000000| Complete 
| 145|0x0000000089100000, 0x0000000089200000, 0x0000000089200000|100%| E|CS|TAMS 0x0000000089100000, 0x0000000089100000| Complete 
| 146|0x0000000089200000, 0x0000000089300000, 0x0000000089300000|100%| E|CS|TAMS 0x0000000089200000, 0x0000000089200000| Complete 
| 147|0x0000000089300000, 0x0000000089400000, 0x0000000089400000|100%| E|CS|TAMS 0x0000000089300000, 0x0000000089300000| Complete 
| 148|0x0000000089400000, 0x0000000089500000, 0x0000000089500000|100%| E|CS|TAMS 0x0000000089400000, 0x0000000089400000| Complete 
| 149|0x0000000089500000, 0x0000000089600000, 0x0000000089600000|100%| E|CS|TAMS 0x0000000089500000, 0x0000000089500000| Complete 
| 150|0x0000000089600000, 0x0000000089700000, 0x0000000089700000|100%| E|CS|TAMS 0x0000000089600000, 0x0000000089600000| Complete 
| 151|0x0000000089700000, 0x0000000089800000, 0x0000000089800000|100%| E|CS|TAMS 0x0000000089700000, 0x0000000089700000| Complete 
| 152|0x0000000089800000, 0x0000000089900000, 0x0000000089900000|100%| E|CS|TAMS 0x0000000089800000, 0x0000000089800000| Complete 
| 153|0x0000000089900000, 0x0000000089a00000, 0x0000000089a00000|100%| E|CS|TAMS 0x0000000089900000, 0x0000000089900000| Complete 
| 154|0x0000000089a00000, 0x0000000089b00000, 0x0000000089b00000|100%| E|CS|TAMS 0x0000000089a00000, 0x0000000089a00000| Complete 
| 155|0x0000000089b00000, 0x0000000089c00000, 0x0000000089c00000|100%| E|CS|TAMS 0x0000000089b00000, 0x0000000089b00000| Complete 
| 156|0x0000000089c00000, 0x0000000089d00000, 0x0000000089d00000|100%| E|CS|TAMS 0x0000000089c00000, 0x0000000089c00000| Complete 
| 157|0x0000000089d00000, 0x0000000089e00000, 0x0000000089e00000|100%| E|CS|TAMS 0x0000000089d00000, 0x0000000089d00000| Complete 
| 158|0x0000000089e00000, 0x0000000089f00000, 0x0000000089f00000|100%| E|CS|TAMS 0x0000000089e00000, 0x0000000089e00000| Complete 
| 159|0x0000000089f00000, 0x000000008a000000, 0x000000008a000000|100%| E|CS|TAMS 0x0000000089f00000, 0x0000000089f00000| Complete 
| 160|0x000000008a000000, 0x000000008a100000, 0x000000008a100000|100%| E|CS|TAMS 0x000000008a000000, 0x000000008a000000| Complete 
| 161|0x000000008a100000, 0x000000008a200000, 0x000000008a200000|100%| E|CS|TAMS 0x000000008a100000, 0x000000008a100000| Complete 
| 162|0x000000008a200000, 0x000000008a300000, 0x000000008a300000|100%| E|CS|TAMS 0x000000008a200000, 0x000000008a200000| Complete 
| 163|0x000000008a300000, 0x000000008a400000, 0x000000008a400000|100%| E|CS|TAMS 0x000000008a300000, 0x000000008a300000| Complete 
| 164|0x000000008a400000, 0x000000008a500000, 0x000000008a500000|100%| E|CS|TAMS 0x000000008a400000, 0x000000008a400000| Complete 
| 165|0x000000008a500000, 0x000000008a600000, 0x000000008a600000|100%| E|CS|TAMS 0x000000008a500000, 0x000000008a500000| Complete 
| 166|0x000000008a600000, 0x000000008a700000, 0x000000008a700000|100%| E|CS|TAMS 0x000000008a600000, 0x000000008a600000| Complete 
| 167|0x000000008a700000, 0x000000008a800000, 0x000000008a800000|100%| E|CS|TAMS 0x000000008a700000, 0x000000008a700000| Complete 
| 168|0x000000008a800000, 0x000000008a900000, 0x000000008a900000|100%| E|CS|TAMS 0x000000008a800000, 0x000000008a800000| Complete 
| 169|0x000000008a900000, 0x000000008aa00000, 0x000000008aa00000|100%| E|CS|TAMS 0x000000008a900000, 0x000000008a900000| Complete 
| 170|0x000000008aa00000, 0x000000008ab00000, 0x000000008ab00000|100%| E|CS|TAMS 0x000000008aa00000, 0x000000008aa00000| Complete 

Card table byte_map: [0x0000017777940000,0x0000017777d40000] _byte_map_base: 0x0000017777540000

Marking Bits (Prev, Next): (CMBitMap*) 0x00000177626029d0, (CMBitMap*) 0x0000017762602998
 Prev Bits: [0x000001777a140000, 0x000001777c140000)
 Next Bits: [0x0000017778140000, 0x000001777a140000)

Polling page: 0x0000017767890000

Metaspace:

Usage:
  Non-class:     75.51 MB capacity,    74.09 MB ( 98%) used,     1.15 MB (  2%) free+waste,   273.44 KB ( <1%) overhead. 
      Class:     12.10 MB capacity,    11.20 MB ( 93%) used,   787.88 KB (  6%) free+waste,   127.00 KB (  1%) overhead. 
       Both:     87.60 MB capacity,    85.29 MB ( 97%) used,     1.92 MB (  2%) free+waste,   400.44 KB ( <1%) overhead. 

Virtual space:
  Non-class space:       76.00 MB reserved,      75.67 MB (>99%) committed 
      Class space:        1.00 GB reserved,      12.12 MB (  1%) committed 
             Both:        1.07 GB reserved,      87.80 MB (  8%) committed 

Chunk freelists:
   Non-Class:  40.00 KB
       Class:  0 bytes
        Both:  40.00 KB

MaxMetaspaceSize: 17179869184.00 GB
CompressedClassSpaceSize: 1.00 GB
Initial GC threshold: 20.80 MB
Current GC threshold: 144.87 MB
CDS: off

CodeHeap 'non-profiled nmethods': size=120000Kb used=4181Kb max_used=4181Kb free=115818Kb
 bounds [0x000001776f380000, 0x000001776f7a0000, 0x00000177768b0000]
CodeHeap 'profiled nmethods': size=120000Kb used=18170Kb max_used=18170Kb free=101829Kb
 bounds [0x0000017767e50000, 0x0000017769010000, 0x000001776f380000]
CodeHeap 'non-nmethods': size=5760Kb used=2374Kb max_used=2424Kb free=3385Kb
 bounds [0x00000177678b0000, 0x0000017767b20000, 0x0000017767e50000]
 total_blobs=10274 nmethods=9374 adapters=812
 compilation: enabled
              stopped_count=0, restarted_count=0
 full_count=0

Compilation events (20 events):
Event: 21.303 Thread 0x000001777f7de800 9537       2       org.gradle.internal.snapshot.impl.DefaultValueSnapshotter$ValueSnapshotVisitor::hashCode (6 bytes)
Event: 21.304 Thread 0x000001777f7de800 nmethod 9537 0x0000017769004e10 code [0x0000017769004fc0, 0x0000017769005158]
Event: 21.304 Thread 0x000001777f7de800 9539       2       sun.nio.ch.FileChannelImpl::ensureOpen (16 bytes)
Event: 21.304 Thread 0x000001777f7de800 nmethod 9539 0x0000017769005210 code [0x00000177690053c0, 0x0000017769005588]
Event: 21.304 Thread 0x000001777f7de800 9538       2       java.nio.Buffer::checkBounds (25 bytes)
Event: 21.304 Thread 0x000001777f7de800 nmethod 9538 0x0000017769005690 code [0x0000017769005840, 0x00000177690059e8]
Event: 21.305 Thread 0x000001777f7de800 9540       2       org.gradle.api.internal.artifacts.ivyservice.modulecache.artifacts.DefaultCachedArtifact::isMissing (13 bytes)
Event: 21.306 Thread 0x000001777f7de800 nmethod 9540 0x0000017769005b10 code [0x0000017769005cc0, 0x0000017769005dd8]
Event: 21.307 Thread 0x000001777f7de800 9541       2       org.gradle.internal.Either$Right::apply (11 bytes)
Event: 21.307 Thread 0x000001777f7de800 nmethod 9541 0x0000017769005e90 code [0x0000017769006040, 0x0000017769006168]
Event: 21.307 Thread 0x000001777f7de800 9542       2       org.gradle.internal.file.FileHierarchySet$PrefixFileSet::contains (13 bytes)
Event: 21.308 Thread 0x000001777f7de800 nmethod 9542 0x0000017769006210 code [0x00000177690063c0, 0x00000177690064e8]
Event: 21.309 Thread 0x000001777f7de800 9543       2       org.gradle.internal.snapshot.SnapshotUtil$2::handleAsAncestorOfChild (10 bytes)
Event: 21.310 Thread 0x000001777f7de800 nmethod 9543 0x0000017769006610 code [0x00000177690067e0, 0x0000017769006aa8]
Event: 21.310 Thread 0x000001777f7de800 9544       2       org.gradle.internal.snapshot.SnapshotUtil$2::handleAsAncestorOfChild (5 bytes)
Event: 21.310 Thread 0x000001777f7de800 nmethod 9544 0x0000017769006c10 code [0x0000017769006de0, 0x0000017769007048]
Event: 21.310 Thread 0x000001777f7de800 9545       2       org.gradle.api.internal.artifacts.transform.DefaultTransformerInvocationFactory$ImmutableTransformationWorkspaceIdentity::hashCode (49 bytes)
Event: 21.311 Thread 0x000001777f7de800 nmethod 9545 0x0000017769007190 code [0x0000017769007380, 0x0000017769007578]
Event: 21.312 Thread 0x000001777f7de800 9546       2       org.gradle.internal.vfs.impl.DefaultSnapshotHierarchy$$Lambda$329/0x000000010046d840::apply (13 bytes)
Event: 21.312 Thread 0x000001777f7de800 nmethod 9546 0x0000017769007690 code [0x0000017769007860, 0x00000177690079e8]

GC Heap History (20 events):
Event: 16.120 GC heap before
{Heap before GC invocations=22 (full 0):
 garbage-first heap   total 120832K, used 88000K [0x0000000080000000, 0x0000000100000000)
  region size 1024K, 31 young (31744K), 4 survivors (4096K)
 Metaspace       used 67017K, capacity 68612K, committed 68784K, reserved 1110016K
  class space    used 8499K, capacity 9116K, committed 9216K, reserved 1048576K
}
Event: 16.126 GC heap after
{Heap after GC invocations=23 (full 0):
 garbage-first heap   total 120832K, used 59383K [0x0000000080000000, 0x0000000100000000)
  region size 1024K, 3 young (3072K), 3 survivors (3072K)
 Metaspace       used 67017K, capacity 68612K, committed 68784K, reserved 1110016K
  class space    used 8499K, capacity 9116K, committed 9216K, reserved 1048576K
}
Event: 16.429 GC heap before
{Heap before GC invocations=23 (full 0):
 garbage-first heap   total 120832K, used 90103K [0x0000000080000000, 0x0000000100000000)
  region size 1024K, 33 young (33792K), 3 survivors (3072K)
 Metaspace       used 68172K, capacity 69753K, committed 69936K, reserved 1110016K
  class space    used 8641K, capacity 9254K, committed 9344K, reserved 1048576K
}
Event: 16.437 GC heap after
{Heap after GC invocations=24 (full 0):
 garbage-first heap   total 120832K, used 61536K [0x0000000080000000, 0x0000000100000000)
  region size 1024K, 4 young (4096K), 4 survivors (4096K)
 Metaspace       used 68172K, capacity 69753K, committed 69936K, reserved 1110016K
  class space    used 8641K, capacity 9254K, committed 9344K, reserved 1048576K
}
Event: 16.745 GC heap before
{Heap before GC invocations=25 (full 0):
 garbage-first heap   total 120832K, used 92256K [0x0000000080000000, 0x0000000100000000)
  region size 1024K, 34 young (34816K), 4 survivors (4096K)
 Metaspace       used 69041K, capacity 70816K, committed 71088K, reserved 1112064K
  class space    used 8742K, capacity 9418K, committed 9472K, reserved 1048576K
}
Event: 16.751 GC heap after
{Heap after GC invocations=26 (full 0):
 garbage-first heap   total 120832K, used 63863K [0x0000000080000000, 0x0000000100000000)
  region size 1024K, 5 young (5120K), 5 survivors (5120K)
 Metaspace       used 69041K, capacity 70816K, committed 71088K, reserved 1112064K
  class space    used 8742K, capacity 9418K, committed 9472K, reserved 1048576K
}
Event: 17.305 GC heap before
{Heap before GC invocations=26 (full 0):
 garbage-first heap   total 120832K, used 94583K [0x0000000080000000, 0x0000000100000000)
  region size 1024K, 35 young (35840K), 5 survivors (5120K)
 Metaspace       used 72737K, capacity 74503K, committed 74544K, reserved 1114112K
  class space    used 9415K, capacity 10112K, committed 10112K, reserved 1048576K
}
Event: 17.311 GC heap after
{Heap after GC invocations=27 (full 0):
 garbage-first heap   total 120832K, used 65815K [0x0000000080000000, 0x0000000100000000)
  region size 1024K, 5 young (5120K), 5 survivors (5120K)
 Metaspace       used 72737K, capacity 74503K, committed 74544K, reserved 1114112K
  class space    used 9415K, capacity 10112K, committed 10112K, reserved 1048576K
}
Event: 17.983 GC heap before
{Heap before GC invocations=28 (full 0):
 garbage-first heap   total 120832K, used 95511K [0x0000000080000000, 0x0000000100000000)
  region size 1024K, 34 young (34816K), 5 survivors (5120K)
 Metaspace       used 75438K, capacity 77236K, committed 77616K, reserved 1116160K
  class space    used 9784K, capacity 10497K, committed 10624K, reserved 1048576K
}
Event: 17.989 GC heap after
{Heap after GC invocations=29 (full 0):
 garbage-first heap   total 120832K, used 67776K [0x0000000080000000, 0x0000000100000000)
  region size 1024K, 4 young (4096K), 4 survivors (4096K)
 Metaspace       used 75438K, capacity 77236K, committed 77616K, reserved 1116160K
  class space    used 9784K, capacity 10497K, committed 10624K, reserved 1048576K
}
Event: 18.421 GC heap before
{Heap before GC invocations=29 (full 0):
 garbage-first heap   total 120832K, used 97472K [0x0000000080000000, 0x0000000100000000)
  region size 1024K, 33 young (33792K), 4 survivors (4096K)
 Metaspace       used 77918K, capacity 79767K, committed 80048K, reserved 1118208K
  class space    used 10141K, capacity 10881K, committed 11008K, reserved 1048576K
}
Event: 18.433 GC heap after
{Heap after GC invocations=30 (full 0):
 garbage-first heap   total 145408K, used 69783K [0x0000000080000000, 0x0000000100000000)
  region size 1024K, 4 young (4096K), 4 survivors (4096K)
 Metaspace       used 77918K, capacity 79767K, committed 80048K, reserved 1118208K
  class space    used 10141K, capacity 10881K, committed 11008K, reserved 1048576K
}
Event: 19.154 GC heap before
{Heap before GC invocations=31 (full 0):
 garbage-first heap   total 145408K, used 110743K [0x0000000080000000, 0x0000000100000000)
  region size 1024K, 44 young (45056K), 4 survivors (4096K)
 Metaspace       used 82583K, capacity 84478K, committed 84784K, reserved 1122304K
  class space    used 10788K, capacity 11559K, committed 11648K, reserved 1048576K
}
Event: 19.161 GC heap after
{Heap after GC invocations=32 (full 0):
 garbage-first heap   total 145408K, used 71893K [0x0000000080000000, 0x0000000100000000)
  region size 1024K, 5 young (5120K), 5 survivors (5120K)
 Metaspace       used 82583K, capacity 84478K, committed 84784K, reserved 1122304K
  class space    used 10788K, capacity 11559K, committed 11648K, reserved 1048576K
}
Event: 19.574 GC heap before
{Heap before GC invocations=32 (full 0):
 garbage-first heap   total 145408K, used 112853K [0x0000000080000000, 0x0000000100000000)
  region size 1024K, 45 young (46080K), 5 survivors (5120K)
 Metaspace       used 84736K, capacity 86780K, committed 86832K, reserved 1124352K
  class space    used 11050K, capacity 11870K, committed 11904K, reserved 1048576K
}
Event: 19.584 GC heap after
{Heap after GC invocations=33 (full 0):
 garbage-first heap   total 145408K, used 75742K [0x0000000080000000, 0x0000000100000000)
  region size 1024K, 6 young (6144K), 6 survivors (6144K)
 Metaspace       used 84736K, capacity 86780K, committed 86832K, reserved 1124352K
  class space    used 11050K, capacity 11870K, committed 11904K, reserved 1048576K
}
Event: 19.862 GC heap before
{Heap before GC invocations=34 (full 0):
 garbage-first heap   total 145408K, used 115678K [0x0000000080000000, 0x0000000100000000)
  region size 1024K, 45 young (46080K), 6 survivors (6144K)
 Metaspace       used 84895K, capacity 87000K, committed 87088K, reserved 1124352K
  class space    used 11063K, capacity 11877K, committed 11904K, reserved 1048576K
}
Event: 19.874 GC heap after
{Heap after GC invocations=35 (full 0):
 garbage-first heap   total 145408K, used 81487K [0x0000000080000000, 0x0000000100000000)
  region size 1024K, 6 young (6144K), 6 survivors (6144K)
 Metaspace       used 84895K, capacity 87000K, committed 87088K, reserved 1124352K
  class space    used 11063K, capacity 11877K, committed 11904K, reserved 1048576K
}
Event: 20.417 GC heap before
{Heap before GC invocations=35 (full 0):
 garbage-first heap   total 145408K, used 117327K [0x0000000080000000, 0x0000000100000000)
  region size 1024K, 41 young (41984K), 6 survivors (6144K)
 Metaspace       used 86507K, capacity 88786K, committed 89008K, reserved 1126400K
  class space    used 11376K, capacity 12245K, committed 12288K, reserved 1048576K
}
Event: 20.429 GC heap after
{Heap after GC invocations=36 (full 0):
 garbage-first heap   total 175104K, used 85160K [0x0000000080000000, 0x0000000100000000)
  region size 1024K, 4 young (4096K), 4 survivors (4096K)
 Metaspace       used 86507K, capacity 88786K, committed 89008K, reserved 1126400K
  class space    used 11376K, capacity 12245K, committed 12288K, reserved 1048576K
}

Deoptimization events (20 events):
Event: 20.930 Thread 0x00000177020d0000 DEOPT PACKING pc=0x00000177687f7d76 sp=0x00000011930fc970
Event: 20.930 Thread 0x00000177020d0000 DEOPT UNPACKING pc=0x00000177678fa95e sp=0x00000011930fbe90 mode 0
Event: 20.940 Thread 0x0000017701c79000 Uncommon trap: trap_request=0xffffffde fr.pc=0x000001776f6a1d58 relative=0x0000000000000298
Event: 20.940 Thread 0x0000017701c79000 Uncommon trap: reason=class_check action=maybe_recompile pc=0x000001776f6a1d58 method=java.util.concurrent.ConcurrentHashMap.get(Ljava/lang/Object;)Ljava/lang/Object; @ 93 c2
Event: 20.940 Thread 0x0000017701c79000 DEOPT PACKING pc=0x000001776f6a1d58 sp=0x0000001194ffdeb0
Event: 20.940 Thread 0x0000017701c79000 DEOPT UNPACKING pc=0x00000177678fa1af sp=0x0000001194ffde18 mode 2
Event: 20.962 Thread 0x00000177038b2000 DEOPT PACKING pc=0x0000017768dcf7c4 sp=0x00000011940fb760
Event: 20.962 Thread 0x00000177038b2000 DEOPT UNPACKING pc=0x00000177678fa95e sp=0x00000011940fad00 mode 0
Event: 20.974 Thread 0x0000017701c79000 Uncommon trap: trap_request=0xffffffde fr.pc=0x000001776f6a1d58 relative=0x0000000000000298
Event: 20.974 Thread 0x0000017701c79000 Uncommon trap: reason=class_check action=maybe_recompile pc=0x000001776f6a1d58 method=java.util.concurrent.ConcurrentHashMap.get(Ljava/lang/Object;)Ljava/lang/Object; @ 93 c2
Event: 20.974 Thread 0x0000017701c79000 DEOPT PACKING pc=0x000001776f6a1d58 sp=0x0000001194ffdc00
Event: 20.974 Thread 0x0000017701c79000 DEOPT UNPACKING pc=0x00000177678fa1af sp=0x0000001194ffdb68 mode 2
Event: 20.974 Thread 0x0000017703aa5800 DEOPT PACKING pc=0x0000017768f96531 sp=0x000000118eefb290
Event: 20.974 Thread 0x0000017703aa5800 DEOPT UNPACKING pc=0x00000177678fa95e sp=0x000000118eefa758 mode 0
Event: 21.053 Thread 0x0000017703aa5800 DEOPT PACKING pc=0x0000017768f96531 sp=0x000000118eefb3a0
Event: 21.053 Thread 0x0000017703aa5800 DEOPT UNPACKING pc=0x00000177678fa95e sp=0x000000118eefa868 mode 0
Event: 21.201 Thread 0x0000017701c76800 DEOPT PACKING pc=0x0000017768dcf7c4 sp=0x00000011952fb720
Event: 21.201 Thread 0x0000017701c76800 DEOPT UNPACKING pc=0x00000177678fa95e sp=0x00000011952facc0 mode 0
Event: 21.263 Thread 0x0000017701c7b800 DEOPT PACKING pc=0x0000017768dcf7c4 sp=0x0000001195cfd230
Event: 21.263 Thread 0x0000017701c7b800 DEOPT UNPACKING pc=0x00000177678fa95e sp=0x0000001195cfc7d0 mode 0

Classes redefined (0 events):
No events

Internal exceptions (20 events):
Event: 20.012 Thread 0x00000177016be800 Implicit null exception at 0x000001776f7121db to 0x000001776f71226c
Event: 20.086 Thread 0x0000017700009000 Exception <a 'java/lang/NoSuchMethodError'{0x00000000877e9f98}: <clinit>> (0x00000000877e9f98) thrown at [src/hotspot/share/prims/jni.cpp, line 1367]
Event: 20.087 Thread 0x0000017700009000 Exception <a 'java/lang/NoSuchMethodError'{0x00000000877f61c8}: <clinit>> (0x00000000877f61c8) thrown at [src/hotspot/share/prims/jni.cpp, line 1367]
Event: 20.096 Thread 0x0000017703854000 Exception <a 'java/lang/IncompatibleClassChangeError'{0x0000000087657b58}: Found class java.lang.Object, but interface was expected> (0x0000000087657b58) thrown at [src/hotspot/share/interpreter/linkResolver.cpp, line 839]
Event: 20.132 Thread 0x0000017703854000 Implicit null exception at 0x000001776f5f4677 to 0x000001776f5f4804
Event: 20.162 Thread 0x0000017703854000 Exception <a 'java/lang/IncompatibleClassChangeError'{0x000000008743cbc8}: Found class java.lang.Object, but interface was expected> (0x000000008743cbc8) thrown at [src/hotspot/share/interpreter/linkResolver.cpp, line 839]
Event: 20.190 Thread 0x0000017703854000 Exception <a 'java/lang/NoSuchMethodError'{0x00000000872af038}: 'int java.lang.invoke.DirectMethodHandle$Holder.invokeStaticInit(java.lang.Object, java.lang.Object, java.lang.Object, java.lang.Object, java.lang.Object)'> (0x00000000872af038) thrown at [src/hotspot/share/interpreter/linkResolver.cpp, line 773]
Event: 20.212 Thread 0x0000017700009000 Exception <a 'java/lang/NoSuchMethodError'{0x0000000087045208}: <clinit>> (0x0000000087045208) thrown at [src/hotspot/share/prims/jni.cpp, line 1367]
Event: 20.213 Thread 0x0000017700009000 Exception <a 'java/lang/NoSuchMethodError'{0x0000000087058e50}: <clinit>> (0x0000000087058e50) thrown at [src/hotspot/share/prims/jni.cpp, line 1367]
Event: 20.213 Thread 0x0000017700009000 Exception <a 'java/lang/NoSuchMethodError'{0x000000008705a5a8}: <clinit>> (0x000000008705a5a8) thrown at [src/hotspot/share/prims/jni.cpp, line 1367]
Event: 20.232 Thread 0x0000017700009000 Exception <a 'java/lang/NoSuchMethodError'{0x0000000086f2e5b8}: <clinit>> (0x0000000086f2e5b8) thrown at [src/hotspot/share/prims/jni.cpp, line 1367]
Event: 20.244 Thread 0x0000017703854800 Exception <a 'java/lang/NoSuchMethodError'{0x0000000086f94878}: 'int java.lang.invoke.DirectMethodHandle$Holder.invokeSpecial(java.lang.Object, java.lang.Object, java.lang.Object, java.lang.Object, java.lang.Object)'> (0x0000000086f94878) thrown at [src/hotspot/share/interpreter/linkResolver.cpp, line 773]
Event: 20.260 Thread 0x000001770384c800 Exception <a 'java/lang/NoSuchMethodError'{0x0000000086dc9398}: <clinit>> (0x0000000086dc9398) thrown at [src/hotspot/share/prims/jni.cpp, line 1367]
Event: 20.263 Thread 0x000001770384c800 Exception <a 'java/lang/NoSuchMethodError'{0x0000000086de22d0}: <clinit>> (0x0000000086de22d0) thrown at [src/hotspot/share/prims/jni.cpp, line 1367]
Event: 20.268 Thread 0x000001770384c800 Exception <a 'java/lang/NoSuchMethodError'{0x0000000086c08478}: <clinit>> (0x0000000086c08478) thrown at [src/hotspot/share/prims/jni.cpp, line 1367]
Event: 20.270 Thread 0x000001770384c800 Exception <a 'java/lang/NoSuchMethodError'{0x0000000086c11a38}: 'void java.lang.invoke.DirectMethodHandle$Holder.invokeSpecial(java.lang.Object, java.lang.Object, java.lang.Object, int)'> (0x0000000086c11a38) thrown at [src/hotspot/share/interpreter/linkResolver.cpp, line 773]
Event: 20.722 Thread 0x0000017703855800 Exception <a 'java/lang/NoSuchMethodError'{0x000000008a515e20}: 'void java.lang.invoke.DirectMethodHandle$Holder.invokeStatic(java.lang.Object, java.lang.Object, java.lang.Object, java.lang.Object, int, java.lang.Object, java.lang.Object)'> (0x000000008a515e20) thrown at [src/hotspot/share/interpreter/linkResolver.cpp, line 773]
Event: 20.769 Thread 0x00000177020d0000 Exception <a 'java/lang/NoSuchMethodError'{0x000000008a08f810}: 'java.lang.Object java.lang.invoke.DirectMethodHandle$Holder.invokeSpecialIFC(java.lang.Object, java.lang.Object, java.lang.Object)'> (0x000000008a08f810) thrown at [src/hotspot/share/interpreter/linkResolver.cpp, line 773]
Event: 20.769 Thread 0x0000017703aa5800 Exception <a 'java/lang/NoSuchMethodError'{0x000000008a084680}: 'java.lang.Object java.lang.invoke.DirectMethodHandle$Holder.invokeSpecialIFC(java.lang.Object, java.lang.Object, java.lang.Object)'> (0x000000008a084680) thrown at [src/hotspot/share/interpreter/linkResolver.cpp, line 773]
Event: 20.769 Thread 0x0000017703aa3000 Exception <a 'java/lang/NoSuchMethodError'{0x000000008a09fa00}: 'java.lang.Object java.lang.invoke.DirectMethodHandle$Holder.invokeSpecialIFC(java.lang.Object, java.lang.Object, java.lang.Object)'> (0x000000008a09fa00) thrown at [src/hotspot/share/interpreter/linkResolver.cpp, line 773]

Events (20 events):
Event: 20.957 Executing VM operation: RevokeBias
Event: 20.957 Executing VM operation: RevokeBias done
Event: 20.974 Executing VM operation: RevokeBias
Event: 20.974 Executing VM operation: RevokeBias done
Event: 20.988 Executing VM operation: RevokeBias
Event: 20.989 Executing VM operation: RevokeBias done
Event: 20.991 Executing VM operation: RevokeBias
Event: 20.992 Executing VM operation: RevokeBias done
Event: 20.999 Executing VM operation: RevokeBias
Event: 20.999 Executing VM operation: RevokeBias done
Event: 21.023 loading class org/gradle/api/internal/artifacts/transform/CacheableInvocation$2
Event: 21.023 loading class org/gradle/api/internal/artifacts/transform/CacheableInvocation$2 done
Event: 21.026 loading class org/gradle/internal/Try$Success
Event: 21.026 loading class org/gradle/internal/Try$Success done
Event: 21.027 loading class org/gradle/api/internal/artifacts/transform/CacheableInvocation
Event: 21.027 loading class org/gradle/api/internal/artifacts/transform/CacheableInvocation done
Event: 21.027 loading class org/gradle/api/internal/artifacts/transform/CacheableInvocation
Event: 21.027 loading class org/gradle/api/internal/artifacts/transform/CacheableInvocation done
Event: 21.057 Loaded shared library C:\Program Files\Android\Android Studio\jbr\bin\nio.dll
Event: 21.111 Loaded shared library C:\Program Files\Android\Android Studio\jbr\bin\nio.dll


Dynamic libraries:
0x00007ff79eab0000 - 0x00007ff79eaba000 	C:\Program Files\Android\Android Studio\jbr\bin\java.exe
0x00007ffe4e130000 - 0x00007ffe4e344000 	C:\WINDOWS\SYSTEM32\ntdll.dll
0x00007ffe4c7c0000 - 0x00007ffe4c882000 	C:\WINDOWS\System32\KERNEL32.DLL
0x00007ffe4b530000 - 0x00007ffe4b8d3000 	C:\WINDOWS\System32\KERNELBASE.dll
0x00007ffe4b960000 - 0x00007ffe4ba71000 	C:\WINDOWS\System32\ucrtbase.dll
0x00007ffe45a60000 - 0x00007ffe45a7b000 	C:\Program Files\Android\Android Studio\jbr\bin\VCRUNTIME140.dll
0x00007ffe43e10000 - 0x00007ffe43e27000 	C:\Program Files\Android\Android Studio\jbr\bin\jli.dll
0x00007ffe4c560000 - 0x00007ffe4c70b000 	C:\WINDOWS\System32\USER32.dll
0x00007ffe4baf0000 - 0x00007ffe4bb16000 	C:\WINDOWS\System32\win32u.dll
0x00007ffe4dab0000 - 0x00007ffe4dad9000 	C:\WINDOWS\System32\GDI32.dll
0x00007ffe30920000 - 0x00007ffe30bae000 	C:\WINDOWS\WinSxS\amd64_microsoft.windows.common-controls_6595b64144ccf1df_6.0.22621.1635_none_270f70857386168e\COMCTL32.dll
0x00007ffe4bc80000 - 0x00007ffe4bd99000 	C:\WINDOWS\System32\gdi32full.dll
0x00007ffe4d890000 - 0x00007ffe4d937000 	C:\WINDOWS\System32\msvcrt.dll
0x00007ffe4bb20000 - 0x00007ffe4bbba000 	C:\WINDOWS\System32\msvcp_win.dll
0x00007ffe4da70000 - 0x00007ffe4daa1000 	C:\WINDOWS\System32\IMM32.DLL
0x00007ffe45960000 - 0x00007ffe4596c000 	C:\Program Files\Android\Android Studio\jbr\bin\vcruntime140_1.dll
0x00007ffe2e5a0000 - 0x00007ffe2e62d000 	C:\Program Files\Android\Android Studio\jbr\bin\msvcp140.dll
0x00007ffd8f9d0000 - 0x00007ffd9058c000 	C:\Program Files\Android\Android Studio\jbr\bin\server\jvm.dll
0x00007ffe4bfe0000 - 0x00007ffe4c08e000 	C:\WINDOWS\System32\ADVAPI32.dll
0x00007ffe4bf10000 - 0x00007ffe4bfb4000 	C:\WINDOWS\System32\sechost.dll
0x00007ffe4d520000 - 0x00007ffe4d637000 	C:\WINDOWS\System32\RPCRT4.dll
0x00007ffe4d860000 - 0x00007ffe4d868000 	C:\WINDOWS\System32\PSAPI.DLL
0x00007ffe44c80000 - 0x00007ffe44cb4000 	C:\WINDOWS\SYSTEM32\WINMM.dll
0x00007ffe42860000 - 0x00007ffe4286a000 	C:\WINDOWS\SYSTEM32\VERSION.dll
0x00007ffe3cb50000 - 0x00007ffe3cb59000 	C:\WINDOWS\SYSTEM32\WSOCK32.dll
0x00007ffe4d090000 - 0x00007ffe4d101000 	C:\WINDOWS\System32\WS2_32.dll
0x00007ffe4a580000 - 0x00007ffe4a598000 	C:\WINDOWS\SYSTEM32\kernel.appcore.dll
0x00007ffe3f500000 - 0x00007ffe3f510000 	C:\Program Files\Android\Android Studio\jbr\bin\verify.dll
0x00007ffe3fe10000 - 0x00007ffe4003e000 	C:\WINDOWS\SYSTEM32\DBGHELP.DLL
0x00007ffe4c1d0000 - 0x00007ffe4c559000 	C:\WINDOWS\System32\combase.dll
0x00007ffe4e010000 - 0x00007ffe4e0e7000 	C:\WINDOWS\System32\OLEAUT32.dll
0x00007ffe3cab0000 - 0x00007ffe3cae2000 	C:\WINDOWS\SYSTEM32\dbgcore.DLL
0x00007ffe4b8e0000 - 0x00007ffe4b95b000 	C:\WINDOWS\System32\bcryptPrimitives.dll
0x00007ffe261b0000 - 0x00007ffe261d8000 	C:\Program Files\Android\Android Studio\jbr\bin\java.dll
0x00007ffe3ba30000 - 0x00007ffe3ba3a000 	C:\Program Files\Android\Android Studio\jbr\bin\jimage.dll
0x00007ffe3b540000 - 0x00007ffe3b558000 	C:\Program Files\Android\Android Studio\jbr\bin\zip.dll
0x00007ffe4c890000 - 0x00007ffe4d08a000 	C:\WINDOWS\System32\SHELL32.dll
0x00007ffe49530000 - 0x00007ffe49dfe000 	C:\WINDOWS\SYSTEM32\windows.storage.dll
0x00007ffe493f0000 - 0x00007ffe4952e000 	C:\WINDOWS\SYSTEM32\wintypes.dll
0x00007ffe4d110000 - 0x00007ffe4d201000 	C:\WINDOWS\System32\SHCORE.dll
0x00007ffe4df60000 - 0x00007ffe4dfbe000 	C:\WINDOWS\System32\shlwapi.dll
0x00007ffe4b460000 - 0x00007ffe4b481000 	C:\WINDOWS\SYSTEM32\profapi.dll
0x00007ffe385a0000 - 0x00007ffe385b9000 	C:\Program Files\Android\Android Studio\jbr\bin\net.dll
0x00007ffe450a0000 - 0x00007ffe451d7000 	C:\WINDOWS\SYSTEM32\WINHTTP.dll
0x00007ffe4a9f0000 - 0x00007ffe4aa59000 	C:\WINDOWS\system32\mswsock.dll
0x00007ffe2fee0000 - 0x00007ffe2fef3000 	C:\Program Files\Android\Android Studio\jbr\bin\nio.dll
0x00007ffe2ffd0000 - 0x00007ffe2fff7000 	C:\Users\risha\.gradle\native\e1d6ef7f7dcc3fd88c89a11ec53ec762bb8ba0a96d01ffa2cd45eb1d1d8dd5c5\windows-amd64\native-platform.dll
0x00007ffdfbc20000 - 0x00007ffdfbd64000 	C:\Users\risha\.gradle\native\0d407fdbe67a94daf76414ababcb853783967236a71b16ec16e742cd7a986fd3\windows-amd64\native-platform-file-events.dll
0x00007ffe40110000 - 0x00007ffe4011a000 	C:\Program Files\Android\Android Studio\jbr\bin\management.dll
0x00007ffe3ba20000 - 0x00007ffe3ba2b000 	C:\Program Files\Android\Android Studio\jbr\bin\management_ext.dll
0x00007ffe4ac50000 - 0x00007ffe4ac6b000 	C:\WINDOWS\SYSTEM32\CRYPTSP.dll
0x00007ffe4a4f0000 - 0x00007ffe4a525000 	C:\WINDOWS\system32\rsaenh.dll
0x00007ffe4aaf0000 - 0x00007ffe4ab18000 	C:\WINDOWS\SYSTEM32\USERENV.dll
0x00007ffe4ae10000 - 0x00007ffe4ae38000 	C:\WINDOWS\SYSTEM32\bcrypt.dll
0x00007ffe4ac70000 - 0x00007ffe4ac7c000 	C:\WINDOWS\SYSTEM32\CRYPTBASE.dll
0x00007ffe4a060000 - 0x00007ffe4a08d000 	C:\WINDOWS\SYSTEM32\IPHLPAPI.DLL
0x00007ffe4bfd0000 - 0x00007ffe4bfd9000 	C:\WINDOWS\System32\NSI.dll
0x00007ffe45850000 - 0x00007ffe45869000 	C:\WINDOWS\SYSTEM32\dhcpcsvc6.DLL
0x00007ffe44f90000 - 0x00007ffe44faf000 	C:\WINDOWS\SYSTEM32\dhcpcsvc.DLL
0x00007ffe4a0d0000 - 0x00007ffe4a1c3000 	C:\WINDOWS\SYSTEM32\DNSAPI.dll
0x00007ffe2c010000 - 0x00007ffe2c027000 	C:\WINDOWS\system32\napinsp.dll
0x00007ffe2bfd0000 - 0x00007ffe2bfeb000 	C:\WINDOWS\system32\pnrpnsp.dll
0x00007ffe2bfb0000 - 0x00007ffe2bfc1000 	C:\WINDOWS\System32\winrnr.dll
0x00007ffe44300000 - 0x00007ffe44315000 	C:\WINDOWS\system32\wshbth.dll
0x00007ffe2bee0000 - 0x00007ffe2bf01000 	C:\WINDOWS\system32\nlansp_c.dll
0x00007ffe3caf0000 - 0x00007ffe3cafa000 	C:\Windows\System32\rasadhlp.dll
0x00007ffe44270000 - 0x00007ffe442f4000 	C:\WINDOWS\System32\fwpuclnt.dll

dbghelp: loaded successfully - version: 4.0.5 - missing functions: none
symbol engine: initialized successfully - sym options: 0x614 - pdb path: .;C:\Program Files\Android\Android Studio\jbr\bin;C:\WINDOWS\SYSTEM32;C:\WINDOWS\WinSxS\amd64_microsoft.windows.common-controls_6595b64144ccf1df_6.0.22621.1635_none_270f70857386168e;C:\Program Files\Android\Android Studio\jbr\bin\server;C:\Users\risha\.gradle\native\e1d6ef7f7dcc3fd88c89a11ec53ec762bb8ba0a96d01ffa2cd45eb1d1d8dd5c5\windows-amd64;C:\Users\risha\.gradle\native\0d407fdbe67a94daf76414ababcb853783967236a71b16ec16e742cd7a986fd3\windows-amd64

VM Arguments:
jvm_args: --add-opens=java.base/java.util=ALL-UNNAMED --add-opens=java.base/java.lang=ALL-UNNAMED --add-opens=java.base/java.lang.invoke=ALL-UNNAMED --add-opens=java.base/java.util=ALL-UNNAMED --add-opens=java.prefs/java.util.prefs=ALL-UNNAMED --add-opens=java.prefs/java.util.prefs=ALL-UNNAMED --add-opens=java.base/java.nio.charset=ALL-UNNAMED --add-opens=java.base/java.net=ALL-UNNAMED --add-opens=java.base/java.util.concurrent.atomic=ALL-UNNAMED -Xmx2048m -Dfile.encoding=UTF-8 -Duser.country=IN -Duser.language=en -Duser.variant 
java_command: org.gradle.launcher.daemon.bootstrap.GradleDaemon 7.5
java_class_path (initial): C:\Users\risha\.gradle\wrapper\dists\gradle-7.5-bin\f1w0cc9nuo0eivz97x2xlu9sv\gradle-7.5\lib\gradle-launcher-7.5.jar
Launcher Type: SUN_STANDARD

[Global flags]
     intx CICompilerCount                          = 4                                         {product} {ergonomic}
     uint ConcGCThreads                            = 3                                         {product} {ergonomic}
     uint G1ConcRefinementThreads                  = 10                                        {product} {ergonomic}
   size_t G1HeapRegionSize                         = 1048576                                   {product} {ergonomic}
    uintx GCDrainStackTargetSize                   = 64                                        {product} {ergonomic}
   size_t InitialHeapSize                          = 123731968                                 {product} {ergonomic}
   size_t MarkStackSize                            = 4194304                                   {product} {ergonomic}
   size_t MaxHeapSize                              = 2147483648                                {product} {command line}
   size_t MaxNewSize                               = 1287651328                                {product} {ergonomic}
   size_t MinHeapDeltaBytes                        = 1048576                                   {product} {ergonomic}
    uintx NonNMethodCodeHeapSize                   = 5836300                                {pd product} {ergonomic}
    uintx NonProfiledCodeHeapSize                  = 122910970                              {pd product} {ergonomic}
    uintx ProfiledCodeHeapSize                     = 122910970                              {pd product} {ergonomic}
    uintx ReservedCodeCacheSize                    = 251658240                              {pd product} {ergonomic}
     bool SegmentedCodeCache                       = true                                      {product} {ergonomic}
     bool UseCompressedClassPointers               = true                                 {lp64_product} {ergonomic}
     bool UseCompressedOops                        = true                                 {lp64_product} {ergonomic}
     bool UseG1GC                                  = true                                      {product} {ergonomic}
     bool UseLargePagesIndividualAllocation        = false                                  {pd product} {ergonomic}

Logging:
Log output configuration:
 #0: stdout all=warning uptime,level,tags
 #1: stderr all=off uptime,level,tags

Environment Variables:
PATH=C:\Python311\Scripts\;C:\Python311\;C:\windows\system32;C:\windows;C:\windows\System32\Wbem;C:\windows\System32\WindowsPowerShell\v1.0\;C:\windows\System32\OpenSSH\;C:\Program Files (x86)\NVIDIA Corporation\PhysX\Common;C:\Program Files\NVIDIA Corporation\NVIDIA NvDLISR;C:\WINDOWS\system32;C:\WINDOWS;C:\WINDOWS\System32\Wbem;C:\WINDOWS\System32\WindowsPowerShell\v1.0\;C:\WINDOWS\System32\OpenSSH\;C:\MinGW\bin;C:\Program Files\Git\cmd;C:\Program Files\nodejs\;C:\ProgramData\chocolatey\bin;C:\Program Files\MySQL\MySQL Shell 8.0\bin\;C:\Users\risha\AppData\Local\Programs\Python\Python310\Scripts\;C:\Users\risha\AppData\Local\Programs\Python\Python310\;C:\Users\risha\AppData\Local\Microsoft\WindowsApps;;C:\Users\risha\AppData\Roaming\npm;;C:\Users\risha\AppData\Local\Programs\Microsoft VS Code\bin
USERNAME=risha
OS=Windows_NT
PROCESSOR_IDENTIFIER=AMD64 Family 23 Model 96 Stepping 1, AuthenticAMD



---------------  S Y S T E M  ---------------

OS: Windows 11 , 64 bit Build 22621 (10.0.22621.1778)
OS uptime: 16 days 18:40 hours

CPU:total 12 (initial active 12) (12 cores per cpu, 2 threads per core) family 23 model 96 stepping 1 microcode 0x0, cmov, cx8, fxsr, mmx, sse, sse2, sse3, ssse3, sse4.1, sse4.2, popcnt, avx, avx2, aes, clmul, mmxext, 3dnowpref, lzcnt, sse4a, ht, tsc, tscinvbit, tscinv, bmi1, bmi2, adx, sha, fma

Memory: 4k page, system-wide physical 7541M (187M free)
TotalPageFile size 31093M (AvailPageFile size 5M)
current process WorkingSet (physical memory assigned to process): 382M, peak: 382M
current process commit charge ("private bytes"): 462M, peak: 463M

vm_info: OpenJDK 64-Bit Server VM (11.0.15+0-b2043.56-9505619) for windows-amd64 JRE (11.0.15+0-b2043.56-9505619), built on Jan 19 2023 02:48:00 by "builduser" with unknown MS VC++:1929

END.
